#
# A fatal error has been detected by the Java Runtime Environment:
#
#  SIGSEGV (0xb) at pc=0x00007f481ecf737a, pid=5277, tid=139946059196160
#
# JRE version: Java(TM) SE Runtime Environment (8.0_74-b02) (build 1.8.0_74-b02)
# Java VM: Java HotSpot(TM) 64-Bit Server VM (25.74-b02 mixed mode linux-amd64 compressed oops)
# Problematic frame:
# C  [libc.so.6+0x8037a]  strlen+0x2a
#
# Core dump written. Default location: /home/webmaster/workspace/rfsus/java/rfsus/core or core.5277
#
# If you would like to submit a bug report, please visit:
#   http://bugreport.java.com/bugreport/crash.jsp
# The crash happened outside the Java Virtual Machine in native code.
# See problematic frame for where to report the bug.
#

---------------  T H R E A D  ---------------

Current thread (0x00007f481830b800):  JavaThread "Thread-0" [_thread_in_native, id=5302, stack(0x00007f47bb156000,0x00007f47bb257000)]

siginfo: si_signo: 11 (SIGSEGV), si_code: 1 (SEGV_MAPERR), si_addr: 0x0000000000000001

Registers:
RAX=0x0000000000000001, RBX=0x00007f47f3ee3b20, RCX=0x0000000000000001, RDX=0x0000000000000000
RSP=0x00007f47bb255148, RBP=0x00007f47bb255190, RSI=0x0000000000000001, RDI=0x0000000000000001
R8 =0x0000000000000000, R9 =0x0000000000000006, R10=0x00007f4809015968, R11=0x00007f481e650d80
R12=0x0000000000000000, R13=0x00007f47f3ee3b20, R14=0x00007f47bb255228, R15=0x00007f481830b800
RIP=0x00007f481ecf737a, EFLAGS=0x0000000000010293, CSGSFS=0x0000000000000033, ERR=0x0000000000000004
  TRAPNO=0x000000000000000e

Top of Stack: (sp=0x00007f47bb255148)
0x00007f47bb255148:   00007f47bb04696a 00007f481830b800
0x00007f47bb255158:   00007f47bb32e990 0000000000000001
0x00007f47bb255168:   00007f481830b9f8 0000000000000000
0x00007f47bb255178:   0000000000000000 00007f47f3ee3b20
0x00007f47bb255188:   0000000000000000 00007f47bb2551f8
0x00007f47bb255198:   00007f4809015994 00007f47bb2551f8
0x00007f47bb2551a8:   00007f4809015727 00007f48090156e2
0x00007f47bb2551b8:   00007f47bb2551b8 00007f47f3ee3b20
0x00007f47bb2551c8:   00007f47bb255228 00007f47bb298540
0x00007f47bb2551d8:   0000000000000000 00007f47f3ee3b20
0x00007f47bb2551e8:   0000000000000000 00007f47bb255218
0x00007f47bb2551f8:   00007f47bb255270 00007f48090079d0
0x00007f47bb255208:   00000000d7b1ffd0 00007f480900f57b
0x00007f47bb255218:   0000000000000000 0000000000000001
0x00007f47bb255228:   00000000d7c45fe0 00007f47bb255230
0x00007f47bb255238:   00007f47bb29f2bf 00007f47bb255298
0x00007f47bb255248:   00007f47bb2ea8a0 0000000000000000
0x00007f47bb255258:   00007f47bb29f2f0 00007f47bb255218
0x00007f47bb255268:   00007f47bb255280 00007f47bb2552e0
0x00007f47bb255278:   00007f48090079d0 0000000000000000
0x00007f47bb255288:   0000000000000000 0000000000000000
0x00007f47bb255298:   00000000d7c45fe0 00007f47bb2552a0
0x00007f47bb2552a8:   00007f47bb29f3d2 00007f47bb255328
0x00007f47bb2552b8:   00007f47bb2ea8a0 0000000000000000
0x00007f47bb2552c8:   00007f47bb29f438 00007f47bb255280
0x00007f47bb2552d8:   00007f47bb255318 00007f47bb255370
0x00007f47bb2552e8:   00007f48090079d0 0000000000000000
0x00007f47bb2552f8:   0000000000000000 0000000000000000
0x00007f47bb255308:   0000000000000000 0000000000000000
0x00007f47bb255318:   0000000000000000 0000000000000000
0x00007f47bb255328:   00000000d7c45fe0 00007f47bb255330
0x00007f47bb255338:   00007f47bb32858b 00007f47bb2553a8 

Instructions: (pc=0x00007f481ecf737a)
0x00007f481ecf735a:   66 45 0f ef d2 66 45 0f ef db 48 89 f8 48 89 f9
0x00007f481ecf736a:   48 81 e1 ff 0f 00 00 48 81 f9 cf 0f 00 00 77 66
0x00007f481ecf737a:   f3 44 0f 6f 20 66 45 0f 74 e0 66 41 0f d7 d4 85
0x00007f481ecf738a:   d2 74 04 0f bc c2 c3 48 83 e0 f0 66 44 0f 74 48 

Register to memory mapping:

RAX=0x0000000000000001 is an unknown value
RBX={method} {0x00007f47f3ee3b20} 'getString' '(JZ)Ljava/lang/String;' in 'com/sun/jna/Native'
RCX=0x0000000000000001 is an unknown value
RDX=0x0000000000000000 is an unknown value
RSP=0x00007f47bb255148 is pointing into the stack for thread: 0x00007f481830b800
RBP=0x00007f47bb255190 is pointing into the stack for thread: 0x00007f481830b800
RSI=0x0000000000000001 is an unknown value
RDI=0x0000000000000001 is an unknown value
R8 =0x0000000000000000 is an unknown value
R9 =0x0000000000000006 is an unknown value
R10=0x00007f4809015968 is at code_begin+808 in an Interpreter codelet
method entry point (kind = native)  [0x00007f4809015640, 0x00007f4809015f40]  2304 bytes
R11=0x00007f481e650d80: <offset 0x9b9d80> in /usr/lib/jvm/java-8-oracle/jre/lib/amd64/server/libjvm.so at 0x00007f481dc97000
R12=0x0000000000000000 is an unknown value
R13={method} {0x00007f47f3ee3b20} 'getString' '(JZ)Ljava/lang/String;' in 'com/sun/jna/Native'
R14=0x00007f47bb255228 is pointing into the stack for thread: 0x00007f481830b800
R15=0x00007f481830b800 is a thread


Stack: [0x00007f47bb156000,0x00007f47bb257000],  sp=0x00007f47bb255148,  free space=1020k
Native frames: (J=compiled Java code, j=interpreted, Vv=VM code, C=native code)
C  [libc.so.6+0x8037a]  strlen+0x2a
j  com.sun.jna.Native.getString(JZ)Ljava/lang/String;+0
j  com.sun.jna.Pointer.getString(JZ)Ljava/lang/String;+7
j  com.sun.jna.Pointer.getString(J)Ljava/lang/String;+90
j  com.sun.jna.Function.invokeString(I[Ljava/lang/Object;Z)Ljava/lang/String;+35
j  com.sun.jna.Function.invoke([Ljava/lang/Object;Ljava/lang/Class;Z)Ljava/lang/Object;+544
j  com.sun.jna.Function.invoke(Ljava/lang/Class;[Ljava/lang/Object;Ljava/util/Map;)Ljava/lang/Object;+214
j  com.sun.jna.Library$Handler.invoke(Ljava/lang/Object;Ljava/lang/reflect/Method;[Ljava/lang/Object;)Ljava/lang/Object;+341
j  com.sun.proxy.$Proxy0.ler()Ljava/lang/String;+9
j  br.edu.ifba.rfsus.jna.rfid.LeitorRfid.run()V+24
j  java.lang.Thread.run()V+11
v  ~StubRoutines::call_stub
V  [libjvm.so+0x68c616]  JavaCalls::call_helper(JavaValue*, methodHandle*, JavaCallArguments*, Thread*)+0x1056
V  [libjvm.so+0x68cb21]  JavaCalls::call_virtual(JavaValue*, KlassHandle, Symbol*, Symbol*, JavaCallArguments*, Thread*)+0x321
V  [libjvm.so+0x68cfc7]  JavaCalls::call_virtual(JavaValue*, Handle, KlassHandle, Symbol*, Symbol*, Thread*)+0x47
V  [libjvm.so+0x723d80]  thread_entry(JavaThread*, Thread*)+0xa0
V  [libjvm.so+0xa69dcf]  JavaThread::thread_main_inner()+0xdf
V  [libjvm.so+0xa69efc]  JavaThread::run()+0x11c
V  [libjvm.so+0x91d9d8]  java_start(Thread*)+0x108
C  [libpthread.so.0+0x7284]  start_thread+0xc4

Java frames: (J=compiled Java code, j=interpreted, Vv=VM code)
j  com.sun.jna.Native.getString(JZ)Ljava/lang/String;+0
j  com.sun.jna.Pointer.getString(JZ)Ljava/lang/String;+7
j  com.sun.jna.Pointer.getString(J)Ljava/lang/String;+90
j  com.sun.jna.Function.invokeString(I[Ljava/lang/Object;Z)Ljava/lang/String;+35
j  com.sun.jna.Function.invoke([Ljava/lang/Object;Ljava/lang/Class;Z)Ljava/lang/Object;+544
j  com.sun.jna.Function.invoke(Ljava/lang/Class;[Ljava/lang/Object;Ljava/util/Map;)Ljava/lang/Object;+214
j  com.sun.jna.Library$Handler.invoke(Ljava/lang/Object;Ljava/lang/reflect/Method;[Ljava/lang/Object;)Ljava/lang/Object;+341
j  com.sun.proxy.$Proxy0.ler()Ljava/lang/String;+9
j  br.edu.ifba.rfsus.jna.rfid.LeitorRfid.run()V+24
j  java.lang.Thread.run()V+11
v  ~StubRoutines::call_stub

---------------  P R O C E S S  ---------------

Java Threads: ( => current thread )
  0x00007f481800a000 JavaThread "DestroyJavaVM" [_thread_blocked, id=5283, stack(0x00007f481f750000,0x00007f481f851000)]
=>0x00007f481830b800 JavaThread "Thread-0" [_thread_in_native, id=5302, stack(0x00007f47bb156000,0x00007f47bb257000)]
  0x00007f47c00ad000 JavaThread "TimerQueue" daemon [_thread_blocked, id=5301, stack(0x00007f47f0048000,0x00007f47f0149000)]
  0x00007f4818289000 JavaThread "AWT-EventQueue-0" [_thread_blocked, id=5300, stack(0x00007f47f0149000,0x00007f47f024a000)]
  0x00007f4818287000 JavaThread "AWT-Shutdown" [_thread_blocked, id=5299, stack(0x00007f47f024a000,0x00007f47f034b000)]
  0x00007f4818238000 JavaThread "AWT-XAWT" daemon [_thread_in_native, id=5298, stack(0x00007f47f034b000,0x00007f47f044c000)]
  0x00007f4818218000 JavaThread "Java2D Disposer" daemon [_thread_blocked, id=5297, stack(0x00007f47f085d000,0x00007f47f095e000)]
  0x00007f48180d2000 JavaThread "Service Thread" daemon [_thread_blocked, id=5295, stack(0x00007f47f25f1000,0x00007f47f26f2000)]
  0x00007f48180bd000 JavaThread "C1 CompilerThread2" daemon [_thread_blocked, id=5294, stack(0x00007f47f26f2000,0x00007f47f27f3000)]
  0x00007f48180bb000 JavaThread "C2 CompilerThread1" daemon [_thread_blocked, id=5293, stack(0x00007f47f27f3000,0x00007f47f28f4000)]
  0x00007f48180b8000 JavaThread "C2 CompilerThread0" daemon [_thread_blocked, id=5292, stack(0x00007f47f28f4000,0x00007f47f29f5000)]
  0x00007f48180b7000 JavaThread "Signal Dispatcher" daemon [_thread_blocked, id=5291, stack(0x00007f47f29f5000,0x00007f47f2af6000)]
  0x00007f4818084000 JavaThread "Finalizer" daemon [_thread_blocked, id=5290, stack(0x00007f47f2c80000,0x00007f47f2d81000)]
  0x00007f481807f800 JavaThread "Reference Handler" daemon [_thread_blocked, id=5289, stack(0x00007f47f2d81000,0x00007f47f2e82000)]

Other Threads:
  0x00007f4818077800 VMThread [stack: 0x00007f47f2e82000,0x00007f47f2f83000] [id=5288]
  0x00007f48180d5800 WatcherThread [stack: 0x00007f47f24f0000,0x00007f47f25f1000] [id=5296]

VM state:not at safepoint (normal execution)

VM Mutex/Monitor currently owned by a thread: None

Heap:
 PSYoungGen      total 36864K, used 9524K [0x00000000d7380000, 0x00000000d9c80000, 0x0000000100000000)
  eden space 31744K, 30% used [0x00000000d7380000,0x00000000d7ccd0e0,0x00000000d9280000)
  from space 5120K, 0% used [0x00000000d9780000,0x00000000d9780000,0x00000000d9c80000)
  to   space 5120K, 0% used [0x00000000d9280000,0x00000000d9280000,0x00000000d9780000)
 ParOldGen       total 84992K, used 0K [0x0000000085a00000, 0x000000008ad00000, 0x00000000d7380000)
  object space 84992K, 0% used [0x0000000085a00000,0x0000000085a00000,0x000000008ad00000)
 Metaspace       used 12413K, capacity 12632K, committed 12928K, reserved 1060864K
  class space    used 1513K, capacity 1606K, committed 1664K, reserved 1048576K

Card table byte_map: [0x00007f481c168000,0x00007f481c53c000] byte_map_base: 0x00007f481bd3b000

Marking Bits: (ParMarkBitMap*) 0x00007f481ec4c260
 Begin Bits: [0x00007f47f42d0000, 0x00007f47f6168000)
 End Bits:   [0x00007f47f6168000, 0x00007f47f8000000)

Polling page: 0x00007f481f870000

CodeCache: size=245760Kb used=2266Kb max_used=2266Kb free=243493Kb
 bounds [0x00007f4809000000, 0x00007f4809270000, 0x00007f4818000000]
 total_blobs=1143 nmethods=599 adapters=458
 compilation: enabled

Compilation events (10 events):
Event: 6,242 Thread 0x00007f48180bd000  595       1       sun.java2d.pipe.Region::getHiX (5 bytes)
Event: 6,243 Thread 0x00007f48180bd000 nmethod 595 0x00007f4809234e50 code [0x00007f4809234fa0, 0x00007f48092350b0]
Event: 6,243 Thread 0x00007f48180bd000  596       1       sun.java2d.pipe.Region::getHiY (5 bytes)
Event: 6,243 Thread 0x00007f48180bd000 nmethod 596 0x00007f4809234b90 code [0x00007f4809234ce0, 0x00007f4809234df0]
Event: 6,742 Thread 0x00007f48180bd000  597       3       sun.java2d.SunGraphics2D::invalidatePipe (41 bytes)
Event: 6,743 Thread 0x00007f48180bd000 nmethod 597 0x00007f48092347d0 code [0x00007f4809234940, 0x00007f4809234b10]
Event: 6,743 Thread 0x00007f48180bd000  598       3       sun.java2d.SunGraphics2D::getCompClip (19 bytes)
Event: 6,743 Thread 0x00007f48180bd000 nmethod 598 0x00007f4809234310 code [0x00007f4809234480, 0x00007f4809234708]
Event: 8,224 Thread 0x00007f48180bd000  599       1       java.security.CodeSource::getLocation (5 bytes)
Event: 8,224 Thread 0x00007f48180bd000 nmethod 599 0x00007f4809234050 code [0x00007f48092341a0, 0x00007f48092342b0]

GC Heap History (0 events):
No events

Deoptimization events (4 events):
Event: 0,988 Thread 0x00007f481800a000 Uncommon trap: reason=class_check action=maybe_recompile pc=0x00007f480916bc70 method=java.lang.String.equals(Ljava/lang/Object;)Z @ 8
Event: 0,989 Thread 0x00007f481800a000 Uncommon trap: reason=class_check action=maybe_recompile pc=0x00007f480916bc70 method=java.lang.String.equals(Ljava/lang/Object;)Z @ 8
Event: 0,989 Thread 0x00007f481800a000 Uncommon trap: reason=class_check action=maybe_recompile pc=0x00007f480916bc70 method=java.lang.String.equals(Ljava/lang/Object;)Z @ 8
Event: 0,989 Thread 0x00007f481800a000 Uncommon trap: reason=class_check action=maybe_recompile pc=0x00007f480916bc70 method=java.lang.String.equals(Ljava/lang/Object;)Z @ 8

Internal exceptions (10 events):
Event: 0,065 Thread 0x00007f481800a000 Exception <a 'java/lang/NoSuchMethodError': Method sun.misc.Unsafe.prefetchRead(Ljava/lang/Object;J)V name or signature does not match> (0x00000000d7387fa8) thrown at [/HUDSON3/workspace/8-2-build-linux-amd64/jdk8u74/6087/hotspot/src/share/vm/prims/jni.cp
Event: 0,336 Thread 0x00007f481800a000 Exception <a 'java/security/PrivilegedActionException'> (0x00000000d741c768) thrown at [/HUDSON3/workspace/8-2-build-linux-amd64/jdk8u74/6087/hotspot/src/share/vm/prims/jvm.cpp, line 1386]
Event: 0,336 Thread 0x00007f481800a000 Exception <a 'java/security/PrivilegedActionException'> (0x00000000d741c978) thrown at [/HUDSON3/workspace/8-2-build-linux-amd64/jdk8u74/6087/hotspot/src/share/vm/prims/jvm.cpp, line 1386]
Event: 0,336 Thread 0x00007f481800a000 Exception <a 'java/security/PrivilegedActionException'> (0x00000000d74bd968) thrown at [/HUDSON3/workspace/8-2-build-linux-amd64/jdk8u74/6087/hotspot/src/share/vm/prims/jvm.cpp, line 1386]
Event: 0,336 Thread 0x00007f481800a000 Exception <a 'java/security/PrivilegedActionException'> (0x00000000d74bdb78) thrown at [/HUDSON3/workspace/8-2-build-linux-amd64/jdk8u74/6087/hotspot/src/share/vm/prims/jvm.cpp, line 1386]
Event: 0,425 Thread 0x00007f481800a000 Exception <a 'java/lang/NoSuchFieldError': method resolution failed> (0x00000000d758d598) thrown at [/HUDSON3/workspace/8-2-build-linux-amd64/jdk8u74/6087/hotspot/src/share/vm/prims/methodHandles.cpp, line 1146]
Event: 0,429 Thread 0x00007f481800a000 Exception <a 'java/lang/NoSuchFieldError': method resolution failed> (0x00000000d759ace8) thrown at [/HUDSON3/workspace/8-2-build-linux-amd64/jdk8u74/6087/hotspot/src/share/vm/prims/methodHandles.cpp, line 1146]
Event: 0,473 Thread 0x00007f481800a000 Exception <a 'java/io/FileNotFoundException'> (0x00000000d76180c0) thrown at [/HUDSON3/workspace/8-2-build-linux-amd64/jdk8u74/6087/hotspot/src/share/vm/prims/jni.cpp, line 709]
Event: 0,473 Thread 0x00007f481800a000 Exception <a 'java/io/FileNotFoundException'> (0x00000000d7618be0) thrown at [/HUDSON3/workspace/8-2-build-linux-amd64/jdk8u74/6087/hotspot/src/share/vm/prims/jni.cpp, line 709]
Event: 1,225 Thread 0x00007f4818289000 Exception <a 'java/lang/UnsupportedOperationException': > (0x00000000d7895c58) thrown at [/HUDSON3/workspace/8-2-build-linux-amd64/jdk8u74/6087/hotspot/src/share/vm/prims/jni.cpp, line 735]

Events (10 events):
Event: 6,219 loading class java/lang/reflect/TypeVariable
Event: 6,219 loading class java/lang/reflect/TypeVariable done
Event: 6,219 loading class java/lang/reflect/AnnotatedType
Event: 6,219 loading class java/lang/reflect/AnnotatedType done
Event: 6,219 loading class com/sun/jna/NativeString
Event: 6,219 loading class com/sun/jna/NativeString done
Event: 6,221 loading class com/sun/jna/Memory$SharedMemory
Event: 6,221 loading class com/sun/jna/Memory$SharedMemory done
Event: 8,223 loading class com/sun/jna/Function$PostCallRead
Event: 8,223 loading class com/sun/jna/Function$PostCallRead done


Dynamic libraries:
00400000-00401000 r-xp 00000000 08:01 22417871                           /usr/lib/jvm/java-8-oracle/bin/java
00600000-00601000 rw-p 00000000 08:01 22417871                           /usr/lib/jvm/java-8-oracle/bin/java
01d71000-01d92000 rw-p 00000000 00:00 0                                  [heap]
85a00000-8ad00000 rw-p 00000000 00:00 0 
8ad00000-d7380000 ---p 00000000 00:00 0 
d7380000-d9c80000 rw-p 00000000 00:00 0 
d9c80000-100000000 ---p 00000000 00:00 0 
100000000-1001a0000 rw-p 00000000 00:00 0 
1001a0000-140000000 ---p 00000000 00:00 0 
7f47ac000000-7f47ac310000 rw-p 00000000 00:00 0 
7f47ac310000-7f47b0000000 ---p 00000000 00:00 0 
7f47b4000000-7f47b4021000 rw-p 00000000 00:00 0 
7f47b4021000-7f47b8000000 ---p 00000000 00:00 0 
7f47ba004000-7f47ba16f000 r-xp 00000000 08:01 21496825                   /usr/lib/x86_64-linux-gnu/libstdc++.so.6.0.21
7f47ba16f000-7f47ba36f000 ---p 0016b000 08:01 21496825                   /usr/lib/x86_64-linux-gnu/libstdc++.so.6.0.21
7f47ba36f000-7f47ba379000 r--p 0016b000 08:01 21496825                   /usr/lib/x86_64-linux-gnu/libstdc++.so.6.0.21
7f47ba379000-7f47ba37b000 rw-p 00175000 08:01 21496825                   /usr/lib/x86_64-linux-gnu/libstdc++.so.6.0.21
7f47ba37b000-7f47ba37f000 rw-p 00000000 00:00 0 
7f47ba37f000-7f47ba3ed000 r-xp 00000000 08:01 23069454                   /lib/x86_64-linux-gnu/libpcre.so.3.13.2
7f47ba3ed000-7f47ba5ed000 ---p 0006e000 08:01 23069454                   /lib/x86_64-linux-gnu/libpcre.so.3.13.2
7f47ba5ed000-7f47ba5ee000 r--p 0006e000 08:01 23069454                   /lib/x86_64-linux-gnu/libpcre.so.3.13.2
7f47ba5ee000-7f47ba5ef000 rw-p 0006f000 08:01 23069454                   /lib/x86_64-linux-gnu/libpcre.so.3.13.2
7f47ba814000-7f47ba920000 r-xp 00000000 08:01 23072132                   /lib/x86_64-linux-gnu/libglib-2.0.so.0.4600.2
7f47ba920000-7f47bab20000 ---p 0010c000 08:01 23072132                   /lib/x86_64-linux-gnu/libglib-2.0.so.0.4600.2
7f47bab20000-7f47bab21000 r--p 0010c000 08:01 23072132                   /lib/x86_64-linux-gnu/libglib-2.0.so.0.4600.2
7f47bab21000-7f47bab22000 rw-p 0010d000 08:01 23072132                   /lib/x86_64-linux-gnu/libglib-2.0.so.0.4600.2
7f47bab22000-7f47bab23000 rw-p 00000000 00:00 0 
7f47bae3e000-7f47bae3f000 r-xp 00000000 08:01 18874450                   /home/webmaster/workspace/rfsus/java/rfsus/comunicacaoRecepcao.so
7f47bae3f000-7f47bb03f000 ---p 00001000 08:01 18874450                   /home/webmaster/workspace/rfsus/java/rfsus/comunicacaoRecepcao.so
7f47bb03f000-7f47bb040000 rw-p 00001000 08:01 18874450                   /home/webmaster/workspace/rfsus/java/rfsus/comunicacaoRecepcao.so
7f47bb040000-7f47bb055000 r-xp 00000000 08:01 24117788                   /tmp/jna1933917986085205106.tmp
7f47bb055000-7f47bb154000 ---p 00015000 08:01 24117788                   /tmp/jna1933917986085205106.tmp
7f47bb154000-7f47bb156000 rw-p 00014000 08:01 24117788                   /tmp/jna1933917986085205106.tmp
7f47bb156000-7f47bb159000 ---p 00000000 00:00 0 
7f47bb159000-7f47bb357000 rw-p 00000000 00:00 0                          [stack:5302]
7f47bb357000-7f47bb457000 ---p 00000000 00:00 0 
7f47bb457000-7f47bb4c0000 r-xp 00000000 08:01 23331023                   /usr/lib/jvm/java-8-oracle/jre/lib/amd64/libt2k.so
7f47bb4c0000-7f47bb6c0000 ---p 00069000 08:01 23331023                   /usr/lib/jvm/java-8-oracle/jre/lib/amd64/libt2k.so
7f47bb6c0000-7f47bb6c7000 rw-p 00069000 08:01 23331023                   /usr/lib/jvm/java-8-oracle/jre/lib/amd64/libt2k.so
7f47bb6c7000-7f47bb6d7000 rw-p 00000000 00:00 0 
7f47bb6d7000-7f47bb6e8000 r-xp 00000000 08:01 23330992                   /usr/lib/jvm/java-8-oracle/jre/lib/amd64/libnio.so
7f47bb6e8000-7f47bb8e7000 ---p 00011000 08:01 23330992                   /usr/lib/jvm/java-8-oracle/jre/lib/amd64/libnio.so
7f47bb8e7000-7f47bb8e8000 rw-p 00010000 08:01 23330992                   /usr/lib/jvm/java-8-oracle/jre/lib/amd64/libnio.so
7f47bb8e8000-7f47bbbe9000 rw-p 00000000 00:00 0 
7f47bbbe9000-7f47bbbff000 r-xp 00000000 08:01 23330848                   /usr/lib/jvm/java-8-oracle/jre/lib/amd64/libnet.so
7f47bbbff000-7f47bbdff000 ---p 00016000 08:01 23330848                   /usr/lib/jvm/java-8-oracle/jre/lib/amd64/libnet.so
7f47bbdff000-7f47bbe00000 rw-p 00016000 08:01 23330848                   /usr/lib/jvm/java-8-oracle/jre/lib/amd64/libnet.so
7f47bbe00000-7f47bc000000 rw-p 00000000 00:00 0 
7f47bc000000-7f47bc021000 rw-p 00000000 00:00 0 
7f47bc021000-7f47c0000000 ---p 00000000 00:00 0 
7f47c0000000-7f47c0189000 rw-p 00000000 00:00 0 
7f47c0189000-7f47c4000000 ---p 00000000 00:00 0 
7f47c4000000-7f47c4021000 rw-p 00000000 00:00 0 
7f47c4021000-7f47c8000000 ---p 00000000 00:00 0 
7f47c8000000-7f47c8021000 rw-p 00000000 00:00 0 
7f47c8021000-7f47cc000000 ---p 00000000 00:00 0 
7f47cc000000-7f47cc021000 rw-p 00000000 00:00 0 
7f47cc021000-7f47d0000000 ---p 00000000 00:00 0 
7f47d0000000-7f47d0021000 rw-p 00000000 00:00 0 
7f47d0021000-7f47d4000000 ---p 00000000 00:00 0 
7f47d4000000-7f47d4137000 rw-p 00000000 00:00 0 
7f47d4137000-7f47d8000000 ---p 00000000 00:00 0 
7f47d8000000-7f47d8197000 rw-p 00000000 00:00 0 
7f47d8197000-7f47dc000000 ---p 00000000 00:00 0 
7f47dc000000-7f47dc021000 rw-p 00000000 00:00 0 
7f47dc021000-7f47e0000000 ---p 00000000 00:00 0 
7f47e0000000-7f47e005e000 rw-p 00000000 00:00 0 
7f47e005e000-7f47e4000000 ---p 00000000 00:00 0 
7f47e4000000-7f47e4021000 rw-p 00000000 00:00 0 
7f47e4021000-7f47e8000000 ---p 00000000 00:00 0 
7f47e8000000-7f47e8021000 rw-p 00000000 00:00 0 
7f47e8021000-7f47ec000000 ---p 00000000 00:00 0 
7f47ec000000-7f47ec021000 rw-p 00000000 00:00 0 
7f47ec021000-7f47f0000000 ---p 00000000 00:00 0 
7f47f0048000-7f47f004b000 ---p 00000000 00:00 0 
7f47f004b000-7f47f0149000 rw-p 00000000 00:00 0                          [stack:5301]
7f47f0149000-7f47f014c000 ---p 00000000 00:00 0 
7f47f014c000-7f47f024a000 rw-p 00000000 00:00 0                          [stack:5300]
7f47f024a000-7f47f024d000 ---p 00000000 00:00 0 
7f47f024d000-7f47f034b000 rw-p 00000000 00:00 0                          [stack:5299]
7f47f034b000-7f47f034e000 ---p 00000000 00:00 0 
7f47f034e000-7f47f044c000 rw-p 00000000 00:00 0                          [stack:5298]
7f47f044c000-7f47f0451000 r-xp 00000000 08:01 21504500                   /usr/lib/x86_64-linux-gnu/libXfixes.so.3.1.0
7f47f0451000-7f47f0650000 ---p 00005000 08:01 21504500                   /usr/lib/x86_64-linux-gnu/libXfixes.so.3.1.0
7f47f0650000-7f47f0651000 r--p 00004000 08:01 21504500                   /usr/lib/x86_64-linux-gnu/libXfixes.so.3.1.0
7f47f0651000-7f47f0652000 rw-p 00005000 08:01 21504500                   /usr/lib/x86_64-linux-gnu/libXfixes.so.3.1.0
7f47f0652000-7f47f065c000 r-xp 00000000 08:01 21504492                   /usr/lib/x86_64-linux-gnu/libXcursor.so.1.0.2
7f47f065c000-7f47f085b000 ---p 0000a000 08:01 21504492                   /usr/lib/x86_64-linux-gnu/libXcursor.so.1.0.2
7f47f085b000-7f47f085c000 r--p 00009000 08:01 21504492                   /usr/lib/x86_64-linux-gnu/libXcursor.so.1.0.2
7f47f085c000-7f47f085d000 rw-p 0000a000 08:01 21504492                   /usr/lib/x86_64-linux-gnu/libXcursor.so.1.0.2
7f47f085d000-7f47f0860000 ---p 00000000 00:00 0 
7f47f0860000-7f47f095e000 rw-p 00000000 00:00 0                          [stack:5297]
7f47f095e000-7f47f0974000 r-xp 00000000 08:01 23069139                   /lib/x86_64-linux-gnu/libgcc_s.so.1
7f47f0974000-7f47f0b73000 ---p 00016000 08:01 23069139                   /lib/x86_64-linux-gnu/libgcc_s.so.1
7f47f0b73000-7f47f0b74000 rw-p 00015000 08:01 23069139                   /lib/x86_64-linux-gnu/libgcc_s.so.1
7f47f0b74000-7f47f0bd9000 r-xp 00000000 08:01 23330986                   /usr/lib/jvm/java-8-oracle/jre/lib/amd64/libfontmanager.so
7f47f0bd9000-7f47f0dd8000 ---p 00065000 08:01 23330986                   /usr/lib/jvm/java-8-oracle/jre/lib/amd64/libfontmanager.so
7f47f0dd8000-7f47f0ddd000 rw-p 00064000 08:01 23330986                   /usr/lib/jvm/java-8-oracle/jre/lib/amd64/libfontmanager.so
7f47f0ddd000-7f47f0ded000 rw-p 00000000 00:00 0 
7f47f0ded000-7f47f0df2000 r-xp 00000000 08:01 21498797                   /usr/lib/x86_64-linux-gnu/libXdmcp.so.6.0.0
7f47f0df2000-7f47f0ff1000 ---p 00005000 08:01 21498797                   /usr/lib/x86_64-linux-gnu/libXdmcp.so.6.0.0
7f47f0ff1000-7f47f0ff2000 r--p 00004000 08:01 21498797                   /usr/lib/x86_64-linux-gnu/libXdmcp.so.6.0.0
7f47f0ff2000-7f47f0ff3000 rw-p 00005000 08:01 21498797                   /usr/lib/x86_64-linux-gnu/libXdmcp.so.6.0.0
7f47f0ff3000-7f47f0ff6000 r-xp 00000000 08:01 21504485                   /usr/lib/x86_64-linux-gnu/libXau.so.6.0.0
7f47f0ff6000-7f47f11f5000 ---p 00003000 08:01 21504485                   /usr/lib/x86_64-linux-gnu/libXau.so.6.0.0
7f47f11f5000-7f47f11f6000 r--p 00002000 08:01 21504485                   /usr/lib/x86_64-linux-gnu/libXau.so.6.0.0
7f47f11f6000-7f47f11f7000 rw-p 00003000 08:01 21504485                   /usr/lib/x86_64-linux-gnu/libXau.so.6.0.0
7f47f11f7000-7f47f1218000 r-xp 00000000 08:01 21505663                   /usr/lib/x86_64-linux-gnu/libxcb.so.1.1.0
7f47f1218000-7f47f1417000 ---p 00021000 08:01 21505663                   /usr/lib/x86_64-linux-gnu/libxcb.so.1.1.0
7f47f1417000-7f47f1418000 r--p 00020000 08:01 21505663                   /usr/lib/x86_64-linux-gnu/libxcb.so.1.1.0
7f47f1418000-7f47f1419000 rw-p 00021000 08:01 21505663                   /usr/lib/x86_64-linux-gnu/libxcb.so.1.1.0
7f47f1419000-7f47f1428000 r-xp 00000000 08:01 21497227                   /usr/lib/x86_64-linux-gnu/libXi.so.6.1.0
7f47f1428000-7f47f1627000 ---p 0000f000 08:01 21497227                   /usr/lib/x86_64-linux-gnu/libXi.so.6.1.0
7f47f1627000-7f47f1628000 r--p 0000e000 08:01 21497227                   /usr/lib/x86_64-linux-gnu/libXi.so.6.1.0
7f47f1628000-7f47f1629000 rw-p 0000f000 08:01 21497227                   /usr/lib/x86_64-linux-gnu/libXi.so.6.1.0
7f47f1629000-7f47f162e000 r-xp 00000000 08:01 21504524                   /usr/lib/x86_64-linux-gnu/libXtst.so.6.1.0
7f47f162e000-7f47f182d000 ---p 00005000 08:01 21504524                   /usr/lib/x86_64-linux-gnu/libXtst.so.6.1.0
7f47f182d000-7f47f182e000 r--p 00004000 08:01 21504524                   /usr/lib/x86_64-linux-gnu/libXtst.so.6.1.0
7f47f182e000-7f47f182f000 rw-p 00005000 08:01 21504524                   /usr/lib/x86_64-linux-gnu/libXtst.so.6.1.0
7f47f182f000-7f47f1838000 r-xp 00000000 08:01 21504518                   /usr/lib/x86_64-linux-gnu/libXrender.so.1.3.0
7f47f1838000-7f47f1a37000 ---p 00009000 08:01 21504518                   /usr/lib/x86_64-linux-gnu/libXrender.so.1.3.0
7f47f1a37000-7f47f1a38000 r--p 00008000 08:01 21504518                   /usr/lib/x86_64-linux-gnu/libXrender.so.1.3.0
7f47f1a38000-7f47f1a39000 rw-p 00009000 08:01 21504518                   /usr/lib/x86_64-linux-gnu/libXrender.so.1.3.0
7f47f1a39000-7f47f1b75000 r-xp 00000000 08:01 21504481                   /usr/lib/x86_64-linux-gnu/libX11.so.6.3.0
7f47f1b75000-7f47f1d74000 ---p 0013c000 08:01 21504481                   /usr/lib/x86_64-linux-gnu/libX11.so.6.3.0
7f47f1d74000-7f47f1d76000 r--p 0013b000 08:01 21504481                   /usr/lib/x86_64-linux-gnu/libX11.so.6.3.0
7f47f1d76000-7f47f1d7b000 rw-p 0013d000 08:01 21504481                   /usr/lib/x86_64-linux-gnu/libX11.so.6.3.0
7f47f1d7b000-7f47f1d7c000 rw-p 00000000 00:00 0 
7f47f1d7c000-7f47f1d8d000 r-xp 00000000 08:01 21504498                   /usr/lib/x86_64-linux-gnu/libXext.so.6.4.0
7f47f1d8d000-7f47f1f8c000 ---p 00011000 08:01 21504498                   /usr/lib/x86_64-linux-gnu/libXext.so.6.4.0
7f47f1f8c000-7f47f1f8d000 r--p 00010000 08:01 21504498                   /usr/lib/x86_64-linux-gnu/libXext.so.6.4.0
7f47f1f8d000-7f47f1f8e000 rw-p 00011000 08:01 21504498                   /usr/lib/x86_64-linux-gnu/libXext.so.6.4.0
7f47f1faa000-7f47f1ffe000 r-xp 00000000 08:01 23330994                   /usr/lib/jvm/java-8-oracle/jre/lib/amd64/libawt_xawt.so
7f47f1ffe000-7f47f21fe000 ---p 00054000 08:01 23330994                   /usr/lib/jvm/java-8-oracle/jre/lib/amd64/libawt_xawt.so
7f47f21fe000-7f47f2202000 rw-p 00054000 08:01 23330994                   /usr/lib/jvm/java-8-oracle/jre/lib/amd64/libawt_xawt.so
7f47f2202000-7f47f2203000 rw-p 00000000 00:00 0 
7f47f2203000-7f47f22a5000 r-xp 00000000 08:01 23331026                   /usr/lib/jvm/java-8-oracle/jre/lib/amd64/libawt.so
7f47f22a5000-7f47f24a5000 ---p 000a2000 08:01 23331026                   /usr/lib/jvm/java-8-oracle/jre/lib/amd64/libawt.so
7f47f24a5000-7f47f24b1000 rw-p 000a2000 08:01 23331026                   /usr/lib/jvm/java-8-oracle/jre/lib/amd64/libawt.so
7f47f24b1000-7f47f24d5000 rw-p 00000000 00:00 0 
7f47f24d5000-7f47f24f0000 r--s 00150000 08:01 18875718                   /home/webmaster/workspace/rfsus/java/rfsus/lib/mongo-java-driver-3.2.1.jar
7f47f24f0000-7f47f24f1000 ---p 00000000 00:00 0 
7f47f24f1000-7f47f25f1000 rw-p 00000000 00:00 0                          [stack:5296]
7f47f25f1000-7f47f25f4000 ---p 00000000 00:00 0 
7f47f25f4000-7f47f26f2000 rw-p 00000000 00:00 0                          [stack:5295]
7f47f26f2000-7f47f26f5000 ---p 00000000 00:00 0 
7f47f26f5000-7f47f27f3000 rw-p 00000000 00:00 0                          [stack:5294]
7f47f27f3000-7f47f27f6000 ---p 00000000 00:00 0 
7f47f27f6000-7f47f28f4000 rw-p 00000000 00:00 0                          [stack:5293]
7f47f28f4000-7f47f28f7000 ---p 00000000 00:00 0 
7f47f28f7000-7f47f29f5000 rw-p 00000000 00:00 0                          [stack:5292]
7f47f29f5000-7f47f29f8000 ---p 00000000 00:00 0 
7f47f29f8000-7f47f2af6000 rw-p 00000000 00:00 0                          [stack:5291]
7f47f2af6000-7f47f2c80000 r--p 00000000 08:01 21497283                   /usr/lib/locale/locale-archive
7f47f2c80000-7f47f2c83000 ---p 00000000 00:00 0 
7f47f2c83000-7f47f2d81000 rw-p 00000000 00:00 0                          [stack:5290]
7f47f2d81000-7f47f2d84000 ---p 00000000 00:00 0 
7f47f2d84000-7f47f2e82000 rw-p 00000000 00:00 0                          [stack:5289]
7f47f2e82000-7f47f2e83000 ---p 00000000 00:00 0 
7f47f2e83000-7f47f8000000 rw-p 00000000 00:00 0                          [stack:5288]
7f47f8000000-7f47f8021000 rw-p 00000000 00:00 0 
7f47f8021000-7f47fc000000 ---p 00000000 00:00 0 
7f47fc000000-7f47fc021000 rw-p 00000000 00:00 0 
7f47fc021000-7f4800000000 ---p 00000000 00:00 0 
7f4800000000-7f4800021000 rw-p 00000000 00:00 0 
7f4800021000-7f4804000000 ---p 00000000 00:00 0 
7f4804000000-7f4804021000 rw-p 00000000 00:00 0 
7f4804021000-7f4808000000 ---p 00000000 00:00 0 
7f4808009000-7f480844f000 rw-p 00000000 00:00 0 
7f480844f000-7f4808627000 r--s 03d1d000 08:01 22675815                   /usr/lib/jvm/java-8-oracle/jre/lib/rt.jar
7f4808627000-7f4808a70000 rw-p 00000000 00:00 0 
7f4808a70000-7f4808a71000 ---p 00000000 00:00 0 
7f4808a71000-7f4808b71000 rw-p 00000000 00:00 0                          [stack:5287]
7f4808b71000-7f4808b72000 ---p 00000000 00:00 0 
7f4808b72000-7f4808c72000 rw-p 00000000 00:00 0                          [stack:5286]
7f4808c72000-7f4808c73000 ---p 00000000 00:00 0 
7f4808c73000-7f4808d9d000 rw-p 00000000 00:00 0                          [stack:5285]
7f4808d9d000-7f4809000000 ---p 00000000 00:00 0 
7f4809000000-7f4809270000 rwxp 00000000 00:00 0 
7f4809270000-7f4818000000 ---p 00000000 00:00 0 
7f4818000000-7f48184e7000 rw-p 00000000 00:00 0 
7f48184e7000-7f481c000000 ---p 00000000 00:00 0 
7f481c00d000-7f481c011000 r--s 00097000 08:01 22675810                   /usr/lib/jvm/java-8-oracle/jre/lib/jsse.jar
7f481c011000-7f481c018000 r--s 00000000 08:01 21764088                   /usr/lib/x86_64-linux-gnu/gconv/gconv-modules.cache
7f481c018000-7f481c067000 rw-p 00000000 00:00 0 
7f481c067000-7f481c068000 ---p 00000000 00:00 0 
7f481c068000-7f481c192000 rw-p 00000000 00:00 0                          [stack:5284]
7f481c192000-7f481c3f4000 ---p 00000000 00:00 0 
7f481c3f4000-7f481c40a000 rw-p 00000000 00:00 0 
7f481c40a000-7f481c53b000 ---p 00000000 00:00 0 
7f481c53b000-7f481c546000 rw-p 00000000 00:00 0 
7f481c546000-7f481c8fc000 ---p 00000000 00:00 0 
7f481c8fc000-7f481c916000 r-xp 00000000 08:01 23330990                   /usr/lib/jvm/java-8-oracle/jre/lib/amd64/libzip.so
7f481c916000-7f481cb16000 ---p 0001a000 08:01 23330990                   /usr/lib/jvm/java-8-oracle/jre/lib/amd64/libzip.so
7f481cb16000-7f481cb17000 rw-p 0001a000 08:01 23330990                   /usr/lib/jvm/java-8-oracle/jre/lib/amd64/libzip.so
7f481cb17000-7f481cb22000 r-xp 00000000 08:01 23072871                   /lib/x86_64-linux-gnu/libnss_files-2.21.so
7f481cb22000-7f481cd21000 ---p 0000b000 08:01 23072871                   /lib/x86_64-linux-gnu/libnss_files-2.21.so
7f481cd21000-7f481cd22000 r--p 0000a000 08:01 23072871                   /lib/x86_64-linux-gnu/libnss_files-2.21.so
7f481cd22000-7f481cd23000 rw-p 0000b000 08:01 23072871                   /lib/x86_64-linux-gnu/libnss_files-2.21.so
7f481cd23000-7f481cd2d000 r-xp 00000000 08:01 23072873                   /lib/x86_64-linux-gnu/libnss_nis-2.21.so
7f481cd2d000-7f481cf2d000 ---p 0000a000 08:01 23072873                   /lib/x86_64-linux-gnu/libnss_nis-2.21.so
7f481cf2d000-7f481cf2e000 r--p 0000a000 08:01 23072873                   /lib/x86_64-linux-gnu/libnss_nis-2.21.so
7f481cf2e000-7f481cf2f000 rw-p 0000b000 08:01 23072873                   /lib/x86_64-linux-gnu/libnss_nis-2.21.so
7f481cf2f000-7f481cf44000 r-xp 00000000 08:01 23072868                   /lib/x86_64-linux-gnu/libnsl-2.21.so
7f481cf44000-7f481d143000 ---p 00015000 08:01 23072868                   /lib/x86_64-linux-gnu/libnsl-2.21.so
7f481d143000-7f481d144000 r--p 00014000 08:01 23072868                   /lib/x86_64-linux-gnu/libnsl-2.21.so
7f481d144000-7f481d145000 rw-p 00015000 08:01 23072868                   /lib/x86_64-linux-gnu/libnsl-2.21.so
7f481d145000-7f481d147000 rw-p 00000000 00:00 0 
7f481d147000-7f481d14e000 r-xp 00000000 08:01 23072869                   /lib/x86_64-linux-gnu/libnss_compat-2.21.so
7f481d14e000-7f481d34d000 ---p 00007000 08:01 23072869                   /lib/x86_64-linux-gnu/libnss_compat-2.21.so
7f481d34d000-7f481d34e000 r--p 00006000 08:01 23072869                   /lib/x86_64-linux-gnu/libnss_compat-2.21.so
7f481d34e000-7f481d34f000 rw-p 00007000 08:01 23072869                   /lib/x86_64-linux-gnu/libnss_compat-2.21.so
7f481d34f000-7f481d379000 r-xp 00000000 08:01 23331016                   /usr/lib/jvm/java-8-oracle/jre/lib/amd64/libjava.so
7f481d379000-7f481d579000 ---p 0002a000 08:01 23331016                   /usr/lib/jvm/java-8-oracle/jre/lib/amd64/libjava.so
7f481d579000-7f481d57b000 rw-p 0002a000 08:01 23331016                   /usr/lib/jvm/java-8-oracle/jre/lib/amd64/libjava.so
7f481d57b000-7f481d588000 r-xp 00000000 08:01 23330849                   /usr/lib/jvm/java-8-oracle/jre/lib/amd64/libverify.so
7f481d588000-7f481d788000 ---p 0000d000 08:01 23330849                   /usr/lib/jvm/java-8-oracle/jre/lib/amd64/libverify.so
7f481d788000-7f481d78a000 rw-p 0000d000 08:01 23330849                   /usr/lib/jvm/java-8-oracle/jre/lib/amd64/libverify.so
7f481d78a000-7f481d791000 r-xp 00000000 08:01 23072877                   /lib/x86_64-linux-gnu/librt-2.21.so
7f481d791000-7f481d990000 ---p 00007000 08:01 23072877                   /lib/x86_64-linux-gnu/librt-2.21.so
7f481d990000-7f481d991000 r--p 00006000 08:01 23072877                   /lib/x86_64-linux-gnu/librt-2.21.so
7f481d991000-7f481d992000 rw-p 00007000 08:01 23072877                   /lib/x86_64-linux-gnu/librt-2.21.so
7f481d992000-7f481da96000 r-xp 00000000 08:01 23072866                   /lib/x86_64-linux-gnu/libm-2.21.so
7f481da96000-7f481dc95000 ---p 00104000 08:01 23072866                   /lib/x86_64-linux-gnu/libm-2.21.so
7f481dc95000-7f481dc96000 r--p 00103000 08:01 23072866                   /lib/x86_64-linux-gnu/libm-2.21.so
7f481dc96000-7f481dc97000 rw-p 00104000 08:01 23072866                   /lib/x86_64-linux-gnu/libm-2.21.so
7f481dc97000-7f481e956000 r-xp 00000000 08:01 23331020                   /usr/lib/jvm/java-8-oracle/jre/lib/amd64/server/libjvm.so
7f481e956000-7f481eb55000 ---p 00cbf000 08:01 23331020                   /usr/lib/jvm/java-8-oracle/jre/lib/amd64/server/libjvm.so
7f481eb55000-7f481ec2e000 rw-p 00cbe000 08:01 23331020                   /usr/lib/jvm/java-8-oracle/jre/lib/amd64/server/libjvm.so
7f481ec2e000-7f481ec77000 rw-p 00000000 00:00 0 
7f481ec77000-7f481ee11000 r-xp 00000000 08:01 23072862                   /lib/x86_64-linux-gnu/libc-2.21.so
7f481ee11000-7f481f011000 ---p 0019a000 08:01 23072862                   /lib/x86_64-linux-gnu/libc-2.21.so
7f481f011000-7f481f015000 r--p 0019a000 08:01 23072862                   /lib/x86_64-linux-gnu/libc-2.21.so
7f481f015000-7f481f017000 rw-p 0019e000 08:01 23072862                   /lib/x86_64-linux-gnu/libc-2.21.so
7f481f017000-7f481f01b000 rw-p 00000000 00:00 0 
7f481f01b000-7f481f01d000 r-xp 00000000 08:01 23072865                   /lib/x86_64-linux-gnu/libdl-2.21.so
7f481f01d000-7f481f21d000 ---p 00002000 08:01 23072865                   /lib/x86_64-linux-gnu/libdl-2.21.so
7f481f21d000-7f481f21e000 r--p 00002000 08:01 23072865                   /lib/x86_64-linux-gnu/libdl-2.21.so
7f481f21e000-7f481f21f000 rw-p 00003000 08:01 23072865                   /lib/x86_64-linux-gnu/libdl-2.21.so
7f481f21f000-7f481f234000 r-xp 00000000 08:01 22285182                   /usr/lib/jvm/java-8-oracle/lib/amd64/jli/libjli.so
7f481f234000-7f481f434000 ---p 00015000 08:01 22285182                   /usr/lib/jvm/java-8-oracle/lib/amd64/jli/libjli.so
7f481f434000-7f481f435000 rw-p 00015000 08:01 22285182                   /usr/lib/jvm/java-8-oracle/lib/amd64/jli/libjli.so
7f481f435000-7f481f44d000 r-xp 00000000 08:01 23072858                   /lib/x86_64-linux-gnu/libpthread-2.21.so
7f481f44d000-7f481f64c000 ---p 00018000 08:01 23072858                   /lib/x86_64-linux-gnu/libpthread-2.21.so
7f481f64c000-7f481f64d000 r--p 00017000 08:01 23072858                   /lib/x86_64-linux-gnu/libpthread-2.21.so
7f481f64d000-7f481f64e000 rw-p 00018000 08:01 23072858                   /lib/x86_64-linux-gnu/libpthread-2.21.so
7f481f64e000-7f481f652000 rw-p 00000000 00:00 0 
7f481f652000-7f481f674000 r-xp 00000000 08:01 23072859                   /lib/x86_64-linux-gnu/ld-2.21.so
7f481f676000-7f481f685000 r--p 00000000 08:01 22939311                   /usr/share/locale/pt_BR/LC_MESSAGES/libc.mo
7f481f685000-7f481f750000 rw-p 00000000 00:00 0 
7f481f750000-7f481f753000 ---p 00000000 00:00 0 
7f481f753000-7f481f856000 rw-p 00000000 00:00 0                          [stack:5283]
7f481f856000-7f481f857000 rw-p 00000000 00:00 0 
7f481f857000-7f481f85d000 r--s 002f8000 08:01 22675811                   /usr/lib/jvm/java-8-oracle/jre/lib/charsets.jar
7f481f85d000-7f481f85e000 r--s 00008000 08:01 18875712                   /home/webmaster/workspace/rfsus/java/ui/dist/ui.jar
7f481f85e000-7f481f863000 r--s 00032000 08:01 18875716                   /home/webmaster/workspace/rfsus/java/rfsus/lib/bson-3.0.4.jar
7f481f863000-7f481f867000 r--s 000d0000 08:01 18875717                   /home/webmaster/workspace/rfsus/java/rfsus/lib/jna.jar
7f481f867000-7f481f86f000 rw-s 00000000 08:01 24117786                   /tmp/hsperfdata_webmaster/5277
7f481f86f000-7f481f870000 rw-p 00000000 00:00 0 
7f481f870000-7f481f871000 r--p 00000000 00:00 0 
7f481f871000-7f481f873000 rw-p 00000000 00:00 0 
7f481f873000-7f481f874000 r--p 00021000 08:01 23072859                   /lib/x86_64-linux-gnu/ld-2.21.so
7f481f874000-7f481f875000 rw-p 00022000 08:01 23072859                   /lib/x86_64-linux-gnu/ld-2.21.so
7f481f875000-7f481f876000 rw-p 00000000 00:00 0 
7fffc03cb000-7fffc03ec000 rw-p 00000000 00:00 0                          [stack]
7fffc03f8000-7fffc03fa000 r--p 00000000 00:00 0                          [vvar]
7fffc03fa000-7fffc03fc000 r-xp 00000000 00:00 0                          [vdso]
ffffffffff600000-ffffffffff601000 r-xp 00000000 00:00 0                  [vsyscall]

VM Arguments:
jvm_args: -Djna.library.path=. -Dfile.encoding=UTF-8 -Dawt.useSystemAAFontSettings=gasp 
java_command: br.edu.ifba.rfsus.Executor
java_class_path (initial): /home/webmaster/workspace/rfsus/java/rfsus/bin:/home/webmaster/workspace/rfsus/java/rfsus/lib/jna.jar:/home/webmaster/workspace/rfsus/java/rfsus/lib/bson-3.0.4.jar:/home/webmaster/workspace/rfsus/java/rfsus/lib/mongo-java-driver-3.2.1.jar:/home/webmaster/workspace/rfsus/java/ui/dist/ui.jar
Launcher Type: SUN_STANDARD

Environment Variables:
_JAVA_OPTIONS=  -Dawt.useSystemAAFontSettings=gasp
PATH=/usr/local/bin:/usr/bin:/bin:/usr/local/games:/usr/games
SHELL=/bin/bash
DISPLAY=:0

Signal Handlers:
SIGSEGV: [libjvm.so+0xabb070], sa_mask[0]=11111111011111111101111111111110, sa_flags=SA_RESTART|SA_SIGINFO
SIGBUS: [libjvm.so+0xabb070], sa_mask[0]=11111111011111111101111111111110, sa_flags=SA_RESTART|SA_SIGINFO
SIGFPE: [libjvm.so+0x918480], sa_mask[0]=11111111011111111101111111111110, sa_flags=SA_RESTART|SA_SIGINFO
SIGPIPE: [libjvm.so+0x918480], sa_mask[0]=11111111011111111101111111111110, sa_flags=SA_RESTART|SA_SIGINFO
SIGXFSZ: [libjvm.so+0x918480], sa_mask[0]=11111111011111111101111111111110, sa_flags=SA_RESTART|SA_SIGINFO
SIGILL: [libjvm.so+0x918480], sa_mask[0]=11111111011111111101111111111110, sa_flags=SA_RESTART|SA_SIGINFO
SIGUSR1: SIG_DFL, sa_mask[0]=00000000000000000000000000000000, sa_flags=none
SIGUSR2: [libjvm.so+0x919ab0], sa_mask[0]=00100000000000000000000000000000, sa_flags=SA_RESTART|SA_SIGINFO
SIGHUP: [libjvm.so+0x91aeb0], sa_mask[0]=11111111011111111101111111111110, sa_flags=SA_RESTART|SA_SIGINFO
SIGINT: [libjvm.so+0x91aeb0], sa_mask[0]=11111111011111111101111111111110, sa_flags=SA_RESTART|SA_SIGINFO
SIGTERM: [libjvm.so+0x91aeb0], sa_mask[0]=11111111011111111101111111111110, sa_flags=SA_RESTART|SA_SIGINFO
SIGQUIT: [libjvm.so+0x91aeb0], sa_mask[0]=11111111011111111101111111111110, sa_flags=SA_RESTART|SA_SIGINFO


---------------  S Y S T E M  ---------------

OS:DISTRIB_ID=Deepin
DISTRIB_RELEASE=15.1.1
DISTRIB_DESCRIPTION="Deepin 15.1.1 "

uname:Linux 4.2.0-1-amd64 #1 SMP Debian 4.2.6-3 (2015-12-06) x86_64
libc:glibc 2.21 NPTL 2.21 
rlimit: STACK 8192k, CORE infinity, NPROC 31157, NOFILE 65536, AS infinity
load average:0,51 0,63 0,53

/proc/meminfo:
MemTotal:        8013816 kB
MemFree:         4526856 kB
MemAvailable:    6080872 kB
Buffers:           89192 kB
Cached:          1644740 kB
SwapCached:            0 kB
Active:          2315204 kB
Inactive:         995480 kB
Active(anon):    1606332 kB
Inactive(anon):   180156 kB
Active(file):     708872 kB
Inactive(file):   815324 kB
Unevictable:          32 kB
Mlocked:              32 kB
SwapTotal:             0 kB
SwapFree:              0 kB
Dirty:               532 kB
Writeback:             0 kB
AnonPages:       1576768 kB
Mapped:           505380 kB
Shmem:            209732 kB
Slab:              97880 kB
SReclaimable:      71952 kB
SUnreclaim:        25928 kB
KernelStack:        8704 kB
PageTables:        26240 kB
NFS_Unstable:          0 kB
Bounce:                0 kB
WritebackTmp:          0 kB
CommitLimit:     4006908 kB
Committed_AS:    5711936 kB
VmallocTotal:   34359738367 kB
VmallocUsed:      551040 kB
VmallocChunk:   34358423548 kB
HardwareCorrupted:     0 kB
AnonHugePages:         0 kB
HugePages_Total:       0
HugePages_Free:        0
HugePages_Rsvd:        0
HugePages_Surp:        0
Hugepagesize:       2048 kB
DirectMap4k:      101120 kB
DirectMap2M:     8120320 kB


CPU:total 4 (2 cores per cpu, 2 threads per core) family 6 model 42 stepping 7, cmov, cx8, fxsr, mmx, sse, sse2, sse3, ssse3, sse4.1, sse4.2, popcnt, avx, clmul, ht, tsc, tscinvbit

/proc/cpuinfo:
processor	: 0
vendor_id	: GenuineIntel
cpu family	: 6
model		: 42
model name	: Intel(R) Core(TM) i3-2367M CPU @ 1.40GHz
stepping	: 7
microcode	: 0x29
cpu MHz		: 812.710
cache size	: 3072 KB
physical id	: 0
siblings	: 4
core id		: 0
cpu cores	: 2
apicid		: 0
initial apicid	: 0
fpu		: yes
fpu_exception	: yes
cpuid level	: 13
wp		: yes
flags		: fpu vme de pse tsc msr pae mce cx8 apic sep mtrr pge mca cmov pat pse36 clflush dts acpi mmx fxsr sse sse2 ss ht tm pbe syscall nx rdtscp lm constant_tsc arch_perfmon pebs bts rep_good nopl xtopology nonstop_tsc aperfmperf eagerfpu pni pclmulqdq dtes64 monitor ds_cpl vmx est tm2 ssse3 cx16 xtpr pdcm pcid sse4_1 sse4_2 x2apic popcnt tsc_deadline_timer xsave avx lahf_lm arat epb pln pts dtherm tpr_shadow vnmi flexpriority ept vpid xsaveopt
bugs		:
bogomips	: 2793.69
clflush size	: 64
cache_alignment	: 64
address sizes	: 36 bits physical, 48 bits virtual
power management:

processor	: 1
vendor_id	: GenuineIntel
cpu family	: 6
model		: 42
model name	: Intel(R) Core(TM) i3-2367M CPU @ 1.40GHz
stepping	: 7
microcode	: 0x29
cpu MHz		: 893.921
cache size	: 3072 KB
physical id	: 0
siblings	: 4
core id		: 0
cpu cores	: 2
apicid		: 1
initial apicid	: 1
fpu		: yes
fpu_exception	: yes
cpuid level	: 13
wp		: yes
flags		: fpu vme de pse tsc msr pae mce cx8 apic sep mtrr pge mca cmov pat pse36 clflush dts acpi mmx fxsr sse sse2 ss ht tm pbe syscall nx rdtscp lm constant_tsc arch_perfmon pebs bts rep_good nopl xtopology nonstop_tsc aperfmperf eagerfpu pni pclmulqdq dtes64 monitor ds_cpl vmx est tm2 ssse3 cx16 xtpr pdcm pcid sse4_1 sse4_2 x2apic popcnt tsc_deadline_timer xsave avx lahf_lm arat epb pln pts dtherm tpr_shadow vnmi flexpriority ept vpid xsaveopt
bugs		:
bogomips	: 2793.69
clflush size	: 64
cache_alignment	: 64
address sizes	: 36 bits physical, 48 bits virtual
power management:

processor	: 2
vendor_id	: GenuineIntel
cpu family	: 6
model		: 42
model name	: Intel(R) Core(TM) i3-2367M CPU @ 1.40GHz
stepping	: 7
microcode	: 0x29
cpu MHz		: 814.625
cache size	: 3072 KB
physical id	: 0
siblings	: 4
core id		: 1
cpu cores	: 2
apicid		: 2
initial apicid	: 2
fpu		: yes
fpu_exception	: yes
cpuid level	: 13
wp		: yes
flags		: fpu vme de pse tsc msr pae mce cx8 apic sep mtrr pge mca cmov pat pse36 clflush dts acpi mmx fxsr sse sse2 ss ht tm pbe syscall nx rdtscp lm constant_tsc arch_perfmon pebs bts rep_good nopl xtopology nonstop_tsc aperfmperf eagerfpu pni pclmulqdq dtes64 monitor ds_cpl vmx est tm2 ssse3 cx16 xtpr pdcm pcid sse4_1 sse4_2 x2apic popcnt tsc_deadline_timer xsave avx lahf_lm arat epb pln pts dtherm tpr_shadow vnmi flexpriority ept vpid xsaveopt
bugs		:
bogomips	: 2793.69
clflush size	: 64
cache_alignment	: 64
address sizes	: 36 bits physical, 48 bits virtual
power management:

processor	: 3
vendor_id	: GenuineIntel
cpu family	: 6
model		: 42
model name	: Intel(R) Core(TM) i3-2367M CPU @ 1.40GHz
stepping	: 7
microcode	: 0x29
cpu MHz		: 812.328
cache size	: 3072 KB
physical id	: 0
siblings	: 4
core id		: 1
cpu cores	: 2
apicid		: 3
initial apicid	: 3
fpu		: yes
fpu_exception	: yes
cpuid level	: 13
wp		: yes
flags		: fpu vme de pse tsc msr pae mce cx8 apic sep mtrr pge mca cmov pat pse36 clflush dts acpi mmx fxsr sse sse2 ss ht tm pbe syscall nx rdtscp lm constant_tsc arch_perfmon pebs bts rep_good nopl xtopology nonstop_tsc aperfmperf eagerfpu pni pclmulqdq dtes64 monitor ds_cpl vmx est tm2 ssse3 cx16 xtpr pdcm pcid sse4_1 sse4_2 x2apic popcnt tsc_deadline_timer xsave avx lahf_lm arat epb pln pts dtherm tpr_shadow vnmi flexpriority ept vpid xsaveopt
bugs		:
bogomips	: 2793.69
clflush size	: 64
cache_alignment	: 64
address sizes	: 36 bits physical, 48 bits virtual
power management:



Memory: 4k page, physical 8013816k(4526856k free), swap 0k(0k free)

vm_info: Java HotSpot(TM) 64-Bit Server VM (25.74-b02) for linux-amd64 JRE (1.8.0_74-b02), built on Jan 29 2016 19:20:56 by "java_re" with gcc 4.3.0 20080428 (Red Hat 4.3.0-8)

time: Sat Apr  2 00:10:04 2016
elapsed time: 8 seconds (0d 0h 0m 8s)

