#
# A fatal error has been detected by the Java Runtime Environment:
#
#  SIGSEGV (0xb) at pc=0x00007fdd4495b37a, pid=5310, tid=140586977744640
#
# JRE version: Java(TM) SE Runtime Environment (8.0_74-b02) (build 1.8.0_74-b02)
# Java VM: Java HotSpot(TM) 64-Bit Server VM (25.74-b02 mixed mode linux-amd64 compressed oops)
# Problematic frame:
# C  [libc.so.6+0x8037a]  strlen+0x2a
#
# Core dump written. Default location: /home/webmaster/workspace/rfsus/java/rfsus/core or core.5310
#
# If you would like to submit a bug report, please visit:
#   http://bugreport.java.com/bugreport/crash.jsp
# The crash happened outside the Java Virtual Machine in native code.
# See problematic frame for where to report the bug.
#

---------------  T H R E A D  ---------------

Current thread (0x00007fdd3c30c000):  JavaThread "Thread-0" [_thread_in_native, id=5335, stack(0x00007fdcf4ce5000,0x00007fdcf4de6000)]

siginfo: si_signo: 11 (SIGSEGV), si_code: 1 (SEGV_MAPERR), si_addr: 0x0000000000000001

Registers:
RAX=0x0000000000000001, RBX=0x00007fdd40f7bb20, RCX=0x0000000000000001, RDX=0x0000000000000000
RSP=0x00007fdcf4de42c8, RBP=0x00007fdcf4de4310, RSI=0x0000000000000001, RDI=0x0000000000000001
R8 =0x0000000000000000, R9 =0x0000000000000006, R10=0x00007fdd2d015968, R11=0x00007fdd442b4d80
R12=0x0000000000000000, R13=0x00007fdd40f7bb20, R14=0x00007fdcf4de43a8, R15=0x00007fdd3c30c000
RIP=0x00007fdd4495b37a, EFLAGS=0x0000000000010293, CSGSFS=0x0000000000000033, ERR=0x0000000000000004
  TRAPNO=0x000000000000000e

Top of Stack: (sp=0x00007fdcf4de42c8)
0x00007fdcf4de42c8:   00007fdcf4bd596a 00007fdd3c30c000
0x00007fdcf4de42d8:   00007fdcf4fbe990 0000000000000001
0x00007fdcf4de42e8:   00007fdd3c30c1f8 0000000000000000
0x00007fdcf4de42f8:   0000000000000000 00007fdd40f7bb20
0x00007fdcf4de4308:   0000000000000000 00007fdcf4de4378
0x00007fdcf4de4318:   00007fdd2d015994 00007fdcf4de4378
0x00007fdcf4de4328:   00007fdd2d015727 00007fdd2d0156e2
0x00007fdcf4de4338:   00007fdcf4de4338 00007fdd40f7bb20
0x00007fdcf4de4348:   00007fdcf4de43a8 00007fdcf4f28540
0x00007fdcf4de4358:   0000000000000000 00007fdd40f7bb20
0x00007fdcf4de4368:   0000000000000000 00007fdcf4de4398
0x00007fdcf4de4378:   00007fdcf4de43f0 00007fdd2d0079d0
0x00007fdcf4de4388:   00000000d7b20078 00007fdd2d00f57b
0x00007fdcf4de4398:   0000000000000000 0000000000000001
0x00007fdcf4de43a8:   00000000d7c46090 00007fdcf4de43b0
0x00007fdcf4de43b8:   00007fdcf4f2f2bf 00007fdcf4de4418
0x00007fdcf4de43c8:   00007fdcf4f7a8a0 0000000000000000
0x00007fdcf4de43d8:   00007fdcf4f2f2f0 00007fdcf4de4398
0x00007fdcf4de43e8:   00007fdcf4de4400 00007fdcf4de4460
0x00007fdcf4de43f8:   00007fdd2d0079d0 0000000000000000
0x00007fdcf4de4408:   0000000000000000 0000000000000000
0x00007fdcf4de4418:   00000000d7c46090 00007fdcf4de4420
0x00007fdcf4de4428:   00007fdcf4f2f3d2 00007fdcf4de44a8
0x00007fdcf4de4438:   00007fdcf4f7a8a0 0000000000000000
0x00007fdcf4de4448:   00007fdcf4f2f438 00007fdcf4de4400
0x00007fdcf4de4458:   00007fdcf4de4498 00007fdcf4de44f0
0x00007fdcf4de4468:   00007fdd2d0079d0 0000000000000000
0x00007fdcf4de4478:   0000000000000000 0000000000000000
0x00007fdcf4de4488:   0000000000000000 0000000000000000
0x00007fdcf4de4498:   0000000000000000 0000000000000000
0x00007fdcf4de44a8:   00000000d7c46090 00007fdcf4de44b0
0x00007fdcf4de44b8:   00007fdcf4fb858b 00007fdcf4de4528 

Instructions: (pc=0x00007fdd4495b37a)
0x00007fdd4495b35a:   66 45 0f ef d2 66 45 0f ef db 48 89 f8 48 89 f9
0x00007fdd4495b36a:   48 81 e1 ff 0f 00 00 48 81 f9 cf 0f 00 00 77 66
0x00007fdd4495b37a:   f3 44 0f 6f 20 66 45 0f 74 e0 66 41 0f d7 d4 85
0x00007fdd4495b38a:   d2 74 04 0f bc c2 c3 48 83 e0 f0 66 44 0f 74 48 

Register to memory mapping:

RAX=0x0000000000000001 is an unknown value
RBX={method} {0x00007fdd40f7bb20} 'getString' '(JZ)Ljava/lang/String;' in 'com/sun/jna/Native'
RCX=0x0000000000000001 is an unknown value
RDX=0x0000000000000000 is an unknown value
RSP=0x00007fdcf4de42c8 is pointing into the stack for thread: 0x00007fdd3c30c000
RBP=0x00007fdcf4de4310 is pointing into the stack for thread: 0x00007fdd3c30c000
RSI=0x0000000000000001 is an unknown value
RDI=0x0000000000000001 is an unknown value
R8 =0x0000000000000000 is an unknown value
R9 =0x0000000000000006 is an unknown value
R10=0x00007fdd2d015968 is at code_begin+808 in an Interpreter codelet
method entry point (kind = native)  [0x00007fdd2d015640, 0x00007fdd2d015f40]  2304 bytes
R11=0x00007fdd442b4d80: <offset 0x9b9d80> in /usr/lib/jvm/java-8-oracle/jre/lib/amd64/server/libjvm.so at 0x00007fdd438fb000
R12=0x0000000000000000 is an unknown value
R13={method} {0x00007fdd40f7bb20} 'getString' '(JZ)Ljava/lang/String;' in 'com/sun/jna/Native'
R14=0x00007fdcf4de43a8 is pointing into the stack for thread: 0x00007fdd3c30c000
R15=0x00007fdd3c30c000 is a thread


Stack: [0x00007fdcf4ce5000,0x00007fdcf4de6000],  sp=0x00007fdcf4de42c8,  free space=1020k
Native frames: (J=compiled Java code, j=interpreted, Vv=VM code, C=native code)
C  [libc.so.6+0x8037a]  strlen+0x2a
j  com.sun.jna.Native.getString(JZ)Ljava/lang/String;+0
j  com.sun.jna.Pointer.getString(JZ)Ljava/lang/String;+7
j  com.sun.jna.Pointer.getString(J)Ljava/lang/String;+90
j  com.sun.jna.Function.invokeString(I[Ljava/lang/Object;Z)Ljava/lang/String;+35
j  com.sun.jna.Function.invoke([Ljava/lang/Object;Ljava/lang/Class;Z)Ljava/lang/Object;+544
j  com.sun.jna.Function.invoke(Ljava/lang/Class;[Ljava/lang/Object;Ljava/util/Map;)Ljava/lang/Object;+214
j  com.sun.jna.Library$Handler.invoke(Ljava/lang/Object;Ljava/lang/reflect/Method;[Ljava/lang/Object;)Ljava/lang/Object;+341
j  com.sun.proxy.$Proxy0.ler()Ljava/lang/String;+9
j  br.edu.ifba.rfsus.jna.rfid.LeitorRfid.run()V+24
j  java.lang.Thread.run()V+11
v  ~StubRoutines::call_stub
V  [libjvm.so+0x68c616]  JavaCalls::call_helper(JavaValue*, methodHandle*, JavaCallArguments*, Thread*)+0x1056
V  [libjvm.so+0x68cb21]  JavaCalls::call_virtual(JavaValue*, KlassHandle, Symbol*, Symbol*, JavaCallArguments*, Thread*)+0x321
V  [libjvm.so+0x68cfc7]  JavaCalls::call_virtual(JavaValue*, Handle, KlassHandle, Symbol*, Symbol*, Thread*)+0x47
V  [libjvm.so+0x723d80]  thread_entry(JavaThread*, Thread*)+0xa0
V  [libjvm.so+0xa69dcf]  JavaThread::thread_main_inner()+0xdf
V  [libjvm.so+0xa69efc]  JavaThread::run()+0x11c
V  [libjvm.so+0x91d9d8]  java_start(Thread*)+0x108
C  [libpthread.so.0+0x7284]  start_thread+0xc4

Java frames: (J=compiled Java code, j=interpreted, Vv=VM code)
j  com.sun.jna.Native.getString(JZ)Ljava/lang/String;+0
j  com.sun.jna.Pointer.getString(JZ)Ljava/lang/String;+7
j  com.sun.jna.Pointer.getString(J)Ljava/lang/String;+90
j  com.sun.jna.Function.invokeString(I[Ljava/lang/Object;Z)Ljava/lang/String;+35
j  com.sun.jna.Function.invoke([Ljava/lang/Object;Ljava/lang/Class;Z)Ljava/lang/Object;+544
j  com.sun.jna.Function.invoke(Ljava/lang/Class;[Ljava/lang/Object;Ljava/util/Map;)Ljava/lang/Object;+214
j  com.sun.jna.Library$Handler.invoke(Ljava/lang/Object;Ljava/lang/reflect/Method;[Ljava/lang/Object;)Ljava/lang/Object;+341
j  com.sun.proxy.$Proxy0.ler()Ljava/lang/String;+9
j  br.edu.ifba.rfsus.jna.rfid.LeitorRfid.run()V+24
j  java.lang.Thread.run()V+11
v  ~StubRoutines::call_stub

---------------  P R O C E S S  ---------------

Java Threads: ( => current thread )
  0x00007fdd3c00a000 JavaThread "DestroyJavaVM" [_thread_blocked, id=5315, stack(0x00007fdd453b4000,0x00007fdd454b5000)]
=>0x00007fdd3c30c000 JavaThread "Thread-0" [_thread_in_native, id=5335, stack(0x00007fdcf4ce5000,0x00007fdcf4de6000)]
  0x00007fdcdc0ad000 JavaThread "TimerQueue" daemon [_thread_blocked, id=5333, stack(0x00007fdcf4de6000,0x00007fdcf4ee7000)]
  0x00007fdd3c289000 JavaThread "AWT-EventQueue-0" [_thread_blocked, id=5332, stack(0x00007fdcf5c90000,0x00007fdcf5d91000)]
  0x00007fdd3c287800 JavaThread "AWT-Shutdown" [_thread_blocked, id=5331, stack(0x00007fdcf5d91000,0x00007fdcf5e92000)]
  0x00007fdd3c238000 JavaThread "AWT-XAWT" daemon [_thread_in_native, id=5330, stack(0x00007fdcf5e92000,0x00007fdcf5f93000)]
  0x00007fdd3c218000 JavaThread "Java2D Disposer" daemon [_thread_blocked, id=5329, stack(0x00007fdcf63a4000,0x00007fdcf64a5000)]
  0x00007fdd3c0c0000 JavaThread "Service Thread" daemon [_thread_blocked, id=5327, stack(0x00007fdd241cf000,0x00007fdd242d0000)]
  0x00007fdd3c0bd000 JavaThread "C1 CompilerThread2" daemon [_thread_blocked, id=5326, stack(0x00007fdd2c068000,0x00007fdd2c169000)]
  0x00007fdd3c0bb000 JavaThread "C2 CompilerThread1" daemon [_thread_blocked, id=5325, stack(0x00007fdd2c169000,0x00007fdd2c26a000)]
  0x00007fdd3c0b8000 JavaThread "C2 CompilerThread0" daemon [_thread_blocked, id=5324, stack(0x00007fdd2c26a000,0x00007fdd2c36b000)]
  0x00007fdd3c0b7000 JavaThread "Signal Dispatcher" daemon [_thread_blocked, id=5323, stack(0x00007fdd2c36b000,0x00007fdd2c46c000)]
  0x00007fdd3c084000 JavaThread "Finalizer" daemon [_thread_blocked, id=5322, stack(0x00007fdd2c5f6000,0x00007fdd2c6f7000)]
  0x00007fdd3c07f800 JavaThread "Reference Handler" daemon [_thread_blocked, id=5321, stack(0x00007fdd2c6f7000,0x00007fdd2c7f8000)]

Other Threads:
  0x00007fdd3c077800 VMThread [stack: 0x00007fdd2c7f8000,0x00007fdd2c8f9000] [id=5320]
  0x00007fdd3c0c3800 WatcherThread [stack: 0x00007fdd240ce000,0x00007fdd241cf000] [id=5328]

VM state:not at safepoint (normal execution)

VM Mutex/Monitor currently owned by a thread: None

Heap:
 PSYoungGen      total 36864K, used 9524K [0x00000000d7380000, 0x00000000d9c80000, 0x0000000100000000)
  eden space 31744K, 30% used [0x00000000d7380000,0x00000000d7ccd090,0x00000000d9280000)
  from space 5120K, 0% used [0x00000000d9780000,0x00000000d9780000,0x00000000d9c80000)
  to   space 5120K, 0% used [0x00000000d9280000,0x00000000d9280000,0x00000000d9780000)
 ParOldGen       total 84992K, used 0K [0x0000000085a00000, 0x000000008ad00000, 0x00000000d7380000)
  object space 84992K, 0% used [0x0000000085a00000,0x0000000085a00000,0x000000008ad00000)
 Metaspace       used 12418K, capacity 12632K, committed 12928K, reserved 1060864K
  class space    used 1513K, capacity 1606K, committed 1664K, reserved 1048576K

Card table byte_map: [0x00007fdd41dcc000,0x00007fdd421a0000] byte_map_base: 0x00007fdd4199f000

Marking Bits: (ParMarkBitMap*) 0x00007fdd448b0260
 Begin Bits: [0x00007fdd242d0000, 0x00007fdd26168000)
 End Bits:   [0x00007fdd26168000, 0x00007fdd28000000)

Polling page: 0x00007fdd454d4000

CodeCache: size=245760Kb used=2270Kb max_used=2274Kb free=243489Kb
 bounds [0x00007fdd2d000000, 0x00007fdd2d270000, 0x00007fdd3c000000]
 total_blobs=1151 nmethods=607 adapters=458
 compilation: enabled

Compilation events (10 events):
Event: 7,266 Thread 0x00007fdd3c0bd000  603       3       java.awt.geom.Path2D$Iterator::isDone (20 bytes)
Event: 7,267 Thread 0x00007fdd3c0bd000 nmethod 603 0x00007fdd2d238610 code [0x00007fdd2d238780, 0x00007fdd2d238950]
Event: 7,267 Thread 0x00007fdd3c0bd000  604       1       sun.java2d.xr.MaskTile::getRects (5 bytes)
Event: 7,267 Thread 0x00007fdd3c0bd000 nmethod 604 0x00007fdd2d233bd0 code [0x00007fdd2d233d20, 0x00007fdd2d233e30]
Event: 7,267 Thread 0x00007fdd3c0bd000  605       1       sun.java2d.xr.XRSurfaceData::getPicture (5 bytes)
Event: 7,267 Thread 0x00007fdd3c0bd000 nmethod 605 0x00007fdd2d238350 code [0x00007fdd2d2384a0, 0x00007fdd2d2385b0]
Event: 7,766 Thread 0x00007fdd3c0bd000  606       3       sun.java2d.xr.GrowableIntArray::getSize (10 bytes)
Event: 7,766 Thread 0x00007fdd3c0bd000 nmethod 606 0x00007fdd2d237fd0 code [0x00007fdd2d238140, 0x00007fdd2d2382b0]
Event: 8,090 Thread 0x00007fdd3c0bd000  607       1       java.security.CodeSource::getLocation (5 bytes)
Event: 8,091 Thread 0x00007fdd3c0bd000 nmethod 607 0x00007fdd2d237d10 code [0x00007fdd2d237e60, 0x00007fdd2d237f70]

GC Heap History (0 events):
No events

Deoptimization events (4 events):
Event: 0,931 Thread 0x00007fdd3c00a000 Uncommon trap: reason=class_check action=maybe_recompile pc=0x00007fdd2d15e9f0 method=java.lang.String.equals(Ljava/lang/Object;)Z @ 8
Event: 0,931 Thread 0x00007fdd3c00a000 Uncommon trap: reason=class_check action=maybe_recompile pc=0x00007fdd2d15e9f0 method=java.lang.String.equals(Ljava/lang/Object;)Z @ 8
Event: 0,931 Thread 0x00007fdd3c00a000 Uncommon trap: reason=class_check action=maybe_recompile pc=0x00007fdd2d15e9f0 method=java.lang.String.equals(Ljava/lang/Object;)Z @ 8
Event: 0,931 Thread 0x00007fdd3c00a000 Uncommon trap: reason=class_check action=maybe_recompile pc=0x00007fdd2d15e9f0 method=java.lang.String.equals(Ljava/lang/Object;)Z @ 8

Internal exceptions (10 events):
Event: 0,134 Thread 0x00007fdd3c00a000 Exception <a 'java/lang/NoSuchMethodError': Method sun.misc.Unsafe.prefetchRead(Ljava/lang/Object;J)V name or signature does not match> (0x00000000d7387fa8) thrown at [/HUDSON3/workspace/8-2-build-linux-amd64/jdk8u74/6087/hotspot/src/share/vm/prims/jni.cp
Event: 0,305 Thread 0x00007fdd3c00a000 Exception <a 'java/security/PrivilegedActionException'> (0x00000000d741c768) thrown at [/HUDSON3/workspace/8-2-build-linux-amd64/jdk8u74/6087/hotspot/src/share/vm/prims/jvm.cpp, line 1386]
Event: 0,306 Thread 0x00007fdd3c00a000 Exception <a 'java/security/PrivilegedActionException'> (0x00000000d741c978) thrown at [/HUDSON3/workspace/8-2-build-linux-amd64/jdk8u74/6087/hotspot/src/share/vm/prims/jvm.cpp, line 1386]
Event: 0,306 Thread 0x00007fdd3c00a000 Exception <a 'java/security/PrivilegedActionException'> (0x00000000d74bd968) thrown at [/HUDSON3/workspace/8-2-build-linux-amd64/jdk8u74/6087/hotspot/src/share/vm/prims/jvm.cpp, line 1386]
Event: 0,307 Thread 0x00007fdd3c00a000 Exception <a 'java/security/PrivilegedActionException'> (0x00000000d74bdb78) thrown at [/HUDSON3/workspace/8-2-build-linux-amd64/jdk8u74/6087/hotspot/src/share/vm/prims/jvm.cpp, line 1386]
Event: 0,415 Thread 0x00007fdd3c00a000 Exception <a 'java/lang/NoSuchFieldError': method resolution failed> (0x00000000d758d598) thrown at [/HUDSON3/workspace/8-2-build-linux-amd64/jdk8u74/6087/hotspot/src/share/vm/prims/methodHandles.cpp, line 1146]
Event: 0,420 Thread 0x00007fdd3c00a000 Exception <a 'java/lang/NoSuchFieldError': method resolution failed> (0x00000000d759ace8) thrown at [/HUDSON3/workspace/8-2-build-linux-amd64/jdk8u74/6087/hotspot/src/share/vm/prims/methodHandles.cpp, line 1146]
Event: 0,477 Thread 0x00007fdd3c00a000 Exception <a 'java/io/FileNotFoundException'> (0x00000000d76180c0) thrown at [/HUDSON3/workspace/8-2-build-linux-amd64/jdk8u74/6087/hotspot/src/share/vm/prims/jni.cpp, line 709]
Event: 0,477 Thread 0x00007fdd3c00a000 Exception <a 'java/io/FileNotFoundException'> (0x00000000d7618be0) thrown at [/HUDSON3/workspace/8-2-build-linux-amd64/jdk8u74/6087/hotspot/src/share/vm/prims/jni.cpp, line 709]
Event: 1,252 Thread 0x00007fdd3c289000 Exception <a 'java/lang/UnsupportedOperationException': > (0x00000000d78992c0) thrown at [/HUDSON3/workspace/8-2-build-linux-amd64/jdk8u74/6087/hotspot/src/share/vm/prims/jni.cpp, line 735]

Events (10 events):
Event: 6,085 loading class java/lang/reflect/TypeVariable
Event: 6,085 loading class java/lang/reflect/TypeVariable done
Event: 6,086 loading class java/lang/reflect/AnnotatedType
Event: 6,086 loading class java/lang/reflect/AnnotatedType done
Event: 6,086 loading class com/sun/jna/NativeString
Event: 6,086 loading class com/sun/jna/NativeString done
Event: 6,088 loading class com/sun/jna/Memory$SharedMemory
Event: 6,088 loading class com/sun/jna/Memory$SharedMemory done
Event: 8,089 loading class com/sun/jna/Function$PostCallRead
Event: 8,089 loading class com/sun/jna/Function$PostCallRead done


Dynamic libraries:
00400000-00401000 r-xp 00000000 08:01 22417871                           /usr/lib/jvm/java-8-oracle/bin/java
00600000-00601000 rw-p 00000000 08:01 22417871                           /usr/lib/jvm/java-8-oracle/bin/java
023f4000-02415000 rw-p 00000000 00:00 0                                  [heap]
85a00000-8ad00000 rw-p 00000000 00:00 0 
8ad00000-d7380000 ---p 00000000 00:00 0 
d7380000-d9c80000 rw-p 00000000 00:00 0 
d9c80000-100000000 ---p 00000000 00:00 0 
100000000-1001a0000 rw-p 00000000 00:00 0 
1001a0000-140000000 ---p 00000000 00:00 0 
7fdcd4000000-7fdcd4312000 rw-p 00000000 00:00 0 
7fdcd4312000-7fdcd8000000 ---p 00000000 00:00 0 
7fdcdbc85000-7fdcdbdf0000 r-xp 00000000 08:01 21496825                   /usr/lib/x86_64-linux-gnu/libstdc++.so.6.0.21
7fdcdbdf0000-7fdcdbff0000 ---p 0016b000 08:01 21496825                   /usr/lib/x86_64-linux-gnu/libstdc++.so.6.0.21
7fdcdbff0000-7fdcdbffa000 r--p 0016b000 08:01 21496825                   /usr/lib/x86_64-linux-gnu/libstdc++.so.6.0.21
7fdcdbffa000-7fdcdbffc000 rw-p 00175000 08:01 21496825                   /usr/lib/x86_64-linux-gnu/libstdc++.so.6.0.21
7fdcdbffc000-7fdcdc000000 rw-p 00000000 00:00 0 
7fdcdc000000-7fdcdc189000 rw-p 00000000 00:00 0 
7fdcdc189000-7fdce0000000 ---p 00000000 00:00 0 
7fdce0000000-7fdce0021000 rw-p 00000000 00:00 0 
7fdce0021000-7fdce4000000 ---p 00000000 00:00 0 
7fdce4000000-7fdce4021000 rw-p 00000000 00:00 0 
7fdce4021000-7fdce8000000 ---p 00000000 00:00 0 
7fdce8000000-7fdce8021000 rw-p 00000000 00:00 0 
7fdce8021000-7fdcec000000 ---p 00000000 00:00 0 
7fdcec000000-7fdcec021000 rw-p 00000000 00:00 0 
7fdcec021000-7fdcf0000000 ---p 00000000 00:00 0 
7fdcf0000000-7fdcf0021000 rw-p 00000000 00:00 0 
7fdcf0021000-7fdcf4000000 ---p 00000000 00:00 0 
7fdcf400f000-7fdcf407d000 r-xp 00000000 08:01 23069454                   /lib/x86_64-linux-gnu/libpcre.so.3.13.2
7fdcf407d000-7fdcf427d000 ---p 0006e000 08:01 23069454                   /lib/x86_64-linux-gnu/libpcre.so.3.13.2
7fdcf427d000-7fdcf427e000 r--p 0006e000 08:01 23069454                   /lib/x86_64-linux-gnu/libpcre.so.3.13.2
7fdcf427e000-7fdcf427f000 rw-p 0006f000 08:01 23069454                   /lib/x86_64-linux-gnu/libpcre.so.3.13.2
7fdcf44a4000-7fdcf45b0000 r-xp 00000000 08:01 23072132                   /lib/x86_64-linux-gnu/libglib-2.0.so.0.4600.2
7fdcf45b0000-7fdcf47b0000 ---p 0010c000 08:01 23072132                   /lib/x86_64-linux-gnu/libglib-2.0.so.0.4600.2
7fdcf47b0000-7fdcf47b1000 r--p 0010c000 08:01 23072132                   /lib/x86_64-linux-gnu/libglib-2.0.so.0.4600.2
7fdcf47b1000-7fdcf47b2000 rw-p 0010d000 08:01 23072132                   /lib/x86_64-linux-gnu/libglib-2.0.so.0.4600.2
7fdcf47b2000-7fdcf47b3000 rw-p 00000000 00:00 0 
7fdcf49cd000-7fdcf49ce000 r-xp 00000000 08:01 18874450                   /home/webmaster/workspace/rfsus/java/rfsus/comunicacaoRecepcao.so
7fdcf49ce000-7fdcf4bce000 ---p 00001000 08:01 18874450                   /home/webmaster/workspace/rfsus/java/rfsus/comunicacaoRecepcao.so
7fdcf4bce000-7fdcf4bcf000 rw-p 00001000 08:01 18874450                   /home/webmaster/workspace/rfsus/java/rfsus/comunicacaoRecepcao.so
7fdcf4bcf000-7fdcf4be4000 r-xp 00000000 08:01 24117789                   /tmp/jna5093060242754700293.tmp
7fdcf4be4000-7fdcf4ce3000 ---p 00015000 08:01 24117789                   /tmp/jna5093060242754700293.tmp
7fdcf4ce3000-7fdcf4ce5000 rw-p 00014000 08:01 24117789                   /tmp/jna5093060242754700293.tmp
7fdcf4ce5000-7fdcf4ce8000 ---p 00000000 00:00 0 
7fdcf4ce8000-7fdcf4de6000 rw-p 00000000 00:00 0                          [stack:5335]
7fdcf4de6000-7fdcf4de9000 ---p 00000000 00:00 0 
7fdcf4de9000-7fdcf4fe7000 rw-p 00000000 00:00 0                          [stack:5333]
7fdcf4fe7000-7fdcf50e7000 ---p 00000000 00:00 0 
7fdcf50e7000-7fdcf5150000 r-xp 00000000 08:01 23331023                   /usr/lib/jvm/java-8-oracle/jre/lib/amd64/libt2k.so
7fdcf5150000-7fdcf5350000 ---p 00069000 08:01 23331023                   /usr/lib/jvm/java-8-oracle/jre/lib/amd64/libt2k.so
7fdcf5350000-7fdcf5357000 rw-p 00069000 08:01 23331023                   /usr/lib/jvm/java-8-oracle/jre/lib/amd64/libt2k.so
7fdcf5357000-7fdcf5367000 rw-p 00000000 00:00 0 
7fdcf5367000-7fdcf5378000 r-xp 00000000 08:01 23330992                   /usr/lib/jvm/java-8-oracle/jre/lib/amd64/libnio.so
7fdcf5378000-7fdcf5577000 ---p 00011000 08:01 23330992                   /usr/lib/jvm/java-8-oracle/jre/lib/amd64/libnio.so
7fdcf5577000-7fdcf5578000 rw-p 00010000 08:01 23330992                   /usr/lib/jvm/java-8-oracle/jre/lib/amd64/libnio.so
7fdcf5578000-7fdcf5879000 rw-p 00000000 00:00 0 
7fdcf5879000-7fdcf588f000 r-xp 00000000 08:01 23330848                   /usr/lib/jvm/java-8-oracle/jre/lib/amd64/libnet.so
7fdcf588f000-7fdcf5a8f000 ---p 00016000 08:01 23330848                   /usr/lib/jvm/java-8-oracle/jre/lib/amd64/libnet.so
7fdcf5a8f000-7fdcf5a90000 rw-p 00016000 08:01 23330848                   /usr/lib/jvm/java-8-oracle/jre/lib/amd64/libnet.so
7fdcf5a90000-7fdcf5c90000 rw-p 00000000 00:00 0 
7fdcf5c90000-7fdcf5c93000 ---p 00000000 00:00 0 
7fdcf5c93000-7fdcf5d91000 rw-p 00000000 00:00 0                          [stack:5332]
7fdcf5d91000-7fdcf5d94000 ---p 00000000 00:00 0 
7fdcf5d94000-7fdcf5e92000 rw-p 00000000 00:00 0                          [stack:5331]
7fdcf5e92000-7fdcf5e95000 ---p 00000000 00:00 0 
7fdcf5e95000-7fdcf5f93000 rw-p 00000000 00:00 0                          [stack:5330]
7fdcf5f93000-7fdcf5f98000 r-xp 00000000 08:01 21504500                   /usr/lib/x86_64-linux-gnu/libXfixes.so.3.1.0
7fdcf5f98000-7fdcf6197000 ---p 00005000 08:01 21504500                   /usr/lib/x86_64-linux-gnu/libXfixes.so.3.1.0
7fdcf6197000-7fdcf6198000 r--p 00004000 08:01 21504500                   /usr/lib/x86_64-linux-gnu/libXfixes.so.3.1.0
7fdcf6198000-7fdcf6199000 rw-p 00005000 08:01 21504500                   /usr/lib/x86_64-linux-gnu/libXfixes.so.3.1.0
7fdcf6199000-7fdcf61a3000 r-xp 00000000 08:01 21504492                   /usr/lib/x86_64-linux-gnu/libXcursor.so.1.0.2
7fdcf61a3000-7fdcf63a2000 ---p 0000a000 08:01 21504492                   /usr/lib/x86_64-linux-gnu/libXcursor.so.1.0.2
7fdcf63a2000-7fdcf63a3000 r--p 00009000 08:01 21504492                   /usr/lib/x86_64-linux-gnu/libXcursor.so.1.0.2
7fdcf63a3000-7fdcf63a4000 rw-p 0000a000 08:01 21504492                   /usr/lib/x86_64-linux-gnu/libXcursor.so.1.0.2
7fdcf63a4000-7fdcf63a7000 ---p 00000000 00:00 0 
7fdcf63a7000-7fdcf64a5000 rw-p 00000000 00:00 0                          [stack:5329]
7fdcf64a5000-7fdcf64bb000 r-xp 00000000 08:01 23069139                   /lib/x86_64-linux-gnu/libgcc_s.so.1
7fdcf64bb000-7fdcf66ba000 ---p 00016000 08:01 23069139                   /lib/x86_64-linux-gnu/libgcc_s.so.1
7fdcf66ba000-7fdcf66bb000 rw-p 00015000 08:01 23069139                   /lib/x86_64-linux-gnu/libgcc_s.so.1
7fdcf66bb000-7fdcf6720000 r-xp 00000000 08:01 23330986                   /usr/lib/jvm/java-8-oracle/jre/lib/amd64/libfontmanager.so
7fdcf6720000-7fdcf691f000 ---p 00065000 08:01 23330986                   /usr/lib/jvm/java-8-oracle/jre/lib/amd64/libfontmanager.so
7fdcf691f000-7fdcf6924000 rw-p 00064000 08:01 23330986                   /usr/lib/jvm/java-8-oracle/jre/lib/amd64/libfontmanager.so
7fdcf6924000-7fdcf6934000 rw-p 00000000 00:00 0 
7fdcf6934000-7fdcf6939000 r-xp 00000000 08:01 21498797                   /usr/lib/x86_64-linux-gnu/libXdmcp.so.6.0.0
7fdcf6939000-7fdcf6b38000 ---p 00005000 08:01 21498797                   /usr/lib/x86_64-linux-gnu/libXdmcp.so.6.0.0
7fdcf6b38000-7fdcf6b39000 r--p 00004000 08:01 21498797                   /usr/lib/x86_64-linux-gnu/libXdmcp.so.6.0.0
7fdcf6b39000-7fdcf6b3a000 rw-p 00005000 08:01 21498797                   /usr/lib/x86_64-linux-gnu/libXdmcp.so.6.0.0
7fdcf6b3a000-7fdcf6b3d000 r-xp 00000000 08:01 21504485                   /usr/lib/x86_64-linux-gnu/libXau.so.6.0.0
7fdcf6b3d000-7fdcf6d3c000 ---p 00003000 08:01 21504485                   /usr/lib/x86_64-linux-gnu/libXau.so.6.0.0
7fdcf6d3c000-7fdcf6d3d000 r--p 00002000 08:01 21504485                   /usr/lib/x86_64-linux-gnu/libXau.so.6.0.0
7fdcf6d3d000-7fdcf6d3e000 rw-p 00003000 08:01 21504485                   /usr/lib/x86_64-linux-gnu/libXau.so.6.0.0
7fdcf6d3e000-7fdcf6d5f000 r-xp 00000000 08:01 21505663                   /usr/lib/x86_64-linux-gnu/libxcb.so.1.1.0
7fdcf6d5f000-7fdcf6f5e000 ---p 00021000 08:01 21505663                   /usr/lib/x86_64-linux-gnu/libxcb.so.1.1.0
7fdcf6f5e000-7fdcf6f5f000 r--p 00020000 08:01 21505663                   /usr/lib/x86_64-linux-gnu/libxcb.so.1.1.0
7fdcf6f5f000-7fdcf6f60000 rw-p 00021000 08:01 21505663                   /usr/lib/x86_64-linux-gnu/libxcb.so.1.1.0
7fdcf6f60000-7fdcf6f6f000 r-xp 00000000 08:01 21497227                   /usr/lib/x86_64-linux-gnu/libXi.so.6.1.0
7fdcf6f6f000-7fdcf716e000 ---p 0000f000 08:01 21497227                   /usr/lib/x86_64-linux-gnu/libXi.so.6.1.0
7fdcf716e000-7fdcf716f000 r--p 0000e000 08:01 21497227                   /usr/lib/x86_64-linux-gnu/libXi.so.6.1.0
7fdcf716f000-7fdcf7170000 rw-p 0000f000 08:01 21497227                   /usr/lib/x86_64-linux-gnu/libXi.so.6.1.0
7fdcf7170000-7fdcf7175000 r-xp 00000000 08:01 21504524                   /usr/lib/x86_64-linux-gnu/libXtst.so.6.1.0
7fdcf7175000-7fdcf7374000 ---p 00005000 08:01 21504524                   /usr/lib/x86_64-linux-gnu/libXtst.so.6.1.0
7fdcf7374000-7fdcf7375000 r--p 00004000 08:01 21504524                   /usr/lib/x86_64-linux-gnu/libXtst.so.6.1.0
7fdcf7375000-7fdcf7376000 rw-p 00005000 08:01 21504524                   /usr/lib/x86_64-linux-gnu/libXtst.so.6.1.0
7fdcf7376000-7fdcf737f000 r-xp 00000000 08:01 21504518                   /usr/lib/x86_64-linux-gnu/libXrender.so.1.3.0
7fdcf737f000-7fdcf757e000 ---p 00009000 08:01 21504518                   /usr/lib/x86_64-linux-gnu/libXrender.so.1.3.0
7fdcf757e000-7fdcf757f000 r--p 00008000 08:01 21504518                   /usr/lib/x86_64-linux-gnu/libXrender.so.1.3.0
7fdcf757f000-7fdcf7580000 rw-p 00009000 08:01 21504518                   /usr/lib/x86_64-linux-gnu/libXrender.so.1.3.0
7fdcf7580000-7fdcf76bc000 r-xp 00000000 08:01 21504481                   /usr/lib/x86_64-linux-gnu/libX11.so.6.3.0
7fdcf76bc000-7fdcf78bb000 ---p 0013c000 08:01 21504481                   /usr/lib/x86_64-linux-gnu/libX11.so.6.3.0
7fdcf78bb000-7fdcf78bd000 r--p 0013b000 08:01 21504481                   /usr/lib/x86_64-linux-gnu/libX11.so.6.3.0
7fdcf78bd000-7fdcf78c2000 rw-p 0013d000 08:01 21504481                   /usr/lib/x86_64-linux-gnu/libX11.so.6.3.0
7fdcf78c2000-7fdcf78c3000 rw-p 00000000 00:00 0 
7fdcf78c3000-7fdcf78d4000 r-xp 00000000 08:01 21504498                   /usr/lib/x86_64-linux-gnu/libXext.so.6.4.0
7fdcf78d4000-7fdcf7ad3000 ---p 00011000 08:01 21504498                   /usr/lib/x86_64-linux-gnu/libXext.so.6.4.0
7fdcf7ad3000-7fdcf7ad4000 r--p 00010000 08:01 21504498                   /usr/lib/x86_64-linux-gnu/libXext.so.6.4.0
7fdcf7ad4000-7fdcf7ad5000 rw-p 00011000 08:01 21504498                   /usr/lib/x86_64-linux-gnu/libXext.so.6.4.0
7fdcf7ad5000-7fdcf7b29000 r-xp 00000000 08:01 23330994                   /usr/lib/jvm/java-8-oracle/jre/lib/amd64/libawt_xawt.so
7fdcf7b29000-7fdcf7d29000 ---p 00054000 08:01 23330994                   /usr/lib/jvm/java-8-oracle/jre/lib/amd64/libawt_xawt.so
7fdcf7d29000-7fdcf7d2d000 rw-p 00054000 08:01 23330994                   /usr/lib/jvm/java-8-oracle/jre/lib/amd64/libawt_xawt.so
7fdcf7d2d000-7fdcf7d2e000 rw-p 00000000 00:00 0 
7fdcf7d2e000-7fdcf7dd0000 r-xp 00000000 08:01 23331026                   /usr/lib/jvm/java-8-oracle/jre/lib/amd64/libawt.so
7fdcf7dd0000-7fdcf7fd0000 ---p 000a2000 08:01 23331026                   /usr/lib/jvm/java-8-oracle/jre/lib/amd64/libawt.so
7fdcf7fd0000-7fdcf7fdc000 rw-p 000a2000 08:01 23331026                   /usr/lib/jvm/java-8-oracle/jre/lib/amd64/libawt.so
7fdcf7fdc000-7fdcf8000000 rw-p 00000000 00:00 0 
7fdcf8000000-7fdcf815e000 rw-p 00000000 00:00 0 
7fdcf815e000-7fdcfc000000 ---p 00000000 00:00 0 
7fdcfc000000-7fdcfc021000 rw-p 00000000 00:00 0 
7fdcfc021000-7fdd00000000 ---p 00000000 00:00 0 
7fdd00000000-7fdd00114000 rw-p 00000000 00:00 0 
7fdd00114000-7fdd04000000 ---p 00000000 00:00 0 
7fdd04000000-7fdd040dc000 rw-p 00000000 00:00 0 
7fdd040dc000-7fdd08000000 ---p 00000000 00:00 0 
7fdd08000000-7fdd08021000 rw-p 00000000 00:00 0 
7fdd08021000-7fdd0c000000 ---p 00000000 00:00 0 
7fdd0c000000-7fdd0c021000 rw-p 00000000 00:00 0 
7fdd0c021000-7fdd10000000 ---p 00000000 00:00 0 
7fdd10000000-7fdd10021000 rw-p 00000000 00:00 0 
7fdd10021000-7fdd14000000 ---p 00000000 00:00 0 
7fdd14000000-7fdd14021000 rw-p 00000000 00:00 0 
7fdd14021000-7fdd18000000 ---p 00000000 00:00 0 
7fdd18000000-7fdd18021000 rw-p 00000000 00:00 0 
7fdd18021000-7fdd1c000000 ---p 00000000 00:00 0 
7fdd1c000000-7fdd1c021000 rw-p 00000000 00:00 0 
7fdd1c021000-7fdd20000000 ---p 00000000 00:00 0 
7fdd20000000-7fdd20021000 rw-p 00000000 00:00 0 
7fdd20021000-7fdd24000000 ---p 00000000 00:00 0 
7fdd240ce000-7fdd240cf000 ---p 00000000 00:00 0 
7fdd240cf000-7fdd241cf000 rw-p 00000000 00:00 0                          [stack:5328]
7fdd241cf000-7fdd241d2000 ---p 00000000 00:00 0 
7fdd241d2000-7fdd28000000 rw-p 00000000 00:00 0                          [stack:5327]
7fdd28000000-7fdd28021000 rw-p 00000000 00:00 0 
7fdd28021000-7fdd2c000000 ---p 00000000 00:00 0 
7fdd2c068000-7fdd2c06b000 ---p 00000000 00:00 0 
7fdd2c06b000-7fdd2c169000 rw-p 00000000 00:00 0                          [stack:5326]
7fdd2c169000-7fdd2c16c000 ---p 00000000 00:00 0 
7fdd2c16c000-7fdd2c26a000 rw-p 00000000 00:00 0                          [stack:5325]
7fdd2c26a000-7fdd2c26d000 ---p 00000000 00:00 0 
7fdd2c26d000-7fdd2c36b000 rw-p 00000000 00:00 0                          [stack:5324]
7fdd2c36b000-7fdd2c36e000 ---p 00000000 00:00 0 
7fdd2c36e000-7fdd2c46c000 rw-p 00000000 00:00 0                          [stack:5323]
7fdd2c46c000-7fdd2c5f6000 r--p 00000000 08:01 21497283                   /usr/lib/locale/locale-archive
7fdd2c5f6000-7fdd2c5f9000 ---p 00000000 00:00 0 
7fdd2c5f9000-7fdd2c6f7000 rw-p 00000000 00:00 0                          [stack:5322]
7fdd2c6f7000-7fdd2c6fa000 ---p 00000000 00:00 0 
7fdd2c6fa000-7fdd2c7f8000 rw-p 00000000 00:00 0                          [stack:5321]
7fdd2c7f8000-7fdd2c7f9000 ---p 00000000 00:00 0 
7fdd2c7f9000-7fdd2d000000 rw-p 00000000 00:00 0                          [stack:5320]
7fdd2d000000-7fdd2d270000 rwxp 00000000 00:00 0 
7fdd2d270000-7fdd3c000000 ---p 00000000 00:00 0 
7fdd3c000000-7fdd3c4e9000 rw-p 00000000 00:00 0 
7fdd3c4e9000-7fdd40000000 ---p 00000000 00:00 0 
7fdd40019000-7fdd4001d000 r--s 00097000 08:01 22675810                   /usr/lib/jvm/java-8-oracle/jre/lib/jsse.jar
7fdd4001d000-7fdd40024000 r--s 00000000 08:01 21764088                   /usr/lib/x86_64-linux-gnu/gconv/gconv-modules.cache
7fdd40024000-7fdd4003f000 r--s 00150000 08:01 18875718                   /home/webmaster/workspace/rfsus/java/rfsus/lib/mongo-java-driver-3.2.1.jar
7fdd4003f000-7fdd4091a000 rw-p 00000000 00:00 0 
7fdd4091a000-7fdd40af2000 r--s 03d1d000 08:01 22675815                   /usr/lib/jvm/java-8-oracle/jre/lib/rt.jar
7fdd40af2000-7fdd4173b000 rw-p 00000000 00:00 0 
7fdd4173b000-7fdd4173c000 ---p 00000000 00:00 0 
7fdd4173c000-7fdd4183c000 rw-p 00000000 00:00 0                          [stack:5319]
7fdd4183c000-7fdd4183d000 ---p 00000000 00:00 0 
7fdd4183d000-7fdd4193d000 rw-p 00000000 00:00 0                          [stack:5318]
7fdd4193d000-7fdd4193e000 ---p 00000000 00:00 0 
7fdd4193e000-7fdd41a3e000 rw-p 00000000 00:00 0                          [stack:5317]
7fdd41a3e000-7fdd41a3f000 ---p 00000000 00:00 0 
7fdd41a3f000-7fdd41b69000 rw-p 00000000 00:00 0                          [stack:5316]
7fdd41b69000-7fdd41dcc000 ---p 00000000 00:00 0 
7fdd41dcc000-7fdd41df6000 rw-p 00000000 00:00 0 
7fdd41df6000-7fdd42058000 ---p 00000000 00:00 0 
7fdd42058000-7fdd4206e000 rw-p 00000000 00:00 0 
7fdd4206e000-7fdd4219f000 ---p 00000000 00:00 0 
7fdd4219f000-7fdd421aa000 rw-p 00000000 00:00 0 
7fdd421aa000-7fdd42560000 ---p 00000000 00:00 0 
7fdd42560000-7fdd4257a000 r-xp 00000000 08:01 23330990                   /usr/lib/jvm/java-8-oracle/jre/lib/amd64/libzip.so
7fdd4257a000-7fdd4277a000 ---p 0001a000 08:01 23330990                   /usr/lib/jvm/java-8-oracle/jre/lib/amd64/libzip.so
7fdd4277a000-7fdd4277b000 rw-p 0001a000 08:01 23330990                   /usr/lib/jvm/java-8-oracle/jre/lib/amd64/libzip.so
7fdd4277b000-7fdd42786000 r-xp 00000000 08:01 23072871                   /lib/x86_64-linux-gnu/libnss_files-2.21.so
7fdd42786000-7fdd42985000 ---p 0000b000 08:01 23072871                   /lib/x86_64-linux-gnu/libnss_files-2.21.so
7fdd42985000-7fdd42986000 r--p 0000a000 08:01 23072871                   /lib/x86_64-linux-gnu/libnss_files-2.21.so
7fdd42986000-7fdd42987000 rw-p 0000b000 08:01 23072871                   /lib/x86_64-linux-gnu/libnss_files-2.21.so
7fdd42987000-7fdd42991000 r-xp 00000000 08:01 23072873                   /lib/x86_64-linux-gnu/libnss_nis-2.21.so
7fdd42991000-7fdd42b91000 ---p 0000a000 08:01 23072873                   /lib/x86_64-linux-gnu/libnss_nis-2.21.so
7fdd42b91000-7fdd42b92000 r--p 0000a000 08:01 23072873                   /lib/x86_64-linux-gnu/libnss_nis-2.21.so
7fdd42b92000-7fdd42b93000 rw-p 0000b000 08:01 23072873                   /lib/x86_64-linux-gnu/libnss_nis-2.21.so
7fdd42b93000-7fdd42ba8000 r-xp 00000000 08:01 23072868                   /lib/x86_64-linux-gnu/libnsl-2.21.so
7fdd42ba8000-7fdd42da7000 ---p 00015000 08:01 23072868                   /lib/x86_64-linux-gnu/libnsl-2.21.so
7fdd42da7000-7fdd42da8000 r--p 00014000 08:01 23072868                   /lib/x86_64-linux-gnu/libnsl-2.21.so
7fdd42da8000-7fdd42da9000 rw-p 00015000 08:01 23072868                   /lib/x86_64-linux-gnu/libnsl-2.21.so
7fdd42da9000-7fdd42dab000 rw-p 00000000 00:00 0 
7fdd42dab000-7fdd42db2000 r-xp 00000000 08:01 23072869                   /lib/x86_64-linux-gnu/libnss_compat-2.21.so
7fdd42db2000-7fdd42fb1000 ---p 00007000 08:01 23072869                   /lib/x86_64-linux-gnu/libnss_compat-2.21.so
7fdd42fb1000-7fdd42fb2000 r--p 00006000 08:01 23072869                   /lib/x86_64-linux-gnu/libnss_compat-2.21.so
7fdd42fb2000-7fdd42fb3000 rw-p 00007000 08:01 23072869                   /lib/x86_64-linux-gnu/libnss_compat-2.21.so
7fdd42fb3000-7fdd42fdd000 r-xp 00000000 08:01 23331016                   /usr/lib/jvm/java-8-oracle/jre/lib/amd64/libjava.so
7fdd42fdd000-7fdd431dd000 ---p 0002a000 08:01 23331016                   /usr/lib/jvm/java-8-oracle/jre/lib/amd64/libjava.so
7fdd431dd000-7fdd431df000 rw-p 0002a000 08:01 23331016                   /usr/lib/jvm/java-8-oracle/jre/lib/amd64/libjava.so
7fdd431df000-7fdd431ec000 r-xp 00000000 08:01 23330849                   /usr/lib/jvm/java-8-oracle/jre/lib/amd64/libverify.so
7fdd431ec000-7fdd433ec000 ---p 0000d000 08:01 23330849                   /usr/lib/jvm/java-8-oracle/jre/lib/amd64/libverify.so
7fdd433ec000-7fdd433ee000 rw-p 0000d000 08:01 23330849                   /usr/lib/jvm/java-8-oracle/jre/lib/amd64/libverify.so
7fdd433ee000-7fdd433f5000 r-xp 00000000 08:01 23072877                   /lib/x86_64-linux-gnu/librt-2.21.so
7fdd433f5000-7fdd435f4000 ---p 00007000 08:01 23072877                   /lib/x86_64-linux-gnu/librt-2.21.so
7fdd435f4000-7fdd435f5000 r--p 00006000 08:01 23072877                   /lib/x86_64-linux-gnu/librt-2.21.so
7fdd435f5000-7fdd435f6000 rw-p 00007000 08:01 23072877                   /lib/x86_64-linux-gnu/librt-2.21.so
7fdd435f6000-7fdd436fa000 r-xp 00000000 08:01 23072866                   /lib/x86_64-linux-gnu/libm-2.21.so
7fdd436fa000-7fdd438f9000 ---p 00104000 08:01 23072866                   /lib/x86_64-linux-gnu/libm-2.21.so
7fdd438f9000-7fdd438fa000 r--p 00103000 08:01 23072866                   /lib/x86_64-linux-gnu/libm-2.21.so
7fdd438fa000-7fdd438fb000 rw-p 00104000 08:01 23072866                   /lib/x86_64-linux-gnu/libm-2.21.so
7fdd438fb000-7fdd445ba000 r-xp 00000000 08:01 23331020                   /usr/lib/jvm/java-8-oracle/jre/lib/amd64/server/libjvm.so
7fdd445ba000-7fdd447b9000 ---p 00cbf000 08:01 23331020                   /usr/lib/jvm/java-8-oracle/jre/lib/amd64/server/libjvm.so
7fdd447b9000-7fdd44892000 rw-p 00cbe000 08:01 23331020                   /usr/lib/jvm/java-8-oracle/jre/lib/amd64/server/libjvm.so
7fdd44892000-7fdd448db000 rw-p 00000000 00:00 0 
7fdd448db000-7fdd44a75000 r-xp 00000000 08:01 23072862                   /lib/x86_64-linux-gnu/libc-2.21.so
7fdd44a75000-7fdd44c75000 ---p 0019a000 08:01 23072862                   /lib/x86_64-linux-gnu/libc-2.21.so
7fdd44c75000-7fdd44c79000 r--p 0019a000 08:01 23072862                   /lib/x86_64-linux-gnu/libc-2.21.so
7fdd44c79000-7fdd44c7b000 rw-p 0019e000 08:01 23072862                   /lib/x86_64-linux-gnu/libc-2.21.so
7fdd44c7b000-7fdd44c7f000 rw-p 00000000 00:00 0 
7fdd44c7f000-7fdd44c81000 r-xp 00000000 08:01 23072865                   /lib/x86_64-linux-gnu/libdl-2.21.so
7fdd44c81000-7fdd44e81000 ---p 00002000 08:01 23072865                   /lib/x86_64-linux-gnu/libdl-2.21.so
7fdd44e81000-7fdd44e82000 r--p 00002000 08:01 23072865                   /lib/x86_64-linux-gnu/libdl-2.21.so
7fdd44e82000-7fdd44e83000 rw-p 00003000 08:01 23072865                   /lib/x86_64-linux-gnu/libdl-2.21.so
7fdd44e83000-7fdd44e98000 r-xp 00000000 08:01 22285182                   /usr/lib/jvm/java-8-oracle/lib/amd64/jli/libjli.so
7fdd44e98000-7fdd45098000 ---p 00015000 08:01 22285182                   /usr/lib/jvm/java-8-oracle/lib/amd64/jli/libjli.so
7fdd45098000-7fdd45099000 rw-p 00015000 08:01 22285182                   /usr/lib/jvm/java-8-oracle/lib/amd64/jli/libjli.so
7fdd45099000-7fdd450b1000 r-xp 00000000 08:01 23072858                   /lib/x86_64-linux-gnu/libpthread-2.21.so
7fdd450b1000-7fdd452b0000 ---p 00018000 08:01 23072858                   /lib/x86_64-linux-gnu/libpthread-2.21.so
7fdd452b0000-7fdd452b1000 r--p 00017000 08:01 23072858                   /lib/x86_64-linux-gnu/libpthread-2.21.so
7fdd452b1000-7fdd452b2000 rw-p 00018000 08:01 23072858                   /lib/x86_64-linux-gnu/libpthread-2.21.so
7fdd452b2000-7fdd452b6000 rw-p 00000000 00:00 0 
7fdd452b6000-7fdd452d8000 r-xp 00000000 08:01 23072859                   /lib/x86_64-linux-gnu/ld-2.21.so
7fdd452da000-7fdd452e9000 r--p 00000000 08:01 22939311                   /usr/share/locale/pt_BR/LC_MESSAGES/libc.mo
7fdd452e9000-7fdd453b4000 rw-p 00000000 00:00 0 
7fdd453b4000-7fdd453b7000 ---p 00000000 00:00 0 
7fdd453b7000-7fdd454ba000 rw-p 00000000 00:00 0                          [stack:5315]
7fdd454ba000-7fdd454bb000 rw-p 00000000 00:00 0 
7fdd454bb000-7fdd454c1000 r--s 002f8000 08:01 22675811                   /usr/lib/jvm/java-8-oracle/jre/lib/charsets.jar
7fdd454c1000-7fdd454c2000 r--s 00008000 08:01 18875712                   /home/webmaster/workspace/rfsus/java/ui/dist/ui.jar
7fdd454c2000-7fdd454c7000 r--s 00032000 08:01 18875716                   /home/webmaster/workspace/rfsus/java/rfsus/lib/bson-3.0.4.jar
7fdd454c7000-7fdd454cb000 r--s 000d0000 08:01 18875717                   /home/webmaster/workspace/rfsus/java/rfsus/lib/jna.jar
7fdd454cb000-7fdd454d3000 rw-s 00000000 08:01 24117786                   /tmp/hsperfdata_webmaster/5310
7fdd454d3000-7fdd454d4000 rw-p 00000000 00:00 0 
7fdd454d4000-7fdd454d5000 r--p 00000000 00:00 0 
7fdd454d5000-7fdd454d7000 rw-p 00000000 00:00 0 
7fdd454d7000-7fdd454d8000 r--p 00021000 08:01 23072859                   /lib/x86_64-linux-gnu/ld-2.21.so
7fdd454d8000-7fdd454d9000 rw-p 00022000 08:01 23072859                   /lib/x86_64-linux-gnu/ld-2.21.so
7fdd454d9000-7fdd454da000 rw-p 00000000 00:00 0 
7fff764fd000-7fff7651e000 rw-p 00000000 00:00 0                          [stack]
7fff765e5000-7fff765e7000 r--p 00000000 00:00 0                          [vvar]
7fff765e7000-7fff765e9000 r-xp 00000000 00:00 0                          [vdso]
ffffffffff600000-ffffffffff601000 r-xp 00000000 00:00 0                  [vsyscall]

VM Arguments:
jvm_args: -Djna.library.path=. -Dfile.encoding=UTF-8 -Dawt.useSystemAAFontSettings=gasp 
java_command: br.edu.ifba.rfsus.Executor
java_class_path (initial): /home/webmaster/workspace/rfsus/java/rfsus/bin:/home/webmaster/workspace/rfsus/java/rfsus/lib/jna.jar:/home/webmaster/workspace/rfsus/java/rfsus/lib/bson-3.0.4.jar:/home/webmaster/workspace/rfsus/java/rfsus/lib/mongo-java-driver-3.2.1.jar:/home/webmaster/workspace/rfsus/java/ui/dist/ui.jar
Launcher Type: SUN_STANDARD

Environment Variables:
_JAVA_OPTIONS=  -Dawt.useSystemAAFontSettings=gasp
PATH=/usr/local/bin:/usr/bin:/bin:/usr/local/games:/usr/games
SHELL=/bin/bash
DISPLAY=:0

Signal Handlers:
SIGSEGV: [libjvm.so+0xabb070], sa_mask[0]=11111111011111111101111111111110, sa_flags=SA_RESTART|SA_SIGINFO
SIGBUS: [libjvm.so+0xabb070], sa_mask[0]=11111111011111111101111111111110, sa_flags=SA_RESTART|SA_SIGINFO
SIGFPE: [libjvm.so+0x918480], sa_mask[0]=11111111011111111101111111111110, sa_flags=SA_RESTART|SA_SIGINFO
SIGPIPE: [libjvm.so+0x918480], sa_mask[0]=11111111011111111101111111111110, sa_flags=SA_RESTART|SA_SIGINFO
SIGXFSZ: [libjvm.so+0x918480], sa_mask[0]=11111111011111111101111111111110, sa_flags=SA_RESTART|SA_SIGINFO
SIGILL: [libjvm.so+0x918480], sa_mask[0]=11111111011111111101111111111110, sa_flags=SA_RESTART|SA_SIGINFO
SIGUSR1: SIG_DFL, sa_mask[0]=00000000000000000000000000000000, sa_flags=none
SIGUSR2: [libjvm.so+0x919ab0], sa_mask[0]=00100000000000000000000000000000, sa_flags=SA_RESTART|SA_SIGINFO
SIGHUP: [libjvm.so+0x91aeb0], sa_mask[0]=11111111011111111101111111111110, sa_flags=SA_RESTART|SA_SIGINFO
SIGINT: [libjvm.so+0x91aeb0], sa_mask[0]=11111111011111111101111111111110, sa_flags=SA_RESTART|SA_SIGINFO
SIGTERM: [libjvm.so+0x91aeb0], sa_mask[0]=11111111011111111101111111111110, sa_flags=SA_RESTART|SA_SIGINFO
SIGQUIT: [libjvm.so+0x91aeb0], sa_mask[0]=11111111011111111101111111111110, sa_flags=SA_RESTART|SA_SIGINFO


---------------  S Y S T E M  ---------------

OS:DISTRIB_ID=Deepin
DISTRIB_RELEASE=15.1.1
DISTRIB_DESCRIPTION="Deepin 15.1.1 "

uname:Linux 4.2.0-1-amd64 #1 SMP Debian 4.2.6-3 (2015-12-06) x86_64
libc:glibc 2.21 NPTL 2.21 
rlimit: STACK 8192k, CORE infinity, NPROC 31157, NOFILE 65536, AS infinity
load average:0,53 0,62 0,53

/proc/meminfo:
MemTotal:        8013816 kB
MemFree:         4518576 kB
MemAvailable:    6073120 kB
Buffers:           89280 kB
Cached:          1650872 kB
SwapCached:            0 kB
Active:          2321856 kB
Inactive:         996696 kB
Active(anon):    1607980 kB
Inactive(anon):   185880 kB
Active(file):     713876 kB
Inactive(file):   810816 kB
Unevictable:          32 kB
Mlocked:              32 kB
SwapTotal:             0 kB
SwapFree:              0 kB
Dirty:              1152 kB
Writeback:             0 kB
AnonPages:       1578524 kB
Mapped:           506036 kB
Shmem:            215464 kB
Slab:              97988 kB
SReclaimable:      71984 kB
SUnreclaim:        26004 kB
KernelStack:        8720 kB
PageTables:        26256 kB
NFS_Unstable:          0 kB
Bounce:                0 kB
WritebackTmp:          0 kB
CommitLimit:     4006908 kB
Committed_AS:    5721568 kB
VmallocTotal:   34359738367 kB
VmallocUsed:      551040 kB
VmallocChunk:   34358423548 kB
HardwareCorrupted:     0 kB
AnonHugePages:         0 kB
HugePages_Total:       0
HugePages_Free:        0
HugePages_Rsvd:        0
HugePages_Surp:        0
Hugepagesize:       2048 kB
DirectMap4k:      101120 kB
DirectMap2M:     8120320 kB


CPU:total 4 (2 cores per cpu, 2 threads per core) family 6 model 42 stepping 7, cmov, cx8, fxsr, mmx, sse, sse2, sse3, ssse3, sse4.1, sse4.2, popcnt, avx, clmul, ht, tsc, tscinvbit

/proc/cpuinfo:
processor	: 0
vendor_id	: GenuineIntel
cpu family	: 6
model		: 42
model name	: Intel(R) Core(TM) i3-2367M CPU @ 1.40GHz
stepping	: 7
microcode	: 0x29
cpu MHz		: 925.093
cache size	: 3072 KB
physical id	: 0
siblings	: 4
core id		: 0
cpu cores	: 2
apicid		: 0
initial apicid	: 0
fpu		: yes
fpu_exception	: yes
cpuid level	: 13
wp		: yes
flags		: fpu vme de pse tsc msr pae mce cx8 apic sep mtrr pge mca cmov pat pse36 clflush dts acpi mmx fxsr sse sse2 ss ht tm pbe syscall nx rdtscp lm constant_tsc arch_perfmon pebs bts rep_good nopl xtopology nonstop_tsc aperfmperf eagerfpu pni pclmulqdq dtes64 monitor ds_cpl vmx est tm2 ssse3 cx16 xtpr pdcm pcid sse4_1 sse4_2 x2apic popcnt tsc_deadline_timer xsave avx lahf_lm arat epb pln pts dtherm tpr_shadow vnmi flexpriority ept vpid xsaveopt
bugs		:
bogomips	: 2793.69
clflush size	: 64
cache_alignment	: 64
address sizes	: 36 bits physical, 48 bits virtual
power management:

processor	: 1
vendor_id	: GenuineIntel
cpu family	: 6
model		: 42
model name	: Intel(R) Core(TM) i3-2367M CPU @ 1.40GHz
stepping	: 7
microcode	: 0x29
cpu MHz		: 803.851
cache size	: 3072 KB
physical id	: 0
siblings	: 4
core id		: 0
cpu cores	: 2
apicid		: 1
initial apicid	: 1
fpu		: yes
fpu_exception	: yes
cpuid level	: 13
wp		: yes
flags		: fpu vme de pse tsc msr pae mce cx8 apic sep mtrr pge mca cmov pat pse36 clflush dts acpi mmx fxsr sse sse2 ss ht tm pbe syscall nx rdtscp lm constant_tsc arch_perfmon pebs bts rep_good nopl xtopology nonstop_tsc aperfmperf eagerfpu pni pclmulqdq dtes64 monitor ds_cpl vmx est tm2 ssse3 cx16 xtpr pdcm pcid sse4_1 sse4_2 x2apic popcnt tsc_deadline_timer xsave avx lahf_lm arat epb pln pts dtherm tpr_shadow vnmi flexpriority ept vpid xsaveopt
bugs		:
bogomips	: 2793.69
clflush size	: 64
cache_alignment	: 64
address sizes	: 36 bits physical, 48 bits virtual
power management:

processor	: 2
vendor_id	: GenuineIntel
cpu family	: 6
model		: 42
model name	: Intel(R) Core(TM) i3-2367M CPU @ 1.40GHz
stepping	: 7
microcode	: 0x29
cpu MHz		: 805.601
cache size	: 3072 KB
physical id	: 0
siblings	: 4
core id		: 1
cpu cores	: 2
apicid		: 2
initial apicid	: 2
fpu		: yes
fpu_exception	: yes
cpuid level	: 13
wp		: yes
flags		: fpu vme de pse tsc msr pae mce cx8 apic sep mtrr pge mca cmov pat pse36 clflush dts acpi mmx fxsr sse sse2 ss ht tm pbe syscall nx rdtscp lm constant_tsc arch_perfmon pebs bts rep_good nopl xtopology nonstop_tsc aperfmperf eagerfpu pni pclmulqdq dtes64 monitor ds_cpl vmx est tm2 ssse3 cx16 xtpr pdcm pcid sse4_1 sse4_2 x2apic popcnt tsc_deadline_timer xsave avx lahf_lm arat epb pln pts dtherm tpr_shadow vnmi flexpriority ept vpid xsaveopt
bugs		:
bogomips	: 2793.69
clflush size	: 64
cache_alignment	: 64
address sizes	: 36 bits physical, 48 bits virtual
power management:

processor	: 3
vendor_id	: GenuineIntel
cpu family	: 6
model		: 42
model name	: Intel(R) Core(TM) i3-2367M CPU @ 1.40GHz
stepping	: 7
microcode	: 0x29
cpu MHz		: 990.718
cache size	: 3072 KB
physical id	: 0
siblings	: 4
core id		: 1
cpu cores	: 2
apicid		: 3
initial apicid	: 3
fpu		: yes
fpu_exception	: yes
cpuid level	: 13
wp		: yes
flags		: fpu vme de pse tsc msr pae mce cx8 apic sep mtrr pge mca cmov pat pse36 clflush dts acpi mmx fxsr sse sse2 ss ht tm pbe syscall nx rdtscp lm constant_tsc arch_perfmon pebs bts rep_good nopl xtopology nonstop_tsc aperfmperf eagerfpu pni pclmulqdq dtes64 monitor ds_cpl vmx est tm2 ssse3 cx16 xtpr pdcm pcid sse4_1 sse4_2 x2apic popcnt tsc_deadline_timer xsave avx lahf_lm arat epb pln pts dtherm tpr_shadow vnmi flexpriority ept vpid xsaveopt
bugs		:
bogomips	: 2793.69
clflush size	: 64
cache_alignment	: 64
address sizes	: 36 bits physical, 48 bits virtual
power management:



Memory: 4k page, physical 8013816k(4518576k free), swap 0k(0k free)

vm_info: Java HotSpot(TM) 64-Bit Server VM (25.74-b02) for linux-amd64 JRE (1.8.0_74-b02), built on Jan 29 2016 19:20:56 by "java_re" with gcc 4.3.0 20080428 (Red Hat 4.3.0-8)

time: Sat Apr  2 00:10:48 2016
elapsed time: 8 seconds (0d 0h 0m 8s)

