#
# A fatal error has been detected by the Java Runtime Environment:
#
#  SIGSEGV (0xb) at pc=0x00007f02a8b4d37a, pid=13015, tid=139647763531520
#
# JRE version: Java(TM) SE Runtime Environment (8.0_77-b03) (build 1.8.0_77-b03)
# Java VM: Java HotSpot(TM) 64-Bit Server VM (25.77-b03 mixed mode linux-amd64 compressed oops)
# Problematic frame:
# C  [libc.so.6+0x8037a]  strlen+0x2a
#
# Core dump written. Default location: /home/webmaster/workspace/rfsus/java/rfsus/core or core.13015
#
# If you would like to submit a bug report, please visit:
#   http://bugreport.java.com/bugreport/crash.jsp
# The crash happened outside the Java Virtual Machine in native code.
# See problematic frame for where to report the bug.
#

---------------  T H R E A D  ---------------

Current thread (0x00007f02a0357000):  JavaThread "Thread-0" [_thread_in_native, id=13044, stack(0x00007f024746c000,0x00007f024756d000)]

siginfo: si_signo: 11 (SIGSEGV), si_code: 1 (SEGV_MAPERR), si_addr: 0x0000000000000001

Registers:
RAX=0x0000000000000001, RBX=0x00007f02a56a8b00, RCX=0x0000000000000001, RDX=0x0000000000000000
RSP=0x00007f024756b248, RBP=0x00007f024756b290, RSI=0x0000000000000001, RDI=0x0000000000000001
R8 =0x0000000000000000, R9 =0x0000000000000006, R10=0x00007f0291015968, R11=0x00007f02a84a6d80
R12=0x0000000000000000, R13=0x00007f02a56a8b00, R14=0x00007f024756b328, R15=0x00007f02a0357000
RIP=0x00007f02a8b4d37a, EFLAGS=0x0000000000010293, CSGSFS=0x0000000000000033, ERR=0x0000000000000004
  TRAPNO=0x000000000000000e

Top of Stack: (sp=0x00007f024756b248)
0x00007f024756b248:   00007f024735c96a 00007f02a0357000
0x00007f024756b258:   00007f0247735990 0000000000000001
0x00007f024756b268:   00007f02a03571f8 0000000000000000
0x00007f024756b278:   0000000000000000 00007f02a56a8b00
0x00007f024756b288:   0000000000000000 00007f024756b2f8
0x00007f024756b298:   00007f0291015994 00007f024756b2f8
0x00007f024756b2a8:   00007f0291015727 00007f02910156e2
0x00007f024756b2b8:   00007f024756b2b8 00007f02a56a8b00
0x00007f024756b2c8:   00007f024756b328 00007f024769f540
0x00007f024756b2d8:   0000000000000000 00007f02a56a8b00
0x00007f024756b2e8:   0000000000000000 00007f024756b318
0x00007f024756b2f8:   00007f024756b370 00007f02910079d0
0x00007f024756b308:   00000000ec7e69c8 00007f029100f57b
0x00007f024756b318:   0000000000000000 0000000000000001
0x00007f024756b328:   00000000ec90dd88 00007f024756b330
0x00007f024756b338:   00007f02476a62bf 00007f024756b398
0x00007f024756b348:   00007f02477018a0 0000000000000000
0x00007f024756b358:   00007f02476a62f0 00007f024756b318
0x00007f024756b368:   00007f024756b380 00007f024756b3e0
0x00007f024756b378:   00007f02910079d0 0000000000000000
0x00007f024756b388:   0000000000000000 0000000000000000
0x00007f024756b398:   00000000ec90dd88 00007f024756b3a0
0x00007f024756b3a8:   00007f02476a63d2 00007f024756b428
0x00007f024756b3b8:   00007f02477018a0 0000000000000000
0x00007f024756b3c8:   00007f02476a6438 00007f024756b380
0x00007f024756b3d8:   00007f024756b418 00007f024756b470
0x00007f024756b3e8:   00007f02910079d0 0000000000000000
0x00007f024756b3f8:   0000000000000000 0000000000000000
0x00007f024756b408:   0000000000000000 0000000000000000
0x00007f024756b418:   0000000000000000 0000000000000000
0x00007f024756b428:   00000000ec90dd88 00007f024756b430
0x00007f024756b438:   00007f024772f58b 00007f024756b4a8 

Instructions: (pc=0x00007f02a8b4d37a)
0x00007f02a8b4d35a:   66 45 0f ef d2 66 45 0f ef db 48 89 f8 48 89 f9
0x00007f02a8b4d36a:   48 81 e1 ff 0f 00 00 48 81 f9 cf 0f 00 00 77 66
0x00007f02a8b4d37a:   f3 44 0f 6f 20 66 45 0f 74 e0 66 41 0f d7 d4 85
0x00007f02a8b4d38a:   d2 74 04 0f bc c2 c3 48 83 e0 f0 66 44 0f 74 48 

Register to memory mapping:

RAX=0x0000000000000001 is an unknown value
RBX={method} {0x00007f02a56a8b00} 'getString' '(JZ)Ljava/lang/String;' in 'com/sun/jna/Native'
RCX=0x0000000000000001 is an unknown value
RDX=0x0000000000000000 is an unknown value
RSP=0x00007f024756b248 is pointing into the stack for thread: 0x00007f02a0357000
RBP=0x00007f024756b290 is pointing into the stack for thread: 0x00007f02a0357000
RSI=0x0000000000000001 is an unknown value
RDI=0x0000000000000001 is an unknown value
R8 =0x0000000000000000 is an unknown value
R9 =0x0000000000000006 is an unknown value
R10=0x00007f0291015968 is at code_begin+808 in an Interpreter codelet
method entry point (kind = native)  [0x00007f0291015640, 0x00007f0291015f40]  2304 bytes
R11=0x00007f02a84a6d80: <offset 0x9b9d80> in /usr/lib/jvm/java-8-oracle/jre/lib/amd64/server/libjvm.so at 0x00007f02a7aed000
R12=0x0000000000000000 is an unknown value
R13={method} {0x00007f02a56a8b00} 'getString' '(JZ)Ljava/lang/String;' in 'com/sun/jna/Native'
R14=0x00007f024756b328 is pointing into the stack for thread: 0x00007f02a0357000
R15=0x00007f02a0357000 is a thread


Stack: [0x00007f024746c000,0x00007f024756d000],  sp=0x00007f024756b248,  free space=1020k
Native frames: (J=compiled Java code, j=interpreted, Vv=VM code, C=native code)
C  [libc.so.6+0x8037a]  strlen+0x2a
j  com.sun.jna.Native.getString(JZ)Ljava/lang/String;+0
j  com.sun.jna.Pointer.getString(JZ)Ljava/lang/String;+7
j  com.sun.jna.Pointer.getString(J)Ljava/lang/String;+90
j  com.sun.jna.Function.invokeString(I[Ljava/lang/Object;Z)Ljava/lang/String;+35
j  com.sun.jna.Function.invoke([Ljava/lang/Object;Ljava/lang/Class;Z)Ljava/lang/Object;+544
j  com.sun.jna.Function.invoke(Ljava/lang/Class;[Ljava/lang/Object;Ljava/util/Map;)Ljava/lang/Object;+214
j  com.sun.jna.Library$Handler.invoke(Ljava/lang/Object;Ljava/lang/reflect/Method;[Ljava/lang/Object;)Ljava/lang/Object;+341
j  com.sun.proxy.$Proxy0.ler()Ljava/lang/String;+9
j  br.edu.ifba.rfsus.jna.rfid.LeitorRfid.run()V+24
j  java.lang.Thread.run()V+11
v  ~StubRoutines::call_stub
V  [libjvm.so+0x68c616]  JavaCalls::call_helper(JavaValue*, methodHandle*, JavaCallArguments*, Thread*)+0x1056
V  [libjvm.so+0x68cb21]  JavaCalls::call_virtual(JavaValue*, KlassHandle, Symbol*, Symbol*, JavaCallArguments*, Thread*)+0x321
V  [libjvm.so+0x68cfc7]  JavaCalls::call_virtual(JavaValue*, Handle, KlassHandle, Symbol*, Symbol*, Thread*)+0x47
V  [libjvm.so+0x723d80]  thread_entry(JavaThread*, Thread*)+0xa0
V  [libjvm.so+0xa69dcf]  JavaThread::thread_main_inner()+0xdf
V  [libjvm.so+0xa69efc]  JavaThread::run()+0x11c
V  [libjvm.so+0x91d9d8]  java_start(Thread*)+0x108
C  [libpthread.so.0+0x7284]  start_thread+0xc4

Java frames: (J=compiled Java code, j=interpreted, Vv=VM code)
j  com.sun.jna.Native.getString(JZ)Ljava/lang/String;+0
j  com.sun.jna.Pointer.getString(JZ)Ljava/lang/String;+7
j  com.sun.jna.Pointer.getString(J)Ljava/lang/String;+90
j  com.sun.jna.Function.invokeString(I[Ljava/lang/Object;Z)Ljava/lang/String;+35
j  com.sun.jna.Function.invoke([Ljava/lang/Object;Ljava/lang/Class;Z)Ljava/lang/Object;+544
j  com.sun.jna.Function.invoke(Ljava/lang/Class;[Ljava/lang/Object;Ljava/util/Map;)Ljava/lang/Object;+214
j  com.sun.jna.Library$Handler.invoke(Ljava/lang/Object;Ljava/lang/reflect/Method;[Ljava/lang/Object;)Ljava/lang/Object;+341
j  com.sun.proxy.$Proxy0.ler()Ljava/lang/String;+9
j  br.edu.ifba.rfsus.jna.rfid.LeitorRfid.run()V+24
j  java.lang.Thread.run()V+11
v  ~StubRoutines::call_stub

---------------  P R O C E S S  ---------------

Java Threads: ( => current thread )
  0x00007f02a000a000 JavaThread "DestroyJavaVM" [_thread_blocked, id=13016, stack(0x00007f02a95a6000,0x00007f02a96a7000)]
=>0x00007f02a0357000 JavaThread "Thread-0" [_thread_in_native, id=13044, stack(0x00007f024746c000,0x00007f024756d000)]
  0x00007f024c0ab000 JavaThread "TimerQueue" daemon [_thread_blocked, id=13043, stack(0x00007f024756d000,0x00007f024766e000)]
  0x00007f02a02d0000 JavaThread "AWT-EventQueue-0" [_thread_blocked, id=13038, stack(0x00007f028c42d000,0x00007f028c52e000)]
  0x00007f02a02ce800 JavaThread "AWT-Shutdown" [_thread_blocked, id=13037, stack(0x00007f028c52e000,0x00007f028c62f000)]
  0x00007f02a027f800 JavaThread "AWT-XAWT" daemon [_thread_in_native, id=13036, stack(0x00007f028c62f000,0x00007f028c730000)]
  0x00007f02a025f800 JavaThread "Java2D Disposer" daemon [_thread_blocked, id=13035, stack(0x00007f028cb41000,0x00007f028cc42000)]
  0x00007f02a00c0000 JavaThread "Service Thread" daemon [_thread_blocked, id=13033, stack(0x00007f028e89e000,0x00007f028e99f000)]
  0x00007f02a00bd000 JavaThread "C1 CompilerThread2" daemon [_thread_blocked, id=13032, stack(0x00007f028e99f000,0x00007f028eaa0000)]
  0x00007f02a00bb000 JavaThread "C2 CompilerThread1" daemon [_thread_blocked, id=13031, stack(0x00007f028eaa0000,0x00007f028eba1000)]
  0x00007f02a00b8800 JavaThread "C2 CompilerThread0" daemon [_thread_blocked, id=13030, stack(0x00007f028eba1000,0x00007f028eca2000)]
  0x00007f02a00b7000 JavaThread "Signal Dispatcher" daemon [_thread_blocked, id=13029, stack(0x00007f028eca2000,0x00007f028eda3000)]
  0x00007f02a0084000 JavaThread "Finalizer" daemon [_thread_blocked, id=13028, stack(0x00007f028ef2d000,0x00007f028f02e000)]
  0x00007f02a007f800 JavaThread "Reference Handler" daemon [_thread_blocked, id=13027, stack(0x00007f028f02e000,0x00007f028f12f000)]

Other Threads:
  0x00007f02a0077800 VMThread [stack: 0x00007f028f12f000,0x00007f028f230000] [id=13026]
  0x00007f02a00c3000 WatcherThread [stack: 0x00007f028e79d000,0x00007f028e89e000] [id=13034]

VM state:not at safepoint (normal execution)

VM Mutex/Monitor currently owned by a thread: None

Heap:
 PSYoungGen      total 17920K, used 7389K [0x00000000ec200000, 0x00000000ed600000, 0x0000000100000000)
  eden space 15360K, 48% used [0x00000000ec200000,0x00000000ec9377c8,0x00000000ed100000)
  from space 2560K, 0% used [0x00000000ed380000,0x00000000ed380000,0x00000000ed600000)
  to   space 2560K, 0% used [0x00000000ed100000,0x00000000ed100000,0x00000000ed380000)
 ParOldGen       total 40960K, used 0K [0x00000000c4600000, 0x00000000c6e00000, 0x00000000ec200000)
  object space 40960K, 0% used [0x00000000c4600000,0x00000000c4600000,0x00000000c6e00000)
 Metaspace       used 12380K, capacity 12564K, committed 12928K, reserved 1060864K
  class space    used 1514K, capacity 1606K, committed 1664K, reserved 1048576K

Card table byte_map: [0x00007f02a61b4000,0x00007f02a6392000] byte_map_base: 0x00007f02a5b91000

Marking Bits: (ParMarkBitMap*) 0x00007f02a8aa2100
 Begin Bits: [0x00007f028f230000, 0x00007f0290118000)
 End Bits:   [0x00007f0290118000, 0x00007f0291000000)

Polling page: 0x00007f02a96c6000

CodeCache: size=245760Kb used=2184Kb max_used=2184Kb free=243575Kb
 bounds [0x00007f0291000000, 0x00007f0291270000, 0x00007f02a0000000]
 total_blobs=1103 nmethods=558 adapters=459
 compilation: enabled

Compilation events (10 events):
Event: 5,786 Thread 0x00007f02a00bd000 nmethod 553 0x00007f029121f550 code [0x00007f029121f6a0, 0x00007f029121f7b0]
Event: 5,786 Thread 0x00007f02a00bd000  554       1       sun.java2d.pipe.Region::getHiX (5 bytes)
Event: 5,786 Thread 0x00007f02a00bd000 nmethod 554 0x00007f029121f290 code [0x00007f029121f3e0, 0x00007f029121f4f0]
Event: 5,786 Thread 0x00007f02a00bd000  555       1       sun.java2d.pipe.Region::getHiY (5 bytes)
Event: 5,786 Thread 0x00007f02a00bd000 nmethod 555 0x00007f0291223550 code [0x00007f02912236a0, 0x00007f02912237b0]
Event: 6,285 Thread 0x00007f02a00bd000  556       3       sun.java2d.SunGraphics2D::getCompClip (19 bytes)
Event: 6,286 Thread 0x00007f02a00bd000 nmethod 556 0x00007f0291223090 code [0x00007f0291223200, 0x00007f0291223488]
Event: 7,756 Thread 0x00007f02a00bd000  557       1       java.security.CodeSource::getLocation (5 bytes)
Event: 7,757 Thread 0x00007f02a00bd000 nmethod 557 0x00007f0291222dd0 code [0x00007f0291222f20, 0x00007f0291223030]
Event: 7,757 Thread 0x00007f02a00bd000  558       3       java.lang.ref.Reference::<init> (25 bytes)

GC Heap History (0 events):
No events

Deoptimization events (4 events):
Event: 0,627 Thread 0x00007f02a000a000 Uncommon trap: reason=class_check action=maybe_recompile pc=0x00007f02911452b0 method=java.lang.String.equals(Ljava/lang/Object;)Z @ 8
Event: 0,627 Thread 0x00007f02a000a000 Uncommon trap: reason=class_check action=maybe_recompile pc=0x00007f02911452b0 method=java.lang.String.equals(Ljava/lang/Object;)Z @ 8
Event: 0,627 Thread 0x00007f02a000a000 Uncommon trap: reason=class_check action=maybe_recompile pc=0x00007f02911452b0 method=java.lang.String.equals(Ljava/lang/Object;)Z @ 8
Event: 0,627 Thread 0x00007f02a000a000 Uncommon trap: reason=class_check action=maybe_recompile pc=0x00007f02911452b0 method=java.lang.String.equals(Ljava/lang/Object;)Z @ 8

Internal exceptions (10 events):
Event: 0,039 Thread 0x00007f02a000a000 Exception <a 'java/lang/NoSuchMethodError': Method sun.misc.Unsafe.prefetchRead(Ljava/lang/Object;J)V name or signature does not match> (0x00000000ec207fa8) thrown at [/HUDSON/workspace/8-2-build-linux-amd64/jdk8u77/6540/hotspot/src/share/vm/prims/jni.cpp
Event: 0,172 Thread 0x00007f02a000a000 Exception <a 'java/security/PrivilegedActionException'> (0x00000000ec2e94c8) thrown at [/HUDSON/workspace/8-2-build-linux-amd64/jdk8u77/6540/hotspot/src/share/vm/prims/jvm.cpp, line 1386]
Event: 0,172 Thread 0x00007f02a000a000 Exception <a 'java/security/PrivilegedActionException'> (0x00000000ec2e96d8) thrown at [/HUDSON/workspace/8-2-build-linux-amd64/jdk8u77/6540/hotspot/src/share/vm/prims/jvm.cpp, line 1386]
Event: 0,172 Thread 0x00007f02a000a000 Exception <a 'java/security/PrivilegedActionException'> (0x00000000ec2ebb18) thrown at [/HUDSON/workspace/8-2-build-linux-amd64/jdk8u77/6540/hotspot/src/share/vm/prims/jvm.cpp, line 1386]
Event: 0,172 Thread 0x00007f02a000a000 Exception <a 'java/security/PrivilegedActionException'> (0x00000000ec2ebd28) thrown at [/HUDSON/workspace/8-2-build-linux-amd64/jdk8u77/6540/hotspot/src/share/vm/prims/jvm.cpp, line 1386]
Event: 0,258 Thread 0x00007f02a000a000 Exception <a 'java/lang/NoSuchFieldError': method resolution failed> (0x00000000ec3bb778) thrown at [/HUDSON/workspace/8-2-build-linux-amd64/jdk8u77/6540/hotspot/src/share/vm/prims/methodHandles.cpp, line 1146]
Event: 0,262 Thread 0x00007f02a000a000 Exception <a 'java/lang/NoSuchFieldError': method resolution failed> (0x00000000ec3c8ec8) thrown at [/HUDSON/workspace/8-2-build-linux-amd64/jdk8u77/6540/hotspot/src/share/vm/prims/methodHandles.cpp, line 1146]
Event: 0,301 Thread 0x00007f02a000a000 Exception <a 'java/io/FileNotFoundException'> (0x00000000ec446260) thrown at [/HUDSON/workspace/8-2-build-linux-amd64/jdk8u77/6540/hotspot/src/share/vm/prims/jni.cpp, line 709]
Event: 0,302 Thread 0x00007f02a000a000 Exception <a 'java/io/FileNotFoundException'> (0x00000000ec446d80) thrown at [/HUDSON/workspace/8-2-build-linux-amd64/jdk8u77/6540/hotspot/src/share/vm/prims/jni.cpp, line 709]
Event: 0,774 Thread 0x00007f02a02d0000 Exception <a 'java/lang/UnsupportedOperationException': > (0x00000000ec606a60) thrown at [/HUDSON/workspace/8-2-build-linux-amd64/jdk8u77/6540/hotspot/src/share/vm/prims/jni.cpp, line 735]

Events (10 events):
Event: 5,751 loading class java/lang/reflect/TypeVariable
Event: 5,751 loading class java/lang/reflect/TypeVariable done
Event: 5,751 loading class java/lang/reflect/AnnotatedType
Event: 5,751 loading class java/lang/reflect/AnnotatedType done
Event: 5,751 loading class com/sun/jna/NativeString
Event: 5,751 loading class com/sun/jna/NativeString done
Event: 5,753 loading class com/sun/jna/Memory$SharedMemory
Event: 5,753 loading class com/sun/jna/Memory$SharedMemory done
Event: 7,755 loading class com/sun/jna/Function$PostCallRead
Event: 7,755 loading class com/sun/jna/Function$PostCallRead done


Dynamic libraries:
00400000-00401000 r-xp 00000000 08:01 22021852                           /usr/lib/jvm/java-8-oracle/bin/java
00600000-00601000 rw-p 00000000 08:01 22021852                           /usr/lib/jvm/java-8-oracle/bin/java
01687000-016a8000 rw-p 00000000 00:00 0                                  [heap]
c4600000-c6e00000 rw-p 00000000 00:00 0 
c6e00000-ec200000 ---p 00000000 00:00 0 
ec200000-ed600000 rw-p 00000000 00:00 0 
ed600000-100000000 ---p 00000000 00:00 0 
100000000-1001a0000 rw-p 00000000 00:00 0 
1001a0000-140000000 ---p 00000000 00:00 0 
7f0238000000-7f0238328000 rw-p 00000000 00:00 0 
7f0238328000-7f023c000000 ---p 00000000 00:00 0 
7f0240000000-7f0240021000 rw-p 00000000 00:00 0 
7f0240021000-7f0244000000 ---p 00000000 00:00 0 
7f024641b000-7f0246586000 r-xp 00000000 08:01 21496825                   /usr/lib/x86_64-linux-gnu/libstdc++.so.6.0.21
7f0246586000-7f0246786000 ---p 0016b000 08:01 21496825                   /usr/lib/x86_64-linux-gnu/libstdc++.so.6.0.21
7f0246786000-7f0246790000 r--p 0016b000 08:01 21496825                   /usr/lib/x86_64-linux-gnu/libstdc++.so.6.0.21
7f0246790000-7f0246792000 rw-p 00175000 08:01 21496825                   /usr/lib/x86_64-linux-gnu/libstdc++.so.6.0.21
7f0246792000-7f0246796000 rw-p 00000000 00:00 0 
7f0246796000-7f0246804000 r-xp 00000000 08:01 23069454                   /lib/x86_64-linux-gnu/libpcre.so.3.13.2
7f0246804000-7f0246a04000 ---p 0006e000 08:01 23069454                   /lib/x86_64-linux-gnu/libpcre.so.3.13.2
7f0246a04000-7f0246a05000 r--p 0006e000 08:01 23069454                   /lib/x86_64-linux-gnu/libpcre.so.3.13.2
7f0246a05000-7f0246a06000 rw-p 0006f000 08:01 23069454                   /lib/x86_64-linux-gnu/libpcre.so.3.13.2
7f0246c2b000-7f0246d37000 r-xp 00000000 08:01 23072132                   /lib/x86_64-linux-gnu/libglib-2.0.so.0.4600.2
7f0246d37000-7f0246f37000 ---p 0010c000 08:01 23072132                   /lib/x86_64-linux-gnu/libglib-2.0.so.0.4600.2
7f0246f37000-7f0246f38000 r--p 0010c000 08:01 23072132                   /lib/x86_64-linux-gnu/libglib-2.0.so.0.4600.2
7f0246f38000-7f0246f39000 rw-p 0010d000 08:01 23072132                   /lib/x86_64-linux-gnu/libglib-2.0.so.0.4600.2
7f0246f39000-7f0246f3a000 rw-p 00000000 00:00 0 
7f0247154000-7f0247156000 r-xp 00000000 08:01 18874383                   /home/webmaster/workspace/rfsus/java/rfsus/comunicacaoRecepcao.so
7f0247156000-7f0247355000 ---p 00002000 08:01 18874383                   /home/webmaster/workspace/rfsus/java/rfsus/comunicacaoRecepcao.so
7f0247355000-7f0247356000 rw-p 00001000 08:01 18874383                   /home/webmaster/workspace/rfsus/java/rfsus/comunicacaoRecepcao.so
7f0247356000-7f024736b000 r-xp 00000000 08:01 24117753                   /tmp/jna7353233314873316694.tmp
7f024736b000-7f024746a000 ---p 00015000 08:01 24117753                   /tmp/jna7353233314873316694.tmp
7f024746a000-7f024746c000 rw-p 00014000 08:01 24117753                   /tmp/jna7353233314873316694.tmp
7f024746c000-7f024746f000 ---p 00000000 00:00 0 
7f024746f000-7f024756d000 rw-p 00000000 00:00 0                          [stack:13044]
7f024756d000-7f0247570000 ---p 00000000 00:00 0 
7f0247570000-7f024776e000 rw-p 00000000 00:00 0                          [stack:13043]
7f024776e000-7f024786e000 ---p 00000000 00:00 0 
7f024786e000-7f02478d7000 r-xp 00000000 08:01 22418299                   /usr/lib/jvm/java-8-oracle/jre/lib/amd64/libt2k.so
7f02478d7000-7f0247ad7000 ---p 00069000 08:01 22418299                   /usr/lib/jvm/java-8-oracle/jre/lib/amd64/libt2k.so
7f0247ad7000-7f0247ade000 rw-p 00069000 08:01 22418299                   /usr/lib/jvm/java-8-oracle/jre/lib/amd64/libt2k.so
7f0247ade000-7f0247aee000 rw-p 00000000 00:00 0 
7f0247aee000-7f0247aff000 r-xp 00000000 08:01 22418383                   /usr/lib/jvm/java-8-oracle/jre/lib/amd64/libnio.so
7f0247aff000-7f0247cfe000 ---p 00011000 08:01 22418383                   /usr/lib/jvm/java-8-oracle/jre/lib/amd64/libnio.so
7f0247cfe000-7f0247cff000 rw-p 00010000 08:01 22418383                   /usr/lib/jvm/java-8-oracle/jre/lib/amd64/libnio.so
7f0247cff000-7f0248000000 rw-p 00000000 00:00 0 
7f0248000000-7f0248021000 rw-p 00000000 00:00 0 
7f0248021000-7f024c000000 ---p 00000000 00:00 0 
7f024c000000-7f024c186000 rw-p 00000000 00:00 0 
7f024c186000-7f0250000000 ---p 00000000 00:00 0 
7f0250000000-7f0250021000 rw-p 00000000 00:00 0 
7f0250021000-7f0254000000 ---p 00000000 00:00 0 
7f0254000000-7f0254021000 rw-p 00000000 00:00 0 
7f0254021000-7f0258000000 ---p 00000000 00:00 0 
7f0258000000-7f0258021000 rw-p 00000000 00:00 0 
7f0258021000-7f025c000000 ---p 00000000 00:00 0 
7f025c000000-7f025c021000 rw-p 00000000 00:00 0 
7f025c021000-7f0260000000 ---p 00000000 00:00 0 
7f0260000000-7f0260106000 rw-p 00000000 00:00 0 
7f0260106000-7f0264000000 ---p 00000000 00:00 0 
7f0264000000-7f02641b9000 rw-p 00000000 00:00 0 
7f02641b9000-7f0268000000 ---p 00000000 00:00 0 
7f0268000000-7f0268021000 rw-p 00000000 00:00 0 
7f0268021000-7f026c000000 ---p 00000000 00:00 0 
7f026c000000-7f026c0cf000 rw-p 00000000 00:00 0 
7f026c0cf000-7f0270000000 ---p 00000000 00:00 0 
7f0270000000-7f0270021000 rw-p 00000000 00:00 0 
7f0270021000-7f0274000000 ---p 00000000 00:00 0 
7f0274000000-7f0274021000 rw-p 00000000 00:00 0 
7f0274021000-7f0278000000 ---p 00000000 00:00 0 
7f0278000000-7f0278021000 rw-p 00000000 00:00 0 
7f0278021000-7f027c000000 ---p 00000000 00:00 0 
7f027c000000-7f027c021000 rw-p 00000000 00:00 0 
7f027c021000-7f0280000000 ---p 00000000 00:00 0 
7f0280000000-7f0280021000 rw-p 00000000 00:00 0 
7f0280021000-7f0284000000 ---p 00000000 00:00 0 
7f0284000000-7f0284021000 rw-p 00000000 00:00 0 
7f0284021000-7f0288000000 ---p 00000000 00:00 0 
7f0288000000-7f0288021000 rw-p 00000000 00:00 0 
7f0288021000-7f028c000000 ---p 00000000 00:00 0 
7f028c016000-7f028c02c000 r-xp 00000000 08:01 22418328                   /usr/lib/jvm/java-8-oracle/jre/lib/amd64/libnet.so
7f028c02c000-7f028c22c000 ---p 00016000 08:01 22418328                   /usr/lib/jvm/java-8-oracle/jre/lib/amd64/libnet.so
7f028c22c000-7f028c22d000 rw-p 00016000 08:01 22418328                   /usr/lib/jvm/java-8-oracle/jre/lib/amd64/libnet.so
7f028c22d000-7f028c42d000 rw-p 00000000 00:00 0 
7f028c42d000-7f028c430000 ---p 00000000 00:00 0 
7f028c430000-7f028c52e000 rw-p 00000000 00:00 0                          [stack:13038]
7f028c52e000-7f028c531000 ---p 00000000 00:00 0 
7f028c531000-7f028c62f000 rw-p 00000000 00:00 0                          [stack:13037]
7f028c62f000-7f028c632000 ---p 00000000 00:00 0 
7f028c632000-7f028c730000 rw-p 00000000 00:00 0                          [stack:13036]
7f028c730000-7f028c735000 r-xp 00000000 08:01 21504500                   /usr/lib/x86_64-linux-gnu/libXfixes.so.3.1.0
7f028c735000-7f028c934000 ---p 00005000 08:01 21504500                   /usr/lib/x86_64-linux-gnu/libXfixes.so.3.1.0
7f028c934000-7f028c935000 r--p 00004000 08:01 21504500                   /usr/lib/x86_64-linux-gnu/libXfixes.so.3.1.0
7f028c935000-7f028c936000 rw-p 00005000 08:01 21504500                   /usr/lib/x86_64-linux-gnu/libXfixes.so.3.1.0
7f028c936000-7f028c940000 r-xp 00000000 08:01 21504492                   /usr/lib/x86_64-linux-gnu/libXcursor.so.1.0.2
7f028c940000-7f028cb3f000 ---p 0000a000 08:01 21504492                   /usr/lib/x86_64-linux-gnu/libXcursor.so.1.0.2
7f028cb3f000-7f028cb40000 r--p 00009000 08:01 21504492                   /usr/lib/x86_64-linux-gnu/libXcursor.so.1.0.2
7f028cb40000-7f028cb41000 rw-p 0000a000 08:01 21504492                   /usr/lib/x86_64-linux-gnu/libXcursor.so.1.0.2
7f028cb41000-7f028cb44000 ---p 00000000 00:00 0 
7f028cb44000-7f028cc42000 rw-p 00000000 00:00 0                          [stack:13035]
7f028cc42000-7f028cc58000 r-xp 00000000 08:01 23069139                   /lib/x86_64-linux-gnu/libgcc_s.so.1
7f028cc58000-7f028ce57000 ---p 00016000 08:01 23069139                   /lib/x86_64-linux-gnu/libgcc_s.so.1
7f028ce57000-7f028ce58000 rw-p 00015000 08:01 23069139                   /lib/x86_64-linux-gnu/libgcc_s.so.1
7f028ce58000-7f028cebd000 r-xp 00000000 08:01 22418310                   /usr/lib/jvm/java-8-oracle/jre/lib/amd64/libfontmanager.so
7f028cebd000-7f028d0bc000 ---p 00065000 08:01 22418310                   /usr/lib/jvm/java-8-oracle/jre/lib/amd64/libfontmanager.so
7f028d0bc000-7f028d0c1000 rw-p 00064000 08:01 22418310                   /usr/lib/jvm/java-8-oracle/jre/lib/amd64/libfontmanager.so
7f028d0c1000-7f028d0d1000 rw-p 00000000 00:00 0 
7f028d0d1000-7f028d0d6000 r-xp 00000000 08:01 21498797                   /usr/lib/x86_64-linux-gnu/libXdmcp.so.6.0.0
7f028d0d6000-7f028d2d5000 ---p 00005000 08:01 21498797                   /usr/lib/x86_64-linux-gnu/libXdmcp.so.6.0.0
7f028d2d5000-7f028d2d6000 r--p 00004000 08:01 21498797                   /usr/lib/x86_64-linux-gnu/libXdmcp.so.6.0.0
7f028d2d6000-7f028d2d7000 rw-p 00005000 08:01 21498797                   /usr/lib/x86_64-linux-gnu/libXdmcp.so.6.0.0
7f028d2d7000-7f028d2da000 r-xp 00000000 08:01 21504485                   /usr/lib/x86_64-linux-gnu/libXau.so.6.0.0
7f028d2da000-7f028d4d9000 ---p 00003000 08:01 21504485                   /usr/lib/x86_64-linux-gnu/libXau.so.6.0.0
7f028d4d9000-7f028d4da000 r--p 00002000 08:01 21504485                   /usr/lib/x86_64-linux-gnu/libXau.so.6.0.0
7f028d4da000-7f028d4db000 rw-p 00003000 08:01 21504485                   /usr/lib/x86_64-linux-gnu/libXau.so.6.0.0
7f028d4db000-7f028d4fc000 r-xp 00000000 08:01 21505663                   /usr/lib/x86_64-linux-gnu/libxcb.so.1.1.0
7f028d4fc000-7f028d6fb000 ---p 00021000 08:01 21505663                   /usr/lib/x86_64-linux-gnu/libxcb.so.1.1.0
7f028d6fb000-7f028d6fc000 r--p 00020000 08:01 21505663                   /usr/lib/x86_64-linux-gnu/libxcb.so.1.1.0
7f028d6fc000-7f028d6fd000 rw-p 00021000 08:01 21505663                   /usr/lib/x86_64-linux-gnu/libxcb.so.1.1.0
7f028d6fd000-7f028d70c000 r-xp 00000000 08:01 21497227                   /usr/lib/x86_64-linux-gnu/libXi.so.6.1.0
7f028d70c000-7f028d90b000 ---p 0000f000 08:01 21497227                   /usr/lib/x86_64-linux-gnu/libXi.so.6.1.0
7f028d90b000-7f028d90c000 r--p 0000e000 08:01 21497227                   /usr/lib/x86_64-linux-gnu/libXi.so.6.1.0
7f028d90c000-7f028d90d000 rw-p 0000f000 08:01 21497227                   /usr/lib/x86_64-linux-gnu/libXi.so.6.1.0
7f028d90d000-7f028d912000 r-xp 00000000 08:01 21504524                   /usr/lib/x86_64-linux-gnu/libXtst.so.6.1.0
7f028d912000-7f028db11000 ---p 00005000 08:01 21504524                   /usr/lib/x86_64-linux-gnu/libXtst.so.6.1.0
7f028db11000-7f028db12000 r--p 00004000 08:01 21504524                   /usr/lib/x86_64-linux-gnu/libXtst.so.6.1.0
7f028db12000-7f028db13000 rw-p 00005000 08:01 21504524                   /usr/lib/x86_64-linux-gnu/libXtst.so.6.1.0
7f028db13000-7f028db1c000 r-xp 00000000 08:01 21504518                   /usr/lib/x86_64-linux-gnu/libXrender.so.1.3.0
7f028db1c000-7f028dd1b000 ---p 00009000 08:01 21504518                   /usr/lib/x86_64-linux-gnu/libXrender.so.1.3.0
7f028dd1b000-7f028dd1c000 r--p 00008000 08:01 21504518                   /usr/lib/x86_64-linux-gnu/libXrender.so.1.3.0
7f028dd1c000-7f028dd1d000 rw-p 00009000 08:01 21504518                   /usr/lib/x86_64-linux-gnu/libXrender.so.1.3.0
7f028dd1d000-7f028de59000 r-xp 00000000 08:01 21504481                   /usr/lib/x86_64-linux-gnu/libX11.so.6.3.0
7f028de59000-7f028e058000 ---p 0013c000 08:01 21504481                   /usr/lib/x86_64-linux-gnu/libX11.so.6.3.0
7f028e058000-7f028e05a000 r--p 0013b000 08:01 21504481                   /usr/lib/x86_64-linux-gnu/libX11.so.6.3.0
7f028e05a000-7f028e05f000 rw-p 0013d000 08:01 21504481                   /usr/lib/x86_64-linux-gnu/libX11.so.6.3.0
7f028e05f000-7f028e060000 rw-p 00000000 00:00 0 
7f028e060000-7f028e071000 r-xp 00000000 08:01 21504498                   /usr/lib/x86_64-linux-gnu/libXext.so.6.4.0
7f028e071000-7f028e270000 ---p 00011000 08:01 21504498                   /usr/lib/x86_64-linux-gnu/libXext.so.6.4.0
7f028e270000-7f028e271000 r--p 00010000 08:01 21504498                   /usr/lib/x86_64-linux-gnu/libXext.so.6.4.0
7f028e271000-7f028e272000 rw-p 00011000 08:01 21504498                   /usr/lib/x86_64-linux-gnu/libXext.so.6.4.0
7f028e272000-7f028e2c6000 r-xp 00000000 08:01 22418416                   /usr/lib/jvm/java-8-oracle/jre/lib/amd64/libawt_xawt.so
7f028e2c6000-7f028e4c6000 ---p 00054000 08:01 22418416                   /usr/lib/jvm/java-8-oracle/jre/lib/amd64/libawt_xawt.so
7f028e4c6000-7f028e4ca000 rw-p 00054000 08:01 22418416                   /usr/lib/jvm/java-8-oracle/jre/lib/amd64/libawt_xawt.so
7f028e4ca000-7f028e4cb000 rw-p 00000000 00:00 0 
7f028e4cb000-7f028e56d000 r-xp 00000000 08:01 22418321                   /usr/lib/jvm/java-8-oracle/jre/lib/amd64/libawt.so
7f028e56d000-7f028e76d000 ---p 000a2000 08:01 22418321                   /usr/lib/jvm/java-8-oracle/jre/lib/amd64/libawt.so
7f028e76d000-7f028e779000 rw-p 000a2000 08:01 22418321                   /usr/lib/jvm/java-8-oracle/jre/lib/amd64/libawt.so
7f028e779000-7f028e79d000 rw-p 00000000 00:00 0 
7f028e79d000-7f028e79e000 ---p 00000000 00:00 0 
7f028e79e000-7f028e89e000 rw-p 00000000 00:00 0                          [stack:13034]
7f028e89e000-7f028e8a1000 ---p 00000000 00:00 0 
7f028e8a1000-7f028e99f000 rw-p 00000000 00:00 0                          [stack:13033]
7f028e99f000-7f028e9a2000 ---p 00000000 00:00 0 
7f028e9a2000-7f028eaa0000 rw-p 00000000 00:00 0                          [stack:13032]
7f028eaa0000-7f028eaa3000 ---p 00000000 00:00 0 
7f028eaa3000-7f028eba1000 rw-p 00000000 00:00 0                          [stack:13031]
7f028eba1000-7f028eba4000 ---p 00000000 00:00 0 
7f028eba4000-7f028eca2000 rw-p 00000000 00:00 0                          [stack:13030]
7f028eca2000-7f028eca5000 ---p 00000000 00:00 0 
7f028eca5000-7f028eda3000 rw-p 00000000 00:00 0                          [stack:13029]
7f028eda3000-7f028ef2d000 r--p 00000000 08:01 21497283                   /usr/lib/locale/locale-archive
7f028ef2d000-7f028ef30000 ---p 00000000 00:00 0 
7f028ef30000-7f028f02e000 rw-p 00000000 00:00 0                          [stack:13028]
7f028f02e000-7f028f031000 ---p 00000000 00:00 0 
7f028f031000-7f028f12f000 rw-p 00000000 00:00 0                          [stack:13027]
7f028f12f000-7f028f130000 ---p 00000000 00:00 0 
7f028f130000-7f0291000000 rw-p 00000000 00:00 0                          [stack:13026]
7f0291000000-7f0291270000 rwxp 00000000 00:00 0 
7f0291270000-7f02a0000000 ---p 00000000 00:00 0 
7f02a0000000-7f02a0530000 rw-p 00000000 00:00 0 
7f02a0530000-7f02a4000000 ---p 00000000 00:00 0 
7f02a4055000-7f02a405c000 r--s 00000000 08:01 21764088                   /usr/lib/x86_64-linux-gnu/gconv/gconv-modules.cache
7f02a405c000-7f02a406b000 r--p 00000000 08:01 22939311                   /usr/share/locale/pt_BR/LC_MESSAGES/libc.mo
7f02a406b000-7f02a4086000 r--s 00150000 08:01 18875718                   /home/webmaster/workspace/rfsus/java/rfsus/lib/mongo-java-driver-3.2.1.jar
7f02a4086000-7f02a5047000 rw-p 00000000 00:00 0 
7f02a5047000-7f02a521f000 r--s 03d1e000 08:01 22418273                   /usr/lib/jvm/java-8-oracle/jre/lib/rt.jar
7f02a521f000-7f02a5c72000 rw-p 00000000 00:00 0 
7f02a5c72000-7f02a5c73000 ---p 00000000 00:00 0 
7f02a5c73000-7f02a5d73000 rw-p 00000000 00:00 0                          [stack:13021]
7f02a5d73000-7f02a5d74000 ---p 00000000 00:00 0 
7f02a5d74000-7f02a5e74000 rw-p 00000000 00:00 0                          [stack:13020]
7f02a5e74000-7f02a5e75000 ---p 00000000 00:00 0 
7f02a5e75000-7f02a5f75000 rw-p 00000000 00:00 0                          [stack:13019]
7f02a5f75000-7f02a5f76000 ---p 00000000 00:00 0 
7f02a5f76000-7f02a608a000 rw-p 00000000 00:00 0                          [stack:13018]
7f02a608a000-7f02a61b4000 ---p 00000000 00:00 0 
7f02a61b4000-7f02a61c8000 rw-p 00000000 00:00 0 
7f02a61c8000-7f02a62f2000 ---p 00000000 00:00 0 
7f02a62f2000-7f02a62fc000 rw-p 00000000 00:00 0 
7f02a62fc000-7f02a6391000 ---p 00000000 00:00 0 
7f02a6391000-7f02a639c000 rw-p 00000000 00:00 0 
7f02a639c000-7f02a6752000 ---p 00000000 00:00 0 
7f02a6752000-7f02a676c000 r-xp 00000000 08:01 22418324                   /usr/lib/jvm/java-8-oracle/jre/lib/amd64/libzip.so
7f02a676c000-7f02a696c000 ---p 0001a000 08:01 22418324                   /usr/lib/jvm/java-8-oracle/jre/lib/amd64/libzip.so
7f02a696c000-7f02a696d000 rw-p 0001a000 08:01 22418324                   /usr/lib/jvm/java-8-oracle/jre/lib/amd64/libzip.so
7f02a696d000-7f02a6978000 r-xp 00000000 08:01 23072871                   /lib/x86_64-linux-gnu/libnss_files-2.21.so
7f02a6978000-7f02a6b77000 ---p 0000b000 08:01 23072871                   /lib/x86_64-linux-gnu/libnss_files-2.21.so
7f02a6b77000-7f02a6b78000 r--p 0000a000 08:01 23072871                   /lib/x86_64-linux-gnu/libnss_files-2.21.so
7f02a6b78000-7f02a6b79000 rw-p 0000b000 08:01 23072871                   /lib/x86_64-linux-gnu/libnss_files-2.21.so
7f02a6b79000-7f02a6b83000 r-xp 00000000 08:01 23072873                   /lib/x86_64-linux-gnu/libnss_nis-2.21.so
7f02a6b83000-7f02a6d83000 ---p 0000a000 08:01 23072873                   /lib/x86_64-linux-gnu/libnss_nis-2.21.so
7f02a6d83000-7f02a6d84000 r--p 0000a000 08:01 23072873                   /lib/x86_64-linux-gnu/libnss_nis-2.21.so
7f02a6d84000-7f02a6d85000 rw-p 0000b000 08:01 23072873                   /lib/x86_64-linux-gnu/libnss_nis-2.21.so
7f02a6d85000-7f02a6d9a000 r-xp 00000000 08:01 23072868                   /lib/x86_64-linux-gnu/libnsl-2.21.so
7f02a6d9a000-7f02a6f99000 ---p 00015000 08:01 23072868                   /lib/x86_64-linux-gnu/libnsl-2.21.so
7f02a6f99000-7f02a6f9a000 r--p 00014000 08:01 23072868                   /lib/x86_64-linux-gnu/libnsl-2.21.so
7f02a6f9a000-7f02a6f9b000 rw-p 00015000 08:01 23072868                   /lib/x86_64-linux-gnu/libnsl-2.21.so
7f02a6f9b000-7f02a6f9d000 rw-p 00000000 00:00 0 
7f02a6f9d000-7f02a6fa4000 r-xp 00000000 08:01 23072869                   /lib/x86_64-linux-gnu/libnss_compat-2.21.so
7f02a6fa4000-7f02a71a3000 ---p 00007000 08:01 23072869                   /lib/x86_64-linux-gnu/libnss_compat-2.21.so
7f02a71a3000-7f02a71a4000 r--p 00006000 08:01 23072869                   /lib/x86_64-linux-gnu/libnss_compat-2.21.so
7f02a71a4000-7f02a71a5000 rw-p 00007000 08:01 23072869                   /lib/x86_64-linux-gnu/libnss_compat-2.21.so
7f02a71a5000-7f02a71cf000 r-xp 00000000 08:01 22418319                   /usr/lib/jvm/java-8-oracle/jre/lib/amd64/libjava.so
7f02a71cf000-7f02a73cf000 ---p 0002a000 08:01 22418319                   /usr/lib/jvm/java-8-oracle/jre/lib/amd64/libjava.so
7f02a73cf000-7f02a73d1000 rw-p 0002a000 08:01 22418319                   /usr/lib/jvm/java-8-oracle/jre/lib/amd64/libjava.so
7f02a73d1000-7f02a73de000 r-xp 00000000 08:01 22418323                   /usr/lib/jvm/java-8-oracle/jre/lib/amd64/libverify.so
7f02a73de000-7f02a75de000 ---p 0000d000 08:01 22418323                   /usr/lib/jvm/java-8-oracle/jre/lib/amd64/libverify.so
7f02a75de000-7f02a75e0000 rw-p 0000d000 08:01 22418323                   /usr/lib/jvm/java-8-oracle/jre/lib/amd64/libverify.so
7f02a75e0000-7f02a75e7000 r-xp 00000000 08:01 23072877                   /lib/x86_64-linux-gnu/librt-2.21.so
7f02a75e7000-7f02a77e6000 ---p 00007000 08:01 23072877                   /lib/x86_64-linux-gnu/librt-2.21.so
7f02a77e6000-7f02a77e7000 r--p 00006000 08:01 23072877                   /lib/x86_64-linux-gnu/librt-2.21.so
7f02a77e7000-7f02a77e8000 rw-p 00007000 08:01 23072877                   /lib/x86_64-linux-gnu/librt-2.21.so
7f02a77e8000-7f02a78ec000 r-xp 00000000 08:01 23072866                   /lib/x86_64-linux-gnu/libm-2.21.so
7f02a78ec000-7f02a7aeb000 ---p 00104000 08:01 23072866                   /lib/x86_64-linux-gnu/libm-2.21.so
7f02a7aeb000-7f02a7aec000 r--p 00103000 08:01 23072866                   /lib/x86_64-linux-gnu/libm-2.21.so
7f02a7aec000-7f02a7aed000 rw-p 00104000 08:01 23072866                   /lib/x86_64-linux-gnu/libm-2.21.so
7f02a7aed000-7f02a87ac000 r-xp 00000000 08:01 22675869                   /usr/lib/jvm/java-8-oracle/jre/lib/amd64/server/libjvm.so
7f02a87ac000-7f02a89ab000 ---p 00cbf000 08:01 22675869                   /usr/lib/jvm/java-8-oracle/jre/lib/amd64/server/libjvm.so
7f02a89ab000-7f02a8a84000 rw-p 00cbe000 08:01 22675869                   /usr/lib/jvm/java-8-oracle/jre/lib/amd64/server/libjvm.so
7f02a8a84000-7f02a8acd000 rw-p 00000000 00:00 0 
7f02a8acd000-7f02a8c67000 r-xp 00000000 08:01 23072862                   /lib/x86_64-linux-gnu/libc-2.21.so
7f02a8c67000-7f02a8e67000 ---p 0019a000 08:01 23072862                   /lib/x86_64-linux-gnu/libc-2.21.so
7f02a8e67000-7f02a8e6b000 r--p 0019a000 08:01 23072862                   /lib/x86_64-linux-gnu/libc-2.21.so
7f02a8e6b000-7f02a8e6d000 rw-p 0019e000 08:01 23072862                   /lib/x86_64-linux-gnu/libc-2.21.so
7f02a8e6d000-7f02a8e71000 rw-p 00000000 00:00 0 
7f02a8e71000-7f02a8e73000 r-xp 00000000 08:01 23072865                   /lib/x86_64-linux-gnu/libdl-2.21.so
7f02a8e73000-7f02a9073000 ---p 00002000 08:01 23072865                   /lib/x86_64-linux-gnu/libdl-2.21.so
7f02a9073000-7f02a9074000 r--p 00002000 08:01 23072865                   /lib/x86_64-linux-gnu/libdl-2.21.so
7f02a9074000-7f02a9075000 rw-p 00003000 08:01 23072865                   /lib/x86_64-linux-gnu/libdl-2.21.so
7f02a9075000-7f02a908a000 r-xp 00000000 08:01 22417858                   /usr/lib/jvm/java-8-oracle/lib/amd64/jli/libjli.so
7f02a908a000-7f02a928a000 ---p 00015000 08:01 22417858                   /usr/lib/jvm/java-8-oracle/lib/amd64/jli/libjli.so
7f02a928a000-7f02a928b000 rw-p 00015000 08:01 22417858                   /usr/lib/jvm/java-8-oracle/lib/amd64/jli/libjli.so
7f02a928b000-7f02a92a3000 r-xp 00000000 08:01 23072858                   /lib/x86_64-linux-gnu/libpthread-2.21.so
7f02a92a3000-7f02a94a2000 ---p 00018000 08:01 23072858                   /lib/x86_64-linux-gnu/libpthread-2.21.so
7f02a94a2000-7f02a94a3000 r--p 00017000 08:01 23072858                   /lib/x86_64-linux-gnu/libpthread-2.21.so
7f02a94a3000-7f02a94a4000 rw-p 00018000 08:01 23072858                   /lib/x86_64-linux-gnu/libpthread-2.21.so
7f02a94a4000-7f02a94a8000 rw-p 00000000 00:00 0 
7f02a94a8000-7f02a94ca000 r-xp 00000000 08:01 23072859                   /lib/x86_64-linux-gnu/ld-2.21.so
7f02a94ca000-7f02a94ce000 r--s 00097000 08:01 22418278                   /usr/lib/jvm/java-8-oracle/jre/lib/jsse.jar
7f02a94ce000-7f02a95a6000 rw-p 00000000 00:00 0 
7f02a95a6000-7f02a95a9000 ---p 00000000 00:00 0 
7f02a95a9000-7f02a96ac000 rw-p 00000000 00:00 0                          [stack:13016]
7f02a96ac000-7f02a96ad000 rw-p 00000000 00:00 0 
7f02a96ad000-7f02a96b3000 r--s 002f8000 08:01 22418271                   /usr/lib/jvm/java-8-oracle/jre/lib/charsets.jar
7f02a96b3000-7f02a96b4000 r--s 00008000 08:01 18875712                   /home/webmaster/workspace/rfsus/java/ui/dist/ui.jar
7f02a96b4000-7f02a96b9000 r--s 00032000 08:01 18875716                   /home/webmaster/workspace/rfsus/java/rfsus/lib/bson-3.0.4.jar
7f02a96b9000-7f02a96bd000 r--s 000d0000 08:01 18875717                   /home/webmaster/workspace/rfsus/java/rfsus/lib/jna.jar
7f02a96bd000-7f02a96c5000 rw-s 00000000 08:01 24117748                   /tmp/hsperfdata_webmaster/13015
7f02a96c5000-7f02a96c6000 rw-p 00000000 00:00 0 
7f02a96c6000-7f02a96c7000 r--p 00000000 00:00 0 
7f02a96c7000-7f02a96c9000 rw-p 00000000 00:00 0 
7f02a96c9000-7f02a96ca000 r--p 00021000 08:01 23072859                   /lib/x86_64-linux-gnu/ld-2.21.so
7f02a96ca000-7f02a96cb000 rw-p 00022000 08:01 23072859                   /lib/x86_64-linux-gnu/ld-2.21.so
7f02a96cb000-7f02a96cc000 rw-p 00000000 00:00 0 
7ffed8e09000-7ffed8e2a000 rw-p 00000000 00:00 0                          [stack]
7ffed8f29000-7ffed8f2b000 r--p 00000000 00:00 0                          [vvar]
7ffed8f2b000-7ffed8f2d000 r-xp 00000000 00:00 0                          [vdso]
ffffffffff600000-ffffffffff601000 r-xp 00000000 00:00 0                  [vsyscall]

VM Arguments:
jvm_args: -Djna.library.path=. -Dfile.encoding=UTF-8 -Dawt.useSystemAAFontSettings=gasp 
java_command: br.edu.ifba.rfsus.Executor
java_class_path (initial): /home/webmaster/workspace/rfsus/java/rfsus/bin:/home/webmaster/workspace/rfsus/java/rfsus/lib/jna.jar:/home/webmaster/workspace/rfsus/java/rfsus/lib/bson-3.0.4.jar:/home/webmaster/workspace/rfsus/java/rfsus/lib/mongo-java-driver-3.2.1.jar:/home/webmaster/workspace/rfsus/java/ui/dist/ui.jar
Launcher Type: SUN_STANDARD

Environment Variables:
_JAVA_OPTIONS=  -Dawt.useSystemAAFontSettings=gasp
PATH=/usr/local/bin:/usr/bin:/bin:/usr/local/games:/usr/games
SHELL=/bin/bash
DISPLAY=:0

Signal Handlers:
SIGSEGV: [libjvm.so+0xabb070], sa_mask[0]=11111111011111111101111111111110, sa_flags=SA_RESTART|SA_SIGINFO
SIGBUS: [libjvm.so+0xabb070], sa_mask[0]=11111111011111111101111111111110, sa_flags=SA_RESTART|SA_SIGINFO
SIGFPE: [libjvm.so+0x918480], sa_mask[0]=11111111011111111101111111111110, sa_flags=SA_RESTART|SA_SIGINFO
SIGPIPE: [libjvm.so+0x918480], sa_mask[0]=11111111011111111101111111111110, sa_flags=SA_RESTART|SA_SIGINFO
SIGXFSZ: [libjvm.so+0x918480], sa_mask[0]=11111111011111111101111111111110, sa_flags=SA_RESTART|SA_SIGINFO
SIGILL: [libjvm.so+0x918480], sa_mask[0]=11111111011111111101111111111110, sa_flags=SA_RESTART|SA_SIGINFO
SIGUSR1: SIG_DFL, sa_mask[0]=00000000000000000000000000000000, sa_flags=none
SIGUSR2: [libjvm.so+0x919ab0], sa_mask[0]=00100000000000000000000000000000, sa_flags=SA_RESTART|SA_SIGINFO
SIGHUP: [libjvm.so+0x91aeb0], sa_mask[0]=11111111011111111101111111111110, sa_flags=SA_RESTART|SA_SIGINFO
SIGINT: [libjvm.so+0x91aeb0], sa_mask[0]=11111111011111111101111111111110, sa_flags=SA_RESTART|SA_SIGINFO
SIGTERM: [libjvm.so+0x91aeb0], sa_mask[0]=11111111011111111101111111111110, sa_flags=SA_RESTART|SA_SIGINFO
SIGQUIT: [libjvm.so+0x91aeb0], sa_mask[0]=11111111011111111101111111111110, sa_flags=SA_RESTART|SA_SIGINFO


---------------  S Y S T E M  ---------------

OS:DISTRIB_ID=Deepin
DISTRIB_RELEASE=15.1.1
DISTRIB_DESCRIPTION="Deepin 15.1.1 "

uname:Linux 4.2.0-1-amd64 #1 SMP Debian 4.2.6-3 (2015-12-06) x86_64
libc:glibc 2.21 NPTL 2.21 
rlimit: STACK 8192k, CORE infinity, NPROC 15091, NOFILE 65536, AS infinity
load average:0,98 0,69 0,63

/proc/meminfo:
MemTotal:        3900920 kB
MemFree:          221616 kB
MemAvailable:    1470232 kB
Buffers:          128044 kB
Cached:          1292160 kB
SwapCached:            0 kB
Active:          2726856 kB
Inactive:         750276 kB
Active(anon):    2088288 kB
Inactive(anon):   203812 kB
Active(file):     638568 kB
Inactive(file):   546464 kB
Unevictable:          32 kB
Mlocked:              32 kB
SwapTotal:             0 kB
SwapFree:              0 kB
Dirty:               672 kB
Writeback:             0 kB
AnonPages:       2057052 kB
Mapped:           295560 kB
Shmem:            235164 kB
Slab:             123344 kB
SReclaimable:      92756 kB
SUnreclaim:        30588 kB
KernelStack:        9392 kB
PageTables:        29680 kB
NFS_Unstable:          0 kB
Bounce:                0 kB
WritebackTmp:          0 kB
CommitLimit:     1950460 kB
Committed_AS:    6494292 kB
VmallocTotal:   34359738367 kB
VmallocUsed:      543328 kB
VmallocChunk:   34358423548 kB
HardwareCorrupted:     0 kB
AnonHugePages:      2048 kB
HugePages_Total:       0
HugePages_Free:        0
HugePages_Rsvd:        0
HugePages_Surp:        0
Hugepagesize:       2048 kB
DirectMap4k:      100608 kB
DirectMap2M:     3942400 kB


CPU:total 4 (2 cores per cpu, 2 threads per core) family 6 model 42 stepping 7, cmov, cx8, fxsr, mmx, sse, sse2, sse3, ssse3, sse4.1, sse4.2, popcnt, avx, clmul, ht, tsc, tscinvbit

/proc/cpuinfo:
processor	: 0
vendor_id	: GenuineIntel
cpu family	: 6
model		: 42
model name	: Intel(R) Core(TM) i3-2310M CPU @ 2.10GHz
stepping	: 7
microcode	: 0x29
cpu MHz		: 799.968
cache size	: 3072 KB
physical id	: 0
siblings	: 4
core id		: 0
cpu cores	: 2
apicid		: 0
initial apicid	: 0
fpu		: yes
fpu_exception	: yes
cpuid level	: 13
wp		: yes
flags		: fpu vme de pse tsc msr pae mce cx8 apic sep mtrr pge mca cmov pat pse36 clflush dts acpi mmx fxsr sse sse2 ss ht tm pbe syscall nx rdtscp lm constant_tsc arch_perfmon pebs bts rep_good nopl xtopology nonstop_tsc aperfmperf eagerfpu pni pclmulqdq dtes64 monitor ds_cpl vmx est tm2 ssse3 cx16 xtpr pdcm pcid sse4_1 sse4_2 x2apic popcnt tsc_deadline_timer xsave avx lahf_lm arat epb pln pts dtherm tpr_shadow vnmi flexpriority ept vpid xsaveopt
bugs		:
bogomips	: 4190.69
clflush size	: 64
cache_alignment	: 64
address sizes	: 36 bits physical, 48 bits virtual
power management:

processor	: 1
vendor_id	: GenuineIntel
cpu family	: 6
model		: 42
model name	: Intel(R) Core(TM) i3-2310M CPU @ 2.10GHz
stepping	: 7
microcode	: 0x29
cpu MHz		: 825.808
cache size	: 3072 KB
physical id	: 0
siblings	: 4
core id		: 0
cpu cores	: 2
apicid		: 1
initial apicid	: 1
fpu		: yes
fpu_exception	: yes
cpuid level	: 13
wp		: yes
flags		: fpu vme de pse tsc msr pae mce cx8 apic sep mtrr pge mca cmov pat pse36 clflush dts acpi mmx fxsr sse sse2 ss ht tm pbe syscall nx rdtscp lm constant_tsc arch_perfmon pebs bts rep_good nopl xtopology nonstop_tsc aperfmperf eagerfpu pni pclmulqdq dtes64 monitor ds_cpl vmx est tm2 ssse3 cx16 xtpr pdcm pcid sse4_1 sse4_2 x2apic popcnt tsc_deadline_timer xsave avx lahf_lm arat epb pln pts dtherm tpr_shadow vnmi flexpriority ept vpid xsaveopt
bugs		:
bogomips	: 4190.69
clflush size	: 64
cache_alignment	: 64
address sizes	: 36 bits physical, 48 bits virtual
power management:

processor	: 2
vendor_id	: GenuineIntel
cpu family	: 6
model		: 42
model name	: Intel(R) Core(TM) i3-2310M CPU @ 2.10GHz
stepping	: 7
microcode	: 0x29
cpu MHz		: 835.242
cache size	: 3072 KB
physical id	: 0
siblings	: 4
core id		: 1
cpu cores	: 2
apicid		: 2
initial apicid	: 2
fpu		: yes
fpu_exception	: yes
cpuid level	: 13
wp		: yes
flags		: fpu vme de pse tsc msr pae mce cx8 apic sep mtrr pge mca cmov pat pse36 clflush dts acpi mmx fxsr sse sse2 ss ht tm pbe syscall nx rdtscp lm constant_tsc arch_perfmon pebs bts rep_good nopl xtopology nonstop_tsc aperfmperf eagerfpu pni pclmulqdq dtes64 monitor ds_cpl vmx est tm2 ssse3 cx16 xtpr pdcm pcid sse4_1 sse4_2 x2apic popcnt tsc_deadline_timer xsave avx lahf_lm arat epb pln pts dtherm tpr_shadow vnmi flexpriority ept vpid xsaveopt
bugs		:
bogomips	: 4190.69
clflush size	: 64
cache_alignment	: 64
address sizes	: 36 bits physical, 48 bits virtual
power management:

processor	: 3
vendor_id	: GenuineIntel
cpu family	: 6
model		: 42
model name	: Intel(R) Core(TM) i3-2310M CPU @ 2.10GHz
stepping	: 7
microcode	: 0x29
cpu MHz		: 800.871
cache size	: 3072 KB
physical id	: 0
siblings	: 4
core id		: 1
cpu cores	: 2
apicid		: 3
initial apicid	: 3
fpu		: yes
fpu_exception	: yes
cpuid level	: 13
wp		: yes
flags		: fpu vme de pse tsc msr pae mce cx8 apic sep mtrr pge mca cmov pat pse36 clflush dts acpi mmx fxsr sse sse2 ss ht tm pbe syscall nx rdtscp lm constant_tsc arch_perfmon pebs bts rep_good nopl xtopology nonstop_tsc aperfmperf eagerfpu pni pclmulqdq dtes64 monitor ds_cpl vmx est tm2 ssse3 cx16 xtpr pdcm pcid sse4_1 sse4_2 x2apic popcnt tsc_deadline_timer xsave avx lahf_lm arat epb pln pts dtherm tpr_shadow vnmi flexpriority ept vpid xsaveopt
bugs		:
bogomips	: 4190.69
clflush size	: 64
cache_alignment	: 64
address sizes	: 36 bits physical, 48 bits virtual
power management:



Memory: 4k page, physical 3900920k(221616k free), swap 0k(0k free)

vm_info: Java HotSpot(TM) 64-Bit Server VM (25.77-b03) for linux-amd64 JRE (1.8.0_77-b03), built on Mar 20 2016 22:00:46 by "java_re" with gcc 4.3.0 20080428 (Red Hat 4.3.0-8)

time: Sun Apr 10 15:22:18 2016
elapsed time: 7 seconds (0d 0h 0m 7s)

