#
# A fatal error has been detected by the Java Runtime Environment:
#
#  SIGSEGV (0xb) at pc=0x00007f8bc4d7e37a, pid=3787, tid=140236645979904
#
# JRE version: Java(TM) SE Runtime Environment (8.0_77-b03) (build 1.8.0_77-b03)
# Java VM: Java HotSpot(TM) 64-Bit Server VM (25.77-b03 mixed mode linux-amd64 compressed oops)
# Problematic frame:
# C  [libc.so.6+0x8037a]  strlen+0x2a
#
# Core dump written. Default location: /home/webmaster/workspace/rfsus/java/rfsus/core or core.3787
#
# If you would like to submit a bug report, please visit:
#   http://bugreport.java.com/bugreport/crash.jsp
# The crash happened outside the Java Virtual Machine in native code.
# See problematic frame for where to report the bug.
#

---------------  T H R E A D  ---------------

Current thread (0x00007f8bbc333800):  JavaThread "Thread-0" [_thread_in_native, id=3816, stack(0x00007f8b6367d000,0x00007f8b6377e000)]

siginfo: si_signo: 11 (SIGSEGV), si_code: 1 (SEGV_MAPERR), si_addr: 0x0000000000000001

Registers:
RAX=0x0000000000000001, RBX=0x00007f8baca36b00, RCX=0x0000000000000001, RDX=0x0000000000000000
RSP=0x00007f8b6377c448, RBP=0x00007f8b6377c490, RSI=0x0000000000000001, RDI=0x0000000000000001
R8 =0x0000000000000000, R9 =0x0000000000000006, R10=0x00007f8bad015968, R11=0x00007f8bc46d7d80
R12=0x0000000000000000, R13=0x00007f8baca36b00, R14=0x00007f8b6377c528, R15=0x00007f8bbc333800
RIP=0x00007f8bc4d7e37a, EFLAGS=0x0000000000010293, CSGSFS=0x0000000000000033, ERR=0x0000000000000004
  TRAPNO=0x000000000000000e

Top of Stack: (sp=0x00007f8b6377c448)
0x00007f8b6377c448:   00007f8b6356d96a 00007f8bbc333800
0x00007f8b6377c458:   00007f8b63956990 0000000000000001
0x00007f8b6377c468:   00007f8bbc3339f8 0000000000000000
0x00007f8b6377c478:   0000000000000000 00007f8baca36b00
0x00007f8b6377c488:   0000000000000000 00007f8b6377c4f8
0x00007f8b6377c498:   00007f8bad015994 00007f8b6377c4f8
0x00007f8b6377c4a8:   00007f8bad015727 00007f8bad0156e2
0x00007f8b6377c4b8:   00007f8b6377c4b8 00007f8baca36b00
0x00007f8b6377c4c8:   00007f8b6377c528 00007f8b638c0540
0x00007f8b6377c4d8:   0000000000000000 00007f8baca36b00
0x00007f8b6377c4e8:   0000000000000000 00007f8b6377c518
0x00007f8b6377c4f8:   00007f8b6377c570 00007f8bad0079d0
0x00007f8b6377c508:   00000000ec7e8508 00007f8bad00f57b
0x00007f8b6377c518:   0000000000000000 0000000000000001
0x00007f8b6377c528:   00000000ec90f810 00007f8b6377c530
0x00007f8b6377c538:   00007f8b638c72bf 00007f8b6377c598
0x00007f8b6377c548:   00007f8b639128a0 0000000000000000
0x00007f8b6377c558:   00007f8b638c72f0 00007f8b6377c518
0x00007f8b6377c568:   00007f8b6377c580 00007f8b6377c5e0
0x00007f8b6377c578:   00007f8bad0079d0 0000000000000000
0x00007f8b6377c588:   0000000000000000 0000000000000000
0x00007f8b6377c598:   00000000ec90f810 00007f8b6377c5a0
0x00007f8b6377c5a8:   00007f8b638c73d2 00007f8b6377c628
0x00007f8b6377c5b8:   00007f8b639128a0 0000000000000000
0x00007f8b6377c5c8:   00007f8b638c7438 00007f8b6377c580
0x00007f8b6377c5d8:   00007f8b6377c618 00007f8b6377c670
0x00007f8b6377c5e8:   00007f8bad0079d0 0000000000000000
0x00007f8b6377c5f8:   0000000000000000 0000000000000000
0x00007f8b6377c608:   0000000000000000 0000000000000000
0x00007f8b6377c618:   0000000000000000 0000000000000000
0x00007f8b6377c628:   00000000ec90f810 00007f8b6377c630
0x00007f8b6377c638:   00007f8b6395058b 00007f8b6377c6a8 

Instructions: (pc=0x00007f8bc4d7e37a)
0x00007f8bc4d7e35a:   66 45 0f ef d2 66 45 0f ef db 48 89 f8 48 89 f9
0x00007f8bc4d7e36a:   48 81 e1 ff 0f 00 00 48 81 f9 cf 0f 00 00 77 66
0x00007f8bc4d7e37a:   f3 44 0f 6f 20 66 45 0f 74 e0 66 41 0f d7 d4 85
0x00007f8bc4d7e38a:   d2 74 04 0f bc c2 c3 48 83 e0 f0 66 44 0f 74 48 

Register to memory mapping:

RAX=0x0000000000000001 is an unknown value
RBX={method} {0x00007f8baca36b00} 'getString' '(JZ)Ljava/lang/String;' in 'com/sun/jna/Native'
RCX=0x0000000000000001 is an unknown value
RDX=0x0000000000000000 is an unknown value
RSP=0x00007f8b6377c448 is pointing into the stack for thread: 0x00007f8bbc333800
RBP=0x00007f8b6377c490 is pointing into the stack for thread: 0x00007f8bbc333800
RSI=0x0000000000000001 is an unknown value
RDI=0x0000000000000001 is an unknown value
R8 =0x0000000000000000 is an unknown value
R9 =0x0000000000000006 is an unknown value
R10=0x00007f8bad015968 is at code_begin+808 in an Interpreter codelet
method entry point (kind = native)  [0x00007f8bad015640, 0x00007f8bad015f40]  2304 bytes
R11=0x00007f8bc46d7d80: <offset 0x9b9d80> in /usr/lib/jvm/java-8-oracle/jre/lib/amd64/server/libjvm.so at 0x00007f8bc3d1e000
R12=0x0000000000000000 is an unknown value
R13={method} {0x00007f8baca36b00} 'getString' '(JZ)Ljava/lang/String;' in 'com/sun/jna/Native'
R14=0x00007f8b6377c528 is pointing into the stack for thread: 0x00007f8bbc333800
R15=0x00007f8bbc333800 is a thread


Stack: [0x00007f8b6367d000,0x00007f8b6377e000],  sp=0x00007f8b6377c448,  free space=1021k
Native frames: (J=compiled Java code, j=interpreted, Vv=VM code, C=native code)
C  [libc.so.6+0x8037a]  strlen+0x2a
j  com.sun.jna.Native.getString(JZ)Ljava/lang/String;+0
j  com.sun.jna.Pointer.getString(JZ)Ljava/lang/String;+7
j  com.sun.jna.Pointer.getString(J)Ljava/lang/String;+90
j  com.sun.jna.Function.invokeString(I[Ljava/lang/Object;Z)Ljava/lang/String;+35
j  com.sun.jna.Function.invoke([Ljava/lang/Object;Ljava/lang/Class;Z)Ljava/lang/Object;+544
j  com.sun.jna.Function.invoke(Ljava/lang/Class;[Ljava/lang/Object;Ljava/util/Map;)Ljava/lang/Object;+214
j  com.sun.jna.Library$Handler.invoke(Ljava/lang/Object;Ljava/lang/reflect/Method;[Ljava/lang/Object;)Ljava/lang/Object;+341
j  com.sun.proxy.$Proxy0.ler()Ljava/lang/String;+9
j  br.edu.ifba.rfsus.jna.rfid.LeitorRfid.run()V+24
j  java.lang.Thread.run()V+11
v  ~StubRoutines::call_stub
V  [libjvm.so+0x68c616]  JavaCalls::call_helper(JavaValue*, methodHandle*, JavaCallArguments*, Thread*)+0x1056
V  [libjvm.so+0x68cb21]  JavaCalls::call_virtual(JavaValue*, KlassHandle, Symbol*, Symbol*, JavaCallArguments*, Thread*)+0x321
V  [libjvm.so+0x68cfc7]  JavaCalls::call_virtual(JavaValue*, Handle, KlassHandle, Symbol*, Symbol*, Thread*)+0x47
V  [libjvm.so+0x723d80]  thread_entry(JavaThread*, Thread*)+0xa0
V  [libjvm.so+0xa69dcf]  JavaThread::thread_main_inner()+0xdf
V  [libjvm.so+0xa69efc]  JavaThread::run()+0x11c
V  [libjvm.so+0x91d9d8]  java_start(Thread*)+0x108
C  [libpthread.so.0+0x7284]  start_thread+0xc4

Java frames: (J=compiled Java code, j=interpreted, Vv=VM code)
j  com.sun.jna.Native.getString(JZ)Ljava/lang/String;+0
j  com.sun.jna.Pointer.getString(JZ)Ljava/lang/String;+7
j  com.sun.jna.Pointer.getString(J)Ljava/lang/String;+90
j  com.sun.jna.Function.invokeString(I[Ljava/lang/Object;Z)Ljava/lang/String;+35
j  com.sun.jna.Function.invoke([Ljava/lang/Object;Ljava/lang/Class;Z)Ljava/lang/Object;+544
j  com.sun.jna.Function.invoke(Ljava/lang/Class;[Ljava/lang/Object;Ljava/util/Map;)Ljava/lang/Object;+214
j  com.sun.jna.Library$Handler.invoke(Ljava/lang/Object;Ljava/lang/reflect/Method;[Ljava/lang/Object;)Ljava/lang/Object;+341
j  com.sun.proxy.$Proxy0.ler()Ljava/lang/String;+9
j  br.edu.ifba.rfsus.jna.rfid.LeitorRfid.run()V+24
j  java.lang.Thread.run()V+11
v  ~StubRoutines::call_stub

---------------  P R O C E S S  ---------------

Java Threads: ( => current thread )
  0x00007f8bbc00a000 JavaThread "DestroyJavaVM" [_thread_blocked, id=3793, stack(0x00007f8bc57d7000,0x00007f8bc58d8000)]
=>0x00007f8bbc333800 JavaThread "Thread-0" [_thread_in_native, id=3816, stack(0x00007f8b6367d000,0x00007f8b6377e000)]
  0x00007f8b680ad000 JavaThread "TimerQueue" daemon [_thread_blocked, id=3815, stack(0x00007f8b6377e000,0x00007f8b6387f000)]
  0x00007f8bbc2b0800 JavaThread "AWT-EventQueue-0" [_thread_blocked, id=3810, stack(0x00007f8b9c67e000,0x00007f8b9c77f000)]
  0x00007f8bbc2ae800 JavaThread "AWT-Shutdown" [_thread_blocked, id=3809, stack(0x00007f8b9c77f000,0x00007f8b9c880000)]
  0x00007f8bbc25f800 JavaThread "AWT-XAWT" daemon [_thread_in_native, id=3808, stack(0x00007f8b9c880000,0x00007f8b9c981000)]
  0x00007f8bbc23f800 JavaThread "Java2D Disposer" daemon [_thread_blocked, id=3807, stack(0x00007f8b9cd92000,0x00007f8b9ce93000)]
  0x00007f8bbc0c0000 JavaThread "Service Thread" daemon [_thread_blocked, id=3805, stack(0x00007f8b9eb42000,0x00007f8b9ec43000)]
  0x00007f8bbc0bd000 JavaThread "C1 CompilerThread2" daemon [_thread_blocked, id=3804, stack(0x00007f8b9ec43000,0x00007f8b9ed44000)]
  0x00007f8bbc0bb000 JavaThread "C2 CompilerThread1" daemon [_thread_blocked, id=3803, stack(0x00007f8b9ed44000,0x00007f8b9ee45000)]
  0x00007f8bbc0b8800 JavaThread "C2 CompilerThread0" daemon [_thread_blocked, id=3802, stack(0x00007f8b9ee45000,0x00007f8b9ef46000)]
  0x00007f8bbc0b7000 JavaThread "Signal Dispatcher" daemon [_thread_blocked, id=3801, stack(0x00007f8b9ef46000,0x00007f8b9f047000)]
  0x00007f8bbc084000 JavaThread "Finalizer" daemon [_thread_blocked, id=3800, stack(0x00007f8b9f1d1000,0x00007f8b9f2d2000)]
  0x00007f8bbc07f800 JavaThread "Reference Handler" daemon [_thread_blocked, id=3799, stack(0x00007f8b9f2d2000,0x00007f8b9f3d3000)]

Other Threads:
  0x00007f8bbc077800 VMThread [stack: 0x00007f8b9f3d3000,0x00007f8b9f4d4000] [id=3798]
  0x00007f8bbc0c3000 WatcherThread [stack: 0x00007f8b9ea41000,0x00007f8b9eb42000] [id=3806]

VM state:not at safepoint (normal execution)

VM Mutex/Monitor currently owned by a thread: None

Heap:
 PSYoungGen      total 17920K, used 7396K [0x00000000ec200000, 0x00000000ed600000, 0x0000000100000000)
  eden space 15360K, 48% used [0x00000000ec200000,0x00000000ec939250,0x00000000ed100000)
  from space 2560K, 0% used [0x00000000ed380000,0x00000000ed380000,0x00000000ed600000)
  to   space 2560K, 0% used [0x00000000ed100000,0x00000000ed100000,0x00000000ed380000)
 ParOldGen       total 40960K, used 0K [0x00000000c4600000, 0x00000000c6e00000, 0x00000000ec200000)
  object space 40960K, 0% used [0x00000000c4600000,0x00000000c4600000,0x00000000c6e00000)
 Metaspace       used 12412K, capacity 12632K, committed 12928K, reserved 1060864K
  class space    used 1513K, capacity 1606K, committed 1664K, reserved 1048576K

Card table byte_map: [0x00007f8bc23e5000,0x00007f8bc25c3000] byte_map_base: 0x00007f8bc1dc2000

Marking Bits: (ParMarkBitMap*) 0x00007f8bc4cd3100
 Begin Bits: [0x00007f8bc00d3000, 0x00007f8bc0fbb000)
 End Bits:   [0x00007f8bc0fbb000, 0x00007f8bc1ea3000)

Polling page: 0x00007f8bc58f7000

CodeCache: size=245760Kb used=2221Kb max_used=2221Kb free=243538Kb
 bounds [0x00007f8bad000000, 0x00007f8bad270000, 0x00007f8bbc000000]
 total_blobs=1124 nmethods=579 adapters=459
 compilation: enabled

Compilation events (10 events):
Event: 5,986 Thread 0x00007f8bbc0bd000  573       1       sun.java2d.pipe.Region::getHiY (5 bytes)
Event: 5,986 Thread 0x00007f8bbc0bd000 nmethod 573 0x00007f8bad228990 code [0x00007f8bad228ae0, 0x00007f8bad228bf0]
Event: 6,486 Thread 0x00007f8bbc0bd000  574       3       sun.awt.SunToolkit::targetToAppContext (30 bytes)
Event: 6,487 Thread 0x00007f8bbc0bd000 nmethod 574 0x00007f8bad227fd0 code [0x00007f8bad228180, 0x00007f8bad228758]
Event: 6,487 Thread 0x00007f8bbc0bd000  575       3       sun.awt.SunToolkit::getAppContext (42 bytes)
Event: 6,489 Thread 0x00007f8bbc0bd000 nmethod 575 0x00007f8bad2271d0 code [0x00007f8bad2273c0, 0x00007f8bad227da8]
Event: 6,489 Thread 0x00007f8bbc0bd000  576       3       java.awt.Component$1::getAppContext (5 bytes)
Event: 6,489 Thread 0x00007f8bbc0bd000 nmethod 576 0x00007f8bad22b0d0 code [0x00007f8bad22b240, 0x00007f8bad22b390]
Event: 7,983 Thread 0x00007f8bbc0bd000  577       1       java.security.CodeSource::getLocation (5 bytes)
Event: 7,983 Thread 0x00007f8bbc0bd000 nmethod 577 0x00007f8bad22b450 code [0x00007f8bad22b5a0, 0x00007f8bad22b6b0]

GC Heap History (0 events):
No events

Deoptimization events (4 events):
Event: 0,815 Thread 0x00007f8bbc00a000 Uncommon trap: reason=class_check action=maybe_recompile pc=0x00007f8bad158930 method=java.lang.String.equals(Ljava/lang/Object;)Z @ 8
Event: 0,815 Thread 0x00007f8bbc00a000 Uncommon trap: reason=class_check action=maybe_recompile pc=0x00007f8bad158930 method=java.lang.String.equals(Ljava/lang/Object;)Z @ 8
Event: 0,815 Thread 0x00007f8bbc00a000 Uncommon trap: reason=class_check action=maybe_recompile pc=0x00007f8bad158930 method=java.lang.String.equals(Ljava/lang/Object;)Z @ 8
Event: 0,815 Thread 0x00007f8bbc00a000 Uncommon trap: reason=class_check action=maybe_recompile pc=0x00007f8bad158930 method=java.lang.String.equals(Ljava/lang/Object;)Z @ 8

Internal exceptions (10 events):
Event: 0,058 Thread 0x00007f8bbc00a000 Exception <a 'java/lang/NoSuchMethodError': Method sun.misc.Unsafe.prefetchRead(Ljava/lang/Object;J)V name or signature does not match> (0x00000000ec207fa8) thrown at [/HUDSON/workspace/8-2-build-linux-amd64/jdk8u77/6540/hotspot/src/share/vm/prims/jni.cpp
Event: 0,254 Thread 0x00007f8bbc00a000 Exception <a 'java/security/PrivilegedActionException'> (0x00000000ec2e9568) thrown at [/HUDSON/workspace/8-2-build-linux-amd64/jdk8u77/6540/hotspot/src/share/vm/prims/jvm.cpp, line 1386]
Event: 0,254 Thread 0x00007f8bbc00a000 Exception <a 'java/security/PrivilegedActionException'> (0x00000000ec2e9778) thrown at [/HUDSON/workspace/8-2-build-linux-amd64/jdk8u77/6540/hotspot/src/share/vm/prims/jvm.cpp, line 1386]
Event: 0,255 Thread 0x00007f8bbc00a000 Exception <a 'java/security/PrivilegedActionException'> (0x00000000ec2ebbb8) thrown at [/HUDSON/workspace/8-2-build-linux-amd64/jdk8u77/6540/hotspot/src/share/vm/prims/jvm.cpp, line 1386]
Event: 0,255 Thread 0x00007f8bbc00a000 Exception <a 'java/security/PrivilegedActionException'> (0x00000000ec2ebdc8) thrown at [/HUDSON/workspace/8-2-build-linux-amd64/jdk8u77/6540/hotspot/src/share/vm/prims/jvm.cpp, line 1386]
Event: 0,345 Thread 0x00007f8bbc00a000 Exception <a 'java/lang/NoSuchFieldError': method resolution failed> (0x00000000ec3bb808) thrown at [/HUDSON/workspace/8-2-build-linux-amd64/jdk8u77/6540/hotspot/src/share/vm/prims/methodHandles.cpp, line 1146]
Event: 0,349 Thread 0x00007f8bbc00a000 Exception <a 'java/lang/NoSuchFieldError': method resolution failed> (0x00000000ec3c8f58) thrown at [/HUDSON/workspace/8-2-build-linux-amd64/jdk8u77/6540/hotspot/src/share/vm/prims/methodHandles.cpp, line 1146]
Event: 0,382 Thread 0x00007f8bbc00a000 Exception <a 'java/io/FileNotFoundException'> (0x00000000ec446250) thrown at [/HUDSON/workspace/8-2-build-linux-amd64/jdk8u77/6540/hotspot/src/share/vm/prims/jni.cpp, line 709]
Event: 0,382 Thread 0x00007f8bbc00a000 Exception <a 'java/io/FileNotFoundException'> (0x00000000ec446d70) thrown at [/HUDSON/workspace/8-2-build-linux-amd64/jdk8u77/6540/hotspot/src/share/vm/prims/jni.cpp, line 709]
Event: 0,976 Thread 0x00007f8bbc2b0800 Exception <a 'java/lang/UnsupportedOperationException': > (0x00000000ec606520) thrown at [/HUDSON/workspace/8-2-build-linux-amd64/jdk8u77/6540/hotspot/src/share/vm/prims/jni.cpp, line 735]

Events (10 events):
Event: 5,979 loading class java/lang/reflect/TypeVariable
Event: 5,979 loading class java/lang/reflect/TypeVariable done
Event: 5,979 loading class java/lang/reflect/AnnotatedType
Event: 5,979 loading class java/lang/reflect/AnnotatedType done
Event: 5,979 loading class com/sun/jna/NativeString
Event: 5,979 loading class com/sun/jna/NativeString done
Event: 5,980 loading class com/sun/jna/Memory$SharedMemory
Event: 5,980 loading class com/sun/jna/Memory$SharedMemory done
Event: 7,982 loading class com/sun/jna/Function$PostCallRead
Event: 7,982 loading class com/sun/jna/Function$PostCallRead done


Dynamic libraries:
00400000-00401000 r-xp 00000000 08:01 22021852                           /usr/lib/jvm/java-8-oracle/bin/java
00600000-00601000 rw-p 00000000 08:01 22021852                           /usr/lib/jvm/java-8-oracle/bin/java
017c7000-017e8000 rw-p 00000000 00:00 0                                  [heap]
c4600000-c6e00000 rw-p 00000000 00:00 0 
c6e00000-ec200000 ---p 00000000 00:00 0 
ec200000-ed600000 rw-p 00000000 00:00 0 
ed600000-100000000 ---p 00000000 00:00 0 
100000000-1001a0000 rw-p 00000000 00:00 0 
1001a0000-140000000 ---p 00000000 00:00 0 
7f8b54000000-7f8b54322000 rw-p 00000000 00:00 0 
7f8b54322000-7f8b58000000 ---p 00000000 00:00 0 
7f8b5c000000-7f8b5c021000 rw-p 00000000 00:00 0 
7f8b5c021000-7f8b60000000 ---p 00000000 00:00 0 
7f8b6265a000-7f8b627c5000 r-xp 00000000 08:01 21496825                   /usr/lib/x86_64-linux-gnu/libstdc++.so.6.0.21
7f8b627c5000-7f8b629c5000 ---p 0016b000 08:01 21496825                   /usr/lib/x86_64-linux-gnu/libstdc++.so.6.0.21
7f8b629c5000-7f8b629cf000 r--p 0016b000 08:01 21496825                   /usr/lib/x86_64-linux-gnu/libstdc++.so.6.0.21
7f8b629cf000-7f8b629d1000 rw-p 00175000 08:01 21496825                   /usr/lib/x86_64-linux-gnu/libstdc++.so.6.0.21
7f8b629d1000-7f8b629d5000 rw-p 00000000 00:00 0 
7f8b629d5000-7f8b62a43000 r-xp 00000000 08:01 23069454                   /lib/x86_64-linux-gnu/libpcre.so.3.13.2
7f8b62a43000-7f8b62c43000 ---p 0006e000 08:01 23069454                   /lib/x86_64-linux-gnu/libpcre.so.3.13.2
7f8b62c43000-7f8b62c44000 r--p 0006e000 08:01 23069454                   /lib/x86_64-linux-gnu/libpcre.so.3.13.2
7f8b62c44000-7f8b62c45000 rw-p 0006f000 08:01 23069454                   /lib/x86_64-linux-gnu/libpcre.so.3.13.2
7f8b62e6a000-7f8b62f76000 r-xp 00000000 08:01 23072132                   /lib/x86_64-linux-gnu/libglib-2.0.so.0.4600.2
7f8b62f76000-7f8b63176000 ---p 0010c000 08:01 23072132                   /lib/x86_64-linux-gnu/libglib-2.0.so.0.4600.2
7f8b63176000-7f8b63177000 r--p 0010c000 08:01 23072132                   /lib/x86_64-linux-gnu/libglib-2.0.so.0.4600.2
7f8b63177000-7f8b63178000 rw-p 0010d000 08:01 23072132                   /lib/x86_64-linux-gnu/libglib-2.0.so.0.4600.2
7f8b63178000-7f8b63179000 rw-p 00000000 00:00 0 
7f8b63365000-7f8b63366000 r-xp 00000000 08:01 18875785                   /home/webmaster/workspace/rfsus/java/rfsus/comunicacaoConsulta.so
7f8b63366000-7f8b63566000 ---p 00001000 08:01 18875785                   /home/webmaster/workspace/rfsus/java/rfsus/comunicacaoConsulta.so
7f8b63566000-7f8b63567000 rw-p 00001000 08:01 18875785                   /home/webmaster/workspace/rfsus/java/rfsus/comunicacaoConsulta.so
7f8b63567000-7f8b6357c000 r-xp 00000000 08:01 24117655                   /tmp/jna115086210634084882.tmp
7f8b6357c000-7f8b6367b000 ---p 00015000 08:01 24117655                   /tmp/jna115086210634084882.tmp
7f8b6367b000-7f8b6367d000 rw-p 00014000 08:01 24117655                   /tmp/jna115086210634084882.tmp
7f8b6367d000-7f8b63680000 ---p 00000000 00:00 0 
7f8b63680000-7f8b6377e000 rw-p 00000000 00:00 0                          [stack:3816]
7f8b6377e000-7f8b63781000 ---p 00000000 00:00 0 
7f8b63781000-7f8b6397f000 rw-p 00000000 00:00 0                          [stack:3815]
7f8b6397f000-7f8b63a7f000 ---p 00000000 00:00 0 
7f8b63a7f000-7f8b63ae8000 r-xp 00000000 08:01 22418299                   /usr/lib/jvm/java-8-oracle/jre/lib/amd64/libt2k.so
7f8b63ae8000-7f8b63ce8000 ---p 00069000 08:01 22418299                   /usr/lib/jvm/java-8-oracle/jre/lib/amd64/libt2k.so
7f8b63ce8000-7f8b63cef000 rw-p 00069000 08:01 22418299                   /usr/lib/jvm/java-8-oracle/jre/lib/amd64/libt2k.so
7f8b63cef000-7f8b64000000 rw-p 00000000 00:00 0 
7f8b64000000-7f8b64021000 rw-p 00000000 00:00 0 
7f8b64021000-7f8b68000000 ---p 00000000 00:00 0 
7f8b68000000-7f8b68189000 rw-p 00000000 00:00 0 
7f8b68189000-7f8b6c000000 ---p 00000000 00:00 0 
7f8b6c000000-7f8b6c021000 rw-p 00000000 00:00 0 
7f8b6c021000-7f8b70000000 ---p 00000000 00:00 0 
7f8b70000000-7f8b70021000 rw-p 00000000 00:00 0 
7f8b70021000-7f8b74000000 ---p 00000000 00:00 0 
7f8b74000000-7f8b74021000 rw-p 00000000 00:00 0 
7f8b74021000-7f8b78000000 ---p 00000000 00:00 0 
7f8b78000000-7f8b78021000 rw-p 00000000 00:00 0 
7f8b78021000-7f8b7c000000 ---p 00000000 00:00 0 
7f8b7c000000-7f8b7c053000 rw-p 00000000 00:00 0 
7f8b7c053000-7f8b80000000 ---p 00000000 00:00 0 
7f8b80000000-7f8b801d6000 rw-p 00000000 00:00 0 
7f8b801d6000-7f8b84000000 ---p 00000000 00:00 0 
7f8b84000000-7f8b84021000 rw-p 00000000 00:00 0 
7f8b84021000-7f8b88000000 ---p 00000000 00:00 0 
7f8b88000000-7f8b880c8000 rw-p 00000000 00:00 0 
7f8b880c8000-7f8b8c000000 ---p 00000000 00:00 0 
7f8b8c000000-7f8b8c021000 rw-p 00000000 00:00 0 
7f8b8c021000-7f8b90000000 ---p 00000000 00:00 0 
7f8b90000000-7f8b90021000 rw-p 00000000 00:00 0 
7f8b90021000-7f8b94000000 ---p 00000000 00:00 0 
7f8b94000000-7f8b94021000 rw-p 00000000 00:00 0 
7f8b94021000-7f8b98000000 ---p 00000000 00:00 0 
7f8b98000000-7f8b98021000 rw-p 00000000 00:00 0 
7f8b98021000-7f8b9c000000 ---p 00000000 00:00 0 
7f8b9c056000-7f8b9c067000 r-xp 00000000 08:01 22418383                   /usr/lib/jvm/java-8-oracle/jre/lib/amd64/libnio.so
7f8b9c067000-7f8b9c266000 ---p 00011000 08:01 22418383                   /usr/lib/jvm/java-8-oracle/jre/lib/amd64/libnio.so
7f8b9c266000-7f8b9c267000 rw-p 00010000 08:01 22418383                   /usr/lib/jvm/java-8-oracle/jre/lib/amd64/libnio.so
7f8b9c267000-7f8b9c27d000 r-xp 00000000 08:01 22418328                   /usr/lib/jvm/java-8-oracle/jre/lib/amd64/libnet.so
7f8b9c27d000-7f8b9c47d000 ---p 00016000 08:01 22418328                   /usr/lib/jvm/java-8-oracle/jre/lib/amd64/libnet.so
7f8b9c47d000-7f8b9c47e000 rw-p 00016000 08:01 22418328                   /usr/lib/jvm/java-8-oracle/jre/lib/amd64/libnet.so
7f8b9c47e000-7f8b9c67e000 rw-p 00000000 00:00 0 
7f8b9c67e000-7f8b9c681000 ---p 00000000 00:00 0 
7f8b9c681000-7f8b9c77f000 rw-p 00000000 00:00 0                          [stack:3810]
7f8b9c77f000-7f8b9c782000 ---p 00000000 00:00 0 
7f8b9c782000-7f8b9c880000 rw-p 00000000 00:00 0                          [stack:3809]
7f8b9c880000-7f8b9c883000 ---p 00000000 00:00 0 
7f8b9c883000-7f8b9c981000 rw-p 00000000 00:00 0                          [stack:3808]
7f8b9c981000-7f8b9c986000 r-xp 00000000 08:01 21504500                   /usr/lib/x86_64-linux-gnu/libXfixes.so.3.1.0
7f8b9c986000-7f8b9cb85000 ---p 00005000 08:01 21504500                   /usr/lib/x86_64-linux-gnu/libXfixes.so.3.1.0
7f8b9cb85000-7f8b9cb86000 r--p 00004000 08:01 21504500                   /usr/lib/x86_64-linux-gnu/libXfixes.so.3.1.0
7f8b9cb86000-7f8b9cb87000 rw-p 00005000 08:01 21504500                   /usr/lib/x86_64-linux-gnu/libXfixes.so.3.1.0
7f8b9cb87000-7f8b9cb91000 r-xp 00000000 08:01 21504492                   /usr/lib/x86_64-linux-gnu/libXcursor.so.1.0.2
7f8b9cb91000-7f8b9cd90000 ---p 0000a000 08:01 21504492                   /usr/lib/x86_64-linux-gnu/libXcursor.so.1.0.2
7f8b9cd90000-7f8b9cd91000 r--p 00009000 08:01 21504492                   /usr/lib/x86_64-linux-gnu/libXcursor.so.1.0.2
7f8b9cd91000-7f8b9cd92000 rw-p 0000a000 08:01 21504492                   /usr/lib/x86_64-linux-gnu/libXcursor.so.1.0.2
7f8b9cd92000-7f8b9cd95000 ---p 00000000 00:00 0 
7f8b9cd95000-7f8b9ce93000 rw-p 00000000 00:00 0                          [stack:3807]
7f8b9ce93000-7f8b9cea9000 r-xp 00000000 08:01 23069139                   /lib/x86_64-linux-gnu/libgcc_s.so.1
7f8b9cea9000-7f8b9d0a8000 ---p 00016000 08:01 23069139                   /lib/x86_64-linux-gnu/libgcc_s.so.1
7f8b9d0a8000-7f8b9d0a9000 rw-p 00015000 08:01 23069139                   /lib/x86_64-linux-gnu/libgcc_s.so.1
7f8b9d0c5000-7f8b9d12a000 r-xp 00000000 08:01 22418310                   /usr/lib/jvm/java-8-oracle/jre/lib/amd64/libfontmanager.so
7f8b9d12a000-7f8b9d329000 ---p 00065000 08:01 22418310                   /usr/lib/jvm/java-8-oracle/jre/lib/amd64/libfontmanager.so
7f8b9d329000-7f8b9d32e000 rw-p 00064000 08:01 22418310                   /usr/lib/jvm/java-8-oracle/jre/lib/amd64/libfontmanager.so
7f8b9d32e000-7f8b9d33e000 rw-p 00000000 00:00 0 
7f8b9d33e000-7f8b9d343000 r-xp 00000000 08:01 21498797                   /usr/lib/x86_64-linux-gnu/libXdmcp.so.6.0.0
7f8b9d343000-7f8b9d542000 ---p 00005000 08:01 21498797                   /usr/lib/x86_64-linux-gnu/libXdmcp.so.6.0.0
7f8b9d542000-7f8b9d543000 r--p 00004000 08:01 21498797                   /usr/lib/x86_64-linux-gnu/libXdmcp.so.6.0.0
7f8b9d543000-7f8b9d544000 rw-p 00005000 08:01 21498797                   /usr/lib/x86_64-linux-gnu/libXdmcp.so.6.0.0
7f8b9d544000-7f8b9d547000 r-xp 00000000 08:01 21504485                   /usr/lib/x86_64-linux-gnu/libXau.so.6.0.0
7f8b9d547000-7f8b9d746000 ---p 00003000 08:01 21504485                   /usr/lib/x86_64-linux-gnu/libXau.so.6.0.0
7f8b9d746000-7f8b9d747000 r--p 00002000 08:01 21504485                   /usr/lib/x86_64-linux-gnu/libXau.so.6.0.0
7f8b9d747000-7f8b9d748000 rw-p 00003000 08:01 21504485                   /usr/lib/x86_64-linux-gnu/libXau.so.6.0.0
7f8b9d748000-7f8b9d769000 r-xp 00000000 08:01 21505663                   /usr/lib/x86_64-linux-gnu/libxcb.so.1.1.0
7f8b9d769000-7f8b9d968000 ---p 00021000 08:01 21505663                   /usr/lib/x86_64-linux-gnu/libxcb.so.1.1.0
7f8b9d968000-7f8b9d969000 r--p 00020000 08:01 21505663                   /usr/lib/x86_64-linux-gnu/libxcb.so.1.1.0
7f8b9d969000-7f8b9d96a000 rw-p 00021000 08:01 21505663                   /usr/lib/x86_64-linux-gnu/libxcb.so.1.1.0
7f8b9d96a000-7f8b9d979000 r-xp 00000000 08:01 21497227                   /usr/lib/x86_64-linux-gnu/libXi.so.6.1.0
7f8b9d979000-7f8b9db78000 ---p 0000f000 08:01 21497227                   /usr/lib/x86_64-linux-gnu/libXi.so.6.1.0
7f8b9db78000-7f8b9db79000 r--p 0000e000 08:01 21497227                   /usr/lib/x86_64-linux-gnu/libXi.so.6.1.0
7f8b9db79000-7f8b9db7a000 rw-p 0000f000 08:01 21497227                   /usr/lib/x86_64-linux-gnu/libXi.so.6.1.0
7f8b9db7a000-7f8b9db7f000 r-xp 00000000 08:01 21504524                   /usr/lib/x86_64-linux-gnu/libXtst.so.6.1.0
7f8b9db7f000-7f8b9dd7e000 ---p 00005000 08:01 21504524                   /usr/lib/x86_64-linux-gnu/libXtst.so.6.1.0
7f8b9dd7e000-7f8b9dd7f000 r--p 00004000 08:01 21504524                   /usr/lib/x86_64-linux-gnu/libXtst.so.6.1.0
7f8b9dd7f000-7f8b9dd80000 rw-p 00005000 08:01 21504524                   /usr/lib/x86_64-linux-gnu/libXtst.so.6.1.0
7f8b9dd80000-7f8b9dd89000 r-xp 00000000 08:01 21504518                   /usr/lib/x86_64-linux-gnu/libXrender.so.1.3.0
7f8b9dd89000-7f8b9df88000 ---p 00009000 08:01 21504518                   /usr/lib/x86_64-linux-gnu/libXrender.so.1.3.0
7f8b9df88000-7f8b9df89000 r--p 00008000 08:01 21504518                   /usr/lib/x86_64-linux-gnu/libXrender.so.1.3.0
7f8b9df89000-7f8b9df8a000 rw-p 00009000 08:01 21504518                   /usr/lib/x86_64-linux-gnu/libXrender.so.1.3.0
7f8b9df8a000-7f8b9e0c6000 r-xp 00000000 08:01 21504481                   /usr/lib/x86_64-linux-gnu/libX11.so.6.3.0
7f8b9e0c6000-7f8b9e2c5000 ---p 0013c000 08:01 21504481                   /usr/lib/x86_64-linux-gnu/libX11.so.6.3.0
7f8b9e2c5000-7f8b9e2c7000 r--p 0013b000 08:01 21504481                   /usr/lib/x86_64-linux-gnu/libX11.so.6.3.0
7f8b9e2c7000-7f8b9e2cc000 rw-p 0013d000 08:01 21504481                   /usr/lib/x86_64-linux-gnu/libX11.so.6.3.0
7f8b9e2cc000-7f8b9e2cd000 rw-p 00000000 00:00 0 
7f8b9e2cd000-7f8b9e2de000 r-xp 00000000 08:01 21504498                   /usr/lib/x86_64-linux-gnu/libXext.so.6.4.0
7f8b9e2de000-7f8b9e4dd000 ---p 00011000 08:01 21504498                   /usr/lib/x86_64-linux-gnu/libXext.so.6.4.0
7f8b9e4dd000-7f8b9e4de000 r--p 00010000 08:01 21504498                   /usr/lib/x86_64-linux-gnu/libXext.so.6.4.0
7f8b9e4de000-7f8b9e4df000 rw-p 00011000 08:01 21504498                   /usr/lib/x86_64-linux-gnu/libXext.so.6.4.0
7f8b9e4ec000-7f8b9e4fb000 r--p 00000000 08:01 22939311                   /usr/share/locale/pt_BR/LC_MESSAGES/libc.mo
7f8b9e4fb000-7f8b9e54f000 r-xp 00000000 08:01 22418416                   /usr/lib/jvm/java-8-oracle/jre/lib/amd64/libawt_xawt.so
7f8b9e54f000-7f8b9e74f000 ---p 00054000 08:01 22418416                   /usr/lib/jvm/java-8-oracle/jre/lib/amd64/libawt_xawt.so
7f8b9e74f000-7f8b9e753000 rw-p 00054000 08:01 22418416                   /usr/lib/jvm/java-8-oracle/jre/lib/amd64/libawt_xawt.so
7f8b9e753000-7f8b9e754000 rw-p 00000000 00:00 0 
7f8b9e754000-7f8b9e7f6000 r-xp 00000000 08:01 22418321                   /usr/lib/jvm/java-8-oracle/jre/lib/amd64/libawt.so
7f8b9e7f6000-7f8b9e9f6000 ---p 000a2000 08:01 22418321                   /usr/lib/jvm/java-8-oracle/jre/lib/amd64/libawt.so
7f8b9e9f6000-7f8b9ea02000 rw-p 000a2000 08:01 22418321                   /usr/lib/jvm/java-8-oracle/jre/lib/amd64/libawt.so
7f8b9ea02000-7f8b9ea26000 rw-p 00000000 00:00 0 
7f8b9ea26000-7f8b9ea41000 r--s 00150000 08:01 18875718                   /home/webmaster/workspace/rfsus/java/rfsus/lib/mongo-java-driver-3.2.1.jar
7f8b9ea41000-7f8b9ea42000 ---p 00000000 00:00 0 
7f8b9ea42000-7f8b9eb42000 rw-p 00000000 00:00 0                          [stack:3806]
7f8b9eb42000-7f8b9eb45000 ---p 00000000 00:00 0 
7f8b9eb45000-7f8b9ec43000 rw-p 00000000 00:00 0                          [stack:3805]
7f8b9ec43000-7f8b9ec46000 ---p 00000000 00:00 0 
7f8b9ec46000-7f8b9ed44000 rw-p 00000000 00:00 0                          [stack:3804]
7f8b9ed44000-7f8b9ed47000 ---p 00000000 00:00 0 
7f8b9ed47000-7f8b9ee45000 rw-p 00000000 00:00 0                          [stack:3803]
7f8b9ee45000-7f8b9ee48000 ---p 00000000 00:00 0 
7f8b9ee48000-7f8b9ef46000 rw-p 00000000 00:00 0                          [stack:3802]
7f8b9ef46000-7f8b9ef49000 ---p 00000000 00:00 0 
7f8b9ef49000-7f8b9f047000 rw-p 00000000 00:00 0                          [stack:3801]
7f8b9f047000-7f8b9f1d1000 r--p 00000000 08:01 21497283                   /usr/lib/locale/locale-archive
7f8b9f1d1000-7f8b9f1d4000 ---p 00000000 00:00 0 
7f8b9f1d4000-7f8b9f2d2000 rw-p 00000000 00:00 0                          [stack:3800]
7f8b9f2d2000-7f8b9f2d5000 ---p 00000000 00:00 0 
7f8b9f2d5000-7f8b9f3d3000 rw-p 00000000 00:00 0                          [stack:3799]
7f8b9f3d3000-7f8b9f3d4000 ---p 00000000 00:00 0 
7f8b9f3d4000-7f8ba0000000 rw-p 00000000 00:00 0                          [stack:3798]
7f8ba0000000-7f8ba0021000 rw-p 00000000 00:00 0 
7f8ba0021000-7f8ba4000000 ---p 00000000 00:00 0 
7f8ba4000000-7f8ba4021000 rw-p 00000000 00:00 0 
7f8ba4021000-7f8ba8000000 ---p 00000000 00:00 0 
7f8ba8000000-7f8ba8021000 rw-p 00000000 00:00 0 
7f8ba8021000-7f8bac000000 ---p 00000000 00:00 0 
7f8bac005000-7f8bac44b000 rw-p 00000000 00:00 0 
7f8bac44b000-7f8bac623000 r--s 03d1e000 08:01 22418273                   /usr/lib/jvm/java-8-oracle/jre/lib/rt.jar
7f8bac623000-7f8bad000000 rw-p 00000000 00:00 0 
7f8bad000000-7f8bad270000 rwxp 00000000 00:00 0 
7f8bad270000-7f8bbc000000 ---p 00000000 00:00 0 
7f8bbc000000-7f8bbc511000 rw-p 00000000 00:00 0 
7f8bbc511000-7f8bc0000000 ---p 00000000 00:00 0 
7f8bc0007000-7f8bc000e000 r--s 00000000 08:01 21764088                   /usr/lib/x86_64-linux-gnu/gconv/gconv-modules.cache
7f8bc000e000-7f8bc1ea3000 rw-p 00000000 00:00 0 
7f8bc1ea3000-7f8bc1ea4000 ---p 00000000 00:00 0 
7f8bc1ea4000-7f8bc1fa4000 rw-p 00000000 00:00 0                          [stack:3797]
7f8bc1fa4000-7f8bc1fa5000 ---p 00000000 00:00 0 
7f8bc1fa5000-7f8bc20a5000 rw-p 00000000 00:00 0                          [stack:3796]
7f8bc20a5000-7f8bc20a6000 ---p 00000000 00:00 0 
7f8bc20a6000-7f8bc21a6000 rw-p 00000000 00:00 0                          [stack:3795]
7f8bc21a6000-7f8bc21a7000 ---p 00000000 00:00 0 
7f8bc21a7000-7f8bc22bb000 rw-p 00000000 00:00 0                          [stack:3794]
7f8bc22bb000-7f8bc23e5000 ---p 00000000 00:00 0 
7f8bc23e5000-7f8bc23f9000 rw-p 00000000 00:00 0 
7f8bc23f9000-7f8bc2523000 ---p 00000000 00:00 0 
7f8bc2523000-7f8bc252d000 rw-p 00000000 00:00 0 
7f8bc252d000-7f8bc25c2000 ---p 00000000 00:00 0 
7f8bc25c2000-7f8bc25cd000 rw-p 00000000 00:00 0 
7f8bc25cd000-7f8bc2983000 ---p 00000000 00:00 0 
7f8bc2983000-7f8bc299d000 r-xp 00000000 08:01 22418324                   /usr/lib/jvm/java-8-oracle/jre/lib/amd64/libzip.so
7f8bc299d000-7f8bc2b9d000 ---p 0001a000 08:01 22418324                   /usr/lib/jvm/java-8-oracle/jre/lib/amd64/libzip.so
7f8bc2b9d000-7f8bc2b9e000 rw-p 0001a000 08:01 22418324                   /usr/lib/jvm/java-8-oracle/jre/lib/amd64/libzip.so
7f8bc2b9e000-7f8bc2ba9000 r-xp 00000000 08:01 23072871                   /lib/x86_64-linux-gnu/libnss_files-2.21.so
7f8bc2ba9000-7f8bc2da8000 ---p 0000b000 08:01 23072871                   /lib/x86_64-linux-gnu/libnss_files-2.21.so
7f8bc2da8000-7f8bc2da9000 r--p 0000a000 08:01 23072871                   /lib/x86_64-linux-gnu/libnss_files-2.21.so
7f8bc2da9000-7f8bc2daa000 rw-p 0000b000 08:01 23072871                   /lib/x86_64-linux-gnu/libnss_files-2.21.so
7f8bc2daa000-7f8bc2db4000 r-xp 00000000 08:01 23072873                   /lib/x86_64-linux-gnu/libnss_nis-2.21.so
7f8bc2db4000-7f8bc2fb4000 ---p 0000a000 08:01 23072873                   /lib/x86_64-linux-gnu/libnss_nis-2.21.so
7f8bc2fb4000-7f8bc2fb5000 r--p 0000a000 08:01 23072873                   /lib/x86_64-linux-gnu/libnss_nis-2.21.so
7f8bc2fb5000-7f8bc2fb6000 rw-p 0000b000 08:01 23072873                   /lib/x86_64-linux-gnu/libnss_nis-2.21.so
7f8bc2fb6000-7f8bc2fcb000 r-xp 00000000 08:01 23072868                   /lib/x86_64-linux-gnu/libnsl-2.21.so
7f8bc2fcb000-7f8bc31ca000 ---p 00015000 08:01 23072868                   /lib/x86_64-linux-gnu/libnsl-2.21.so
7f8bc31ca000-7f8bc31cb000 r--p 00014000 08:01 23072868                   /lib/x86_64-linux-gnu/libnsl-2.21.so
7f8bc31cb000-7f8bc31cc000 rw-p 00015000 08:01 23072868                   /lib/x86_64-linux-gnu/libnsl-2.21.so
7f8bc31cc000-7f8bc31ce000 rw-p 00000000 00:00 0 
7f8bc31ce000-7f8bc31d5000 r-xp 00000000 08:01 23072869                   /lib/x86_64-linux-gnu/libnss_compat-2.21.so
7f8bc31d5000-7f8bc33d4000 ---p 00007000 08:01 23072869                   /lib/x86_64-linux-gnu/libnss_compat-2.21.so
7f8bc33d4000-7f8bc33d5000 r--p 00006000 08:01 23072869                   /lib/x86_64-linux-gnu/libnss_compat-2.21.so
7f8bc33d5000-7f8bc33d6000 rw-p 00007000 08:01 23072869                   /lib/x86_64-linux-gnu/libnss_compat-2.21.so
7f8bc33d6000-7f8bc3400000 r-xp 00000000 08:01 22418319                   /usr/lib/jvm/java-8-oracle/jre/lib/amd64/libjava.so
7f8bc3400000-7f8bc3600000 ---p 0002a000 08:01 22418319                   /usr/lib/jvm/java-8-oracle/jre/lib/amd64/libjava.so
7f8bc3600000-7f8bc3602000 rw-p 0002a000 08:01 22418319                   /usr/lib/jvm/java-8-oracle/jre/lib/amd64/libjava.so
7f8bc3602000-7f8bc360f000 r-xp 00000000 08:01 22418323                   /usr/lib/jvm/java-8-oracle/jre/lib/amd64/libverify.so
7f8bc360f000-7f8bc380f000 ---p 0000d000 08:01 22418323                   /usr/lib/jvm/java-8-oracle/jre/lib/amd64/libverify.so
7f8bc380f000-7f8bc3811000 rw-p 0000d000 08:01 22418323                   /usr/lib/jvm/java-8-oracle/jre/lib/amd64/libverify.so
7f8bc3811000-7f8bc3818000 r-xp 00000000 08:01 23072877                   /lib/x86_64-linux-gnu/librt-2.21.so
7f8bc3818000-7f8bc3a17000 ---p 00007000 08:01 23072877                   /lib/x86_64-linux-gnu/librt-2.21.so
7f8bc3a17000-7f8bc3a18000 r--p 00006000 08:01 23072877                   /lib/x86_64-linux-gnu/librt-2.21.so
7f8bc3a18000-7f8bc3a19000 rw-p 00007000 08:01 23072877                   /lib/x86_64-linux-gnu/librt-2.21.so
7f8bc3a19000-7f8bc3b1d000 r-xp 00000000 08:01 23072866                   /lib/x86_64-linux-gnu/libm-2.21.so
7f8bc3b1d000-7f8bc3d1c000 ---p 00104000 08:01 23072866                   /lib/x86_64-linux-gnu/libm-2.21.so
7f8bc3d1c000-7f8bc3d1d000 r--p 00103000 08:01 23072866                   /lib/x86_64-linux-gnu/libm-2.21.so
7f8bc3d1d000-7f8bc3d1e000 rw-p 00104000 08:01 23072866                   /lib/x86_64-linux-gnu/libm-2.21.so
7f8bc3d1e000-7f8bc49dd000 r-xp 00000000 08:01 22675869                   /usr/lib/jvm/java-8-oracle/jre/lib/amd64/server/libjvm.so
7f8bc49dd000-7f8bc4bdc000 ---p 00cbf000 08:01 22675869                   /usr/lib/jvm/java-8-oracle/jre/lib/amd64/server/libjvm.so
7f8bc4bdc000-7f8bc4cb5000 rw-p 00cbe000 08:01 22675869                   /usr/lib/jvm/java-8-oracle/jre/lib/amd64/server/libjvm.so
7f8bc4cb5000-7f8bc4cfe000 rw-p 00000000 00:00 0 
7f8bc4cfe000-7f8bc4e98000 r-xp 00000000 08:01 23072862                   /lib/x86_64-linux-gnu/libc-2.21.so
7f8bc4e98000-7f8bc5098000 ---p 0019a000 08:01 23072862                   /lib/x86_64-linux-gnu/libc-2.21.so
7f8bc5098000-7f8bc509c000 r--p 0019a000 08:01 23072862                   /lib/x86_64-linux-gnu/libc-2.21.so
7f8bc509c000-7f8bc509e000 rw-p 0019e000 08:01 23072862                   /lib/x86_64-linux-gnu/libc-2.21.so
7f8bc509e000-7f8bc50a2000 rw-p 00000000 00:00 0 
7f8bc50a2000-7f8bc50a4000 r-xp 00000000 08:01 23072865                   /lib/x86_64-linux-gnu/libdl-2.21.so
7f8bc50a4000-7f8bc52a4000 ---p 00002000 08:01 23072865                   /lib/x86_64-linux-gnu/libdl-2.21.so
7f8bc52a4000-7f8bc52a5000 r--p 00002000 08:01 23072865                   /lib/x86_64-linux-gnu/libdl-2.21.so
7f8bc52a5000-7f8bc52a6000 rw-p 00003000 08:01 23072865                   /lib/x86_64-linux-gnu/libdl-2.21.so
7f8bc52a6000-7f8bc52bb000 r-xp 00000000 08:01 22417858                   /usr/lib/jvm/java-8-oracle/lib/amd64/jli/libjli.so
7f8bc52bb000-7f8bc54bb000 ---p 00015000 08:01 22417858                   /usr/lib/jvm/java-8-oracle/lib/amd64/jli/libjli.so
7f8bc54bb000-7f8bc54bc000 rw-p 00015000 08:01 22417858                   /usr/lib/jvm/java-8-oracle/lib/amd64/jli/libjli.so
7f8bc54bc000-7f8bc54d4000 r-xp 00000000 08:01 23072858                   /lib/x86_64-linux-gnu/libpthread-2.21.so
7f8bc54d4000-7f8bc56d3000 ---p 00018000 08:01 23072858                   /lib/x86_64-linux-gnu/libpthread-2.21.so
7f8bc56d3000-7f8bc56d4000 r--p 00017000 08:01 23072858                   /lib/x86_64-linux-gnu/libpthread-2.21.so
7f8bc56d4000-7f8bc56d5000 rw-p 00018000 08:01 23072858                   /lib/x86_64-linux-gnu/libpthread-2.21.so
7f8bc56d5000-7f8bc56d9000 rw-p 00000000 00:00 0 
7f8bc56d9000-7f8bc56fb000 r-xp 00000000 08:01 23072859                   /lib/x86_64-linux-gnu/ld-2.21.so
7f8bc56fb000-7f8bc56ff000 r--s 00097000 08:01 22418278                   /usr/lib/jvm/java-8-oracle/jre/lib/jsse.jar
7f8bc56ff000-7f8bc57d7000 rw-p 00000000 00:00 0 
7f8bc57d7000-7f8bc57da000 ---p 00000000 00:00 0 
7f8bc57da000-7f8bc58dd000 rw-p 00000000 00:00 0                          [stack:3793]
7f8bc58dd000-7f8bc58de000 rw-p 00000000 00:00 0 
7f8bc58de000-7f8bc58e4000 r--s 002f8000 08:01 22418271                   /usr/lib/jvm/java-8-oracle/jre/lib/charsets.jar
7f8bc58e4000-7f8bc58e5000 r--s 00008000 08:01 18875712                   /home/webmaster/workspace/rfsus/java/ui/dist/ui.jar
7f8bc58e5000-7f8bc58ea000 r--s 00032000 08:01 18875716                   /home/webmaster/workspace/rfsus/java/rfsus/lib/bson-3.0.4.jar
7f8bc58ea000-7f8bc58ee000 r--s 000d0000 08:01 18875717                   /home/webmaster/workspace/rfsus/java/rfsus/lib/jna.jar
7f8bc58ee000-7f8bc58f6000 rw-s 00000000 08:01 24117642                   /tmp/hsperfdata_webmaster/3787
7f8bc58f6000-7f8bc58f7000 rw-p 00000000 00:00 0 
7f8bc58f7000-7f8bc58f8000 r--p 00000000 00:00 0 
7f8bc58f8000-7f8bc58fa000 rw-p 00000000 00:00 0 
7f8bc58fa000-7f8bc58fb000 r--p 00021000 08:01 23072859                   /lib/x86_64-linux-gnu/ld-2.21.so
7f8bc58fb000-7f8bc58fc000 rw-p 00022000 08:01 23072859                   /lib/x86_64-linux-gnu/ld-2.21.so
7f8bc58fc000-7f8bc58fd000 rw-p 00000000 00:00 0 
7ffdf12db000-7ffdf12fc000 rw-p 00000000 00:00 0                          [stack]
7ffdf13fa000-7ffdf13fc000 r--p 00000000 00:00 0                          [vvar]
7ffdf13fc000-7ffdf13fe000 r-xp 00000000 00:00 0                          [vdso]
ffffffffff600000-ffffffffff601000 r-xp 00000000 00:00 0                  [vsyscall]

VM Arguments:
jvm_args: -Djna.library.path=. -Dfile.encoding=UTF-8 -Dawt.useSystemAAFontSettings=gasp 
java_command: br.edu.ifba.rfsus.Executor
java_class_path (initial): /home/webmaster/workspace/rfsus/java/rfsus/bin:/home/webmaster/workspace/rfsus/java/rfsus/lib/jna.jar:/home/webmaster/workspace/rfsus/java/rfsus/lib/bson-3.0.4.jar:/home/webmaster/workspace/rfsus/java/rfsus/lib/mongo-java-driver-3.2.1.jar:/home/webmaster/workspace/rfsus/java/ui/dist/ui.jar
Launcher Type: SUN_STANDARD

Environment Variables:
_JAVA_OPTIONS=  -Dawt.useSystemAAFontSettings=gasp
PATH=/usr/local/bin:/usr/bin:/bin:/usr/local/games:/usr/games
SHELL=/bin/bash
DISPLAY=:0

Signal Handlers:
SIGSEGV: [libjvm.so+0xabb070], sa_mask[0]=11111111011111111101111111111110, sa_flags=SA_RESTART|SA_SIGINFO
SIGBUS: [libjvm.so+0xabb070], sa_mask[0]=11111111011111111101111111111110, sa_flags=SA_RESTART|SA_SIGINFO
SIGFPE: [libjvm.so+0x918480], sa_mask[0]=11111111011111111101111111111110, sa_flags=SA_RESTART|SA_SIGINFO
SIGPIPE: [libjvm.so+0x918480], sa_mask[0]=11111111011111111101111111111110, sa_flags=SA_RESTART|SA_SIGINFO
SIGXFSZ: [libjvm.so+0x918480], sa_mask[0]=11111111011111111101111111111110, sa_flags=SA_RESTART|SA_SIGINFO
SIGILL: [libjvm.so+0x918480], sa_mask[0]=11111111011111111101111111111110, sa_flags=SA_RESTART|SA_SIGINFO
SIGUSR1: SIG_DFL, sa_mask[0]=00000000000000000000000000000000, sa_flags=none
SIGUSR2: [libjvm.so+0x919ab0], sa_mask[0]=00100000000000000000000000000000, sa_flags=SA_RESTART|SA_SIGINFO
SIGHUP: [libjvm.so+0x91aeb0], sa_mask[0]=11111111011111111101111111111110, sa_flags=SA_RESTART|SA_SIGINFO
SIGINT: [libjvm.so+0x91aeb0], sa_mask[0]=11111111011111111101111111111110, sa_flags=SA_RESTART|SA_SIGINFO
SIGTERM: [libjvm.so+0x91aeb0], sa_mask[0]=11111111011111111101111111111110, sa_flags=SA_RESTART|SA_SIGINFO
SIGQUIT: [libjvm.so+0x91aeb0], sa_mask[0]=11111111011111111101111111111110, sa_flags=SA_RESTART|SA_SIGINFO


---------------  S Y S T E M  ---------------

OS:DISTRIB_ID=Deepin
DISTRIB_RELEASE=15.1.1
DISTRIB_DESCRIPTION="Deepin 15.1.1 "

uname:Linux 4.2.0-1-amd64 #1 SMP Debian 4.2.6-3 (2015-12-06) x86_64
libc:glibc 2.21 NPTL 2.21 
rlimit: STACK 8192k, CORE infinity, NPROC 15091, NOFILE 65536, AS infinity
load average:0,69 0,75 0,61

/proc/meminfo:
MemTotal:        3900920 kB
MemFree:          317428 kB
MemAvailable:    1955888 kB
Buffers:           88780 kB
Cached:          1749548 kB
SwapCached:            0 kB
Active:          2361936 kB
Inactive:        1052548 kB
Active(anon):    1578716 kB
Inactive(anon):   239892 kB
Active(file):     783220 kB
Inactive(file):   812656 kB
Unevictable:          32 kB
Mlocked:              32 kB
SwapTotal:             0 kB
SwapFree:              0 kB
Dirty:               316 kB
Writeback:             0 kB
AnonPages:       1576308 kB
Mapped:           391452 kB
Shmem:            242448 kB
Slab:              96712 kB
SReclaimable:      71756 kB
SUnreclaim:        24956 kB
KernelStack:        8176 kB
PageTables:        25312 kB
NFS_Unstable:          0 kB
Bounce:                0 kB
WritebackTmp:          0 kB
CommitLimit:     1950460 kB
Committed_AS:    5145824 kB
VmallocTotal:   34359738367 kB
VmallocUsed:      543328 kB
VmallocChunk:   34358423548 kB
HardwareCorrupted:     0 kB
AnonHugePages:         0 kB
HugePages_Total:       0
HugePages_Free:        0
HugePages_Rsvd:        0
HugePages_Surp:        0
Hugepagesize:       2048 kB
DirectMap4k:      100608 kB
DirectMap2M:     3942400 kB


CPU:total 4 (2 cores per cpu, 2 threads per core) family 6 model 42 stepping 7, cmov, cx8, fxsr, mmx, sse, sse2, sse3, ssse3, sse4.1, sse4.2, popcnt, avx, clmul, ht, tsc, tscinvbit

/proc/cpuinfo:
processor	: 0
vendor_id	: GenuineIntel
cpu family	: 6
model		: 42
model name	: Intel(R) Core(TM) i3-2310M CPU @ 2.10GHz
stepping	: 7
microcode	: 0x29
cpu MHz		: 822.691
cache size	: 3072 KB
physical id	: 0
siblings	: 4
core id		: 0
cpu cores	: 2
apicid		: 0
initial apicid	: 0
fpu		: yes
fpu_exception	: yes
cpuid level	: 13
wp		: yes
flags		: fpu vme de pse tsc msr pae mce cx8 apic sep mtrr pge mca cmov pat pse36 clflush dts acpi mmx fxsr sse sse2 ss ht tm pbe syscall nx rdtscp lm constant_tsc arch_perfmon pebs bts rep_good nopl xtopology nonstop_tsc aperfmperf eagerfpu pni pclmulqdq dtes64 monitor ds_cpl vmx est tm2 ssse3 cx16 xtpr pdcm pcid sse4_1 sse4_2 x2apic popcnt tsc_deadline_timer xsave avx lahf_lm arat epb pln pts dtherm tpr_shadow vnmi flexpriority ept vpid xsaveopt
bugs		:
bogomips	: 4190.55
clflush size	: 64
cache_alignment	: 64
address sizes	: 36 bits physical, 48 bits virtual
power management:

processor	: 1
vendor_id	: GenuineIntel
cpu family	: 6
model		: 42
model name	: Intel(R) Core(TM) i3-2310M CPU @ 2.10GHz
stepping	: 7
microcode	: 0x29
cpu MHz		: 810.222
cache size	: 3072 KB
physical id	: 0
siblings	: 4
core id		: 0
cpu cores	: 2
apicid		: 1
initial apicid	: 1
fpu		: yes
fpu_exception	: yes
cpuid level	: 13
wp		: yes
flags		: fpu vme de pse tsc msr pae mce cx8 apic sep mtrr pge mca cmov pat pse36 clflush dts acpi mmx fxsr sse sse2 ss ht tm pbe syscall nx rdtscp lm constant_tsc arch_perfmon pebs bts rep_good nopl xtopology nonstop_tsc aperfmperf eagerfpu pni pclmulqdq dtes64 monitor ds_cpl vmx est tm2 ssse3 cx16 xtpr pdcm pcid sse4_1 sse4_2 x2apic popcnt tsc_deadline_timer xsave avx lahf_lm arat epb pln pts dtherm tpr_shadow vnmi flexpriority ept vpid xsaveopt
bugs		:
bogomips	: 4190.55
clflush size	: 64
cache_alignment	: 64
address sizes	: 36 bits physical, 48 bits virtual
power management:

processor	: 2
vendor_id	: GenuineIntel
cpu family	: 6
model		: 42
model name	: Intel(R) Core(TM) i3-2310M CPU @ 2.10GHz
stepping	: 7
microcode	: 0x29
cpu MHz		: 825.480
cache size	: 3072 KB
physical id	: 0
siblings	: 4
core id		: 1
cpu cores	: 2
apicid		: 2
initial apicid	: 2
fpu		: yes
fpu_exception	: yes
cpuid level	: 13
wp		: yes
flags		: fpu vme de pse tsc msr pae mce cx8 apic sep mtrr pge mca cmov pat pse36 clflush dts acpi mmx fxsr sse sse2 ss ht tm pbe syscall nx rdtscp lm constant_tsc arch_perfmon pebs bts rep_good nopl xtopology nonstop_tsc aperfmperf eagerfpu pni pclmulqdq dtes64 monitor ds_cpl vmx est tm2 ssse3 cx16 xtpr pdcm pcid sse4_1 sse4_2 x2apic popcnt tsc_deadline_timer xsave avx lahf_lm arat epb pln pts dtherm tpr_shadow vnmi flexpriority ept vpid xsaveopt
bugs		:
bogomips	: 4190.55
clflush size	: 64
cache_alignment	: 64
address sizes	: 36 bits physical, 48 bits virtual
power management:

processor	: 3
vendor_id	: GenuineIntel
cpu family	: 6
model		: 42
model name	: Intel(R) Core(TM) i3-2310M CPU @ 2.10GHz
stepping	: 7
microcode	: 0x29
cpu MHz		: 832.535
cache size	: 3072 KB
physical id	: 0
siblings	: 4
core id		: 1
cpu cores	: 2
apicid		: 3
initial apicid	: 3
fpu		: yes
fpu_exception	: yes
cpuid level	: 13
wp		: yes
flags		: fpu vme de pse tsc msr pae mce cx8 apic sep mtrr pge mca cmov pat pse36 clflush dts acpi mmx fxsr sse sse2 ss ht tm pbe syscall nx rdtscp lm constant_tsc arch_perfmon pebs bts rep_good nopl xtopology nonstop_tsc aperfmperf eagerfpu pni pclmulqdq dtes64 monitor ds_cpl vmx est tm2 ssse3 cx16 xtpr pdcm pcid sse4_1 sse4_2 x2apic popcnt tsc_deadline_timer xsave avx lahf_lm arat epb pln pts dtherm tpr_shadow vnmi flexpriority ept vpid xsaveopt
bugs		:
bogomips	: 4190.55
clflush size	: 64
cache_alignment	: 64
address sizes	: 36 bits physical, 48 bits virtual
power management:



Memory: 4k page, physical 3900920k(317428k free), swap 0k(0k free)

vm_info: Java HotSpot(TM) 64-Bit Server VM (25.77-b03) for linux-amd64 JRE (1.8.0_77-b03), built on Mar 20 2016 22:00:46 by "java_re" with gcc 4.3.0 20080428 (Red Hat 4.3.0-8)

time: Mon Apr 11 13:50:42 2016
elapsed time: 8 seconds (0d 0h 0m 8s)

