#
# A fatal error has been detected by the Java Runtime Environment:
#
#  SIGSEGV (0xb) at pc=0x00007f27daa4737a, pid=14541, tid=139807783196416
#
# JRE version: Java(TM) SE Runtime Environment (8.0_77-b03) (build 1.8.0_77-b03)
# Java VM: Java HotSpot(TM) 64-Bit Server VM (25.77-b03 mixed mode linux-amd64 compressed oops)
# Problematic frame:
# C  [libc.so.6+0x8037a]  strlen+0x2a
#
# Core dump written. Default location: /home/webmaster/workspace/rfsus/java/rfsus/core or core.14541
#
# If you would like to submit a bug report, please visit:
#   http://bugreport.java.com/bugreport/crash.jsp
# The crash happened outside the Java Virtual Machine in native code.
# See problematic frame for where to report the bug.
#

---------------  T H R E A D  ---------------

Current thread (0x00007f27d4329800):  JavaThread "Thread-0" [_thread_in_native, id=14570, stack(0x00007f2789311000,0x00007f2789412000)]

siginfo: si_signo: 11 (SIGSEGV), si_code: 1 (SEGV_MAPERR), si_addr: 0x0000000000000001

Registers:
RAX=0x0000000000000001, RBX=0x00007f27c44f4b00, RCX=0x0000000000000001, RDX=0x0000000000000000
RSP=0x00007f2789410148, RBP=0x00007f2789410190, RSI=0x0000000000000001, RDI=0x0000000000000001
R8 =0x0000000000000000, R9 =0x0000000000000006, R10=0x00007f27c5015968, R11=0x00007f27da3a0d80
R12=0x0000000000000000, R13=0x00007f27c44f4b00, R14=0x00007f2789410228, R15=0x00007f27d4329800
RIP=0x00007f27daa4737a, EFLAGS=0x0000000000010293, CSGSFS=0x0000000000000033, ERR=0x0000000000000004
  TRAPNO=0x000000000000000e

Top of Stack: (sp=0x00007f2789410148)
0x00007f2789410148:   00007f278920196a 00007f27d4329800
0x00007f2789410158:   00007f27895ea990 0000000000000001
0x00007f2789410168:   00007f27d43299f8 0000000000000000
0x00007f2789410178:   0000000000000000 00007f27c44f4b00
0x00007f2789410188:   0000000000000000 00007f27894101f8
0x00007f2789410198:   00007f27c5015994 00007f27894101f8
0x00007f27894101a8:   00007f27c5015727 00007f27c50156e2
0x00007f27894101b8:   00007f27894101b8 00007f27c44f4b00
0x00007f27894101c8:   00007f2789410228 00007f2789554540
0x00007f27894101d8:   0000000000000000 00007f27c44f4b00
0x00007f27894101e8:   0000000000000000 00007f2789410218
0x00007f27894101f8:   00007f2789410270 00007f27c50079d0
0x00007f2789410208:   00000000ec7e8dc0 00007f27c500f57b
0x00007f2789410218:   0000000000000000 0000000000000001
0x00007f2789410228:   00000000ec910180 00007f2789410230
0x00007f2789410238:   00007f278955b2bf 00007f2789410298
0x00007f2789410248:   00007f27895a68a0 0000000000000000
0x00007f2789410258:   00007f278955b2f0 00007f2789410218
0x00007f2789410268:   00007f2789410280 00007f27894102e0
0x00007f2789410278:   00007f27c50079d0 0000000000000000
0x00007f2789410288:   0000000000000000 0000000000000000
0x00007f2789410298:   00000000ec910180 00007f27894102a0
0x00007f27894102a8:   00007f278955b3d2 00007f2789410328
0x00007f27894102b8:   00007f27895a68a0 0000000000000000
0x00007f27894102c8:   00007f278955b438 00007f2789410280
0x00007f27894102d8:   00007f2789410318 00007f2789410370
0x00007f27894102e8:   00007f27c50079d0 0000000000000000
0x00007f27894102f8:   0000000000000000 0000000000000000
0x00007f2789410308:   0000000000000000 0000000000000000
0x00007f2789410318:   0000000000000000 0000000000000000
0x00007f2789410328:   00000000ec910180 00007f2789410330
0x00007f2789410338:   00007f27895e458b 00007f27894103a8 

Instructions: (pc=0x00007f27daa4737a)
0x00007f27daa4735a:   66 45 0f ef d2 66 45 0f ef db 48 89 f8 48 89 f9
0x00007f27daa4736a:   48 81 e1 ff 0f 00 00 48 81 f9 cf 0f 00 00 77 66
0x00007f27daa4737a:   f3 44 0f 6f 20 66 45 0f 74 e0 66 41 0f d7 d4 85
0x00007f27daa4738a:   d2 74 04 0f bc c2 c3 48 83 e0 f0 66 44 0f 74 48 

Register to memory mapping:

RAX=0x0000000000000001 is an unknown value
RBX={method} {0x00007f27c44f4b00} 'getString' '(JZ)Ljava/lang/String;' in 'com/sun/jna/Native'
RCX=0x0000000000000001 is an unknown value
RDX=0x0000000000000000 is an unknown value
RSP=0x00007f2789410148 is pointing into the stack for thread: 0x00007f27d4329800
RBP=0x00007f2789410190 is pointing into the stack for thread: 0x00007f27d4329800
RSI=0x0000000000000001 is an unknown value
RDI=0x0000000000000001 is an unknown value
R8 =0x0000000000000000 is an unknown value
R9 =0x0000000000000006 is an unknown value
R10=0x00007f27c5015968 is at code_begin+808 in an Interpreter codelet
method entry point (kind = native)  [0x00007f27c5015640, 0x00007f27c5015f40]  2304 bytes
R11=0x00007f27da3a0d80: <offset 0x9b9d80> in /usr/lib/jvm/java-8-oracle/jre/lib/amd64/server/libjvm.so at 0x00007f27d99e7000
R12=0x0000000000000000 is an unknown value
R13={method} {0x00007f27c44f4b00} 'getString' '(JZ)Ljava/lang/String;' in 'com/sun/jna/Native'
R14=0x00007f2789410228 is pointing into the stack for thread: 0x00007f27d4329800
R15=0x00007f27d4329800 is a thread


Stack: [0x00007f2789311000,0x00007f2789412000],  sp=0x00007f2789410148,  free space=1020k
Native frames: (J=compiled Java code, j=interpreted, Vv=VM code, C=native code)
C  [libc.so.6+0x8037a]  strlen+0x2a
j  com.sun.jna.Native.getString(JZ)Ljava/lang/String;+0
j  com.sun.jna.Pointer.getString(JZ)Ljava/lang/String;+7
j  com.sun.jna.Pointer.getString(J)Ljava/lang/String;+90
j  com.sun.jna.Function.invokeString(I[Ljava/lang/Object;Z)Ljava/lang/String;+35
j  com.sun.jna.Function.invoke([Ljava/lang/Object;Ljava/lang/Class;Z)Ljava/lang/Object;+544
j  com.sun.jna.Function.invoke(Ljava/lang/Class;[Ljava/lang/Object;Ljava/util/Map;)Ljava/lang/Object;+214
j  com.sun.jna.Library$Handler.invoke(Ljava/lang/Object;Ljava/lang/reflect/Method;[Ljava/lang/Object;)Ljava/lang/Object;+341
j  com.sun.proxy.$Proxy0.ler()Ljava/lang/String;+9
j  br.edu.ifba.rfsus.jna.rfid.LeitorRfid.run()V+24
j  java.lang.Thread.run()V+11
v  ~StubRoutines::call_stub
V  [libjvm.so+0x68c616]  JavaCalls::call_helper(JavaValue*, methodHandle*, JavaCallArguments*, Thread*)+0x1056
V  [libjvm.so+0x68cb21]  JavaCalls::call_virtual(JavaValue*, KlassHandle, Symbol*, Symbol*, JavaCallArguments*, Thread*)+0x321
V  [libjvm.so+0x68cfc7]  JavaCalls::call_virtual(JavaValue*, Handle, KlassHandle, Symbol*, Symbol*, Thread*)+0x47
V  [libjvm.so+0x723d80]  thread_entry(JavaThread*, Thread*)+0xa0
V  [libjvm.so+0xa69dcf]  JavaThread::thread_main_inner()+0xdf
V  [libjvm.so+0xa69efc]  JavaThread::run()+0x11c
V  [libjvm.so+0x91d9d8]  java_start(Thread*)+0x108
C  [libpthread.so.0+0x7284]  start_thread+0xc4

Java frames: (J=compiled Java code, j=interpreted, Vv=VM code)
j  com.sun.jna.Native.getString(JZ)Ljava/lang/String;+0
j  com.sun.jna.Pointer.getString(JZ)Ljava/lang/String;+7
j  com.sun.jna.Pointer.getString(J)Ljava/lang/String;+90
j  com.sun.jna.Function.invokeString(I[Ljava/lang/Object;Z)Ljava/lang/String;+35
j  com.sun.jna.Function.invoke([Ljava/lang/Object;Ljava/lang/Class;Z)Ljava/lang/Object;+544
j  com.sun.jna.Function.invoke(Ljava/lang/Class;[Ljava/lang/Object;Ljava/util/Map;)Ljava/lang/Object;+214
j  com.sun.jna.Library$Handler.invoke(Ljava/lang/Object;Ljava/lang/reflect/Method;[Ljava/lang/Object;)Ljava/lang/Object;+341
j  com.sun.proxy.$Proxy0.ler()Ljava/lang/String;+9
j  br.edu.ifba.rfsus.jna.rfid.LeitorRfid.run()V+24
j  java.lang.Thread.run()V+11
v  ~StubRoutines::call_stub

---------------  P R O C E S S  ---------------

Java Threads: ( => current thread )
  0x00007f27d400a000 JavaThread "DestroyJavaVM" [_thread_blocked, id=14542, stack(0x00007f27db4a0000,0x00007f27db5a1000)]
=>0x00007f27d4329800 JavaThread "Thread-0" [_thread_in_native, id=14570, stack(0x00007f2789311000,0x00007f2789412000)]
  0x00007f27740ab000 JavaThread "TimerQueue" daemon [_thread_blocked, id=14569, stack(0x00007f2789412000,0x00007f2789513000)]
  0x00007f27d42a8800 JavaThread "AWT-EventQueue-0" [_thread_blocked, id=14564, stack(0x00007f278a2bc000,0x00007f278a3bd000)]
  0x00007f27d42a6800 JavaThread "AWT-Shutdown" [_thread_blocked, id=14563, stack(0x00007f278a3bd000,0x00007f278a4be000)]
  0x00007f27d4257800 JavaThread "AWT-XAWT" daemon [_thread_in_native, id=14562, stack(0x00007f278a4be000,0x00007f278a5bf000)]
  0x00007f27d4237800 JavaThread "Java2D Disposer" daemon [_thread_blocked, id=14561, stack(0x00007f27b408a000,0x00007f27b418b000)]
  0x00007f27d40c0000 JavaThread "Service Thread" daemon [_thread_blocked, id=14559, stack(0x00007f27b47b7000,0x00007f27b48b8000)]
  0x00007f27d40bd000 JavaThread "C1 CompilerThread2" daemon [_thread_blocked, id=14558, stack(0x00007f27b48b8000,0x00007f27b49b9000)]
  0x00007f27d40bb000 JavaThread "C2 CompilerThread1" daemon [_thread_blocked, id=14557, stack(0x00007f27b49b9000,0x00007f27b4aba000)]
  0x00007f27d40b8800 JavaThread "C2 CompilerThread0" daemon [_thread_blocked, id=14556, stack(0x00007f27b4aba000,0x00007f27b4bbb000)]
  0x00007f27d40b7000 JavaThread "Signal Dispatcher" daemon [_thread_blocked, id=14555, stack(0x00007f27b4bbb000,0x00007f27b4cbc000)]
  0x00007f27d4084000 JavaThread "Finalizer" daemon [_thread_blocked, id=14554, stack(0x00007f27b4e46000,0x00007f27b4f47000)]
  0x00007f27d407f800 JavaThread "Reference Handler" daemon [_thread_blocked, id=14553, stack(0x00007f27b4f47000,0x00007f27b5048000)]

Other Threads:
  0x00007f27d4077800 VMThread [stack: 0x00007f27b5048000,0x00007f27b5149000] [id=14552]
  0x00007f27d40c3000 WatcherThread [stack: 0x00007f27b46b6000,0x00007f27b47b7000] [id=14560]

VM state:not at safepoint (normal execution)

VM Mutex/Monitor currently owned by a thread: None

Heap:
 PSYoungGen      total 17920K, used 7398K [0x00000000ec200000, 0x00000000ed600000, 0x0000000100000000)
  eden space 15360K, 48% used [0x00000000ec200000,0x00000000ec939bc0,0x00000000ed100000)
  from space 2560K, 0% used [0x00000000ed380000,0x00000000ed380000,0x00000000ed600000)
  to   space 2560K, 0% used [0x00000000ed100000,0x00000000ed100000,0x00000000ed380000)
 ParOldGen       total 40960K, used 0K [0x00000000c4600000, 0x00000000c6e00000, 0x00000000ec200000)
  object space 40960K, 0% used [0x00000000c4600000,0x00000000c4600000,0x00000000c6e00000)
 Metaspace       used 12411K, capacity 12632K, committed 12928K, reserved 1060864K
  class space    used 1514K, capacity 1606K, committed 1664K, reserved 1048576K

Card table byte_map: [0x00007f27d80ae000,0x00007f27d828c000] byte_map_base: 0x00007f27d7a8b000

Marking Bits: (ParMarkBitMap*) 0x00007f27da99c100
 Begin Bits: [0x00007f27b6230000, 0x00007f27b7118000)
 End Bits:   [0x00007f27b7118000, 0x00007f27b8000000)

Polling page: 0x00007f27db5c0000

CodeCache: size=245760Kb used=2217Kb max_used=2217Kb free=243542Kb
 bounds [0x00007f27c5000000, 0x00007f27c5270000, 0x00007f27d4000000]
 total_blobs=1129 nmethods=584 adapters=459
 compilation: enabled

Compilation events (10 events):
Event: 5,711 Thread 0x00007f27d40bd000  580       1       sun.java2d.pipe.Region::getLoY (5 bytes)
Event: 5,711 Thread 0x00007f27d40bd000 nmethod 580 0x00007f27c5228ed0 code [0x00007f27c5229020, 0x00007f27c5229130]
Event: 5,711 Thread 0x00007f27d40bd000  581       1       sun.java2d.pipe.Region::getHiX (5 bytes)
Event: 5,711 Thread 0x00007f27d40bd000 nmethod 581 0x00007f27c5228c10 code [0x00007f27c5228d60, 0x00007f27c5228e70]
Event: 5,711 Thread 0x00007f27d40bd000  582       1       sun.java2d.pipe.Region::getHiY (5 bytes)
Event: 5,711 Thread 0x00007f27d40bd000 nmethod 582 0x00007f27c5228950 code [0x00007f27c5228aa0, 0x00007f27c5228bb0]
Event: 6,211 Thread 0x00007f27d40bd000  583       3       sun.java2d.SunGraphics2D::getCompClip (19 bytes)
Event: 6,212 Thread 0x00007f27d40bd000 nmethod 583 0x00007f27c5228490 code [0x00007f27c5228600, 0x00007f27c5228888]
Event: 7,682 Thread 0x00007f27d40bd000  584       1       java.security.CodeSource::getLocation (5 bytes)
Event: 7,682 Thread 0x00007f27d40bd000 nmethod 584 0x00007f27c52281d0 code [0x00007f27c5228320, 0x00007f27c5228430]

GC Heap History (0 events):
No events

Deoptimization events (4 events):
Event: 0,539 Thread 0x00007f27d400a000 Uncommon trap: reason=class_check action=maybe_recompile pc=0x00007f27c515ff70 method=java.lang.String.equals(Ljava/lang/Object;)Z @ 8
Event: 0,539 Thread 0x00007f27d400a000 Uncommon trap: reason=class_check action=maybe_recompile pc=0x00007f27c515ff70 method=java.lang.String.equals(Ljava/lang/Object;)Z @ 8
Event: 0,539 Thread 0x00007f27d400a000 Uncommon trap: reason=class_check action=maybe_recompile pc=0x00007f27c515ff70 method=java.lang.String.equals(Ljava/lang/Object;)Z @ 8
Event: 0,539 Thread 0x00007f27d400a000 Uncommon trap: reason=class_check action=maybe_recompile pc=0x00007f27c515ff70 method=java.lang.String.equals(Ljava/lang/Object;)Z @ 8

Internal exceptions (10 events):
Event: 0,030 Thread 0x00007f27d400a000 Exception <a 'java/lang/NoSuchMethodError': Method sun.misc.Unsafe.prefetchRead(Ljava/lang/Object;J)V name or signature does not match> (0x00000000ec207fa8) thrown at [/HUDSON/workspace/8-2-build-linux-amd64/jdk8u77/6540/hotspot/src/share/vm/prims/jni.cpp
Event: 0,135 Thread 0x00007f27d400a000 Exception <a 'java/security/PrivilegedActionException'> (0x00000000ec2e94c8) thrown at [/HUDSON/workspace/8-2-build-linux-amd64/jdk8u77/6540/hotspot/src/share/vm/prims/jvm.cpp, line 1386]
Event: 0,135 Thread 0x00007f27d400a000 Exception <a 'java/security/PrivilegedActionException'> (0x00000000ec2e96d8) thrown at [/HUDSON/workspace/8-2-build-linux-amd64/jdk8u77/6540/hotspot/src/share/vm/prims/jvm.cpp, line 1386]
Event: 0,136 Thread 0x00007f27d400a000 Exception <a 'java/security/PrivilegedActionException'> (0x00000000ec2ebb18) thrown at [/HUDSON/workspace/8-2-build-linux-amd64/jdk8u77/6540/hotspot/src/share/vm/prims/jvm.cpp, line 1386]
Event: 0,136 Thread 0x00007f27d400a000 Exception <a 'java/security/PrivilegedActionException'> (0x00000000ec2ebd28) thrown at [/HUDSON/workspace/8-2-build-linux-amd64/jdk8u77/6540/hotspot/src/share/vm/prims/jvm.cpp, line 1386]
Event: 0,204 Thread 0x00007f27d400a000 Exception <a 'java/lang/NoSuchFieldError': method resolution failed> (0x00000000ec3bb778) thrown at [/HUDSON/workspace/8-2-build-linux-amd64/jdk8u77/6540/hotspot/src/share/vm/prims/methodHandles.cpp, line 1146]
Event: 0,206 Thread 0x00007f27d400a000 Exception <a 'java/lang/NoSuchFieldError': method resolution failed> (0x00000000ec3c8ec8) thrown at [/HUDSON/workspace/8-2-build-linux-amd64/jdk8u77/6540/hotspot/src/share/vm/prims/methodHandles.cpp, line 1146]
Event: 0,244 Thread 0x00007f27d400a000 Exception <a 'java/io/FileNotFoundException'> (0x00000000ec446260) thrown at [/HUDSON/workspace/8-2-build-linux-amd64/jdk8u77/6540/hotspot/src/share/vm/prims/jni.cpp, line 709]
Event: 0,244 Thread 0x00007f27d400a000 Exception <a 'java/io/FileNotFoundException'> (0x00000000ec446d80) thrown at [/HUDSON/workspace/8-2-build-linux-amd64/jdk8u77/6540/hotspot/src/share/vm/prims/jni.cpp, line 709]
Event: 0,701 Thread 0x00007f27d42a8800 Exception <a 'java/lang/UnsupportedOperationException': > (0x00000000ec606dc8) thrown at [/HUDSON/workspace/8-2-build-linux-amd64/jdk8u77/6540/hotspot/src/share/vm/prims/jni.cpp, line 735]

Events (10 events):
Event: 5,676 loading class java/lang/reflect/TypeVariable
Event: 5,677 loading class java/lang/reflect/TypeVariable done
Event: 5,677 loading class java/lang/reflect/AnnotatedType
Event: 5,677 loading class java/lang/reflect/AnnotatedType done
Event: 5,677 loading class com/sun/jna/NativeString
Event: 5,677 loading class com/sun/jna/NativeString done
Event: 5,678 loading class com/sun/jna/Memory$SharedMemory
Event: 5,678 loading class com/sun/jna/Memory$SharedMemory done
Event: 7,681 loading class com/sun/jna/Function$PostCallRead
Event: 7,681 loading class com/sun/jna/Function$PostCallRead done


Dynamic libraries:
00400000-00401000 r-xp 00000000 08:01 22021852                           /usr/lib/jvm/java-8-oracle/bin/java
00600000-00601000 rw-p 00000000 08:01 22021852                           /usr/lib/jvm/java-8-oracle/bin/java
014fb000-0151c000 rw-p 00000000 00:00 0                                  [heap]
c4600000-c6e00000 rw-p 00000000 00:00 0 
c6e00000-ec200000 ---p 00000000 00:00 0 
ec200000-ed600000 rw-p 00000000 00:00 0 
ed600000-100000000 ---p 00000000 00:00 0 
100000000-1001a0000 rw-p 00000000 00:00 0 
1001a0000-140000000 ---p 00000000 00:00 0 
7f276c000000-7f276c2e8000 rw-p 00000000 00:00 0 
7f276c2e8000-7f2770000000 ---p 00000000 00:00 0 
7f2774000000-7f2774187000 rw-p 00000000 00:00 0 
7f2774187000-7f2778000000 ---p 00000000 00:00 0 
7f2778000000-7f2778021000 rw-p 00000000 00:00 0 
7f2778021000-7f277c000000 ---p 00000000 00:00 0 
7f277c000000-7f277c021000 rw-p 00000000 00:00 0 
7f277c021000-7f2780000000 ---p 00000000 00:00 0 
7f2780000000-7f2780021000 rw-p 00000000 00:00 0 
7f2780021000-7f2784000000 ---p 00000000 00:00 0 
7f2784000000-7f2784021000 rw-p 00000000 00:00 0 
7f2784021000-7f2788000000 ---p 00000000 00:00 0 
7f27882c0000-7f278842b000 r-xp 00000000 08:01 21496825                   /usr/lib/x86_64-linux-gnu/libstdc++.so.6.0.21
7f278842b000-7f278862b000 ---p 0016b000 08:01 21496825                   /usr/lib/x86_64-linux-gnu/libstdc++.so.6.0.21
7f278862b000-7f2788635000 r--p 0016b000 08:01 21496825                   /usr/lib/x86_64-linux-gnu/libstdc++.so.6.0.21
7f2788635000-7f2788637000 rw-p 00175000 08:01 21496825                   /usr/lib/x86_64-linux-gnu/libstdc++.so.6.0.21
7f2788637000-7f278863b000 rw-p 00000000 00:00 0 
7f278863b000-7f27886a9000 r-xp 00000000 08:01 23069454                   /lib/x86_64-linux-gnu/libpcre.so.3.13.2
7f27886a9000-7f27888a9000 ---p 0006e000 08:01 23069454                   /lib/x86_64-linux-gnu/libpcre.so.3.13.2
7f27888a9000-7f27888aa000 r--p 0006e000 08:01 23069454                   /lib/x86_64-linux-gnu/libpcre.so.3.13.2
7f27888aa000-7f27888ab000 rw-p 0006f000 08:01 23069454                   /lib/x86_64-linux-gnu/libpcre.so.3.13.2
7f2788ad0000-7f2788bdc000 r-xp 00000000 08:01 23072132                   /lib/x86_64-linux-gnu/libglib-2.0.so.0.4600.2
7f2788bdc000-7f2788ddc000 ---p 0010c000 08:01 23072132                   /lib/x86_64-linux-gnu/libglib-2.0.so.0.4600.2
7f2788ddc000-7f2788ddd000 r--p 0010c000 08:01 23072132                   /lib/x86_64-linux-gnu/libglib-2.0.so.0.4600.2
7f2788ddd000-7f2788dde000 rw-p 0010d000 08:01 23072132                   /lib/x86_64-linux-gnu/libglib-2.0.so.0.4600.2
7f2788dde000-7f2788ddf000 rw-p 00000000 00:00 0 
7f2788ff9000-7f2788ffb000 r-xp 00000000 08:01 18874383                   /home/webmaster/workspace/rfsus/java/rfsus/comunicacaoRecepcao.so
7f2788ffb000-7f27891fa000 ---p 00002000 08:01 18874383                   /home/webmaster/workspace/rfsus/java/rfsus/comunicacaoRecepcao.so
7f27891fa000-7f27891fb000 rw-p 00001000 08:01 18874383                   /home/webmaster/workspace/rfsus/java/rfsus/comunicacaoRecepcao.so
7f27891fb000-7f2789210000 r-xp 00000000 08:01 24117680                   /tmp/jna7275624670464218394.tmp
7f2789210000-7f278930f000 ---p 00015000 08:01 24117680                   /tmp/jna7275624670464218394.tmp
7f278930f000-7f2789311000 rw-p 00014000 08:01 24117680                   /tmp/jna7275624670464218394.tmp
7f2789311000-7f2789314000 ---p 00000000 00:00 0 
7f2789314000-7f2789412000 rw-p 00000000 00:00 0                          [stack:14570]
7f2789412000-7f2789415000 ---p 00000000 00:00 0 
7f2789415000-7f2789613000 rw-p 00000000 00:00 0                          [stack:14569]
7f2789613000-7f2789713000 ---p 00000000 00:00 0 
7f2789713000-7f278977c000 r-xp 00000000 08:01 22418299                   /usr/lib/jvm/java-8-oracle/jre/lib/amd64/libt2k.so
7f278977c000-7f278997c000 ---p 00069000 08:01 22418299                   /usr/lib/jvm/java-8-oracle/jre/lib/amd64/libt2k.so
7f278997c000-7f2789983000 rw-p 00069000 08:01 22418299                   /usr/lib/jvm/java-8-oracle/jre/lib/amd64/libt2k.so
7f2789983000-7f2789993000 rw-p 00000000 00:00 0 
7f2789993000-7f27899a4000 r-xp 00000000 08:01 22418383                   /usr/lib/jvm/java-8-oracle/jre/lib/amd64/libnio.so
7f27899a4000-7f2789ba3000 ---p 00011000 08:01 22418383                   /usr/lib/jvm/java-8-oracle/jre/lib/amd64/libnio.so
7f2789ba3000-7f2789ba4000 rw-p 00010000 08:01 22418383                   /usr/lib/jvm/java-8-oracle/jre/lib/amd64/libnio.so
7f2789ba4000-7f2789ea5000 rw-p 00000000 00:00 0 
7f2789ea5000-7f2789ebb000 r-xp 00000000 08:01 22418328                   /usr/lib/jvm/java-8-oracle/jre/lib/amd64/libnet.so
7f2789ebb000-7f278a0bb000 ---p 00016000 08:01 22418328                   /usr/lib/jvm/java-8-oracle/jre/lib/amd64/libnet.so
7f278a0bb000-7f278a0bc000 rw-p 00016000 08:01 22418328                   /usr/lib/jvm/java-8-oracle/jre/lib/amd64/libnet.so
7f278a0bc000-7f278a2bc000 rw-p 00000000 00:00 0 
7f278a2bc000-7f278a2bf000 ---p 00000000 00:00 0 
7f278a2bf000-7f278a3bd000 rw-p 00000000 00:00 0                          [stack:14564]
7f278a3bd000-7f278a3c0000 ---p 00000000 00:00 0 
7f278a3c0000-7f278a4be000 rw-p 00000000 00:00 0                          [stack:14563]
7f278a4be000-7f278a4c1000 ---p 00000000 00:00 0 
7f278a4c1000-7f278a5bf000 rw-p 00000000 00:00 0                          [stack:14562]
7f278a5bf000-7f278a5c4000 r-xp 00000000 08:01 21504500                   /usr/lib/x86_64-linux-gnu/libXfixes.so.3.1.0
7f278a5c4000-7f278a7c3000 ---p 00005000 08:01 21504500                   /usr/lib/x86_64-linux-gnu/libXfixes.so.3.1.0
7f278a7c3000-7f278a7c4000 r--p 00004000 08:01 21504500                   /usr/lib/x86_64-linux-gnu/libXfixes.so.3.1.0
7f278a7c4000-7f278a7c5000 rw-p 00005000 08:01 21504500                   /usr/lib/x86_64-linux-gnu/libXfixes.so.3.1.0
7f278a7c5000-7f278a7cf000 r-xp 00000000 08:01 21504492                   /usr/lib/x86_64-linux-gnu/libXcursor.so.1.0.2
7f278a7cf000-7f278a9ce000 ---p 0000a000 08:01 21504492                   /usr/lib/x86_64-linux-gnu/libXcursor.so.1.0.2
7f278a9ce000-7f278a9cf000 r--p 00009000 08:01 21504492                   /usr/lib/x86_64-linux-gnu/libXcursor.so.1.0.2
7f278a9cf000-7f278a9d0000 rw-p 0000a000 08:01 21504492                   /usr/lib/x86_64-linux-gnu/libXcursor.so.1.0.2
7f278a9d0000-7f278a9e6000 r-xp 00000000 08:01 23069139                   /lib/x86_64-linux-gnu/libgcc_s.so.1
7f278a9e6000-7f278abe5000 ---p 00016000 08:01 23069139                   /lib/x86_64-linux-gnu/libgcc_s.so.1
7f278abe5000-7f278abe6000 rw-p 00015000 08:01 23069139                   /lib/x86_64-linux-gnu/libgcc_s.so.1
7f278abe6000-7f278ac4b000 r-xp 00000000 08:01 22418310                   /usr/lib/jvm/java-8-oracle/jre/lib/amd64/libfontmanager.so
7f278ac4b000-7f278ae4a000 ---p 00065000 08:01 22418310                   /usr/lib/jvm/java-8-oracle/jre/lib/amd64/libfontmanager.so
7f278ae4a000-7f278ae4f000 rw-p 00064000 08:01 22418310                   /usr/lib/jvm/java-8-oracle/jre/lib/amd64/libfontmanager.so
7f278ae4f000-7f278ae5f000 rw-p 00000000 00:00 0 
7f278ae5f000-7f278ae64000 r-xp 00000000 08:01 21498797                   /usr/lib/x86_64-linux-gnu/libXdmcp.so.6.0.0
7f278ae64000-7f278b063000 ---p 00005000 08:01 21498797                   /usr/lib/x86_64-linux-gnu/libXdmcp.so.6.0.0
7f278b063000-7f278b064000 r--p 00004000 08:01 21498797                   /usr/lib/x86_64-linux-gnu/libXdmcp.so.6.0.0
7f278b064000-7f278b065000 rw-p 00005000 08:01 21498797                   /usr/lib/x86_64-linux-gnu/libXdmcp.so.6.0.0
7f278b065000-7f278b068000 r-xp 00000000 08:01 21504485                   /usr/lib/x86_64-linux-gnu/libXau.so.6.0.0
7f278b068000-7f278b267000 ---p 00003000 08:01 21504485                   /usr/lib/x86_64-linux-gnu/libXau.so.6.0.0
7f278b267000-7f278b268000 r--p 00002000 08:01 21504485                   /usr/lib/x86_64-linux-gnu/libXau.so.6.0.0
7f278b268000-7f278b269000 rw-p 00003000 08:01 21504485                   /usr/lib/x86_64-linux-gnu/libXau.so.6.0.0
7f278b269000-7f278b28a000 r-xp 00000000 08:01 21505663                   /usr/lib/x86_64-linux-gnu/libxcb.so.1.1.0
7f278b28a000-7f278b489000 ---p 00021000 08:01 21505663                   /usr/lib/x86_64-linux-gnu/libxcb.so.1.1.0
7f278b489000-7f278b48a000 r--p 00020000 08:01 21505663                   /usr/lib/x86_64-linux-gnu/libxcb.so.1.1.0
7f278b48a000-7f278b48b000 rw-p 00021000 08:01 21505663                   /usr/lib/x86_64-linux-gnu/libxcb.so.1.1.0
7f278b48b000-7f278b49a000 r-xp 00000000 08:01 21497227                   /usr/lib/x86_64-linux-gnu/libXi.so.6.1.0
7f278b49a000-7f278b699000 ---p 0000f000 08:01 21497227                   /usr/lib/x86_64-linux-gnu/libXi.so.6.1.0
7f278b699000-7f278b69a000 r--p 0000e000 08:01 21497227                   /usr/lib/x86_64-linux-gnu/libXi.so.6.1.0
7f278b69a000-7f278b69b000 rw-p 0000f000 08:01 21497227                   /usr/lib/x86_64-linux-gnu/libXi.so.6.1.0
7f278b69b000-7f278b6a0000 r-xp 00000000 08:01 21504524                   /usr/lib/x86_64-linux-gnu/libXtst.so.6.1.0
7f278b6a0000-7f278b89f000 ---p 00005000 08:01 21504524                   /usr/lib/x86_64-linux-gnu/libXtst.so.6.1.0
7f278b89f000-7f278b8a0000 r--p 00004000 08:01 21504524                   /usr/lib/x86_64-linux-gnu/libXtst.so.6.1.0
7f278b8a0000-7f278b8a1000 rw-p 00005000 08:01 21504524                   /usr/lib/x86_64-linux-gnu/libXtst.so.6.1.0
7f278b8a1000-7f278b8aa000 r-xp 00000000 08:01 21504518                   /usr/lib/x86_64-linux-gnu/libXrender.so.1.3.0
7f278b8aa000-7f278baa9000 ---p 00009000 08:01 21504518                   /usr/lib/x86_64-linux-gnu/libXrender.so.1.3.0
7f278baa9000-7f278baaa000 r--p 00008000 08:01 21504518                   /usr/lib/x86_64-linux-gnu/libXrender.so.1.3.0
7f278baaa000-7f278baab000 rw-p 00009000 08:01 21504518                   /usr/lib/x86_64-linux-gnu/libXrender.so.1.3.0
7f278baab000-7f278bbe7000 r-xp 00000000 08:01 21504481                   /usr/lib/x86_64-linux-gnu/libX11.so.6.3.0
7f278bbe7000-7f278bde6000 ---p 0013c000 08:01 21504481                   /usr/lib/x86_64-linux-gnu/libX11.so.6.3.0
7f278bde6000-7f278bde8000 r--p 0013b000 08:01 21504481                   /usr/lib/x86_64-linux-gnu/libX11.so.6.3.0
7f278bde8000-7f278bded000 rw-p 0013d000 08:01 21504481                   /usr/lib/x86_64-linux-gnu/libX11.so.6.3.0
7f278bded000-7f278bdee000 rw-p 00000000 00:00 0 
7f278bdee000-7f278bdff000 r-xp 00000000 08:01 21504498                   /usr/lib/x86_64-linux-gnu/libXext.so.6.4.0
7f278bdff000-7f278bffe000 ---p 00011000 08:01 21504498                   /usr/lib/x86_64-linux-gnu/libXext.so.6.4.0
7f278bffe000-7f278bfff000 r--p 00010000 08:01 21504498                   /usr/lib/x86_64-linux-gnu/libXext.so.6.4.0
7f278bfff000-7f278c000000 rw-p 00011000 08:01 21504498                   /usr/lib/x86_64-linux-gnu/libXext.so.6.4.0
7f278c000000-7f278c021000 rw-p 00000000 00:00 0 
7f278c021000-7f2790000000 ---p 00000000 00:00 0 
7f2790000000-7f2790021000 rw-p 00000000 00:00 0 
7f2790021000-7f2794000000 ---p 00000000 00:00 0 
7f2794000000-7f2794122000 rw-p 00000000 00:00 0 
7f2794122000-7f2798000000 ---p 00000000 00:00 0 
7f2798000000-7f279816f000 rw-p 00000000 00:00 0 
7f279816f000-7f279c000000 ---p 00000000 00:00 0 
7f279c000000-7f279c021000 rw-p 00000000 00:00 0 
7f279c021000-7f27a0000000 ---p 00000000 00:00 0 
7f27a0000000-7f27a010d000 rw-p 00000000 00:00 0 
7f27a010d000-7f27a4000000 ---p 00000000 00:00 0 
7f27a4000000-7f27a4021000 rw-p 00000000 00:00 0 
7f27a4021000-7f27a8000000 ---p 00000000 00:00 0 
7f27a8000000-7f27a8021000 rw-p 00000000 00:00 0 
7f27a8021000-7f27ac000000 ---p 00000000 00:00 0 
7f27ac000000-7f27ac021000 rw-p 00000000 00:00 0 
7f27ac021000-7f27b0000000 ---p 00000000 00:00 0 
7f27b0000000-7f27b0021000 rw-p 00000000 00:00 0 
7f27b0021000-7f27b4000000 ---p 00000000 00:00 0 
7f27b408a000-7f27b408d000 ---p 00000000 00:00 0 
7f27b408d000-7f27b418b000 rw-p 00000000 00:00 0                          [stack:14561]
7f27b418b000-7f27b41df000 r-xp 00000000 08:01 22418416                   /usr/lib/jvm/java-8-oracle/jre/lib/amd64/libawt_xawt.so
7f27b41df000-7f27b43df000 ---p 00054000 08:01 22418416                   /usr/lib/jvm/java-8-oracle/jre/lib/amd64/libawt_xawt.so
7f27b43df000-7f27b43e3000 rw-p 00054000 08:01 22418416                   /usr/lib/jvm/java-8-oracle/jre/lib/amd64/libawt_xawt.so
7f27b43e3000-7f27b43e4000 rw-p 00000000 00:00 0 
7f27b43e4000-7f27b4486000 r-xp 00000000 08:01 22418321                   /usr/lib/jvm/java-8-oracle/jre/lib/amd64/libawt.so
7f27b4486000-7f27b4686000 ---p 000a2000 08:01 22418321                   /usr/lib/jvm/java-8-oracle/jre/lib/amd64/libawt.so
7f27b4686000-7f27b4692000 rw-p 000a2000 08:01 22418321                   /usr/lib/jvm/java-8-oracle/jre/lib/amd64/libawt.so
7f27b4692000-7f27b46b6000 rw-p 00000000 00:00 0 
7f27b46b6000-7f27b46b7000 ---p 00000000 00:00 0 
7f27b46b7000-7f27b47b7000 rw-p 00000000 00:00 0                          [stack:14560]
7f27b47b7000-7f27b47ba000 ---p 00000000 00:00 0 
7f27b47ba000-7f27b48b8000 rw-p 00000000 00:00 0                          [stack:14559]
7f27b48b8000-7f27b48bb000 ---p 00000000 00:00 0 
7f27b48bb000-7f27b49b9000 rw-p 00000000 00:00 0                          [stack:14558]
7f27b49b9000-7f27b49bc000 ---p 00000000 00:00 0 
7f27b49bc000-7f27b4aba000 rw-p 00000000 00:00 0                          [stack:14557]
7f27b4aba000-7f27b4abd000 ---p 00000000 00:00 0 
7f27b4abd000-7f27b4bbb000 rw-p 00000000 00:00 0                          [stack:14556]
7f27b4bbb000-7f27b4bbe000 ---p 00000000 00:00 0 
7f27b4bbe000-7f27b4cbc000 rw-p 00000000 00:00 0                          [stack:14555]
7f27b4cbc000-7f27b4e46000 r--p 00000000 08:01 21497283                   /usr/lib/locale/locale-archive
7f27b4e46000-7f27b4e49000 ---p 00000000 00:00 0 
7f27b4e49000-7f27b4f47000 rw-p 00000000 00:00 0                          [stack:14554]
7f27b4f47000-7f27b4f4a000 ---p 00000000 00:00 0 
7f27b4f4a000-7f27b5048000 rw-p 00000000 00:00 0                          [stack:14553]
7f27b5048000-7f27b5049000 ---p 00000000 00:00 0 
7f27b5049000-7f27b6058000 rw-p 00000000 00:00 0                          [stack:14552]
7f27b6058000-7f27b6230000 r--s 03d1e000 08:01 22418273                   /usr/lib/jvm/java-8-oracle/jre/lib/rt.jar
7f27b6230000-7f27b8000000 rw-p 00000000 00:00 0 
7f27b8000000-7f27b8021000 rw-p 00000000 00:00 0 
7f27b8021000-7f27bc000000 ---p 00000000 00:00 0 
7f27bc000000-7f27bc021000 rw-p 00000000 00:00 0 
7f27bc021000-7f27c0000000 ---p 00000000 00:00 0 
7f27c0000000-7f27c0021000 rw-p 00000000 00:00 0 
7f27c0021000-7f27c4000000 ---p 00000000 00:00 0 
7f27c4035000-7f27c4050000 r--s 00150000 08:01 18875718                   /home/webmaster/workspace/rfsus/java/rfsus/lib/mongo-java-driver-3.2.1.jar
7f27c4050000-7f27c4abe000 rw-p 00000000 00:00 0 
7f27c4abe000-7f27c4abf000 ---p 00000000 00:00 0 
7f27c4abf000-7f27c4bbf000 rw-p 00000000 00:00 0                          [stack:14547]
7f27c4bbf000-7f27c4bc0000 ---p 00000000 00:00 0 
7f27c4bc0000-7f27c4cc0000 rw-p 00000000 00:00 0                          [stack:14546]
7f27c4cc0000-7f27c4cc1000 ---p 00000000 00:00 0 
7f27c4cc1000-7f27c4dc1000 rw-p 00000000 00:00 0                          [stack:14545]
7f27c4dc1000-7f27c4dc2000 ---p 00000000 00:00 0 
7f27c4dc2000-7f27c4ed6000 rw-p 00000000 00:00 0                          [stack:14544]
7f27c4ed6000-7f27c5000000 ---p 00000000 00:00 0 
7f27c5000000-7f27c5270000 rwxp 00000000 00:00 0 
7f27c5270000-7f27d4000000 ---p 00000000 00:00 0 
7f27d4000000-7f27d4509000 rw-p 00000000 00:00 0 
7f27d4509000-7f27d8000000 ---p 00000000 00:00 0 
7f27d8001000-7f27d8008000 r--s 00000000 08:01 21764088                   /usr/lib/x86_64-linux-gnu/gconv/gconv-modules.cache
7f27d8008000-7f27d8017000 r--p 00000000 08:01 22939311                   /usr/share/locale/pt_BR/LC_MESSAGES/libc.mo
7f27d8017000-7f27d80c2000 rw-p 00000000 00:00 0 
7f27d80c2000-7f27d81ec000 ---p 00000000 00:00 0 
7f27d81ec000-7f27d81f6000 rw-p 00000000 00:00 0 
7f27d81f6000-7f27d828b000 ---p 00000000 00:00 0 
7f27d828b000-7f27d8296000 rw-p 00000000 00:00 0 
7f27d8296000-7f27d864c000 ---p 00000000 00:00 0 
7f27d864c000-7f27d8666000 r-xp 00000000 08:01 22418324                   /usr/lib/jvm/java-8-oracle/jre/lib/amd64/libzip.so
7f27d8666000-7f27d8866000 ---p 0001a000 08:01 22418324                   /usr/lib/jvm/java-8-oracle/jre/lib/amd64/libzip.so
7f27d8866000-7f27d8867000 rw-p 0001a000 08:01 22418324                   /usr/lib/jvm/java-8-oracle/jre/lib/amd64/libzip.so
7f27d8867000-7f27d8872000 r-xp 00000000 08:01 23072871                   /lib/x86_64-linux-gnu/libnss_files-2.21.so
7f27d8872000-7f27d8a71000 ---p 0000b000 08:01 23072871                   /lib/x86_64-linux-gnu/libnss_files-2.21.so
7f27d8a71000-7f27d8a72000 r--p 0000a000 08:01 23072871                   /lib/x86_64-linux-gnu/libnss_files-2.21.so
7f27d8a72000-7f27d8a73000 rw-p 0000b000 08:01 23072871                   /lib/x86_64-linux-gnu/libnss_files-2.21.so
7f27d8a73000-7f27d8a7d000 r-xp 00000000 08:01 23072873                   /lib/x86_64-linux-gnu/libnss_nis-2.21.so
7f27d8a7d000-7f27d8c7d000 ---p 0000a000 08:01 23072873                   /lib/x86_64-linux-gnu/libnss_nis-2.21.so
7f27d8c7d000-7f27d8c7e000 r--p 0000a000 08:01 23072873                   /lib/x86_64-linux-gnu/libnss_nis-2.21.so
7f27d8c7e000-7f27d8c7f000 rw-p 0000b000 08:01 23072873                   /lib/x86_64-linux-gnu/libnss_nis-2.21.so
7f27d8c7f000-7f27d8c94000 r-xp 00000000 08:01 23072868                   /lib/x86_64-linux-gnu/libnsl-2.21.so
7f27d8c94000-7f27d8e93000 ---p 00015000 08:01 23072868                   /lib/x86_64-linux-gnu/libnsl-2.21.so
7f27d8e93000-7f27d8e94000 r--p 00014000 08:01 23072868                   /lib/x86_64-linux-gnu/libnsl-2.21.so
7f27d8e94000-7f27d8e95000 rw-p 00015000 08:01 23072868                   /lib/x86_64-linux-gnu/libnsl-2.21.so
7f27d8e95000-7f27d8e97000 rw-p 00000000 00:00 0 
7f27d8e97000-7f27d8e9e000 r-xp 00000000 08:01 23072869                   /lib/x86_64-linux-gnu/libnss_compat-2.21.so
7f27d8e9e000-7f27d909d000 ---p 00007000 08:01 23072869                   /lib/x86_64-linux-gnu/libnss_compat-2.21.so
7f27d909d000-7f27d909e000 r--p 00006000 08:01 23072869                   /lib/x86_64-linux-gnu/libnss_compat-2.21.so
7f27d909e000-7f27d909f000 rw-p 00007000 08:01 23072869                   /lib/x86_64-linux-gnu/libnss_compat-2.21.so
7f27d909f000-7f27d90c9000 r-xp 00000000 08:01 22418319                   /usr/lib/jvm/java-8-oracle/jre/lib/amd64/libjava.so
7f27d90c9000-7f27d92c9000 ---p 0002a000 08:01 22418319                   /usr/lib/jvm/java-8-oracle/jre/lib/amd64/libjava.so
7f27d92c9000-7f27d92cb000 rw-p 0002a000 08:01 22418319                   /usr/lib/jvm/java-8-oracle/jre/lib/amd64/libjava.so
7f27d92cb000-7f27d92d8000 r-xp 00000000 08:01 22418323                   /usr/lib/jvm/java-8-oracle/jre/lib/amd64/libverify.so
7f27d92d8000-7f27d94d8000 ---p 0000d000 08:01 22418323                   /usr/lib/jvm/java-8-oracle/jre/lib/amd64/libverify.so
7f27d94d8000-7f27d94da000 rw-p 0000d000 08:01 22418323                   /usr/lib/jvm/java-8-oracle/jre/lib/amd64/libverify.so
7f27d94da000-7f27d94e1000 r-xp 00000000 08:01 23072877                   /lib/x86_64-linux-gnu/librt-2.21.so
7f27d94e1000-7f27d96e0000 ---p 00007000 08:01 23072877                   /lib/x86_64-linux-gnu/librt-2.21.so
7f27d96e0000-7f27d96e1000 r--p 00006000 08:01 23072877                   /lib/x86_64-linux-gnu/librt-2.21.so
7f27d96e1000-7f27d96e2000 rw-p 00007000 08:01 23072877                   /lib/x86_64-linux-gnu/librt-2.21.so
7f27d96e2000-7f27d97e6000 r-xp 00000000 08:01 23072866                   /lib/x86_64-linux-gnu/libm-2.21.so
7f27d97e6000-7f27d99e5000 ---p 00104000 08:01 23072866                   /lib/x86_64-linux-gnu/libm-2.21.so
7f27d99e5000-7f27d99e6000 r--p 00103000 08:01 23072866                   /lib/x86_64-linux-gnu/libm-2.21.so
7f27d99e6000-7f27d99e7000 rw-p 00104000 08:01 23072866                   /lib/x86_64-linux-gnu/libm-2.21.so
7f27d99e7000-7f27da6a6000 r-xp 00000000 08:01 22675869                   /usr/lib/jvm/java-8-oracle/jre/lib/amd64/server/libjvm.so
7f27da6a6000-7f27da8a5000 ---p 00cbf000 08:01 22675869                   /usr/lib/jvm/java-8-oracle/jre/lib/amd64/server/libjvm.so
7f27da8a5000-7f27da97e000 rw-p 00cbe000 08:01 22675869                   /usr/lib/jvm/java-8-oracle/jre/lib/amd64/server/libjvm.so
7f27da97e000-7f27da9c7000 rw-p 00000000 00:00 0 
7f27da9c7000-7f27dab61000 r-xp 00000000 08:01 23072862                   /lib/x86_64-linux-gnu/libc-2.21.so
7f27dab61000-7f27dad61000 ---p 0019a000 08:01 23072862                   /lib/x86_64-linux-gnu/libc-2.21.so
7f27dad61000-7f27dad65000 r--p 0019a000 08:01 23072862                   /lib/x86_64-linux-gnu/libc-2.21.so
7f27dad65000-7f27dad67000 rw-p 0019e000 08:01 23072862                   /lib/x86_64-linux-gnu/libc-2.21.so
7f27dad67000-7f27dad6b000 rw-p 00000000 00:00 0 
7f27dad6b000-7f27dad6d000 r-xp 00000000 08:01 23072865                   /lib/x86_64-linux-gnu/libdl-2.21.so
7f27dad6d000-7f27daf6d000 ---p 00002000 08:01 23072865                   /lib/x86_64-linux-gnu/libdl-2.21.so
7f27daf6d000-7f27daf6e000 r--p 00002000 08:01 23072865                   /lib/x86_64-linux-gnu/libdl-2.21.so
7f27daf6e000-7f27daf6f000 rw-p 00003000 08:01 23072865                   /lib/x86_64-linux-gnu/libdl-2.21.so
7f27daf6f000-7f27daf84000 r-xp 00000000 08:01 22417858                   /usr/lib/jvm/java-8-oracle/lib/amd64/jli/libjli.so
7f27daf84000-7f27db184000 ---p 00015000 08:01 22417858                   /usr/lib/jvm/java-8-oracle/lib/amd64/jli/libjli.so
7f27db184000-7f27db185000 rw-p 00015000 08:01 22417858                   /usr/lib/jvm/java-8-oracle/lib/amd64/jli/libjli.so
7f27db185000-7f27db19d000 r-xp 00000000 08:01 23072858                   /lib/x86_64-linux-gnu/libpthread-2.21.so
7f27db19d000-7f27db39c000 ---p 00018000 08:01 23072858                   /lib/x86_64-linux-gnu/libpthread-2.21.so
7f27db39c000-7f27db39d000 r--p 00017000 08:01 23072858                   /lib/x86_64-linux-gnu/libpthread-2.21.so
7f27db39d000-7f27db39e000 rw-p 00018000 08:01 23072858                   /lib/x86_64-linux-gnu/libpthread-2.21.so
7f27db39e000-7f27db3a2000 rw-p 00000000 00:00 0 
7f27db3a2000-7f27db3c4000 r-xp 00000000 08:01 23072859                   /lib/x86_64-linux-gnu/ld-2.21.so
7f27db3c4000-7f27db3c8000 r--s 00097000 08:01 22418278                   /usr/lib/jvm/java-8-oracle/jre/lib/jsse.jar
7f27db3c8000-7f27db4a0000 rw-p 00000000 00:00 0 
7f27db4a0000-7f27db4a3000 ---p 00000000 00:00 0 
7f27db4a3000-7f27db5a6000 rw-p 00000000 00:00 0                          [stack:14542]
7f27db5a6000-7f27db5a7000 rw-p 00000000 00:00 0 
7f27db5a7000-7f27db5ad000 r--s 002f8000 08:01 22418271                   /usr/lib/jvm/java-8-oracle/jre/lib/charsets.jar
7f27db5ad000-7f27db5ae000 r--s 00008000 08:01 18875712                   /home/webmaster/workspace/rfsus/java/ui/dist/ui.jar
7f27db5ae000-7f27db5b3000 r--s 00032000 08:01 18875716                   /home/webmaster/workspace/rfsus/java/rfsus/lib/bson-3.0.4.jar
7f27db5b3000-7f27db5b7000 r--s 000d0000 08:01 18875717                   /home/webmaster/workspace/rfsus/java/rfsus/lib/jna.jar
7f27db5b7000-7f27db5bf000 rw-s 00000000 08:01 24117647                   /tmp/hsperfdata_webmaster/14541
7f27db5bf000-7f27db5c0000 rw-p 00000000 00:00 0 
7f27db5c0000-7f27db5c1000 r--p 00000000 00:00 0 
7f27db5c1000-7f27db5c3000 rw-p 00000000 00:00 0 
7f27db5c3000-7f27db5c4000 r--p 00021000 08:01 23072859                   /lib/x86_64-linux-gnu/ld-2.21.so
7f27db5c4000-7f27db5c5000 rw-p 00022000 08:01 23072859                   /lib/x86_64-linux-gnu/ld-2.21.so
7f27db5c5000-7f27db5c6000 rw-p 00000000 00:00 0 
7ffd85d04000-7ffd85d25000 rw-p 00000000 00:00 0                          [stack]
7ffd85da7000-7ffd85da9000 r--p 00000000 00:00 0                          [vvar]
7ffd85da9000-7ffd85dab000 r-xp 00000000 00:00 0                          [vdso]
ffffffffff600000-ffffffffff601000 r-xp 00000000 00:00 0                  [vsyscall]

VM Arguments:
jvm_args: -Djna.library.path=. -Dfile.encoding=UTF-8 -Dawt.useSystemAAFontSettings=gasp 
java_command: br.edu.ifba.rfsus.Executor
java_class_path (initial): /home/webmaster/workspace/rfsus/java/rfsus/bin:/home/webmaster/workspace/rfsus/java/rfsus/lib/jna.jar:/home/webmaster/workspace/rfsus/java/rfsus/lib/bson-3.0.4.jar:/home/webmaster/workspace/rfsus/java/rfsus/lib/mongo-java-driver-3.2.1.jar:/home/webmaster/workspace/rfsus/java/ui/dist/ui.jar
Launcher Type: SUN_STANDARD

Environment Variables:
_JAVA_OPTIONS=  -Dawt.useSystemAAFontSettings=gasp
PATH=/usr/local/bin:/usr/bin:/bin:/usr/local/games:/usr/games
SHELL=/bin/bash
DISPLAY=:0

Signal Handlers:
SIGSEGV: [libjvm.so+0xabb070], sa_mask[0]=11111111011111111101111111111110, sa_flags=SA_RESTART|SA_SIGINFO
SIGBUS: [libjvm.so+0xabb070], sa_mask[0]=11111111011111111101111111111110, sa_flags=SA_RESTART|SA_SIGINFO
SIGFPE: [libjvm.so+0x918480], sa_mask[0]=11111111011111111101111111111110, sa_flags=SA_RESTART|SA_SIGINFO
SIGPIPE: [libjvm.so+0x918480], sa_mask[0]=11111111011111111101111111111110, sa_flags=SA_RESTART|SA_SIGINFO
SIGXFSZ: [libjvm.so+0x918480], sa_mask[0]=11111111011111111101111111111110, sa_flags=SA_RESTART|SA_SIGINFO
SIGILL: [libjvm.so+0x918480], sa_mask[0]=11111111011111111101111111111110, sa_flags=SA_RESTART|SA_SIGINFO
SIGUSR1: SIG_DFL, sa_mask[0]=00000000000000000000000000000000, sa_flags=none
SIGUSR2: [libjvm.so+0x919ab0], sa_mask[0]=00100000000000000000000000000000, sa_flags=SA_RESTART|SA_SIGINFO
SIGHUP: [libjvm.so+0x91aeb0], sa_mask[0]=11111111011111111101111111111110, sa_flags=SA_RESTART|SA_SIGINFO
SIGINT: [libjvm.so+0x91aeb0], sa_mask[0]=11111111011111111101111111111110, sa_flags=SA_RESTART|SA_SIGINFO
SIGTERM: [libjvm.so+0x91aeb0], sa_mask[0]=11111111011111111101111111111110, sa_flags=SA_RESTART|SA_SIGINFO
SIGQUIT: [libjvm.so+0x91aeb0], sa_mask[0]=11111111011111111101111111111110, sa_flags=SA_RESTART|SA_SIGINFO


---------------  S Y S T E M  ---------------

OS:DISTRIB_ID=Deepin
DISTRIB_RELEASE=15.1.1
DISTRIB_DESCRIPTION="Deepin 15.1.1 "

uname:Linux 4.2.0-1-amd64 #1 SMP Debian 4.2.6-3 (2015-12-06) x86_64
libc:glibc 2.21 NPTL 2.21 
rlimit: STACK 8192k, CORE infinity, NPROC 15091, NOFILE 65536, AS infinity
load average:0,34 0,34 0,43

/proc/meminfo:
MemTotal:        3900920 kB
MemFree:           76044 kB
MemAvailable:    1405504 kB
Buffers:          133760 kB
Cached:          1409600 kB
SwapCached:            0 kB
Active:          2772428 kB
Inactive:         849868 kB
Active(anon):    2105596 kB
Inactive(anon):   254260 kB
Active(file):     666832 kB
Inactive(file):   595608 kB
Unevictable:          32 kB
Mlocked:              32 kB
SwapTotal:             0 kB
SwapFree:              0 kB
Dirty:               552 kB
Writeback:             0 kB
AnonPages:       2079008 kB
Mapped:           316860 kB
Shmem:            280920 kB
Slab:             126484 kB
SReclaimable:      96192 kB
SUnreclaim:        30292 kB
KernelStack:        8976 kB
PageTables:        28792 kB
NFS_Unstable:          0 kB
Bounce:                0 kB
WritebackTmp:          0 kB
CommitLimit:     1950460 kB
Committed_AS:    6226280 kB
VmallocTotal:   34359738367 kB
VmallocUsed:      543328 kB
VmallocChunk:   34358423548 kB
HardwareCorrupted:     0 kB
AnonHugePages:      2048 kB
HugePages_Total:       0
HugePages_Free:        0
HugePages_Rsvd:        0
HugePages_Surp:        0
Hugepagesize:       2048 kB
DirectMap4k:      100608 kB
DirectMap2M:     3942400 kB


CPU:total 4 (2 cores per cpu, 2 threads per core) family 6 model 42 stepping 7, cmov, cx8, fxsr, mmx, sse, sse2, sse3, ssse3, sse4.1, sse4.2, popcnt, avx, clmul, ht, tsc, tscinvbit

/proc/cpuinfo:
processor	: 0
vendor_id	: GenuineIntel
cpu family	: 6
model		: 42
model name	: Intel(R) Core(TM) i3-2310M CPU @ 2.10GHz
stepping	: 7
microcode	: 0x29
cpu MHz		: 866.496
cache size	: 3072 KB
physical id	: 0
siblings	: 4
core id		: 0
cpu cores	: 2
apicid		: 0
initial apicid	: 0
fpu		: yes
fpu_exception	: yes
cpuid level	: 13
wp		: yes
flags		: fpu vme de pse tsc msr pae mce cx8 apic sep mtrr pge mca cmov pat pse36 clflush dts acpi mmx fxsr sse sse2 ss ht tm pbe syscall nx rdtscp lm constant_tsc arch_perfmon pebs bts rep_good nopl xtopology nonstop_tsc aperfmperf eagerfpu pni pclmulqdq dtes64 monitor ds_cpl vmx est tm2 ssse3 cx16 xtpr pdcm pcid sse4_1 sse4_2 x2apic popcnt tsc_deadline_timer xsave avx lahf_lm arat epb pln pts dtherm tpr_shadow vnmi flexpriority ept vpid xsaveopt
bugs		:
bogomips	: 4190.69
clflush size	: 64
cache_alignment	: 64
address sizes	: 36 bits physical, 48 bits virtual
power management:

processor	: 1
vendor_id	: GenuineIntel
cpu family	: 6
model		: 42
model name	: Intel(R) Core(TM) i3-2310M CPU @ 2.10GHz
stepping	: 7
microcode	: 0x29
cpu MHz		: 932.695
cache size	: 3072 KB
physical id	: 0
siblings	: 4
core id		: 0
cpu cores	: 2
apicid		: 1
initial apicid	: 1
fpu		: yes
fpu_exception	: yes
cpuid level	: 13
wp		: yes
flags		: fpu vme de pse tsc msr pae mce cx8 apic sep mtrr pge mca cmov pat pse36 clflush dts acpi mmx fxsr sse sse2 ss ht tm pbe syscall nx rdtscp lm constant_tsc arch_perfmon pebs bts rep_good nopl xtopology nonstop_tsc aperfmperf eagerfpu pni pclmulqdq dtes64 monitor ds_cpl vmx est tm2 ssse3 cx16 xtpr pdcm pcid sse4_1 sse4_2 x2apic popcnt tsc_deadline_timer xsave avx lahf_lm arat epb pln pts dtherm tpr_shadow vnmi flexpriority ept vpid xsaveopt
bugs		:
bogomips	: 4190.69
clflush size	: 64
cache_alignment	: 64
address sizes	: 36 bits physical, 48 bits virtual
power management:

processor	: 2
vendor_id	: GenuineIntel
cpu family	: 6
model		: 42
model name	: Intel(R) Core(TM) i3-2310M CPU @ 2.10GHz
stepping	: 7
microcode	: 0x29
cpu MHz		: 921.621
cache size	: 3072 KB
physical id	: 0
siblings	: 4
core id		: 1
cpu cores	: 2
apicid		: 2
initial apicid	: 2
fpu		: yes
fpu_exception	: yes
cpuid level	: 13
wp		: yes
flags		: fpu vme de pse tsc msr pae mce cx8 apic sep mtrr pge mca cmov pat pse36 clflush dts acpi mmx fxsr sse sse2 ss ht tm pbe syscall nx rdtscp lm constant_tsc arch_perfmon pebs bts rep_good nopl xtopology nonstop_tsc aperfmperf eagerfpu pni pclmulqdq dtes64 monitor ds_cpl vmx est tm2 ssse3 cx16 xtpr pdcm pcid sse4_1 sse4_2 x2apic popcnt tsc_deadline_timer xsave avx lahf_lm arat epb pln pts dtherm tpr_shadow vnmi flexpriority ept vpid xsaveopt
bugs		:
bogomips	: 4190.69
clflush size	: 64
cache_alignment	: 64
address sizes	: 36 bits physical, 48 bits virtual
power management:

processor	: 3
vendor_id	: GenuineIntel
cpu family	: 6
model		: 42
model name	: Intel(R) Core(TM) i3-2310M CPU @ 2.10GHz
stepping	: 7
microcode	: 0x29
cpu MHz		: 865.101
cache size	: 3072 KB
physical id	: 0
siblings	: 4
core id		: 1
cpu cores	: 2
apicid		: 3
initial apicid	: 3
fpu		: yes
fpu_exception	: yes
cpuid level	: 13
wp		: yes
flags		: fpu vme de pse tsc msr pae mce cx8 apic sep mtrr pge mca cmov pat pse36 clflush dts acpi mmx fxsr sse sse2 ss ht tm pbe syscall nx rdtscp lm constant_tsc arch_perfmon pebs bts rep_good nopl xtopology nonstop_tsc aperfmperf eagerfpu pni pclmulqdq dtes64 monitor ds_cpl vmx est tm2 ssse3 cx16 xtpr pdcm pcid sse4_1 sse4_2 x2apic popcnt tsc_deadline_timer xsave avx lahf_lm arat epb pln pts dtherm tpr_shadow vnmi flexpriority ept vpid xsaveopt
bugs		:
bogomips	: 4190.69
clflush size	: 64
cache_alignment	: 64
address sizes	: 36 bits physical, 48 bits virtual
power management:



Memory: 4k page, physical 3900920k(76044k free), swap 0k(0k free)

vm_info: Java HotSpot(TM) 64-Bit Server VM (25.77-b03) for linux-amd64 JRE (1.8.0_77-b03), built on Mar 20 2016 22:00:46 by "java_re" with gcc 4.3.0 20080428 (Red Hat 4.3.0-8)

time: Sun Apr 10 15:51:29 2016
elapsed time: 7 seconds (0d 0h 0m 7s)

