#
# A fatal error has been detected by the Java Runtime Environment:
#
#  SIGSEGV (0xb) at pc=0x00007f77fdebd37a, pid=14594, tid=140152308369152
#
# JRE version: Java(TM) SE Runtime Environment (8.0_77-b03) (build 1.8.0_77-b03)
# Java VM: Java HotSpot(TM) 64-Bit Server VM (25.77-b03 mixed mode linux-amd64 compressed oops)
# Problematic frame:
# C  [libc.so.6+0x8037a]  strlen+0x2a
#
# Core dump written. Default location: /home/webmaster/workspace/rfsus/java/rfsus/core or core.14594
#
# If you would like to submit a bug report, please visit:
#   http://bugreport.java.com/bugreport/crash.jsp
# The crash happened outside the Java Virtual Machine in native code.
# See problematic frame for where to report the bug.
#

---------------  T H R E A D  ---------------

Current thread (0x00007f77f8326000):  JavaThread "Thread-0" [_thread_in_native, id=14623, stack(0x00007f77c07e0000,0x00007f77c08e1000)]

siginfo: si_signo: 11 (SIGSEGV), si_code: 1 (SEGV_MAPERR), si_addr: 0x0000000000000001

Registers:
RAX=0x0000000000000001, RBX=0x00007f77e5b53b00, RCX=0x0000000000000001, RDX=0x0000000000000000
RSP=0x00007f77c08df4c8, RBP=0x00007f77c08df510, RSI=0x0000000000000001, RDI=0x0000000000000001
R8 =0x0000000000000000, R9 =0x0000000000000006, R10=0x00007f77e89e2968, R11=0x00007f77fd816d80
R12=0x0000000000000000, R13=0x00007f77e5b53b00, R14=0x00007f77c08df5a8, R15=0x00007f77f8326000
RIP=0x00007f77fdebd37a, EFLAGS=0x0000000000010293, CSGSFS=0x0000000000000033, ERR=0x0000000000000004
  TRAPNO=0x000000000000000e

Top of Stack: (sp=0x00007f77c08df4c8)
0x00007f77c08df4c8:   00007f77c06d096a 00007f77f8326000
0x00007f77c08df4d8:   00007f77c0ab9990 0000000000000001
0x00007f77c08df4e8:   00007f77f83261f8 0000000000000000
0x00007f77c08df4f8:   0000000000000000 00007f77e5b53b00
0x00007f77c08df508:   0000000000000000 00007f77c08df578
0x00007f77c08df518:   00007f77e89e2994 00007f77c08df578
0x00007f77c08df528:   00007f77e89e2727 00007f77e89e26e2
0x00007f77c08df538:   00007f77c08df538 00007f77e5b53b00
0x00007f77c08df548:   00007f77c08df5a8 00007f77c0a23540
0x00007f77c08df558:   0000000000000000 00007f77e5b53b00
0x00007f77c08df568:   0000000000000000 00007f77c08df598
0x00007f77c08df578:   00007f77c08df5f0 00007f77e89d49d0
0x00007f77c08df588:   00000000ec7e8aa0 00007f77e89dc57b
0x00007f77c08df598:   0000000000000000 0000000000000001
0x00007f77c08df5a8:   00000000ec90fe68 00007f77c08df5b0
0x00007f77c08df5b8:   00007f77c0a2a2bf 00007f77c08df618
0x00007f77c08df5c8:   00007f77c0a758a0 0000000000000000
0x00007f77c08df5d8:   00007f77c0a2a2f0 00007f77c08df598
0x00007f77c08df5e8:   00007f77c08df600 00007f77c08df660
0x00007f77c08df5f8:   00007f77e89d49d0 0000000000000000
0x00007f77c08df608:   0000000000000000 0000000000000000
0x00007f77c08df618:   00000000ec90fe68 00007f77c08df620
0x00007f77c08df628:   00007f77c0a2a3d2 00007f77c08df6a8
0x00007f77c08df638:   00007f77c0a758a0 0000000000000000
0x00007f77c08df648:   00007f77c0a2a438 00007f77c08df600
0x00007f77c08df658:   00007f77c08df698 00007f77c08df6f0
0x00007f77c08df668:   00007f77e89d49d0 0000000000000000
0x00007f77c08df678:   0000000000000000 0000000000000000
0x00007f77c08df688:   0000000000000000 0000000000000000
0x00007f77c08df698:   0000000000000000 0000000000000000
0x00007f77c08df6a8:   00000000ec90fe68 00007f77c08df6b0
0x00007f77c08df6b8:   00007f77c0ab358b 00007f77c08df728 

Instructions: (pc=0x00007f77fdebd37a)
0x00007f77fdebd35a:   66 45 0f ef d2 66 45 0f ef db 48 89 f8 48 89 f9
0x00007f77fdebd36a:   48 81 e1 ff 0f 00 00 48 81 f9 cf 0f 00 00 77 66
0x00007f77fdebd37a:   f3 44 0f 6f 20 66 45 0f 74 e0 66 41 0f d7 d4 85
0x00007f77fdebd38a:   d2 74 04 0f bc c2 c3 48 83 e0 f0 66 44 0f 74 48 

Register to memory mapping:

RAX=0x0000000000000001 is an unknown value
RBX={method} {0x00007f77e5b53b00} 'getString' '(JZ)Ljava/lang/String;' in 'com/sun/jna/Native'
RCX=0x0000000000000001 is an unknown value
RDX=0x0000000000000000 is an unknown value
RSP=0x00007f77c08df4c8 is pointing into the stack for thread: 0x00007f77f8326000
RBP=0x00007f77c08df510 is pointing into the stack for thread: 0x00007f77f8326000
RSI=0x0000000000000001 is an unknown value
RDI=0x0000000000000001 is an unknown value
R8 =0x0000000000000000 is an unknown value
R9 =0x0000000000000006 is an unknown value
R10=0x00007f77e89e2968 is at code_begin+808 in an Interpreter codelet
method entry point (kind = native)  [0x00007f77e89e2640, 0x00007f77e89e2f40]  2304 bytes
R11=0x00007f77fd816d80: <offset 0x9b9d80> in /usr/lib/jvm/java-8-oracle/jre/lib/amd64/server/libjvm.so at 0x00007f77fce5d000
R12=0x0000000000000000 is an unknown value
R13={method} {0x00007f77e5b53b00} 'getString' '(JZ)Ljava/lang/String;' in 'com/sun/jna/Native'
R14=0x00007f77c08df5a8 is pointing into the stack for thread: 0x00007f77f8326000
R15=0x00007f77f8326000 is a thread


Stack: [0x00007f77c07e0000,0x00007f77c08e1000],  sp=0x00007f77c08df4c8,  free space=1021k
Native frames: (J=compiled Java code, j=interpreted, Vv=VM code, C=native code)
C  [libc.so.6+0x8037a]  strlen+0x2a
j  com.sun.jna.Native.getString(JZ)Ljava/lang/String;+0
j  com.sun.jna.Pointer.getString(JZ)Ljava/lang/String;+7
j  com.sun.jna.Pointer.getString(J)Ljava/lang/String;+90
j  com.sun.jna.Function.invokeString(I[Ljava/lang/Object;Z)Ljava/lang/String;+35
j  com.sun.jna.Function.invoke([Ljava/lang/Object;Ljava/lang/Class;Z)Ljava/lang/Object;+544
j  com.sun.jna.Function.invoke(Ljava/lang/Class;[Ljava/lang/Object;Ljava/util/Map;)Ljava/lang/Object;+214
j  com.sun.jna.Library$Handler.invoke(Ljava/lang/Object;Ljava/lang/reflect/Method;[Ljava/lang/Object;)Ljava/lang/Object;+341
j  com.sun.proxy.$Proxy0.ler()Ljava/lang/String;+9
j  br.edu.ifba.rfsus.jna.rfid.LeitorRfid.run()V+24
j  java.lang.Thread.run()V+11
v  ~StubRoutines::call_stub
V  [libjvm.so+0x68c616]  JavaCalls::call_helper(JavaValue*, methodHandle*, JavaCallArguments*, Thread*)+0x1056
V  [libjvm.so+0x68cb21]  JavaCalls::call_virtual(JavaValue*, KlassHandle, Symbol*, Symbol*, JavaCallArguments*, Thread*)+0x321
V  [libjvm.so+0x68cfc7]  JavaCalls::call_virtual(JavaValue*, Handle, KlassHandle, Symbol*, Symbol*, Thread*)+0x47
V  [libjvm.so+0x723d80]  thread_entry(JavaThread*, Thread*)+0xa0
V  [libjvm.so+0xa69dcf]  JavaThread::thread_main_inner()+0xdf
V  [libjvm.so+0xa69efc]  JavaThread::run()+0x11c
V  [libjvm.so+0x91d9d8]  java_start(Thread*)+0x108
C  [libpthread.so.0+0x7284]  start_thread+0xc4

Java frames: (J=compiled Java code, j=interpreted, Vv=VM code)
j  com.sun.jna.Native.getString(JZ)Ljava/lang/String;+0
j  com.sun.jna.Pointer.getString(JZ)Ljava/lang/String;+7
j  com.sun.jna.Pointer.getString(J)Ljava/lang/String;+90
j  com.sun.jna.Function.invokeString(I[Ljava/lang/Object;Z)Ljava/lang/String;+35
j  com.sun.jna.Function.invoke([Ljava/lang/Object;Ljava/lang/Class;Z)Ljava/lang/Object;+544
j  com.sun.jna.Function.invoke(Ljava/lang/Class;[Ljava/lang/Object;Ljava/util/Map;)Ljava/lang/Object;+214
j  com.sun.jna.Library$Handler.invoke(Ljava/lang/Object;Ljava/lang/reflect/Method;[Ljava/lang/Object;)Ljava/lang/Object;+341
j  com.sun.proxy.$Proxy0.ler()Ljava/lang/String;+9
j  br.edu.ifba.rfsus.jna.rfid.LeitorRfid.run()V+24
j  java.lang.Thread.run()V+11
v  ~StubRoutines::call_stub

---------------  P R O C E S S  ---------------

Java Threads: ( => current thread )
  0x00007f77f800a000 JavaThread "DestroyJavaVM" [_thread_blocked, id=14598, stack(0x00007f77fe916000,0x00007f77fea17000)]
=>0x00007f77f8326000 JavaThread "Thread-0" [_thread_in_native, id=14623, stack(0x00007f77c07e0000,0x00007f77c08e1000)]
  0x00007f77a00ab000 JavaThread "TimerQueue" daemon [_thread_blocked, id=14622, stack(0x00007f77c08e1000,0x00007f77c09e2000)]
  0x00007f77f82a1000 JavaThread "AWT-EventQueue-0" [_thread_blocked, id=14617, stack(0x00007f77c178b000,0x00007f77c188c000)]
  0x00007f77f829f800 JavaThread "AWT-Shutdown" [_thread_blocked, id=14616, stack(0x00007f77c188c000,0x00007f77c198d000)]
  0x00007f77f8250000 JavaThread "AWT-XAWT" daemon [_thread_in_native, id=14615, stack(0x00007f77c198d000,0x00007f77c1a8e000)]
  0x00007f77f8230000 JavaThread "Java2D Disposer" daemon [_thread_blocked, id=14614, stack(0x00007f77c1e9f000,0x00007f77c1fa0000)]
  0x00007f77f80c8000 JavaThread "Service Thread" daemon [_thread_blocked, id=14612, stack(0x00007f77c3bfc000,0x00007f77c3cfd000)]
  0x00007f77f80bd000 JavaThread "C1 CompilerThread2" daemon [_thread_blocked, id=14611, stack(0x00007f77c3cfd000,0x00007f77c3dfe000)]
  0x00007f77f80bb000 JavaThread "C2 CompilerThread1" daemon [_thread_blocked, id=14610, stack(0x00007f77c3dfe000,0x00007f77c3eff000)]
  0x00007f77f80b8800 JavaThread "C2 CompilerThread0" daemon [_thread_blocked, id=14609, stack(0x00007f77c3eff000,0x00007f77c4000000)]
  0x00007f77f80b7000 JavaThread "Signal Dispatcher" daemon [_thread_blocked, id=14608, stack(0x00007f77e4089000,0x00007f77e418a000)]
  0x00007f77f8084000 JavaThread "Finalizer" daemon [_thread_blocked, id=14607, stack(0x00007f77e4314000,0x00007f77e4415000)]
  0x00007f77f807f800 JavaThread "Reference Handler" daemon [_thread_blocked, id=14606, stack(0x00007f77e4415000,0x00007f77e4516000)]

Other Threads:
  0x00007f77f8077800 VMThread [stack: 0x00007f77e4516000,0x00007f77e4617000] [id=14605]
  0x00007f77f80cb800 WatcherThread [stack: 0x00007f77c3afb000,0x00007f77c3bfc000] [id=14613]

VM state:not at safepoint (normal execution)

VM Mutex/Monitor currently owned by a thread: None

Heap:
 PSYoungGen      total 17920K, used 7398K [0x00000000ec200000, 0x00000000ed600000, 0x0000000100000000)
  eden space 15360K, 48% used [0x00000000ec200000,0x00000000ec9398a8,0x00000000ed100000)
  from space 2560K, 0% used [0x00000000ed380000,0x00000000ed380000,0x00000000ed600000)
  to   space 2560K, 0% used [0x00000000ed100000,0x00000000ed100000,0x00000000ed380000)
 ParOldGen       total 40960K, used 0K [0x00000000c4600000, 0x00000000c6e00000, 0x00000000ec200000)
  object space 40960K, 0% used [0x00000000c4600000,0x00000000c4600000,0x00000000c6e00000)
 Metaspace       used 12415K, capacity 12632K, committed 12928K, reserved 1060864K
  class space    used 1513K, capacity 1606K, committed 1664K, reserved 1048576K

Card table byte_map: [0x00007f77e842f000,0x00007f77e860d000] byte_map_base: 0x00007f77e7e0c000

Marking Bits: (ParMarkBitMap*) 0x00007f77fde12100
 Begin Bits: [0x00007f77e611d000, 0x00007f77e7005000)
 End Bits:   [0x00007f77e7005000, 0x00007f77e7eed000)

Polling page: 0x00007f77fea36000

CodeCache: size=245760Kb used=2228Kb max_used=2228Kb free=243531Kb
 bounds [0x00007f77e89cd000, 0x00007f77e8c3d000, 0x00007f77f79cd000]
 total_blobs=1130 nmethods=585 adapters=459
 compilation: enabled

Compilation events (10 events):
Event: 5,781 Thread 0x00007f77f80bd000  581       1       sun.java2d.pipe.Region::getLoY (5 bytes)
Event: 5,781 Thread 0x00007f77f80bd000 nmethod 581 0x00007f77e8bfac90 code [0x00007f77e8bfade0, 0x00007f77e8bfaef0]
Event: 5,781 Thread 0x00007f77f80bd000  582       1       sun.java2d.pipe.Region::getHiX (5 bytes)
Event: 5,781 Thread 0x00007f77f80bd000 nmethod 582 0x00007f77e8bfa9d0 code [0x00007f77e8bfab20, 0x00007f77e8bfac30]
Event: 5,781 Thread 0x00007f77f80bd000  583       1       sun.java2d.pipe.Region::getHiY (5 bytes)
Event: 5,782 Thread 0x00007f77f80bd000 nmethod 583 0x00007f77e8bfa710 code [0x00007f77e8bfa860, 0x00007f77e8bfa970]
Event: 6,281 Thread 0x00007f77f80bd000  584       3       sun.java2d.SunGraphics2D::getCompClip (19 bytes)
Event: 6,282 Thread 0x00007f77f80bd000 nmethod 584 0x00007f77e8bfa250 code [0x00007f77e8bfa3c0, 0x00007f77e8bfa648]
Event: 7,742 Thread 0x00007f77f80bd000  585       1       java.security.CodeSource::getLocation (5 bytes)
Event: 7,743 Thread 0x00007f77f80bd000 nmethod 585 0x00007f77e8bf9f90 code [0x00007f77e8bfa0e0, 0x00007f77e8bfa1f0]

GC Heap History (0 events):
No events

Deoptimization events (4 events):
Event: 0,591 Thread 0x00007f77f800a000 Uncommon trap: reason=class_check action=maybe_recompile pc=0x00007f77e8b267b0 method=java.lang.String.equals(Ljava/lang/Object;)Z @ 8
Event: 0,591 Thread 0x00007f77f800a000 Uncommon trap: reason=class_check action=maybe_recompile pc=0x00007f77e8b267b0 method=java.lang.String.equals(Ljava/lang/Object;)Z @ 8
Event: 0,591 Thread 0x00007f77f800a000 Uncommon trap: reason=class_check action=maybe_recompile pc=0x00007f77e8b267b0 method=java.lang.String.equals(Ljava/lang/Object;)Z @ 8
Event: 0,591 Thread 0x00007f77f800a000 Uncommon trap: reason=class_check action=maybe_recompile pc=0x00007f77e8b267b0 method=java.lang.String.equals(Ljava/lang/Object;)Z @ 8

Internal exceptions (10 events):
Event: 0,045 Thread 0x00007f77f800a000 Exception <a 'java/lang/NoSuchMethodError': Method sun.misc.Unsafe.prefetchRead(Ljava/lang/Object;J)V name or signature does not match> (0x00000000ec207fa8) thrown at [/HUDSON/workspace/8-2-build-linux-amd64/jdk8u77/6540/hotspot/src/share/vm/prims/jni.cpp
Event: 0,168 Thread 0x00007f77f800a000 Exception <a 'java/security/PrivilegedActionException'> (0x00000000ec2e94c8) thrown at [/HUDSON/workspace/8-2-build-linux-amd64/jdk8u77/6540/hotspot/src/share/vm/prims/jvm.cpp, line 1386]
Event: 0,168 Thread 0x00007f77f800a000 Exception <a 'java/security/PrivilegedActionException'> (0x00000000ec2e96d8) thrown at [/HUDSON/workspace/8-2-build-linux-amd64/jdk8u77/6540/hotspot/src/share/vm/prims/jvm.cpp, line 1386]
Event: 0,168 Thread 0x00007f77f800a000 Exception <a 'java/security/PrivilegedActionException'> (0x00000000ec2ebb18) thrown at [/HUDSON/workspace/8-2-build-linux-amd64/jdk8u77/6540/hotspot/src/share/vm/prims/jvm.cpp, line 1386]
Event: 0,168 Thread 0x00007f77f800a000 Exception <a 'java/security/PrivilegedActionException'> (0x00000000ec2ebd28) thrown at [/HUDSON/workspace/8-2-build-linux-amd64/jdk8u77/6540/hotspot/src/share/vm/prims/jvm.cpp, line 1386]
Event: 0,236 Thread 0x00007f77f800a000 Exception <a 'java/lang/NoSuchFieldError': method resolution failed> (0x00000000ec3bb778) thrown at [/HUDSON/workspace/8-2-build-linux-amd64/jdk8u77/6540/hotspot/src/share/vm/prims/methodHandles.cpp, line 1146]
Event: 0,240 Thread 0x00007f77f800a000 Exception <a 'java/lang/NoSuchFieldError': method resolution failed> (0x00000000ec3c8ec8) thrown at [/HUDSON/workspace/8-2-build-linux-amd64/jdk8u77/6540/hotspot/src/share/vm/prims/methodHandles.cpp, line 1146]
Event: 0,279 Thread 0x00007f77f800a000 Exception <a 'java/io/FileNotFoundException'> (0x00000000ec446260) thrown at [/HUDSON/workspace/8-2-build-linux-amd64/jdk8u77/6540/hotspot/src/share/vm/prims/jni.cpp, line 709]
Event: 0,279 Thread 0x00007f77f800a000 Exception <a 'java/io/FileNotFoundException'> (0x00000000ec446d80) thrown at [/HUDSON/workspace/8-2-build-linux-amd64/jdk8u77/6540/hotspot/src/share/vm/prims/jni.cpp, line 709]
Event: 0,769 Thread 0x00007f77f82a1000 Exception <a 'java/lang/UnsupportedOperationException': > (0x00000000ec606a58) thrown at [/HUDSON/workspace/8-2-build-linux-amd64/jdk8u77/6540/hotspot/src/share/vm/prims/jni.cpp, line 735]

Events (10 events):
Event: 5,736 loading class java/lang/reflect/TypeVariable
Event: 5,736 loading class java/lang/reflect/TypeVariable done
Event: 5,736 loading class java/lang/reflect/AnnotatedType
Event: 5,736 loading class java/lang/reflect/AnnotatedType done
Event: 5,736 loading class com/sun/jna/NativeString
Event: 5,736 loading class com/sun/jna/NativeString done
Event: 5,738 loading class com/sun/jna/Memory$SharedMemory
Event: 5,738 loading class com/sun/jna/Memory$SharedMemory done
Event: 7,741 loading class com/sun/jna/Function$PostCallRead
Event: 7,741 loading class com/sun/jna/Function$PostCallRead done


Dynamic libraries:
00400000-00401000 r-xp 00000000 08:01 22021852                           /usr/lib/jvm/java-8-oracle/bin/java
00600000-00601000 rw-p 00000000 08:01 22021852                           /usr/lib/jvm/java-8-oracle/bin/java
01174000-01195000 rw-p 00000000 00:00 0                                  [heap]
c4600000-c6e00000 rw-p 00000000 00:00 0 
c6e00000-ec200000 ---p 00000000 00:00 0 
ec200000-ed600000 rw-p 00000000 00:00 0 
ed600000-100000000 ---p 00000000 00:00 0 
100000000-1001a0000 rw-p 00000000 00:00 0 
1001a0000-140000000 ---p 00000000 00:00 0 
7f778c000000-7f778c300000 rw-p 00000000 00:00 0 
7f778c300000-7f7790000000 ---p 00000000 00:00 0 
7f7794000000-7f7794021000 rw-p 00000000 00:00 0 
7f7794021000-7f7798000000 ---p 00000000 00:00 0 
7f779ba81000-7f779baef000 r-xp 00000000 08:01 23069454                   /lib/x86_64-linux-gnu/libpcre.so.3.13.2
7f779baef000-7f779bcef000 ---p 0006e000 08:01 23069454                   /lib/x86_64-linux-gnu/libpcre.so.3.13.2
7f779bcef000-7f779bcf0000 r--p 0006e000 08:01 23069454                   /lib/x86_64-linux-gnu/libpcre.so.3.13.2
7f779bcf0000-7f779bcf1000 rw-p 0006f000 08:01 23069454                   /lib/x86_64-linux-gnu/libpcre.so.3.13.2
7f779bcf1000-7f779bdfd000 r-xp 00000000 08:01 23072132                   /lib/x86_64-linux-gnu/libglib-2.0.so.0.4600.2
7f779bdfd000-7f779bffd000 ---p 0010c000 08:01 23072132                   /lib/x86_64-linux-gnu/libglib-2.0.so.0.4600.2
7f779bffd000-7f779bffe000 r--p 0010c000 08:01 23072132                   /lib/x86_64-linux-gnu/libglib-2.0.so.0.4600.2
7f779bffe000-7f779bfff000 rw-p 0010d000 08:01 23072132                   /lib/x86_64-linux-gnu/libglib-2.0.so.0.4600.2
7f779bfff000-7f779c000000 rw-p 00000000 00:00 0 
7f779c000000-7f779c021000 rw-p 00000000 00:00 0 
7f779c021000-7f77a0000000 ---p 00000000 00:00 0 
7f77a0000000-7f77a0187000 rw-p 00000000 00:00 0 
7f77a0187000-7f77a4000000 ---p 00000000 00:00 0 
7f77a4000000-7f77a4021000 rw-p 00000000 00:00 0 
7f77a4021000-7f77a8000000 ---p 00000000 00:00 0 
7f77a8000000-7f77a8021000 rw-p 00000000 00:00 0 
7f77a8021000-7f77ac000000 ---p 00000000 00:00 0 
7f77ac000000-7f77ac021000 rw-p 00000000 00:00 0 
7f77ac021000-7f77b0000000 ---p 00000000 00:00 0 
7f77b0000000-7f77b0021000 rw-p 00000000 00:00 0 
7f77b0021000-7f77b4000000 ---p 00000000 00:00 0 
7f77b4000000-7f77b408b000 rw-p 00000000 00:00 0 
7f77b408b000-7f77b8000000 ---p 00000000 00:00 0 
7f77b8000000-7f77b8165000 rw-p 00000000 00:00 0 
7f77b8165000-7f77bc000000 ---p 00000000 00:00 0 
7f77bc000000-7f77bc19d000 rw-p 00000000 00:00 0 
7f77bc19d000-7f77c0000000 ---p 00000000 00:00 0 
7f77c014d000-7f77c02b8000 r-xp 00000000 08:01 21496825                   /usr/lib/x86_64-linux-gnu/libstdc++.so.6.0.21
7f77c02b8000-7f77c04b8000 ---p 0016b000 08:01 21496825                   /usr/lib/x86_64-linux-gnu/libstdc++.so.6.0.21
7f77c04b8000-7f77c04c2000 r--p 0016b000 08:01 21496825                   /usr/lib/x86_64-linux-gnu/libstdc++.so.6.0.21
7f77c04c2000-7f77c04c4000 rw-p 00175000 08:01 21496825                   /usr/lib/x86_64-linux-gnu/libstdc++.so.6.0.21
7f77c04c4000-7f77c04c8000 rw-p 00000000 00:00 0 
7f77c04c8000-7f77c04ca000 r-xp 00000000 08:01 18874383                   /home/webmaster/workspace/rfsus/java/rfsus/comunicacao.so
7f77c04ca000-7f77c06c9000 ---p 00002000 08:01 18874383                   /home/webmaster/workspace/rfsus/java/rfsus/comunicacao.so
7f77c06c9000-7f77c06ca000 rw-p 00001000 08:01 18874383                   /home/webmaster/workspace/rfsus/java/rfsus/comunicacao.so
7f77c06ca000-7f77c06df000 r-xp 00000000 08:01 24117681                   /tmp/jna4387360407015397859.tmp
7f77c06df000-7f77c07de000 ---p 00015000 08:01 24117681                   /tmp/jna4387360407015397859.tmp
7f77c07de000-7f77c07e0000 rw-p 00014000 08:01 24117681                   /tmp/jna4387360407015397859.tmp
7f77c07e0000-7f77c07e3000 ---p 00000000 00:00 0 
7f77c07e3000-7f77c08e1000 rw-p 00000000 00:00 0                          [stack:14623]
7f77c08e1000-7f77c08e4000 ---p 00000000 00:00 0 
7f77c08e4000-7f77c0ae2000 rw-p 00000000 00:00 0                          [stack:14622]
7f77c0ae2000-7f77c0be2000 ---p 00000000 00:00 0 
7f77c0be2000-7f77c0c4b000 r-xp 00000000 08:01 22418299                   /usr/lib/jvm/java-8-oracle/jre/lib/amd64/libt2k.so
7f77c0c4b000-7f77c0e4b000 ---p 00069000 08:01 22418299                   /usr/lib/jvm/java-8-oracle/jre/lib/amd64/libt2k.so
7f77c0e4b000-7f77c0e52000 rw-p 00069000 08:01 22418299                   /usr/lib/jvm/java-8-oracle/jre/lib/amd64/libt2k.so
7f77c0e52000-7f77c0e62000 rw-p 00000000 00:00 0 
7f77c0e62000-7f77c0e73000 r-xp 00000000 08:01 22418383                   /usr/lib/jvm/java-8-oracle/jre/lib/amd64/libnio.so
7f77c0e73000-7f77c1072000 ---p 00011000 08:01 22418383                   /usr/lib/jvm/java-8-oracle/jre/lib/amd64/libnio.so
7f77c1072000-7f77c1073000 rw-p 00010000 08:01 22418383                   /usr/lib/jvm/java-8-oracle/jre/lib/amd64/libnio.so
7f77c1073000-7f77c1374000 rw-p 00000000 00:00 0 
7f77c1374000-7f77c138a000 r-xp 00000000 08:01 22418328                   /usr/lib/jvm/java-8-oracle/jre/lib/amd64/libnet.so
7f77c138a000-7f77c158a000 ---p 00016000 08:01 22418328                   /usr/lib/jvm/java-8-oracle/jre/lib/amd64/libnet.so
7f77c158a000-7f77c158b000 rw-p 00016000 08:01 22418328                   /usr/lib/jvm/java-8-oracle/jre/lib/amd64/libnet.so
7f77c158b000-7f77c178b000 rw-p 00000000 00:00 0 
7f77c178b000-7f77c178e000 ---p 00000000 00:00 0 
7f77c178e000-7f77c188c000 rw-p 00000000 00:00 0                          [stack:14617]
7f77c188c000-7f77c188f000 ---p 00000000 00:00 0 
7f77c188f000-7f77c198d000 rw-p 00000000 00:00 0                          [stack:14616]
7f77c198d000-7f77c1990000 ---p 00000000 00:00 0 
7f77c1990000-7f77c1a8e000 rw-p 00000000 00:00 0                          [stack:14615]
7f77c1a8e000-7f77c1a93000 r-xp 00000000 08:01 21504500                   /usr/lib/x86_64-linux-gnu/libXfixes.so.3.1.0
7f77c1a93000-7f77c1c92000 ---p 00005000 08:01 21504500                   /usr/lib/x86_64-linux-gnu/libXfixes.so.3.1.0
7f77c1c92000-7f77c1c93000 r--p 00004000 08:01 21504500                   /usr/lib/x86_64-linux-gnu/libXfixes.so.3.1.0
7f77c1c93000-7f77c1c94000 rw-p 00005000 08:01 21504500                   /usr/lib/x86_64-linux-gnu/libXfixes.so.3.1.0
7f77c1c94000-7f77c1c9e000 r-xp 00000000 08:01 21504492                   /usr/lib/x86_64-linux-gnu/libXcursor.so.1.0.2
7f77c1c9e000-7f77c1e9d000 ---p 0000a000 08:01 21504492                   /usr/lib/x86_64-linux-gnu/libXcursor.so.1.0.2
7f77c1e9d000-7f77c1e9e000 r--p 00009000 08:01 21504492                   /usr/lib/x86_64-linux-gnu/libXcursor.so.1.0.2
7f77c1e9e000-7f77c1e9f000 rw-p 0000a000 08:01 21504492                   /usr/lib/x86_64-linux-gnu/libXcursor.so.1.0.2
7f77c1e9f000-7f77c1ea2000 ---p 00000000 00:00 0 
7f77c1ea2000-7f77c1fa0000 rw-p 00000000 00:00 0                          [stack:14614]
7f77c1fa0000-7f77c1fb6000 r-xp 00000000 08:01 23069139                   /lib/x86_64-linux-gnu/libgcc_s.so.1
7f77c1fb6000-7f77c21b5000 ---p 00016000 08:01 23069139                   /lib/x86_64-linux-gnu/libgcc_s.so.1
7f77c21b5000-7f77c21b6000 rw-p 00015000 08:01 23069139                   /lib/x86_64-linux-gnu/libgcc_s.so.1
7f77c21b6000-7f77c221b000 r-xp 00000000 08:01 22418310                   /usr/lib/jvm/java-8-oracle/jre/lib/amd64/libfontmanager.so
7f77c221b000-7f77c241a000 ---p 00065000 08:01 22418310                   /usr/lib/jvm/java-8-oracle/jre/lib/amd64/libfontmanager.so
7f77c241a000-7f77c241f000 rw-p 00064000 08:01 22418310                   /usr/lib/jvm/java-8-oracle/jre/lib/amd64/libfontmanager.so
7f77c241f000-7f77c242f000 rw-p 00000000 00:00 0 
7f77c242f000-7f77c2434000 r-xp 00000000 08:01 21498797                   /usr/lib/x86_64-linux-gnu/libXdmcp.so.6.0.0
7f77c2434000-7f77c2633000 ---p 00005000 08:01 21498797                   /usr/lib/x86_64-linux-gnu/libXdmcp.so.6.0.0
7f77c2633000-7f77c2634000 r--p 00004000 08:01 21498797                   /usr/lib/x86_64-linux-gnu/libXdmcp.so.6.0.0
7f77c2634000-7f77c2635000 rw-p 00005000 08:01 21498797                   /usr/lib/x86_64-linux-gnu/libXdmcp.so.6.0.0
7f77c2635000-7f77c2638000 r-xp 00000000 08:01 21504485                   /usr/lib/x86_64-linux-gnu/libXau.so.6.0.0
7f77c2638000-7f77c2837000 ---p 00003000 08:01 21504485                   /usr/lib/x86_64-linux-gnu/libXau.so.6.0.0
7f77c2837000-7f77c2838000 r--p 00002000 08:01 21504485                   /usr/lib/x86_64-linux-gnu/libXau.so.6.0.0
7f77c2838000-7f77c2839000 rw-p 00003000 08:01 21504485                   /usr/lib/x86_64-linux-gnu/libXau.so.6.0.0
7f77c2839000-7f77c285a000 r-xp 00000000 08:01 21505663                   /usr/lib/x86_64-linux-gnu/libxcb.so.1.1.0
7f77c285a000-7f77c2a59000 ---p 00021000 08:01 21505663                   /usr/lib/x86_64-linux-gnu/libxcb.so.1.1.0
7f77c2a59000-7f77c2a5a000 r--p 00020000 08:01 21505663                   /usr/lib/x86_64-linux-gnu/libxcb.so.1.1.0
7f77c2a5a000-7f77c2a5b000 rw-p 00021000 08:01 21505663                   /usr/lib/x86_64-linux-gnu/libxcb.so.1.1.0
7f77c2a5b000-7f77c2a6a000 r-xp 00000000 08:01 21497227                   /usr/lib/x86_64-linux-gnu/libXi.so.6.1.0
7f77c2a6a000-7f77c2c69000 ---p 0000f000 08:01 21497227                   /usr/lib/x86_64-linux-gnu/libXi.so.6.1.0
7f77c2c69000-7f77c2c6a000 r--p 0000e000 08:01 21497227                   /usr/lib/x86_64-linux-gnu/libXi.so.6.1.0
7f77c2c6a000-7f77c2c6b000 rw-p 0000f000 08:01 21497227                   /usr/lib/x86_64-linux-gnu/libXi.so.6.1.0
7f77c2c6b000-7f77c2c70000 r-xp 00000000 08:01 21504524                   /usr/lib/x86_64-linux-gnu/libXtst.so.6.1.0
7f77c2c70000-7f77c2e6f000 ---p 00005000 08:01 21504524                   /usr/lib/x86_64-linux-gnu/libXtst.so.6.1.0
7f77c2e6f000-7f77c2e70000 r--p 00004000 08:01 21504524                   /usr/lib/x86_64-linux-gnu/libXtst.so.6.1.0
7f77c2e70000-7f77c2e71000 rw-p 00005000 08:01 21504524                   /usr/lib/x86_64-linux-gnu/libXtst.so.6.1.0
7f77c2e71000-7f77c2e7a000 r-xp 00000000 08:01 21504518                   /usr/lib/x86_64-linux-gnu/libXrender.so.1.3.0
7f77c2e7a000-7f77c3079000 ---p 00009000 08:01 21504518                   /usr/lib/x86_64-linux-gnu/libXrender.so.1.3.0
7f77c3079000-7f77c307a000 r--p 00008000 08:01 21504518                   /usr/lib/x86_64-linux-gnu/libXrender.so.1.3.0
7f77c307a000-7f77c307b000 rw-p 00009000 08:01 21504518                   /usr/lib/x86_64-linux-gnu/libXrender.so.1.3.0
7f77c307b000-7f77c31b7000 r-xp 00000000 08:01 21504481                   /usr/lib/x86_64-linux-gnu/libX11.so.6.3.0
7f77c31b7000-7f77c33b6000 ---p 0013c000 08:01 21504481                   /usr/lib/x86_64-linux-gnu/libX11.so.6.3.0
7f77c33b6000-7f77c33b8000 r--p 0013b000 08:01 21504481                   /usr/lib/x86_64-linux-gnu/libX11.so.6.3.0
7f77c33b8000-7f77c33bd000 rw-p 0013d000 08:01 21504481                   /usr/lib/x86_64-linux-gnu/libX11.so.6.3.0
7f77c33bd000-7f77c33be000 rw-p 00000000 00:00 0 
7f77c33be000-7f77c33cf000 r-xp 00000000 08:01 21504498                   /usr/lib/x86_64-linux-gnu/libXext.so.6.4.0
7f77c33cf000-7f77c35ce000 ---p 00011000 08:01 21504498                   /usr/lib/x86_64-linux-gnu/libXext.so.6.4.0
7f77c35ce000-7f77c35cf000 r--p 00010000 08:01 21504498                   /usr/lib/x86_64-linux-gnu/libXext.so.6.4.0
7f77c35cf000-7f77c35d0000 rw-p 00011000 08:01 21504498                   /usr/lib/x86_64-linux-gnu/libXext.so.6.4.0
7f77c35d0000-7f77c3624000 r-xp 00000000 08:01 22418416                   /usr/lib/jvm/java-8-oracle/jre/lib/amd64/libawt_xawt.so
7f77c3624000-7f77c3824000 ---p 00054000 08:01 22418416                   /usr/lib/jvm/java-8-oracle/jre/lib/amd64/libawt_xawt.so
7f77c3824000-7f77c3828000 rw-p 00054000 08:01 22418416                   /usr/lib/jvm/java-8-oracle/jre/lib/amd64/libawt_xawt.so
7f77c3828000-7f77c3829000 rw-p 00000000 00:00 0 
7f77c3829000-7f77c38cb000 r-xp 00000000 08:01 22418321                   /usr/lib/jvm/java-8-oracle/jre/lib/amd64/libawt.so
7f77c38cb000-7f77c3acb000 ---p 000a2000 08:01 22418321                   /usr/lib/jvm/java-8-oracle/jre/lib/amd64/libawt.so
7f77c3acb000-7f77c3ad7000 rw-p 000a2000 08:01 22418321                   /usr/lib/jvm/java-8-oracle/jre/lib/amd64/libawt.so
7f77c3ad7000-7f77c3afb000 rw-p 00000000 00:00 0 
7f77c3afb000-7f77c3afc000 ---p 00000000 00:00 0 
7f77c3afc000-7f77c3bfc000 rw-p 00000000 00:00 0                          [stack:14613]
7f77c3bfc000-7f77c3bff000 ---p 00000000 00:00 0 
7f77c3bff000-7f77c3cfd000 rw-p 00000000 00:00 0                          [stack:14612]
7f77c3cfd000-7f77c3d00000 ---p 00000000 00:00 0 
7f77c3d00000-7f77c3dfe000 rw-p 00000000 00:00 0                          [stack:14611]
7f77c3dfe000-7f77c3e01000 ---p 00000000 00:00 0 
7f77c3e01000-7f77c3eff000 rw-p 00000000 00:00 0                          [stack:14610]
7f77c3eff000-7f77c3f02000 ---p 00000000 00:00 0 
7f77c3f02000-7f77c4000000 rw-p 00000000 00:00 0                          [stack:14609]
7f77c4000000-7f77c4021000 rw-p 00000000 00:00 0 
7f77c4021000-7f77c8000000 ---p 00000000 00:00 0 
7f77c8000000-7f77c8021000 rw-p 00000000 00:00 0 
7f77c8021000-7f77cc000000 ---p 00000000 00:00 0 
7f77cc000000-7f77cc021000 rw-p 00000000 00:00 0 
7f77cc021000-7f77d0000000 ---p 00000000 00:00 0 
7f77d0000000-7f77d0021000 rw-p 00000000 00:00 0 
7f77d0021000-7f77d4000000 ---p 00000000 00:00 0 
7f77d4000000-7f77d4021000 rw-p 00000000 00:00 0 
7f77d4021000-7f77d8000000 ---p 00000000 00:00 0 
7f77d8000000-7f77d8021000 rw-p 00000000 00:00 0 
7f77d8021000-7f77dc000000 ---p 00000000 00:00 0 
7f77dc000000-7f77dc021000 rw-p 00000000 00:00 0 
7f77dc021000-7f77e0000000 ---p 00000000 00:00 0 
7f77e0000000-7f77e0021000 rw-p 00000000 00:00 0 
7f77e0021000-7f77e4000000 ---p 00000000 00:00 0 
7f77e4067000-7f77e406e000 r--s 00000000 08:01 21764088                   /usr/lib/x86_64-linux-gnu/gconv/gconv-modules.cache
7f77e406e000-7f77e4089000 r--s 00150000 08:01 18875718                   /home/webmaster/workspace/rfsus/java/rfsus/lib/mongo-java-driver-3.2.1.jar
7f77e4089000-7f77e408c000 ---p 00000000 00:00 0 
7f77e408c000-7f77e418a000 rw-p 00000000 00:00 0                          [stack:14608]
7f77e418a000-7f77e4314000 r--p 00000000 08:01 21497283                   /usr/lib/locale/locale-archive
7f77e4314000-7f77e4317000 ---p 00000000 00:00 0 
7f77e4317000-7f77e4415000 rw-p 00000000 00:00 0                          [stack:14607]
7f77e4415000-7f77e4418000 ---p 00000000 00:00 0 
7f77e4418000-7f77e4516000 rw-p 00000000 00:00 0                          [stack:14606]
7f77e4516000-7f77e4517000 ---p 00000000 00:00 0 
7f77e4517000-7f77e5568000 rw-p 00000000 00:00 0                          [stack:14605]
7f77e5568000-7f77e5740000 r--s 03d1e000 08:01 22418273                   /usr/lib/jvm/java-8-oracle/jre/lib/rt.jar
7f77e5740000-7f77e7eed000 rw-p 00000000 00:00 0 
7f77e7eed000-7f77e7eee000 ---p 00000000 00:00 0 
7f77e7eee000-7f77e7fee000 rw-p 00000000 00:00 0                          [stack:14604]
7f77e7fee000-7f77e7fef000 ---p 00000000 00:00 0 
7f77e7fef000-7f77e80ef000 rw-p 00000000 00:00 0                          [stack:14603]
7f77e80ef000-7f77e80f0000 ---p 00000000 00:00 0 
7f77e80f0000-7f77e81f0000 rw-p 00000000 00:00 0                          [stack:14602]
7f77e81f0000-7f77e81f1000 ---p 00000000 00:00 0 
7f77e81f1000-7f77e8305000 rw-p 00000000 00:00 0                          [stack:14601]
7f77e8305000-7f77e842f000 ---p 00000000 00:00 0 
7f77e842f000-7f77e8443000 rw-p 00000000 00:00 0 
7f77e8443000-7f77e856d000 ---p 00000000 00:00 0 
7f77e856d000-7f77e8577000 rw-p 00000000 00:00 0 
7f77e8577000-7f77e860c000 ---p 00000000 00:00 0 
7f77e860c000-7f77e8617000 rw-p 00000000 00:00 0 
7f77e8617000-7f77e89cd000 ---p 00000000 00:00 0 
7f77e89cd000-7f77e8c3d000 rwxp 00000000 00:00 0 
7f77e8c3d000-7f77f79cd000 ---p 00000000 00:00 0 
7f77f79cd000-7f77f79e7000 r-xp 00000000 08:01 22418324                   /usr/lib/jvm/java-8-oracle/jre/lib/amd64/libzip.so
7f77f79e7000-7f77f7be7000 ---p 0001a000 08:01 22418324                   /usr/lib/jvm/java-8-oracle/jre/lib/amd64/libzip.so
7f77f7be7000-7f77f7be8000 rw-p 0001a000 08:01 22418324                   /usr/lib/jvm/java-8-oracle/jre/lib/amd64/libzip.so
7f77f7be8000-7f77f7bf3000 r-xp 00000000 08:01 23072871                   /lib/x86_64-linux-gnu/libnss_files-2.21.so
7f77f7bf3000-7f77f7df2000 ---p 0000b000 08:01 23072871                   /lib/x86_64-linux-gnu/libnss_files-2.21.so
7f77f7df2000-7f77f7df3000 r--p 0000a000 08:01 23072871                   /lib/x86_64-linux-gnu/libnss_files-2.21.so
7f77f7df3000-7f77f7df4000 rw-p 0000b000 08:01 23072871                   /lib/x86_64-linux-gnu/libnss_files-2.21.so
7f77f7df4000-7f77f7dfe000 r-xp 00000000 08:01 23072873                   /lib/x86_64-linux-gnu/libnss_nis-2.21.so
7f77f7dfe000-7f77f7ffe000 ---p 0000a000 08:01 23072873                   /lib/x86_64-linux-gnu/libnss_nis-2.21.so
7f77f7ffe000-7f77f7fff000 r--p 0000a000 08:01 23072873                   /lib/x86_64-linux-gnu/libnss_nis-2.21.so
7f77f7fff000-7f77f8000000 rw-p 0000b000 08:01 23072873                   /lib/x86_64-linux-gnu/libnss_nis-2.21.so
7f77f8000000-7f77f8501000 rw-p 00000000 00:00 0 
7f77f8501000-7f77fc000000 ---p 00000000 00:00 0 
7f77fc000000-7f77fc00f000 r--p 00000000 08:01 22939311                   /usr/share/locale/pt_BR/LC_MESSAGES/libc.mo
7f77fc00f000-7f77fc0f5000 rw-p 00000000 00:00 0 
7f77fc0f5000-7f77fc10a000 r-xp 00000000 08:01 23072868                   /lib/x86_64-linux-gnu/libnsl-2.21.so
7f77fc10a000-7f77fc309000 ---p 00015000 08:01 23072868                   /lib/x86_64-linux-gnu/libnsl-2.21.so
7f77fc309000-7f77fc30a000 r--p 00014000 08:01 23072868                   /lib/x86_64-linux-gnu/libnsl-2.21.so
7f77fc30a000-7f77fc30b000 rw-p 00015000 08:01 23072868                   /lib/x86_64-linux-gnu/libnsl-2.21.so
7f77fc30b000-7f77fc30d000 rw-p 00000000 00:00 0 
7f77fc30d000-7f77fc314000 r-xp 00000000 08:01 23072869                   /lib/x86_64-linux-gnu/libnss_compat-2.21.so
7f77fc314000-7f77fc513000 ---p 00007000 08:01 23072869                   /lib/x86_64-linux-gnu/libnss_compat-2.21.so
7f77fc513000-7f77fc514000 r--p 00006000 08:01 23072869                   /lib/x86_64-linux-gnu/libnss_compat-2.21.so
7f77fc514000-7f77fc515000 rw-p 00007000 08:01 23072869                   /lib/x86_64-linux-gnu/libnss_compat-2.21.so
7f77fc515000-7f77fc53f000 r-xp 00000000 08:01 22418319                   /usr/lib/jvm/java-8-oracle/jre/lib/amd64/libjava.so
7f77fc53f000-7f77fc73f000 ---p 0002a000 08:01 22418319                   /usr/lib/jvm/java-8-oracle/jre/lib/amd64/libjava.so
7f77fc73f000-7f77fc741000 rw-p 0002a000 08:01 22418319                   /usr/lib/jvm/java-8-oracle/jre/lib/amd64/libjava.so
7f77fc741000-7f77fc74e000 r-xp 00000000 08:01 22418323                   /usr/lib/jvm/java-8-oracle/jre/lib/amd64/libverify.so
7f77fc74e000-7f77fc94e000 ---p 0000d000 08:01 22418323                   /usr/lib/jvm/java-8-oracle/jre/lib/amd64/libverify.so
7f77fc94e000-7f77fc950000 rw-p 0000d000 08:01 22418323                   /usr/lib/jvm/java-8-oracle/jre/lib/amd64/libverify.so
7f77fc950000-7f77fc957000 r-xp 00000000 08:01 23072877                   /lib/x86_64-linux-gnu/librt-2.21.so
7f77fc957000-7f77fcb56000 ---p 00007000 08:01 23072877                   /lib/x86_64-linux-gnu/librt-2.21.so
7f77fcb56000-7f77fcb57000 r--p 00006000 08:01 23072877                   /lib/x86_64-linux-gnu/librt-2.21.so
7f77fcb57000-7f77fcb58000 rw-p 00007000 08:01 23072877                   /lib/x86_64-linux-gnu/librt-2.21.so
7f77fcb58000-7f77fcc5c000 r-xp 00000000 08:01 23072866                   /lib/x86_64-linux-gnu/libm-2.21.so
7f77fcc5c000-7f77fce5b000 ---p 00104000 08:01 23072866                   /lib/x86_64-linux-gnu/libm-2.21.so
7f77fce5b000-7f77fce5c000 r--p 00103000 08:01 23072866                   /lib/x86_64-linux-gnu/libm-2.21.so
7f77fce5c000-7f77fce5d000 rw-p 00104000 08:01 23072866                   /lib/x86_64-linux-gnu/libm-2.21.so
7f77fce5d000-7f77fdb1c000 r-xp 00000000 08:01 22675869                   /usr/lib/jvm/java-8-oracle/jre/lib/amd64/server/libjvm.so
7f77fdb1c000-7f77fdd1b000 ---p 00cbf000 08:01 22675869                   /usr/lib/jvm/java-8-oracle/jre/lib/amd64/server/libjvm.so
7f77fdd1b000-7f77fddf4000 rw-p 00cbe000 08:01 22675869                   /usr/lib/jvm/java-8-oracle/jre/lib/amd64/server/libjvm.so
7f77fddf4000-7f77fde3d000 rw-p 00000000 00:00 0 
7f77fde3d000-7f77fdfd7000 r-xp 00000000 08:01 23072862                   /lib/x86_64-linux-gnu/libc-2.21.so
7f77fdfd7000-7f77fe1d7000 ---p 0019a000 08:01 23072862                   /lib/x86_64-linux-gnu/libc-2.21.so
7f77fe1d7000-7f77fe1db000 r--p 0019a000 08:01 23072862                   /lib/x86_64-linux-gnu/libc-2.21.so
7f77fe1db000-7f77fe1dd000 rw-p 0019e000 08:01 23072862                   /lib/x86_64-linux-gnu/libc-2.21.so
7f77fe1dd000-7f77fe1e1000 rw-p 00000000 00:00 0 
7f77fe1e1000-7f77fe1e3000 r-xp 00000000 08:01 23072865                   /lib/x86_64-linux-gnu/libdl-2.21.so
7f77fe1e3000-7f77fe3e3000 ---p 00002000 08:01 23072865                   /lib/x86_64-linux-gnu/libdl-2.21.so
7f77fe3e3000-7f77fe3e4000 r--p 00002000 08:01 23072865                   /lib/x86_64-linux-gnu/libdl-2.21.so
7f77fe3e4000-7f77fe3e5000 rw-p 00003000 08:01 23072865                   /lib/x86_64-linux-gnu/libdl-2.21.so
7f77fe3e5000-7f77fe3fa000 r-xp 00000000 08:01 22417858                   /usr/lib/jvm/java-8-oracle/lib/amd64/jli/libjli.so
7f77fe3fa000-7f77fe5fa000 ---p 00015000 08:01 22417858                   /usr/lib/jvm/java-8-oracle/lib/amd64/jli/libjli.so
7f77fe5fa000-7f77fe5fb000 rw-p 00015000 08:01 22417858                   /usr/lib/jvm/java-8-oracle/lib/amd64/jli/libjli.so
7f77fe5fb000-7f77fe613000 r-xp 00000000 08:01 23072858                   /lib/x86_64-linux-gnu/libpthread-2.21.so
7f77fe613000-7f77fe812000 ---p 00018000 08:01 23072858                   /lib/x86_64-linux-gnu/libpthread-2.21.so
7f77fe812000-7f77fe813000 r--p 00017000 08:01 23072858                   /lib/x86_64-linux-gnu/libpthread-2.21.so
7f77fe813000-7f77fe814000 rw-p 00018000 08:01 23072858                   /lib/x86_64-linux-gnu/libpthread-2.21.so
7f77fe814000-7f77fe818000 rw-p 00000000 00:00 0 
7f77fe818000-7f77fe83a000 r-xp 00000000 08:01 23072859                   /lib/x86_64-linux-gnu/ld-2.21.so
7f77fe83a000-7f77fe83e000 r--s 00097000 08:01 22418278                   /usr/lib/jvm/java-8-oracle/jre/lib/jsse.jar
7f77fe83e000-7f77fe916000 rw-p 00000000 00:00 0 
7f77fe916000-7f77fe919000 ---p 00000000 00:00 0 
7f77fe919000-7f77fea1c000 rw-p 00000000 00:00 0                          [stack:14598]
7f77fea1c000-7f77fea1d000 rw-p 00000000 00:00 0 
7f77fea1d000-7f77fea23000 r--s 002f8000 08:01 22418271                   /usr/lib/jvm/java-8-oracle/jre/lib/charsets.jar
7f77fea23000-7f77fea24000 r--s 00008000 08:01 18875712                   /home/webmaster/workspace/rfsus/java/ui/dist/ui.jar
7f77fea24000-7f77fea29000 r--s 00032000 08:01 18875716                   /home/webmaster/workspace/rfsus/java/rfsus/lib/bson-3.0.4.jar
7f77fea29000-7f77fea2d000 r--s 000d0000 08:01 18875717                   /home/webmaster/workspace/rfsus/java/rfsus/lib/jna.jar
7f77fea2d000-7f77fea35000 rw-s 00000000 08:01 24117647                   /tmp/hsperfdata_webmaster/14594
7f77fea35000-7f77fea36000 rw-p 00000000 00:00 0 
7f77fea36000-7f77fea37000 r--p 00000000 00:00 0 
7f77fea37000-7f77fea39000 rw-p 00000000 00:00 0 
7f77fea39000-7f77fea3a000 r--p 00021000 08:01 23072859                   /lib/x86_64-linux-gnu/ld-2.21.so
7f77fea3a000-7f77fea3b000 rw-p 00022000 08:01 23072859                   /lib/x86_64-linux-gnu/ld-2.21.so
7f77fea3b000-7f77fea3c000 rw-p 00000000 00:00 0 
7fffadfeb000-7fffae00c000 rw-p 00000000 00:00 0                          [stack]
7fffae0e8000-7fffae0ea000 r--p 00000000 00:00 0                          [vvar]
7fffae0ea000-7fffae0ec000 r-xp 00000000 00:00 0                          [vdso]
ffffffffff600000-ffffffffff601000 r-xp 00000000 00:00 0                  [vsyscall]

VM Arguments:
jvm_args: -Djna.library.path=. -Dfile.encoding=UTF-8 -Dawt.useSystemAAFontSettings=gasp 
java_command: br.edu.ifba.rfsus.Executor
java_class_path (initial): /home/webmaster/workspace/rfsus/java/rfsus/bin:/home/webmaster/workspace/rfsus/java/rfsus/lib/jna.jar:/home/webmaster/workspace/rfsus/java/rfsus/lib/bson-3.0.4.jar:/home/webmaster/workspace/rfsus/java/rfsus/lib/mongo-java-driver-3.2.1.jar:/home/webmaster/workspace/rfsus/java/ui/dist/ui.jar
Launcher Type: SUN_STANDARD

Environment Variables:
_JAVA_OPTIONS=  -Dawt.useSystemAAFontSettings=gasp
PATH=/usr/local/bin:/usr/bin:/bin:/usr/local/games:/usr/games
SHELL=/bin/bash
DISPLAY=:0

Signal Handlers:
SIGSEGV: [libjvm.so+0xabb070], sa_mask[0]=11111111011111111101111111111110, sa_flags=SA_RESTART|SA_SIGINFO
SIGBUS: [libjvm.so+0xabb070], sa_mask[0]=11111111011111111101111111111110, sa_flags=SA_RESTART|SA_SIGINFO
SIGFPE: [libjvm.so+0x918480], sa_mask[0]=11111111011111111101111111111110, sa_flags=SA_RESTART|SA_SIGINFO
SIGPIPE: [libjvm.so+0x918480], sa_mask[0]=11111111011111111101111111111110, sa_flags=SA_RESTART|SA_SIGINFO
SIGXFSZ: [libjvm.so+0x918480], sa_mask[0]=11111111011111111101111111111110, sa_flags=SA_RESTART|SA_SIGINFO
SIGILL: [libjvm.so+0x918480], sa_mask[0]=11111111011111111101111111111110, sa_flags=SA_RESTART|SA_SIGINFO
SIGUSR1: SIG_DFL, sa_mask[0]=00000000000000000000000000000000, sa_flags=none
SIGUSR2: [libjvm.so+0x919ab0], sa_mask[0]=00100000000000000000000000000000, sa_flags=SA_RESTART|SA_SIGINFO
SIGHUP: [libjvm.so+0x91aeb0], sa_mask[0]=11111111011111111101111111111110, sa_flags=SA_RESTART|SA_SIGINFO
SIGINT: [libjvm.so+0x91aeb0], sa_mask[0]=11111111011111111101111111111110, sa_flags=SA_RESTART|SA_SIGINFO
SIGTERM: [libjvm.so+0x91aeb0], sa_mask[0]=11111111011111111101111111111110, sa_flags=SA_RESTART|SA_SIGINFO
SIGQUIT: [libjvm.so+0x91aeb0], sa_mask[0]=11111111011111111101111111111110, sa_flags=SA_RESTART|SA_SIGINFO


---------------  S Y S T E M  ---------------

OS:DISTRIB_ID=Deepin
DISTRIB_RELEASE=15.1.1
DISTRIB_DESCRIPTION="Deepin 15.1.1 "

uname:Linux 4.2.0-1-amd64 #1 SMP Debian 4.2.6-3 (2015-12-06) x86_64
libc:glibc 2.21 NPTL 2.21 
rlimit: STACK 8192k, CORE infinity, NPROC 15091, NOFILE 65536, AS infinity
load average:0,12 0,27 0,40

/proc/meminfo:
MemTotal:        3900920 kB
MemFree:           45120 kB
MemAvailable:    1374912 kB
Buffers:          133844 kB
Cached:          1408736 kB
SwapCached:            0 kB
Active:          2805008 kB
Inactive:         848552 kB
Active(anon):    2137688 kB
Inactive(anon):   253100 kB
Active(file):     667320 kB
Inactive(file):   595452 kB
Unevictable:          32 kB
Mlocked:              32 kB
SwapTotal:             0 kB
SwapFree:              0 kB
Dirty:               540 kB
Writeback:             0 kB
AnonPages:       2111116 kB
Mapped:           316004 kB
Shmem:            279808 kB
Slab:             126428 kB
SReclaimable:      96192 kB
SUnreclaim:        30236 kB
KernelStack:        8864 kB
PageTables:        28828 kB
NFS_Unstable:          0 kB
Bounce:                0 kB
WritebackTmp:          0 kB
CommitLimit:     1950460 kB
Committed_AS:    6228820 kB
VmallocTotal:   34359738367 kB
VmallocUsed:      543328 kB
VmallocChunk:   34358423548 kB
HardwareCorrupted:     0 kB
AnonHugePages:      2048 kB
HugePages_Total:       0
HugePages_Free:        0
HugePages_Rsvd:        0
HugePages_Surp:        0
Hugepagesize:       2048 kB
DirectMap4k:      100608 kB
DirectMap2M:     3942400 kB


CPU:total 4 (2 cores per cpu, 2 threads per core) family 6 model 42 stepping 7, cmov, cx8, fxsr, mmx, sse, sse2, sse3, ssse3, sse4.1, sse4.2, popcnt, avx, clmul, ht, tsc, tscinvbit

/proc/cpuinfo:
processor	: 0
vendor_id	: GenuineIntel
cpu family	: 6
model		: 42
model name	: Intel(R) Core(TM) i3-2310M CPU @ 2.10GHz
stepping	: 7
microcode	: 0x29
cpu MHz		: 875.437
cache size	: 3072 KB
physical id	: 0
siblings	: 4
core id		: 0
cpu cores	: 2
apicid		: 0
initial apicid	: 0
fpu		: yes
fpu_exception	: yes
cpuid level	: 13
wp		: yes
flags		: fpu vme de pse tsc msr pae mce cx8 apic sep mtrr pge mca cmov pat pse36 clflush dts acpi mmx fxsr sse sse2 ss ht tm pbe syscall nx rdtscp lm constant_tsc arch_perfmon pebs bts rep_good nopl xtopology nonstop_tsc aperfmperf eagerfpu pni pclmulqdq dtes64 monitor ds_cpl vmx est tm2 ssse3 cx16 xtpr pdcm pcid sse4_1 sse4_2 x2apic popcnt tsc_deadline_timer xsave avx lahf_lm arat epb pln pts dtherm tpr_shadow vnmi flexpriority ept vpid xsaveopt
bugs		:
bogomips	: 4190.69
clflush size	: 64
cache_alignment	: 64
address sizes	: 36 bits physical, 48 bits virtual
power management:

processor	: 1
vendor_id	: GenuineIntel
cpu family	: 6
model		: 42
model name	: Intel(R) Core(TM) i3-2310M CPU @ 2.10GHz
stepping	: 7
microcode	: 0x29
cpu MHz		: 804.480
cache size	: 3072 KB
physical id	: 0
siblings	: 4
core id		: 0
cpu cores	: 2
apicid		: 1
initial apicid	: 1
fpu		: yes
fpu_exception	: yes
cpuid level	: 13
wp		: yes
flags		: fpu vme de pse tsc msr pae mce cx8 apic sep mtrr pge mca cmov pat pse36 clflush dts acpi mmx fxsr sse sse2 ss ht tm pbe syscall nx rdtscp lm constant_tsc arch_perfmon pebs bts rep_good nopl xtopology nonstop_tsc aperfmperf eagerfpu pni pclmulqdq dtes64 monitor ds_cpl vmx est tm2 ssse3 cx16 xtpr pdcm pcid sse4_1 sse4_2 x2apic popcnt tsc_deadline_timer xsave avx lahf_lm arat epb pln pts dtherm tpr_shadow vnmi flexpriority ept vpid xsaveopt
bugs		:
bogomips	: 4190.69
clflush size	: 64
cache_alignment	: 64
address sizes	: 36 bits physical, 48 bits virtual
power management:

processor	: 2
vendor_id	: GenuineIntel
cpu family	: 6
model		: 42
model name	: Intel(R) Core(TM) i3-2310M CPU @ 2.10GHz
stepping	: 7
microcode	: 0x29
cpu MHz		: 799.968
cache size	: 3072 KB
physical id	: 0
siblings	: 4
core id		: 1
cpu cores	: 2
apicid		: 2
initial apicid	: 2
fpu		: yes
fpu_exception	: yes
cpuid level	: 13
wp		: yes
flags		: fpu vme de pse tsc msr pae mce cx8 apic sep mtrr pge mca cmov pat pse36 clflush dts acpi mmx fxsr sse sse2 ss ht tm pbe syscall nx rdtscp lm constant_tsc arch_perfmon pebs bts rep_good nopl xtopology nonstop_tsc aperfmperf eagerfpu pni pclmulqdq dtes64 monitor ds_cpl vmx est tm2 ssse3 cx16 xtpr pdcm pcid sse4_1 sse4_2 x2apic popcnt tsc_deadline_timer xsave avx lahf_lm arat epb pln pts dtherm tpr_shadow vnmi flexpriority ept vpid xsaveopt
bugs		:
bogomips	: 4190.69
clflush size	: 64
cache_alignment	: 64
address sizes	: 36 bits physical, 48 bits virtual
power management:

processor	: 3
vendor_id	: GenuineIntel
cpu family	: 6
model		: 42
model name	: Intel(R) Core(TM) i3-2310M CPU @ 2.10GHz
stepping	: 7
microcode	: 0x29
cpu MHz		: 805.218
cache size	: 3072 KB
physical id	: 0
siblings	: 4
core id		: 1
cpu cores	: 2
apicid		: 3
initial apicid	: 3
fpu		: yes
fpu_exception	: yes
cpuid level	: 13
wp		: yes
flags		: fpu vme de pse tsc msr pae mce cx8 apic sep mtrr pge mca cmov pat pse36 clflush dts acpi mmx fxsr sse sse2 ss ht tm pbe syscall nx rdtscp lm constant_tsc arch_perfmon pebs bts rep_good nopl xtopology nonstop_tsc aperfmperf eagerfpu pni pclmulqdq dtes64 monitor ds_cpl vmx est tm2 ssse3 cx16 xtpr pdcm pcid sse4_1 sse4_2 x2apic popcnt tsc_deadline_timer xsave avx lahf_lm arat epb pln pts dtherm tpr_shadow vnmi flexpriority ept vpid xsaveopt
bugs		:
bogomips	: 4190.69
clflush size	: 64
cache_alignment	: 64
address sizes	: 36 bits physical, 48 bits virtual
power management:



Memory: 4k page, physical 3900920k(45120k free), swap 0k(0k free)

vm_info: Java HotSpot(TM) 64-Bit Server VM (25.77-b03) for linux-amd64 JRE (1.8.0_77-b03), built on Mar 20 2016 22:00:46 by "java_re" with gcc 4.3.0 20080428 (Red Hat 4.3.0-8)

time: Sun Apr 10 15:53:21 2016
elapsed time: 7 seconds (0d 0h 0m 7s)

