#
# A fatal error has been detected by the Java Runtime Environment:
#
#  SIGSEGV (0xb) at pc=0x00007f3385cf437a, pid=13126, tid=139858302822144
#
# JRE version: Java(TM) SE Runtime Environment (8.0_77-b03) (build 1.8.0_77-b03)
# Java VM: Java HotSpot(TM) 64-Bit Server VM (25.77-b03 mixed mode linux-amd64 compressed oops)
# Problematic frame:
# C  [libc.so.6+0x8037a]  strlen+0x2a
#
# Core dump written. Default location: /home/webmaster/workspace/rfsus/java/rfsus/core or core.13126
#
# If you would like to submit a bug report, please visit:
#   http://bugreport.java.com/bugreport/crash.jsp
# The crash happened outside the Java Virtual Machine in native code.
# See problematic frame for where to report the bug.
#

---------------  T H R E A D  ---------------

Current thread (0x00007f33802e5000):  JavaThread "Thread-0" [_thread_in_native, id=13154, stack(0x00007f334c656000,0x00007f334c757000)]

siginfo: si_signo: 11 (SIGSEGV), si_code: 1 (SEGV_MAPERR), si_addr: 0x0000000000000001

Registers:
RAX=0x0000000000000001, RBX=0x00007f336da79b00, RCX=0x0000000000000001, RDX=0x0000000000000000
RSP=0x00007f334c7552c8, RBP=0x00007f334c755310, RSI=0x0000000000000001, RDI=0x0000000000000001
R8 =0x0000000000000000, R9 =0x0000000000000006, R10=0x00007f33707ca968, R11=0x00007f338564dd80
R12=0x0000000000000000, R13=0x00007f336da79b00, R14=0x00007f334c7553a8, R15=0x00007f33802e5000
RIP=0x00007f3385cf437a, EFLAGS=0x0000000000010293, CSGSFS=0x0000000000000033, ERR=0x0000000000000004
  TRAPNO=0x000000000000000e

Top of Stack: (sp=0x00007f334c7552c8)
0x00007f334c7552c8:   00007f334c54696a 00007f33802e5000
0x00007f334c7552d8:   00007f334c91f990 0000000000000001
0x00007f334c7552e8:   00007f33802e51f8 0000000000000000
0x00007f334c7552f8:   0000000000000000 00007f336da79b00
0x00007f334c755308:   0000000000000000 00007f334c755378
0x00007f334c755318:   00007f33707ca994 00007f334c755378
0x00007f334c755328:   00007f33707ca727 00007f33707ca6e2
0x00007f334c755338:   00007f334c755338 00007f336da79b00
0x00007f334c755348:   00007f334c7553a8 00007f334c889540
0x00007f334c755358:   0000000000000000 00007f336da79b00
0x00007f334c755368:   0000000000000000 00007f334c755398
0x00007f334c755378:   00007f334c7553f0 00007f33707bc9d0
0x00007f334c755388:   00000000ec7e6a80 00007f33707c457b
0x00007f334c755398:   0000000000000000 0000000000000001
0x00007f334c7553a8:   00000000ec90dd88 00007f334c7553b0
0x00007f334c7553b8:   00007f334c8902bf 00007f334c755418
0x00007f334c7553c8:   00007f334c8eb8a0 0000000000000000
0x00007f334c7553d8:   00007f334c8902f0 00007f334c755398
0x00007f334c7553e8:   00007f334c755400 00007f334c755460
0x00007f334c7553f8:   00007f33707bc9d0 0000000000000000
0x00007f334c755408:   0000000000000000 0000000000000000
0x00007f334c755418:   00000000ec90dd88 00007f334c755420
0x00007f334c755428:   00007f334c8903d2 00007f334c7554a8
0x00007f334c755438:   00007f334c8eb8a0 0000000000000000
0x00007f334c755448:   00007f334c890438 00007f334c755400
0x00007f334c755458:   00007f334c755498 00007f334c7554f0
0x00007f334c755468:   00007f33707bc9d0 0000000000000000
0x00007f334c755478:   0000000000000000 0000000000000000
0x00007f334c755488:   0000000000000000 0000000000000000
0x00007f334c755498:   0000000000000000 0000000000000000
0x00007f334c7554a8:   00000000ec90dd88 00007f334c7554b0
0x00007f334c7554b8:   00007f334c91958b 00007f334c755528 

Instructions: (pc=0x00007f3385cf437a)
0x00007f3385cf435a:   66 45 0f ef d2 66 45 0f ef db 48 89 f8 48 89 f9
0x00007f3385cf436a:   48 81 e1 ff 0f 00 00 48 81 f9 cf 0f 00 00 77 66
0x00007f3385cf437a:   f3 44 0f 6f 20 66 45 0f 74 e0 66 41 0f d7 d4 85
0x00007f3385cf438a:   d2 74 04 0f bc c2 c3 48 83 e0 f0 66 44 0f 74 48 

Register to memory mapping:

RAX=0x0000000000000001 is an unknown value
RBX={method} {0x00007f336da79b00} 'getString' '(JZ)Ljava/lang/String;' in 'com/sun/jna/Native'
RCX=0x0000000000000001 is an unknown value
RDX=0x0000000000000000 is an unknown value
RSP=0x00007f334c7552c8 is pointing into the stack for thread: 0x00007f33802e5000
RBP=0x00007f334c755310 is pointing into the stack for thread: 0x00007f33802e5000
RSI=0x0000000000000001 is an unknown value
RDI=0x0000000000000001 is an unknown value
R8 =0x0000000000000000 is an unknown value
R9 =0x0000000000000006 is an unknown value
R10=0x00007f33707ca968 is at code_begin+808 in an Interpreter codelet
method entry point (kind = native)  [0x00007f33707ca640, 0x00007f33707caf40]  2304 bytes
R11=0x00007f338564dd80: <offset 0x9b9d80> in /usr/lib/jvm/java-8-oracle/jre/lib/amd64/server/libjvm.so at 0x00007f3384c94000
R12=0x0000000000000000 is an unknown value
R13={method} {0x00007f336da79b00} 'getString' '(JZ)Ljava/lang/String;' in 'com/sun/jna/Native'
R14=0x00007f334c7553a8 is pointing into the stack for thread: 0x00007f33802e5000
R15=0x00007f33802e5000 is a thread


Stack: [0x00007f334c656000,0x00007f334c757000],  sp=0x00007f334c7552c8,  free space=1020k
Native frames: (J=compiled Java code, j=interpreted, Vv=VM code, C=native code)
C  [libc.so.6+0x8037a]  strlen+0x2a
j  com.sun.jna.Native.getString(JZ)Ljava/lang/String;+0
j  com.sun.jna.Pointer.getString(JZ)Ljava/lang/String;+7
j  com.sun.jna.Pointer.getString(J)Ljava/lang/String;+90
j  com.sun.jna.Function.invokeString(I[Ljava/lang/Object;Z)Ljava/lang/String;+35
j  com.sun.jna.Function.invoke([Ljava/lang/Object;Ljava/lang/Class;Z)Ljava/lang/Object;+544
j  com.sun.jna.Function.invoke(Ljava/lang/Class;[Ljava/lang/Object;Ljava/util/Map;)Ljava/lang/Object;+214
j  com.sun.jna.Library$Handler.invoke(Ljava/lang/Object;Ljava/lang/reflect/Method;[Ljava/lang/Object;)Ljava/lang/Object;+341
j  com.sun.proxy.$Proxy0.ler()Ljava/lang/String;+9
j  br.edu.ifba.rfsus.jna.rfid.LeitorRfid.run()V+24
j  java.lang.Thread.run()V+11
v  ~StubRoutines::call_stub
V  [libjvm.so+0x68c616]  JavaCalls::call_helper(JavaValue*, methodHandle*, JavaCallArguments*, Thread*)+0x1056
V  [libjvm.so+0x68cb21]  JavaCalls::call_virtual(JavaValue*, KlassHandle, Symbol*, Symbol*, JavaCallArguments*, Thread*)+0x321
V  [libjvm.so+0x68cfc7]  JavaCalls::call_virtual(JavaValue*, Handle, KlassHandle, Symbol*, Symbol*, Thread*)+0x47
V  [libjvm.so+0x723d80]  thread_entry(JavaThread*, Thread*)+0xa0
V  [libjvm.so+0xa69dcf]  JavaThread::thread_main_inner()+0xdf
V  [libjvm.so+0xa69efc]  JavaThread::run()+0x11c
V  [libjvm.so+0x91d9d8]  java_start(Thread*)+0x108
C  [libpthread.so.0+0x7284]  start_thread+0xc4

Java frames: (J=compiled Java code, j=interpreted, Vv=VM code)
j  com.sun.jna.Native.getString(JZ)Ljava/lang/String;+0
j  com.sun.jna.Pointer.getString(JZ)Ljava/lang/String;+7
j  com.sun.jna.Pointer.getString(J)Ljava/lang/String;+90
j  com.sun.jna.Function.invokeString(I[Ljava/lang/Object;Z)Ljava/lang/String;+35
j  com.sun.jna.Function.invoke([Ljava/lang/Object;Ljava/lang/Class;Z)Ljava/lang/Object;+544
j  com.sun.jna.Function.invoke(Ljava/lang/Class;[Ljava/lang/Object;Ljava/util/Map;)Ljava/lang/Object;+214
j  com.sun.jna.Library$Handler.invoke(Ljava/lang/Object;Ljava/lang/reflect/Method;[Ljava/lang/Object;)Ljava/lang/Object;+341
j  com.sun.proxy.$Proxy0.ler()Ljava/lang/String;+9
j  br.edu.ifba.rfsus.jna.rfid.LeitorRfid.run()V+24
j  java.lang.Thread.run()V+11
v  ~StubRoutines::call_stub

---------------  P R O C E S S  ---------------

Java Threads: ( => current thread )
  0x00007f338000a000 JavaThread "DestroyJavaVM" [_thread_blocked, id=13128, stack(0x00007f338674d000,0x00007f338684e000)]
=>0x00007f33802e5000 JavaThread "Thread-0" [_thread_in_native, id=13154, stack(0x00007f334c656000,0x00007f334c757000)]
  0x00007f33200af000 JavaThread "TimerQueue" daemon [_thread_blocked, id=13153, stack(0x00007f334c757000,0x00007f334c858000)]
  0x00007f3380260000 JavaThread "AWT-EventQueue-0" [_thread_blocked, id=13148, stack(0x00007f334d601000,0x00007f334d702000)]
  0x00007f338025e800 JavaThread "AWT-Shutdown" [_thread_blocked, id=13147, stack(0x00007f334d702000,0x00007f334d803000)]
  0x00007f338020f800 JavaThread "AWT-XAWT" daemon [_thread_in_native, id=13146, stack(0x00007f334d803000,0x00007f334d904000)]
  0x00007f33801ef800 JavaThread "Java2D Disposer" daemon [_thread_blocked, id=13145, stack(0x00007f334dd15000,0x00007f334de16000)]
  0x00007f33800c8000 JavaThread "Service Thread" daemon [_thread_blocked, id=13143, stack(0x00007f334fa72000,0x00007f334fb73000)]
  0x00007f33800bd000 JavaThread "C1 CompilerThread2" daemon [_thread_blocked, id=13142, stack(0x00007f334fb73000,0x00007f334fc74000)]
  0x00007f33800bb000 JavaThread "C2 CompilerThread1" daemon [_thread_blocked, id=13141, stack(0x00007f334fc74000,0x00007f334fd75000)]
  0x00007f33800b8800 JavaThread "C2 CompilerThread0" daemon [_thread_blocked, id=13140, stack(0x00007f334fd75000,0x00007f334fe76000)]
  0x00007f33800b7000 JavaThread "Signal Dispatcher" daemon [_thread_blocked, id=13139, stack(0x00007f336c053000,0x00007f336c154000)]
  0x00007f3380084000 JavaThread "Finalizer" daemon [_thread_blocked, id=13138, stack(0x00007f336c154000,0x00007f336c255000)]
  0x00007f338007f800 JavaThread "Reference Handler" daemon [_thread_blocked, id=13137, stack(0x00007f336c255000,0x00007f336c356000)]

Other Threads:
  0x00007f3380077800 VMThread [stack: 0x00007f336c356000,0x00007f336c457000] [id=13136]
  0x00007f33800cb000 WatcherThread [stack: 0x00007f334f971000,0x00007f334fa72000] [id=13144]

VM state:not at safepoint (normal execution)

VM Mutex/Monitor currently owned by a thread: None

Heap:
 PSYoungGen      total 17920K, used 7389K [0x00000000ec200000, 0x00000000ed600000, 0x0000000100000000)
  eden space 15360K, 48% used [0x00000000ec200000,0x00000000ec9377c8,0x00000000ed100000)
  from space 2560K, 0% used [0x00000000ed380000,0x00000000ed380000,0x00000000ed600000)
  to   space 2560K, 0% used [0x00000000ed100000,0x00000000ed100000,0x00000000ed380000)
 ParOldGen       total 40960K, used 0K [0x00000000c4600000, 0x00000000c6e00000, 0x00000000ec200000)
  object space 40960K, 0% used [0x00000000c4600000,0x00000000c4600000,0x00000000c6e00000)
 Metaspace       used 12388K, capacity 12568K, committed 12928K, reserved 1060864K
  class space    used 1513K, capacity 1606K, committed 1664K, reserved 1048576K

Card table byte_map: [0x00007f3370217000,0x00007f33703f5000] byte_map_base: 0x00007f336fbf4000

Marking Bits: (ParMarkBitMap*) 0x00007f3385c49100
 Begin Bits: [0x00007f336e043000, 0x00007f336ef2b000)
 End Bits:   [0x00007f336ef2b000, 0x00007f336fe13000)

Polling page: 0x00007f338686d000

CodeCache: size=245760Kb used=2241Kb max_used=2246Kb free=243518Kb
 bounds [0x00007f33707b5000, 0x00007f3370a25000, 0x00007f337f7b5000]
 total_blobs=1125 nmethods=580 adapters=459
 compilation: enabled

Compilation events (10 events):
Event: 5,661 Thread 0x00007f33800bd000  576       1       sun.java2d.pipe.Region::getLoY (5 bytes)
Event: 5,662 Thread 0x00007f33800bd000 nmethod 576 0x00007f33709e5d10 code [0x00007f33709e5e60, 0x00007f33709e5f70]
Event: 5,662 Thread 0x00007f33800bd000  577       1       sun.java2d.pipe.Region::getHiX (5 bytes)
Event: 5,662 Thread 0x00007f33800bd000 nmethod 577 0x00007f33709e5a50 code [0x00007f33709e5ba0, 0x00007f33709e5cb0]
Event: 5,662 Thread 0x00007f33800bd000  578       1       sun.java2d.pipe.Region::getHiY (5 bytes)
Event: 5,662 Thread 0x00007f33800bd000 nmethod 578 0x00007f33709e5790 code [0x00007f33709e58e0, 0x00007f33709e59f0]
Event: 6,162 Thread 0x00007f33800bd000  579       3       sun.java2d.SunGraphics2D::getCompClip (19 bytes)
Event: 6,163 Thread 0x00007f33800bd000 nmethod 579 0x00007f33709e52d0 code [0x00007f33709e5440, 0x00007f33709e56c8]
Event: 7,628 Thread 0x00007f33800bd000  580       1       java.security.CodeSource::getLocation (5 bytes)
Event: 7,628 Thread 0x00007f33800bd000 nmethod 580 0x00007f33709e5010 code [0x00007f33709e5160, 0x00007f33709e5270]

GC Heap History (0 events):
No events

Deoptimization events (4 events):
Event: 0,484 Thread 0x00007f338000a000 Uncommon trap: reason=class_check action=maybe_recompile pc=0x00007f337091b970 method=java.lang.String.equals(Ljava/lang/Object;)Z @ 8
Event: 0,484 Thread 0x00007f338000a000 Uncommon trap: reason=class_check action=maybe_recompile pc=0x00007f337091b970 method=java.lang.String.equals(Ljava/lang/Object;)Z @ 8
Event: 0,485 Thread 0x00007f338000a000 Uncommon trap: reason=class_check action=maybe_recompile pc=0x00007f337091b970 method=java.lang.String.equals(Ljava/lang/Object;)Z @ 8
Event: 0,485 Thread 0x00007f338000a000 Uncommon trap: reason=class_check action=maybe_recompile pc=0x00007f337091b970 method=java.lang.String.equals(Ljava/lang/Object;)Z @ 8

Internal exceptions (10 events):
Event: 0,044 Thread 0x00007f338000a000 Exception <a 'java/lang/NoSuchMethodError': Method sun.misc.Unsafe.prefetchRead(Ljava/lang/Object;J)V name or signature does not match> (0x00000000ec207fa8) thrown at [/HUDSON/workspace/8-2-build-linux-amd64/jdk8u77/6540/hotspot/src/share/vm/prims/jni.cpp
Event: 0,131 Thread 0x00007f338000a000 Exception <a 'java/security/PrivilegedActionException'> (0x00000000ec2e94c8) thrown at [/HUDSON/workspace/8-2-build-linux-amd64/jdk8u77/6540/hotspot/src/share/vm/prims/jvm.cpp, line 1386]
Event: 0,131 Thread 0x00007f338000a000 Exception <a 'java/security/PrivilegedActionException'> (0x00000000ec2e96d8) thrown at [/HUDSON/workspace/8-2-build-linux-amd64/jdk8u77/6540/hotspot/src/share/vm/prims/jvm.cpp, line 1386]
Event: 0,131 Thread 0x00007f338000a000 Exception <a 'java/security/PrivilegedActionException'> (0x00000000ec2ebb18) thrown at [/HUDSON/workspace/8-2-build-linux-amd64/jdk8u77/6540/hotspot/src/share/vm/prims/jvm.cpp, line 1386]
Event: 0,131 Thread 0x00007f338000a000 Exception <a 'java/security/PrivilegedActionException'> (0x00000000ec2ebd28) thrown at [/HUDSON/workspace/8-2-build-linux-amd64/jdk8u77/6540/hotspot/src/share/vm/prims/jvm.cpp, line 1386]
Event: 0,197 Thread 0x00007f338000a000 Exception <a 'java/lang/NoSuchFieldError': method resolution failed> (0x00000000ec3bb778) thrown at [/HUDSON/workspace/8-2-build-linux-amd64/jdk8u77/6540/hotspot/src/share/vm/prims/methodHandles.cpp, line 1146]
Event: 0,201 Thread 0x00007f338000a000 Exception <a 'java/lang/NoSuchFieldError': method resolution failed> (0x00000000ec3c8ec8) thrown at [/HUDSON/workspace/8-2-build-linux-amd64/jdk8u77/6540/hotspot/src/share/vm/prims/methodHandles.cpp, line 1146]
Event: 0,236 Thread 0x00007f338000a000 Exception <a 'java/io/FileNotFoundException'> (0x00000000ec446260) thrown at [/HUDSON/workspace/8-2-build-linux-amd64/jdk8u77/6540/hotspot/src/share/vm/prims/jni.cpp, line 709]
Event: 0,236 Thread 0x00007f338000a000 Exception <a 'java/io/FileNotFoundException'> (0x00000000ec446d80) thrown at [/HUDSON/workspace/8-2-build-linux-amd64/jdk8u77/6540/hotspot/src/share/vm/prims/jni.cpp, line 709]
Event: 0,652 Thread 0x00007f3380260000 Exception <a 'java/lang/UnsupportedOperationException': > (0x00000000ec606a20) thrown at [/HUDSON/workspace/8-2-build-linux-amd64/jdk8u77/6540/hotspot/src/share/vm/prims/jni.cpp, line 735]

Events (10 events):
Event: 5,622 loading class java/lang/reflect/TypeVariable
Event: 5,622 loading class java/lang/reflect/TypeVariable done
Event: 5,622 loading class java/lang/reflect/AnnotatedType
Event: 5,622 loading class java/lang/reflect/AnnotatedType done
Event: 5,622 loading class com/sun/jna/NativeString
Event: 5,622 loading class com/sun/jna/NativeString done
Event: 5,623 loading class com/sun/jna/Memory$SharedMemory
Event: 5,623 loading class com/sun/jna/Memory$SharedMemory done
Event: 7,627 loading class com/sun/jna/Function$PostCallRead
Event: 7,627 loading class com/sun/jna/Function$PostCallRead done


Dynamic libraries:
00400000-00401000 r-xp 00000000 08:01 22021852                           /usr/lib/jvm/java-8-oracle/bin/java
00600000-00601000 rw-p 00000000 08:01 22021852                           /usr/lib/jvm/java-8-oracle/bin/java
02186000-021a7000 rw-p 00000000 00:00 0                                  [heap]
c4600000-c6e00000 rw-p 00000000 00:00 0 
c6e00000-ec200000 ---p 00000000 00:00 0 
ec200000-ed600000 rw-p 00000000 00:00 0 
ed600000-100000000 ---p 00000000 00:00 0 
100000000-1001a0000 rw-p 00000000 00:00 0 
1001a0000-140000000 ---p 00000000 00:00 0 
7f3314000000-7f3314300000 rw-p 00000000 00:00 0 
7f3314300000-7f3318000000 ---p 00000000 00:00 0 
7f331c000000-7f331c021000 rw-p 00000000 00:00 0 
7f331c021000-7f3320000000 ---p 00000000 00:00 0 
7f3320000000-7f332018b000 rw-p 00000000 00:00 0 
7f332018b000-7f3324000000 ---p 00000000 00:00 0 
7f33274e1000-7f332764c000 r-xp 00000000 08:01 21496825                   /usr/lib/x86_64-linux-gnu/libstdc++.so.6.0.21
7f332764c000-7f332784c000 ---p 0016b000 08:01 21496825                   /usr/lib/x86_64-linux-gnu/libstdc++.so.6.0.21
7f332784c000-7f3327856000 r--p 0016b000 08:01 21496825                   /usr/lib/x86_64-linux-gnu/libstdc++.so.6.0.21
7f3327856000-7f3327858000 rw-p 00175000 08:01 21496825                   /usr/lib/x86_64-linux-gnu/libstdc++.so.6.0.21
7f3327858000-7f332785c000 rw-p 00000000 00:00 0 
7f332785c000-7f33278ca000 r-xp 00000000 08:01 23069454                   /lib/x86_64-linux-gnu/libpcre.so.3.13.2
7f33278ca000-7f3327aca000 ---p 0006e000 08:01 23069454                   /lib/x86_64-linux-gnu/libpcre.so.3.13.2
7f3327aca000-7f3327acb000 r--p 0006e000 08:01 23069454                   /lib/x86_64-linux-gnu/libpcre.so.3.13.2
7f3327acb000-7f3327acc000 rw-p 0006f000 08:01 23069454                   /lib/x86_64-linux-gnu/libpcre.so.3.13.2
7f3327cf1000-7f3327dfd000 r-xp 00000000 08:01 23072132                   /lib/x86_64-linux-gnu/libglib-2.0.so.0.4600.2
7f3327dfd000-7f3327ffd000 ---p 0010c000 08:01 23072132                   /lib/x86_64-linux-gnu/libglib-2.0.so.0.4600.2
7f3327ffd000-7f3327ffe000 r--p 0010c000 08:01 23072132                   /lib/x86_64-linux-gnu/libglib-2.0.so.0.4600.2
7f3327ffe000-7f3327fff000 rw-p 0010d000 08:01 23072132                   /lib/x86_64-linux-gnu/libglib-2.0.so.0.4600.2
7f3327fff000-7f3328000000 rw-p 00000000 00:00 0 
7f3328000000-7f3328021000 rw-p 00000000 00:00 0 
7f3328021000-7f332c000000 ---p 00000000 00:00 0 
7f332c000000-7f332c021000 rw-p 00000000 00:00 0 
7f332c021000-7f3330000000 ---p 00000000 00:00 0 
7f3330000000-7f3330021000 rw-p 00000000 00:00 0 
7f3330021000-7f3334000000 ---p 00000000 00:00 0 
7f3334000000-7f3334021000 rw-p 00000000 00:00 0 
7f3334021000-7f3338000000 ---p 00000000 00:00 0 
7f3338000000-7f333819f000 rw-p 00000000 00:00 0 
7f333819f000-7f333c000000 ---p 00000000 00:00 0 
7f333c000000-7f333c021000 rw-p 00000000 00:00 0 
7f333c021000-7f3340000000 ---p 00000000 00:00 0 
7f3340000000-7f33400bb000 rw-p 00000000 00:00 0 
7f33400bb000-7f3344000000 ---p 00000000 00:00 0 
7f3344000000-7f3344118000 rw-p 00000000 00:00 0 
7f3344118000-7f3348000000 ---p 00000000 00:00 0 
7f3348000000-7f3348021000 rw-p 00000000 00:00 0 
7f3348021000-7f334c000000 ---p 00000000 00:00 0 
7f334c33e000-7f334c340000 r-xp 00000000 08:01 18874383                   /home/webmaster/workspace/rfsus/java/rfsus/comunicacaorecepcao.so
7f334c340000-7f334c53f000 ---p 00002000 08:01 18874383                   /home/webmaster/workspace/rfsus/java/rfsus/comunicacaorecepcao.so
7f334c53f000-7f334c540000 rw-p 00001000 08:01 18874383                   /home/webmaster/workspace/rfsus/java/rfsus/comunicacaorecepcao.so
7f334c540000-7f334c555000 r-xp 00000000 08:01 24117756                   /tmp/jna6340426014184523071.tmp
7f334c555000-7f334c654000 ---p 00015000 08:01 24117756                   /tmp/jna6340426014184523071.tmp
7f334c654000-7f334c656000 rw-p 00014000 08:01 24117756                   /tmp/jna6340426014184523071.tmp
7f334c656000-7f334c659000 ---p 00000000 00:00 0 
7f334c659000-7f334c757000 rw-p 00000000 00:00 0                          [stack:13154]
7f334c757000-7f334c75a000 ---p 00000000 00:00 0 
7f334c75a000-7f334c958000 rw-p 00000000 00:00 0                          [stack:13153]
7f334c958000-7f334ca58000 ---p 00000000 00:00 0 
7f334ca58000-7f334cac1000 r-xp 00000000 08:01 22418299                   /usr/lib/jvm/java-8-oracle/jre/lib/amd64/libt2k.so
7f334cac1000-7f334ccc1000 ---p 00069000 08:01 22418299                   /usr/lib/jvm/java-8-oracle/jre/lib/amd64/libt2k.so
7f334ccc1000-7f334ccc8000 rw-p 00069000 08:01 22418299                   /usr/lib/jvm/java-8-oracle/jre/lib/amd64/libt2k.so
7f334ccc8000-7f334ccd8000 rw-p 00000000 00:00 0 
7f334ccd8000-7f334cce9000 r-xp 00000000 08:01 22418383                   /usr/lib/jvm/java-8-oracle/jre/lib/amd64/libnio.so
7f334cce9000-7f334cee8000 ---p 00011000 08:01 22418383                   /usr/lib/jvm/java-8-oracle/jre/lib/amd64/libnio.so
7f334cee8000-7f334cee9000 rw-p 00010000 08:01 22418383                   /usr/lib/jvm/java-8-oracle/jre/lib/amd64/libnio.so
7f334cee9000-7f334d1ea000 rw-p 00000000 00:00 0 
7f334d1ea000-7f334d200000 r-xp 00000000 08:01 22418328                   /usr/lib/jvm/java-8-oracle/jre/lib/amd64/libnet.so
7f334d200000-7f334d400000 ---p 00016000 08:01 22418328                   /usr/lib/jvm/java-8-oracle/jre/lib/amd64/libnet.so
7f334d400000-7f334d401000 rw-p 00016000 08:01 22418328                   /usr/lib/jvm/java-8-oracle/jre/lib/amd64/libnet.so
7f334d401000-7f334d601000 rw-p 00000000 00:00 0 
7f334d601000-7f334d604000 ---p 00000000 00:00 0 
7f334d604000-7f334d702000 rw-p 00000000 00:00 0                          [stack:13148]
7f334d702000-7f334d705000 ---p 00000000 00:00 0 
7f334d705000-7f334d803000 rw-p 00000000 00:00 0                          [stack:13147]
7f334d803000-7f334d806000 ---p 00000000 00:00 0 
7f334d806000-7f334d904000 rw-p 00000000 00:00 0                          [stack:13146]
7f334d904000-7f334d909000 r-xp 00000000 08:01 21504500                   /usr/lib/x86_64-linux-gnu/libXfixes.so.3.1.0
7f334d909000-7f334db08000 ---p 00005000 08:01 21504500                   /usr/lib/x86_64-linux-gnu/libXfixes.so.3.1.0
7f334db08000-7f334db09000 r--p 00004000 08:01 21504500                   /usr/lib/x86_64-linux-gnu/libXfixes.so.3.1.0
7f334db09000-7f334db0a000 rw-p 00005000 08:01 21504500                   /usr/lib/x86_64-linux-gnu/libXfixes.so.3.1.0
7f334db0a000-7f334db14000 r-xp 00000000 08:01 21504492                   /usr/lib/x86_64-linux-gnu/libXcursor.so.1.0.2
7f334db14000-7f334dd13000 ---p 0000a000 08:01 21504492                   /usr/lib/x86_64-linux-gnu/libXcursor.so.1.0.2
7f334dd13000-7f334dd14000 r--p 00009000 08:01 21504492                   /usr/lib/x86_64-linux-gnu/libXcursor.so.1.0.2
7f334dd14000-7f334dd15000 rw-p 0000a000 08:01 21504492                   /usr/lib/x86_64-linux-gnu/libXcursor.so.1.0.2
7f334dd15000-7f334dd18000 ---p 00000000 00:00 0 
7f334dd18000-7f334de16000 rw-p 00000000 00:00 0                          [stack:13145]
7f334de16000-7f334de2c000 r-xp 00000000 08:01 23069139                   /lib/x86_64-linux-gnu/libgcc_s.so.1
7f334de2c000-7f334e02b000 ---p 00016000 08:01 23069139                   /lib/x86_64-linux-gnu/libgcc_s.so.1
7f334e02b000-7f334e02c000 rw-p 00015000 08:01 23069139                   /lib/x86_64-linux-gnu/libgcc_s.so.1
7f334e02c000-7f334e091000 r-xp 00000000 08:01 22418310                   /usr/lib/jvm/java-8-oracle/jre/lib/amd64/libfontmanager.so
7f334e091000-7f334e290000 ---p 00065000 08:01 22418310                   /usr/lib/jvm/java-8-oracle/jre/lib/amd64/libfontmanager.so
7f334e290000-7f334e295000 rw-p 00064000 08:01 22418310                   /usr/lib/jvm/java-8-oracle/jre/lib/amd64/libfontmanager.so
7f334e295000-7f334e2a5000 rw-p 00000000 00:00 0 
7f334e2a5000-7f334e2aa000 r-xp 00000000 08:01 21498797                   /usr/lib/x86_64-linux-gnu/libXdmcp.so.6.0.0
7f334e2aa000-7f334e4a9000 ---p 00005000 08:01 21498797                   /usr/lib/x86_64-linux-gnu/libXdmcp.so.6.0.0
7f334e4a9000-7f334e4aa000 r--p 00004000 08:01 21498797                   /usr/lib/x86_64-linux-gnu/libXdmcp.so.6.0.0
7f334e4aa000-7f334e4ab000 rw-p 00005000 08:01 21498797                   /usr/lib/x86_64-linux-gnu/libXdmcp.so.6.0.0
7f334e4ab000-7f334e4ae000 r-xp 00000000 08:01 21504485                   /usr/lib/x86_64-linux-gnu/libXau.so.6.0.0
7f334e4ae000-7f334e6ad000 ---p 00003000 08:01 21504485                   /usr/lib/x86_64-linux-gnu/libXau.so.6.0.0
7f334e6ad000-7f334e6ae000 r--p 00002000 08:01 21504485                   /usr/lib/x86_64-linux-gnu/libXau.so.6.0.0
7f334e6ae000-7f334e6af000 rw-p 00003000 08:01 21504485                   /usr/lib/x86_64-linux-gnu/libXau.so.6.0.0
7f334e6af000-7f334e6d0000 r-xp 00000000 08:01 21505663                   /usr/lib/x86_64-linux-gnu/libxcb.so.1.1.0
7f334e6d0000-7f334e8cf000 ---p 00021000 08:01 21505663                   /usr/lib/x86_64-linux-gnu/libxcb.so.1.1.0
7f334e8cf000-7f334e8d0000 r--p 00020000 08:01 21505663                   /usr/lib/x86_64-linux-gnu/libxcb.so.1.1.0
7f334e8d0000-7f334e8d1000 rw-p 00021000 08:01 21505663                   /usr/lib/x86_64-linux-gnu/libxcb.so.1.1.0
7f334e8d1000-7f334e8e0000 r-xp 00000000 08:01 21497227                   /usr/lib/x86_64-linux-gnu/libXi.so.6.1.0
7f334e8e0000-7f334eadf000 ---p 0000f000 08:01 21497227                   /usr/lib/x86_64-linux-gnu/libXi.so.6.1.0
7f334eadf000-7f334eae0000 r--p 0000e000 08:01 21497227                   /usr/lib/x86_64-linux-gnu/libXi.so.6.1.0
7f334eae0000-7f334eae1000 rw-p 0000f000 08:01 21497227                   /usr/lib/x86_64-linux-gnu/libXi.so.6.1.0
7f334eae1000-7f334eae6000 r-xp 00000000 08:01 21504524                   /usr/lib/x86_64-linux-gnu/libXtst.so.6.1.0
7f334eae6000-7f334ece5000 ---p 00005000 08:01 21504524                   /usr/lib/x86_64-linux-gnu/libXtst.so.6.1.0
7f334ece5000-7f334ece6000 r--p 00004000 08:01 21504524                   /usr/lib/x86_64-linux-gnu/libXtst.so.6.1.0
7f334ece6000-7f334ece7000 rw-p 00005000 08:01 21504524                   /usr/lib/x86_64-linux-gnu/libXtst.so.6.1.0
7f334ece7000-7f334ecf0000 r-xp 00000000 08:01 21504518                   /usr/lib/x86_64-linux-gnu/libXrender.so.1.3.0
7f334ecf0000-7f334eeef000 ---p 00009000 08:01 21504518                   /usr/lib/x86_64-linux-gnu/libXrender.so.1.3.0
7f334eeef000-7f334eef0000 r--p 00008000 08:01 21504518                   /usr/lib/x86_64-linux-gnu/libXrender.so.1.3.0
7f334eef0000-7f334eef1000 rw-p 00009000 08:01 21504518                   /usr/lib/x86_64-linux-gnu/libXrender.so.1.3.0
7f334eef1000-7f334f02d000 r-xp 00000000 08:01 21504481                   /usr/lib/x86_64-linux-gnu/libX11.so.6.3.0
7f334f02d000-7f334f22c000 ---p 0013c000 08:01 21504481                   /usr/lib/x86_64-linux-gnu/libX11.so.6.3.0
7f334f22c000-7f334f22e000 r--p 0013b000 08:01 21504481                   /usr/lib/x86_64-linux-gnu/libX11.so.6.3.0
7f334f22e000-7f334f233000 rw-p 0013d000 08:01 21504481                   /usr/lib/x86_64-linux-gnu/libX11.so.6.3.0
7f334f233000-7f334f234000 rw-p 00000000 00:00 0 
7f334f234000-7f334f245000 r-xp 00000000 08:01 21504498                   /usr/lib/x86_64-linux-gnu/libXext.so.6.4.0
7f334f245000-7f334f444000 ---p 00011000 08:01 21504498                   /usr/lib/x86_64-linux-gnu/libXext.so.6.4.0
7f334f444000-7f334f445000 r--p 00010000 08:01 21504498                   /usr/lib/x86_64-linux-gnu/libXext.so.6.4.0
7f334f445000-7f334f446000 rw-p 00011000 08:01 21504498                   /usr/lib/x86_64-linux-gnu/libXext.so.6.4.0
7f334f446000-7f334f49a000 r-xp 00000000 08:01 22418416                   /usr/lib/jvm/java-8-oracle/jre/lib/amd64/libawt_xawt.so
7f334f49a000-7f334f69a000 ---p 00054000 08:01 22418416                   /usr/lib/jvm/java-8-oracle/jre/lib/amd64/libawt_xawt.so
7f334f69a000-7f334f69e000 rw-p 00054000 08:01 22418416                   /usr/lib/jvm/java-8-oracle/jre/lib/amd64/libawt_xawt.so
7f334f69e000-7f334f69f000 rw-p 00000000 00:00 0 
7f334f69f000-7f334f741000 r-xp 00000000 08:01 22418321                   /usr/lib/jvm/java-8-oracle/jre/lib/amd64/libawt.so
7f334f741000-7f334f941000 ---p 000a2000 08:01 22418321                   /usr/lib/jvm/java-8-oracle/jre/lib/amd64/libawt.so
7f334f941000-7f334f94d000 rw-p 000a2000 08:01 22418321                   /usr/lib/jvm/java-8-oracle/jre/lib/amd64/libawt.so
7f334f94d000-7f334f971000 rw-p 00000000 00:00 0 
7f334f971000-7f334f972000 ---p 00000000 00:00 0 
7f334f972000-7f334fa72000 rw-p 00000000 00:00 0                          [stack:13144]
7f334fa72000-7f334fa75000 ---p 00000000 00:00 0 
7f334fa75000-7f334fb73000 rw-p 00000000 00:00 0                          [stack:13143]
7f334fb73000-7f334fb76000 ---p 00000000 00:00 0 
7f334fb76000-7f334fc74000 rw-p 00000000 00:00 0                          [stack:13142]
7f334fc74000-7f334fc77000 ---p 00000000 00:00 0 
7f334fc77000-7f334fd75000 rw-p 00000000 00:00 0                          [stack:13141]
7f334fd75000-7f334fd78000 ---p 00000000 00:00 0 
7f334fd78000-7f334fe76000 rw-p 00000000 00:00 0                          [stack:13140]
7f334fe76000-7f3350000000 r--p 00000000 08:01 21497283                   /usr/lib/locale/locale-archive
7f3350000000-7f3350021000 rw-p 00000000 00:00 0 
7f3350021000-7f3354000000 ---p 00000000 00:00 0 
7f3354000000-7f3354021000 rw-p 00000000 00:00 0 
7f3354021000-7f3358000000 ---p 00000000 00:00 0 
7f3358000000-7f3358021000 rw-p 00000000 00:00 0 
7f3358021000-7f335c000000 ---p 00000000 00:00 0 
7f335c000000-7f335c021000 rw-p 00000000 00:00 0 
7f335c021000-7f3360000000 ---p 00000000 00:00 0 
7f3360000000-7f3360021000 rw-p 00000000 00:00 0 
7f3360021000-7f3364000000 ---p 00000000 00:00 0 
7f3364000000-7f3364021000 rw-p 00000000 00:00 0 
7f3364021000-7f3368000000 ---p 00000000 00:00 0 
7f3368000000-7f3368021000 rw-p 00000000 00:00 0 
7f3368021000-7f336c000000 ---p 00000000 00:00 0 
7f336c022000-7f336c029000 r--s 00000000 08:01 21764088                   /usr/lib/x86_64-linux-gnu/gconv/gconv-modules.cache
7f336c029000-7f336c038000 r--p 00000000 08:01 22939311                   /usr/share/locale/pt_BR/LC_MESSAGES/libc.mo
7f336c038000-7f336c053000 r--s 00150000 08:01 18875718                   /home/webmaster/workspace/rfsus/java/rfsus/lib/mongo-java-driver-3.2.1.jar
7f336c053000-7f336c056000 ---p 00000000 00:00 0 
7f336c056000-7f336c154000 rw-p 00000000 00:00 0                          [stack:13139]
7f336c154000-7f336c157000 ---p 00000000 00:00 0 
7f336c157000-7f336c255000 rw-p 00000000 00:00 0                          [stack:13138]
7f336c255000-7f336c258000 ---p 00000000 00:00 0 
7f336c258000-7f336c356000 rw-p 00000000 00:00 0                          [stack:13137]
7f336c356000-7f336c357000 ---p 00000000 00:00 0 
7f336c357000-7f336d418000 rw-p 00000000 00:00 0                          [stack:13136]
7f336d418000-7f336d5f0000 r--s 03d1e000 08:01 22418273                   /usr/lib/jvm/java-8-oracle/jre/lib/rt.jar
7f336d5f0000-7f336fe13000 rw-p 00000000 00:00 0 
7f336fe13000-7f336fe14000 ---p 00000000 00:00 0 
7f336fe14000-7f336ff14000 rw-p 00000000 00:00 0                          [stack:13135]
7f336ff14000-7f336ff15000 ---p 00000000 00:00 0 
7f336ff15000-7f3370015000 rw-p 00000000 00:00 0                          [stack:13134]
7f3370015000-7f3370016000 ---p 00000000 00:00 0 
7f3370016000-7f3370116000 rw-p 00000000 00:00 0                          [stack:13133]
7f3370116000-7f3370117000 ---p 00000000 00:00 0 
7f3370117000-7f337022b000 rw-p 00000000 00:00 0                          [stack:13132]
7f337022b000-7f3370355000 ---p 00000000 00:00 0 
7f3370355000-7f337035f000 rw-p 00000000 00:00 0 
7f337035f000-7f33703f4000 ---p 00000000 00:00 0 
7f33703f4000-7f33703ff000 rw-p 00000000 00:00 0 
7f33703ff000-7f33707b5000 ---p 00000000 00:00 0 
7f33707b5000-7f3370a25000 rwxp 00000000 00:00 0 
7f3370a25000-7f337f7b5000 ---p 00000000 00:00 0 
7f337f7b5000-7f337f7cf000 r-xp 00000000 08:01 22418324                   /usr/lib/jvm/java-8-oracle/jre/lib/amd64/libzip.so
7f337f7cf000-7f337f9cf000 ---p 0001a000 08:01 22418324                   /usr/lib/jvm/java-8-oracle/jre/lib/amd64/libzip.so
7f337f9cf000-7f337f9d0000 rw-p 0001a000 08:01 22418324                   /usr/lib/jvm/java-8-oracle/jre/lib/amd64/libzip.so
7f337f9d0000-7f337f9db000 r-xp 00000000 08:01 23072871                   /lib/x86_64-linux-gnu/libnss_files-2.21.so
7f337f9db000-7f337fbda000 ---p 0000b000 08:01 23072871                   /lib/x86_64-linux-gnu/libnss_files-2.21.so
7f337fbda000-7f337fbdb000 r--p 0000a000 08:01 23072871                   /lib/x86_64-linux-gnu/libnss_files-2.21.so
7f337fbdb000-7f337fbdc000 rw-p 0000b000 08:01 23072871                   /lib/x86_64-linux-gnu/libnss_files-2.21.so
7f337fbdc000-7f337fbe6000 r-xp 00000000 08:01 23072873                   /lib/x86_64-linux-gnu/libnss_nis-2.21.so
7f337fbe6000-7f337fde6000 ---p 0000a000 08:01 23072873                   /lib/x86_64-linux-gnu/libnss_nis-2.21.so
7f337fde6000-7f337fde7000 r--p 0000a000 08:01 23072873                   /lib/x86_64-linux-gnu/libnss_nis-2.21.so
7f337fde7000-7f337fde8000 rw-p 0000b000 08:01 23072873                   /lib/x86_64-linux-gnu/libnss_nis-2.21.so
7f337fde8000-7f337fdfd000 r-xp 00000000 08:01 23072868                   /lib/x86_64-linux-gnu/libnsl-2.21.so
7f337fdfd000-7f337fffc000 ---p 00015000 08:01 23072868                   /lib/x86_64-linux-gnu/libnsl-2.21.so
7f337fffc000-7f337fffd000 r--p 00014000 08:01 23072868                   /lib/x86_64-linux-gnu/libnsl-2.21.so
7f337fffd000-7f337fffe000 rw-p 00015000 08:01 23072868                   /lib/x86_64-linux-gnu/libnsl-2.21.so
7f337fffe000-7f3380000000 rw-p 00000000 00:00 0 
7f3380000000-7f33804c0000 rw-p 00000000 00:00 0 
7f33804c0000-7f3384000000 ---p 00000000 00:00 0 
7f3384006000-7f338401a000 rw-p 00000000 00:00 0 
7f338401a000-7f3384144000 ---p 00000000 00:00 0 
7f3384144000-7f338414b000 r-xp 00000000 08:01 23072869                   /lib/x86_64-linux-gnu/libnss_compat-2.21.so
7f338414b000-7f338434a000 ---p 00007000 08:01 23072869                   /lib/x86_64-linux-gnu/libnss_compat-2.21.so
7f338434a000-7f338434b000 r--p 00006000 08:01 23072869                   /lib/x86_64-linux-gnu/libnss_compat-2.21.so
7f338434b000-7f338434c000 rw-p 00007000 08:01 23072869                   /lib/x86_64-linux-gnu/libnss_compat-2.21.so
7f338434c000-7f3384376000 r-xp 00000000 08:01 22418319                   /usr/lib/jvm/java-8-oracle/jre/lib/amd64/libjava.so
7f3384376000-7f3384576000 ---p 0002a000 08:01 22418319                   /usr/lib/jvm/java-8-oracle/jre/lib/amd64/libjava.so
7f3384576000-7f3384578000 rw-p 0002a000 08:01 22418319                   /usr/lib/jvm/java-8-oracle/jre/lib/amd64/libjava.so
7f3384578000-7f3384585000 r-xp 00000000 08:01 22418323                   /usr/lib/jvm/java-8-oracle/jre/lib/amd64/libverify.so
7f3384585000-7f3384785000 ---p 0000d000 08:01 22418323                   /usr/lib/jvm/java-8-oracle/jre/lib/amd64/libverify.so
7f3384785000-7f3384787000 rw-p 0000d000 08:01 22418323                   /usr/lib/jvm/java-8-oracle/jre/lib/amd64/libverify.so
7f3384787000-7f338478e000 r-xp 00000000 08:01 23072877                   /lib/x86_64-linux-gnu/librt-2.21.so
7f338478e000-7f338498d000 ---p 00007000 08:01 23072877                   /lib/x86_64-linux-gnu/librt-2.21.so
7f338498d000-7f338498e000 r--p 00006000 08:01 23072877                   /lib/x86_64-linux-gnu/librt-2.21.so
7f338498e000-7f338498f000 rw-p 00007000 08:01 23072877                   /lib/x86_64-linux-gnu/librt-2.21.so
7f338498f000-7f3384a93000 r-xp 00000000 08:01 23072866                   /lib/x86_64-linux-gnu/libm-2.21.so
7f3384a93000-7f3384c92000 ---p 00104000 08:01 23072866                   /lib/x86_64-linux-gnu/libm-2.21.so
7f3384c92000-7f3384c93000 r--p 00103000 08:01 23072866                   /lib/x86_64-linux-gnu/libm-2.21.so
7f3384c93000-7f3384c94000 rw-p 00104000 08:01 23072866                   /lib/x86_64-linux-gnu/libm-2.21.so
7f3384c94000-7f3385953000 r-xp 00000000 08:01 22675869                   /usr/lib/jvm/java-8-oracle/jre/lib/amd64/server/libjvm.so
7f3385953000-7f3385b52000 ---p 00cbf000 08:01 22675869                   /usr/lib/jvm/java-8-oracle/jre/lib/amd64/server/libjvm.so
7f3385b52000-7f3385c2b000 rw-p 00cbe000 08:01 22675869                   /usr/lib/jvm/java-8-oracle/jre/lib/amd64/server/libjvm.so
7f3385c2b000-7f3385c74000 rw-p 00000000 00:00 0 
7f3385c74000-7f3385e0e000 r-xp 00000000 08:01 23072862                   /lib/x86_64-linux-gnu/libc-2.21.so
7f3385e0e000-7f338600e000 ---p 0019a000 08:01 23072862                   /lib/x86_64-linux-gnu/libc-2.21.so
7f338600e000-7f3386012000 r--p 0019a000 08:01 23072862                   /lib/x86_64-linux-gnu/libc-2.21.so
7f3386012000-7f3386014000 rw-p 0019e000 08:01 23072862                   /lib/x86_64-linux-gnu/libc-2.21.so
7f3386014000-7f3386018000 rw-p 00000000 00:00 0 
7f3386018000-7f338601a000 r-xp 00000000 08:01 23072865                   /lib/x86_64-linux-gnu/libdl-2.21.so
7f338601a000-7f338621a000 ---p 00002000 08:01 23072865                   /lib/x86_64-linux-gnu/libdl-2.21.so
7f338621a000-7f338621b000 r--p 00002000 08:01 23072865                   /lib/x86_64-linux-gnu/libdl-2.21.so
7f338621b000-7f338621c000 rw-p 00003000 08:01 23072865                   /lib/x86_64-linux-gnu/libdl-2.21.so
7f338621c000-7f3386231000 r-xp 00000000 08:01 22417858                   /usr/lib/jvm/java-8-oracle/lib/amd64/jli/libjli.so
7f3386231000-7f3386431000 ---p 00015000 08:01 22417858                   /usr/lib/jvm/java-8-oracle/lib/amd64/jli/libjli.so
7f3386431000-7f3386432000 rw-p 00015000 08:01 22417858                   /usr/lib/jvm/java-8-oracle/lib/amd64/jli/libjli.so
7f3386432000-7f338644a000 r-xp 00000000 08:01 23072858                   /lib/x86_64-linux-gnu/libpthread-2.21.so
7f338644a000-7f3386649000 ---p 00018000 08:01 23072858                   /lib/x86_64-linux-gnu/libpthread-2.21.so
7f3386649000-7f338664a000 r--p 00017000 08:01 23072858                   /lib/x86_64-linux-gnu/libpthread-2.21.so
7f338664a000-7f338664b000 rw-p 00018000 08:01 23072858                   /lib/x86_64-linux-gnu/libpthread-2.21.so
7f338664b000-7f338664f000 rw-p 00000000 00:00 0 
7f338664f000-7f3386671000 r-xp 00000000 08:01 23072859                   /lib/x86_64-linux-gnu/ld-2.21.so
7f3386671000-7f3386675000 r--s 00097000 08:01 22418278                   /usr/lib/jvm/java-8-oracle/jre/lib/jsse.jar
7f3386675000-7f338674d000 rw-p 00000000 00:00 0 
7f338674d000-7f3386750000 ---p 00000000 00:00 0 
7f3386750000-7f3386853000 rw-p 00000000 00:00 0                          [stack:13128]
7f3386853000-7f3386854000 rw-p 00000000 00:00 0 
7f3386854000-7f338685a000 r--s 002f8000 08:01 22418271                   /usr/lib/jvm/java-8-oracle/jre/lib/charsets.jar
7f338685a000-7f338685b000 r--s 00008000 08:01 18875712                   /home/webmaster/workspace/rfsus/java/ui/dist/ui.jar
7f338685b000-7f3386860000 r--s 00032000 08:01 18875716                   /home/webmaster/workspace/rfsus/java/rfsus/lib/bson-3.0.4.jar
7f3386860000-7f3386864000 r--s 000d0000 08:01 18875717                   /home/webmaster/workspace/rfsus/java/rfsus/lib/jna.jar
7f3386864000-7f338686c000 rw-s 00000000 08:01 24117748                   /tmp/hsperfdata_webmaster/13126
7f338686c000-7f338686d000 rw-p 00000000 00:00 0 
7f338686d000-7f338686e000 r--p 00000000 00:00 0 
7f338686e000-7f3386870000 rw-p 00000000 00:00 0 
7f3386870000-7f3386871000 r--p 00021000 08:01 23072859                   /lib/x86_64-linux-gnu/ld-2.21.so
7f3386871000-7f3386872000 rw-p 00022000 08:01 23072859                   /lib/x86_64-linux-gnu/ld-2.21.so
7f3386872000-7f3386873000 rw-p 00000000 00:00 0 
7ffc6b810000-7ffc6b831000 rw-p 00000000 00:00 0                          [stack]
7ffc6b9ed000-7ffc6b9ef000 r--p 00000000 00:00 0                          [vvar]
7ffc6b9ef000-7ffc6b9f1000 r-xp 00000000 00:00 0                          [vdso]
ffffffffff600000-ffffffffff601000 r-xp 00000000 00:00 0                  [vsyscall]

VM Arguments:
jvm_args: -Djna.library.path=. -Dfile.encoding=UTF-8 -Dawt.useSystemAAFontSettings=gasp 
java_command: br.edu.ifba.rfsus.Executor
java_class_path (initial): /home/webmaster/workspace/rfsus/java/rfsus/bin:/home/webmaster/workspace/rfsus/java/rfsus/lib/jna.jar:/home/webmaster/workspace/rfsus/java/rfsus/lib/bson-3.0.4.jar:/home/webmaster/workspace/rfsus/java/rfsus/lib/mongo-java-driver-3.2.1.jar:/home/webmaster/workspace/rfsus/java/ui/dist/ui.jar
Launcher Type: SUN_STANDARD

Environment Variables:
_JAVA_OPTIONS=  -Dawt.useSystemAAFontSettings=gasp
PATH=/usr/local/bin:/usr/bin:/bin:/usr/local/games:/usr/games
SHELL=/bin/bash
DISPLAY=:0

Signal Handlers:
SIGSEGV: [libjvm.so+0xabb070], sa_mask[0]=11111111011111111101111111111110, sa_flags=SA_RESTART|SA_SIGINFO
SIGBUS: [libjvm.so+0xabb070], sa_mask[0]=11111111011111111101111111111110, sa_flags=SA_RESTART|SA_SIGINFO
SIGFPE: [libjvm.so+0x918480], sa_mask[0]=11111111011111111101111111111110, sa_flags=SA_RESTART|SA_SIGINFO
SIGPIPE: [libjvm.so+0x918480], sa_mask[0]=11111111011111111101111111111110, sa_flags=SA_RESTART|SA_SIGINFO
SIGXFSZ: [libjvm.so+0x918480], sa_mask[0]=11111111011111111101111111111110, sa_flags=SA_RESTART|SA_SIGINFO
SIGILL: [libjvm.so+0x918480], sa_mask[0]=11111111011111111101111111111110, sa_flags=SA_RESTART|SA_SIGINFO
SIGUSR1: SIG_DFL, sa_mask[0]=00000000000000000000000000000000, sa_flags=none
SIGUSR2: [libjvm.so+0x919ab0], sa_mask[0]=00100000000000000000000000000000, sa_flags=SA_RESTART|SA_SIGINFO
SIGHUP: [libjvm.so+0x91aeb0], sa_mask[0]=11111111011111111101111111111110, sa_flags=SA_RESTART|SA_SIGINFO
SIGINT: [libjvm.so+0x91aeb0], sa_mask[0]=11111111011111111101111111111110, sa_flags=SA_RESTART|SA_SIGINFO
SIGTERM: [libjvm.so+0x91aeb0], sa_mask[0]=11111111011111111101111111111110, sa_flags=SA_RESTART|SA_SIGINFO
SIGQUIT: [libjvm.so+0x91aeb0], sa_mask[0]=11111111011111111101111111111110, sa_flags=SA_RESTART|SA_SIGINFO


---------------  S Y S T E M  ---------------

OS:DISTRIB_ID=Deepin
DISTRIB_RELEASE=15.1.1
DISTRIB_DESCRIPTION="Deepin 15.1.1 "

uname:Linux 4.2.0-1-amd64 #1 SMP Debian 4.2.6-3 (2015-12-06) x86_64
libc:glibc 2.21 NPTL 2.21 
rlimit: STACK 8192k, CORE infinity, NPROC 15091, NOFILE 65536, AS infinity
load average:0,78 0,69 0,64

/proc/meminfo:
MemTotal:        3900920 kB
MemFree:          178772 kB
MemAvailable:    1427784 kB
Buffers:          128144 kB
Cached:          1298592 kB
SwapCached:            0 kB
Active:          2763204 kB
Inactive:         755932 kB
Active(anon):    2123816 kB
Inactive(anon):   209884 kB
Active(file):     639388 kB
Inactive(file):   546048 kB
Unevictable:          32 kB
Mlocked:              32 kB
SwapTotal:             0 kB
SwapFree:              0 kB
Dirty:               264 kB
Writeback:             0 kB
AnonPages:       2092592 kB
Mapped:           299464 kB
Shmem:            241300 kB
Slab:             123260 kB
SReclaimable:      92748 kB
SUnreclaim:        30512 kB
KernelStack:        9408 kB
PageTables:        29808 kB
NFS_Unstable:          0 kB
Bounce:                0 kB
WritebackTmp:          0 kB
CommitLimit:     1950460 kB
Committed_AS:    6539360 kB
VmallocTotal:   34359738367 kB
VmallocUsed:      543328 kB
VmallocChunk:   34358423548 kB
HardwareCorrupted:     0 kB
AnonHugePages:      2048 kB
HugePages_Total:       0
HugePages_Free:        0
HugePages_Rsvd:        0
HugePages_Surp:        0
Hugepagesize:       2048 kB
DirectMap4k:      100608 kB
DirectMap2M:     3942400 kB


CPU:total 4 (2 cores per cpu, 2 threads per core) family 6 model 42 stepping 7, cmov, cx8, fxsr, mmx, sse, sse2, sse3, ssse3, sse4.1, sse4.2, popcnt, avx, clmul, ht, tsc, tscinvbit

/proc/cpuinfo:
processor	: 0
vendor_id	: GenuineIntel
cpu family	: 6
model		: 42
model name	: Intel(R) Core(TM) i3-2310M CPU @ 2.10GHz
stepping	: 7
microcode	: 0x29
cpu MHz		: 899.718
cache size	: 3072 KB
physical id	: 0
siblings	: 4
core id		: 0
cpu cores	: 2
apicid		: 0
initial apicid	: 0
fpu		: yes
fpu_exception	: yes
cpuid level	: 13
wp		: yes
flags		: fpu vme de pse tsc msr pae mce cx8 apic sep mtrr pge mca cmov pat pse36 clflush dts acpi mmx fxsr sse sse2 ss ht tm pbe syscall nx rdtscp lm constant_tsc arch_perfmon pebs bts rep_good nopl xtopology nonstop_tsc aperfmperf eagerfpu pni pclmulqdq dtes64 monitor ds_cpl vmx est tm2 ssse3 cx16 xtpr pdcm pcid sse4_1 sse4_2 x2apic popcnt tsc_deadline_timer xsave avx lahf_lm arat epb pln pts dtherm tpr_shadow vnmi flexpriority ept vpid xsaveopt
bugs		:
bogomips	: 4190.69
clflush size	: 64
cache_alignment	: 64
address sizes	: 36 bits physical, 48 bits virtual
power management:

processor	: 1
vendor_id	: GenuineIntel
cpu family	: 6
model		: 42
model name	: Intel(R) Core(TM) i3-2310M CPU @ 2.10GHz
stepping	: 7
microcode	: 0x29
cpu MHz		: 892.910
cache size	: 3072 KB
physical id	: 0
siblings	: 4
core id		: 0
cpu cores	: 2
apicid		: 1
initial apicid	: 1
fpu		: yes
fpu_exception	: yes
cpuid level	: 13
wp		: yes
flags		: fpu vme de pse tsc msr pae mce cx8 apic sep mtrr pge mca cmov pat pse36 clflush dts acpi mmx fxsr sse sse2 ss ht tm pbe syscall nx rdtscp lm constant_tsc arch_perfmon pebs bts rep_good nopl xtopology nonstop_tsc aperfmperf eagerfpu pni pclmulqdq dtes64 monitor ds_cpl vmx est tm2 ssse3 cx16 xtpr pdcm pcid sse4_1 sse4_2 x2apic popcnt tsc_deadline_timer xsave avx lahf_lm arat epb pln pts dtherm tpr_shadow vnmi flexpriority ept vpid xsaveopt
bugs		:
bogomips	: 4190.69
clflush size	: 64
cache_alignment	: 64
address sizes	: 36 bits physical, 48 bits virtual
power management:

processor	: 2
vendor_id	: GenuineIntel
cpu family	: 6
model		: 42
model name	: Intel(R) Core(TM) i3-2310M CPU @ 2.10GHz
stepping	: 7
microcode	: 0x29
cpu MHz		: 803.003
cache size	: 3072 KB
physical id	: 0
siblings	: 4
core id		: 1
cpu cores	: 2
apicid		: 2
initial apicid	: 2
fpu		: yes
fpu_exception	: yes
cpuid level	: 13
wp		: yes
flags		: fpu vme de pse tsc msr pae mce cx8 apic sep mtrr pge mca cmov pat pse36 clflush dts acpi mmx fxsr sse sse2 ss ht tm pbe syscall nx rdtscp lm constant_tsc arch_perfmon pebs bts rep_good nopl xtopology nonstop_tsc aperfmperf eagerfpu pni pclmulqdq dtes64 monitor ds_cpl vmx est tm2 ssse3 cx16 xtpr pdcm pcid sse4_1 sse4_2 x2apic popcnt tsc_deadline_timer xsave avx lahf_lm arat epb pln pts dtherm tpr_shadow vnmi flexpriority ept vpid xsaveopt
bugs		:
bogomips	: 4190.69
clflush size	: 64
cache_alignment	: 64
address sizes	: 36 bits physical, 48 bits virtual
power management:

processor	: 3
vendor_id	: GenuineIntel
cpu family	: 6
model		: 42
model name	: Intel(R) Core(TM) i3-2310M CPU @ 2.10GHz
stepping	: 7
microcode	: 0x29
cpu MHz		: 807.023
cache size	: 3072 KB
physical id	: 0
siblings	: 4
core id		: 1
cpu cores	: 2
apicid		: 3
initial apicid	: 3
fpu		: yes
fpu_exception	: yes
cpuid level	: 13
wp		: yes
flags		: fpu vme de pse tsc msr pae mce cx8 apic sep mtrr pge mca cmov pat pse36 clflush dts acpi mmx fxsr sse sse2 ss ht tm pbe syscall nx rdtscp lm constant_tsc arch_perfmon pebs bts rep_good nopl xtopology nonstop_tsc aperfmperf eagerfpu pni pclmulqdq dtes64 monitor ds_cpl vmx est tm2 ssse3 cx16 xtpr pdcm pcid sse4_1 sse4_2 x2apic popcnt tsc_deadline_timer xsave avx lahf_lm arat epb pln pts dtherm tpr_shadow vnmi flexpriority ept vpid xsaveopt
bugs		:
bogomips	: 4190.69
clflush size	: 64
cache_alignment	: 64
address sizes	: 36 bits physical, 48 bits virtual
power management:



Memory: 4k page, physical 3900920k(178772k free), swap 0k(0k free)

vm_info: Java HotSpot(TM) 64-Bit Server VM (25.77-b03) for linux-amd64 JRE (1.8.0_77-b03), built on Mar 20 2016 22:00:46 by "java_re" with gcc 4.3.0 20080428 (Red Hat 4.3.0-8)

time: Sun Apr 10 15:25:04 2016
elapsed time: 7 seconds (0d 0h 0m 7s)

